<?xml version="1.0" encoding="UTF-8"?>
<testsuite xmlns:xsi="http://www.w3.org/2001/XMLSchema-instance" xsi:noNamespaceSchemaLocation="https://maven.apache.org/surefire/maven-surefire-plugin/xsd/surefire-test-report-3.0.xsd" version="3.0" name="grifo.spring.jpa.demo.EjerciciosRutinasAplicationTests$EjerciciosVacios" time="11.343" tests="5" errors="5" skipped="0" failures="0">
  <properties>
    <property name="java.specification.version" value="21"/>
    <property name="sun.cpu.isalist" value="amd64"/>
    <property name="sun.jnu.encoding" value="Cp1252"/>
    <property name="java.class.path" value="c:\Users\Juanjo\Documents\GitHub\ciklum-el-grifo\jpa\spring-jpa\target\test-classes;c:\Users\Juanjo\Documents\GitHub\ciklum-el-grifo\jpa\spring-jpa\target\classes;C:\Users\Juanjo\.m2\repository\org\springframework\boot\spring-boot-starter-data-jpa\3.1.5\spring-boot-starter-data-jpa-3.1.5.jar;C:\Users\Juanjo\.m2\repository\org\springframework\boot\spring-boot-starter-aop\3.1.5\spring-boot-starter-aop-3.1.5.jar;C:\Users\Juanjo\.m2\repository\org\aspectj\aspectjweaver\1.9.20\aspectjweaver-1.9.20.jar;C:\Users\Juanjo\.m2\repository\org\springframework\boot\spring-boot-starter-jdbc\3.1.5\spring-boot-starter-jdbc-3.1.5.jar;C:\Users\Juanjo\.m2\repository\com\zaxxer\HikariCP\5.0.1\HikariCP-5.0.1.jar;C:\Users\Juanjo\.m2\repository\org\springframework\spring-jdbc\6.0.13\spring-jdbc-6.0.13.jar;C:\Users\Juanjo\.m2\repository\org\hibernate\orm\hibernate-core\6.2.13.Final\hibernate-core-6.2.13.Final.jar;C:\Users\Juanjo\.m2\repository\jakarta\persistence\jakarta.persistence-api\3.1.0\jakarta.persistence-api-3.1.0.jar;C:\Users\Juanjo\.m2\repository\jakarta\transaction\jakarta.transaction-api\2.0.1\jakarta.transaction-api-2.0.1.jar;C:\Users\Juanjo\.m2\repository\org\jboss\logging\jboss-logging\3.5.3.Final\jboss-logging-3.5.3.Final.jar;C:\Users\Juanjo\.m2\repository\org\hibernate\common\hibernate-commons-annotations\6.0.6.Final\hibernate-commons-annotations-6.0.6.Final.jar;C:\Users\Juanjo\.m2\repository\io\smallrye\jandex\3.0.5\jandex-3.0.5.jar;C:\Users\Juanjo\.m2\repository\com\fasterxml\classmate\1.5.1\classmate-1.5.1.jar;C:\Users\Juanjo\.m2\repository\net\bytebuddy\byte-buddy\1.14.9\byte-buddy-1.14.9.jar;C:\Users\Juanjo\.m2\repository\org\glassfish\jaxb\jaxb-runtime\4.0.3\jaxb-runtime-4.0.3.jar;C:\Users\Juanjo\.m2\repository\org\glassfish\jaxb\jaxb-core\4.0.3\jaxb-core-4.0.3.jar;C:\Users\Juanjo\.m2\repository\org\eclipse\angus\angus-activation\2.0.1\angus-activation-2.0.1.jar;C:\Users\Juanjo\.m2\repository\org\glassfish\jaxb\txw2\4.0.3\txw2-4.0.3.jar;C:\Users\Juanjo\.m2\repository\com\sun\istack\istack-commons-runtime\4.1.2\istack-commons-runtime-4.1.2.jar;C:\Users\Juanjo\.m2\repository\jakarta\inject\jakarta.inject-api\2.0.1\jakarta.inject-api-2.0.1.jar;C:\Users\Juanjo\.m2\repository\org\antlr\antlr4-runtime\4.10.1\antlr4-runtime-4.10.1.jar;C:\Users\Juanjo\.m2\repository\org\springframework\data\spring-data-jpa\3.1.5\spring-data-jpa-3.1.5.jar;C:\Users\Juanjo\.m2\repository\org\springframework\data\spring-data-commons\3.1.5\spring-data-commons-3.1.5.jar;C:\Users\Juanjo\.m2\repository\org\springframework\spring-orm\6.0.13\spring-orm-6.0.13.jar;C:\Users\Juanjo\.m2\repository\org\springframework\spring-context\6.0.13\spring-context-6.0.13.jar;C:\Users\Juanjo\.m2\repository\org\springframework\spring-tx\6.0.13\spring-tx-6.0.13.jar;C:\Users\Juanjo\.m2\repository\org\springframework\spring-beans\6.0.13\spring-beans-6.0.13.jar;C:\Users\Juanjo\.m2\repository\org\slf4j\slf4j-api\2.0.9\slf4j-api-2.0.9.jar;C:\Users\Juanjo\.m2\repository\org\springframework\spring-aspects\6.0.13\spring-aspects-6.0.13.jar;C:\Users\Juanjo\.m2\repository\com\h2database\h2\2.1.214\h2-2.1.214.jar;C:\Users\Juanjo\.m2\repository\org\projectlombok\lombok\1.18.30\lombok-1.18.30.jar;C:\Users\Juanjo\.m2\repository\org\springframework\boot\spring-boot-starter\3.1.5\spring-boot-starter-3.1.5.jar;C:\Users\Juanjo\.m2\repository\org\springframework\boot\spring-boot\3.1.5\spring-boot-3.1.5.jar;C:\Users\Juanjo\.m2\repository\org\springframework\boot\spring-boot-autoconfigure\3.1.5\spring-boot-autoconfigure-3.1.5.jar;C:\Users\Juanjo\.m2\repository\org\springframework\boot\spring-boot-starter-logging\3.1.5\spring-boot-starter-logging-3.1.5.jar;C:\Users\Juanjo\.m2\repository\ch\qos\logback\logback-classic\1.4.11\logback-classic-1.4.11.jar;C:\Users\Juanjo\.m2\repository\ch\qos\logback\logback-core\1.4.11\logback-core-1.4.11.jar;C:\Users\Juanjo\.m2\repository\org\apache\logging\log4j\log4j-to-slf4j\2.20.0\log4j-to-slf4j-2.20.0.jar;C:\Users\Juanjo\.m2\repository\org\apache\logging\log4j\log4j-api\2.20.0\log4j-api-2.20.0.jar;C:\Users\Juanjo\.m2\repository\org\slf4j\jul-to-slf4j\2.0.9\jul-to-slf4j-2.0.9.jar;C:\Users\Juanjo\.m2\repository\jakarta\annotation\jakarta.annotation-api\2.1.1\jakarta.annotation-api-2.1.1.jar;C:\Users\Juanjo\.m2\repository\org\springframework\spring-core\6.0.13\spring-core-6.0.13.jar;C:\Users\Juanjo\.m2\repository\org\springframework\spring-jcl\6.0.13\spring-jcl-6.0.13.jar;C:\Users\Juanjo\.m2\repository\org\yaml\snakeyaml\1.33\snakeyaml-1.33.jar;C:\Users\Juanjo\.m2\repository\org\springframework\boot\spring-boot-starter-web\3.1.5\spring-boot-starter-web-3.1.5.jar;C:\Users\Juanjo\.m2\repository\org\springframework\boot\spring-boot-starter-json\3.1.5\spring-boot-starter-json-3.1.5.jar;C:\Users\Juanjo\.m2\repository\com\fasterxml\jackson\datatype\jackson-datatype-jdk8\2.15.3\jackson-datatype-jdk8-2.15.3.jar;C:\Users\Juanjo\.m2\repository\com\fasterxml\jackson\datatype\jackson-datatype-jsr310\2.15.3\jackson-datatype-jsr310-2.15.3.jar;C:\Users\Juanjo\.m2\repository\com\fasterxml\jackson\module\jackson-module-parameter-names\2.15.3\jackson-module-parameter-names-2.15.3.jar;C:\Users\Juanjo\.m2\repository\org\springframework\boot\spring-boot-starter-tomcat\3.1.5\spring-boot-starter-tomcat-3.1.5.jar;C:\Users\Juanjo\.m2\repository\org\apache\tomcat\embed\tomcat-embed-core\10.1.15\tomcat-embed-core-10.1.15.jar;C:\Users\Juanjo\.m2\repository\org\apache\tomcat\embed\tomcat-embed-el\10.1.15\tomcat-embed-el-10.1.15.jar;C:\Users\Juanjo\.m2\repository\org\apache\tomcat\embed\tomcat-embed-websocket\10.1.15\tomcat-embed-websocket-10.1.15.jar;C:\Users\Juanjo\.m2\repository\org\springframework\spring-web\6.0.13\spring-web-6.0.13.jar;C:\Users\Juanjo\.m2\repository\io\micrometer\micrometer-observation\1.11.5\micrometer-observation-1.11.5.jar;C:\Users\Juanjo\.m2\repository\io\micrometer\micrometer-commons\1.11.5\micrometer-commons-1.11.5.jar;C:\Users\Juanjo\.m2\repository\org\springframework\spring-webmvc\6.0.13\spring-webmvc-6.0.13.jar;C:\Users\Juanjo\.m2\repository\org\springframework\spring-expression\6.0.13\spring-expression-6.0.13.jar;C:\Users\Juanjo\.m2\repository\org\springframework\boot\spring-boot-starter-test\3.1.5\spring-boot-starter-test-3.1.5.jar;C:\Users\Juanjo\.m2\repository\org\springframework\boot\spring-boot-test\3.1.5\spring-boot-test-3.1.5.jar;C:\Users\Juanjo\.m2\repository\org\springframework\boot\spring-boot-test-autoconfigure\3.1.5\spring-boot-test-autoconfigure-3.1.5.jar;C:\Users\Juanjo\.m2\repository\com\jayway\jsonpath\json-path\2.8.0\json-path-2.8.0.jar;C:\Users\Juanjo\.m2\repository\jakarta\xml\bind\jakarta.xml.bind-api\4.0.1\jakarta.xml.bind-api-4.0.1.jar;C:\Users\Juanjo\.m2\repository\jakarta\activation\jakarta.activation-api\2.1.2\jakarta.activation-api-2.1.2.jar;C:\Users\Juanjo\.m2\repository\net\minidev\json-smart\2.4.11\json-smart-2.4.11.jar;C:\Users\Juanjo\.m2\repository\net\minidev\accessors-smart\2.4.11\accessors-smart-2.4.11.jar;C:\Users\Juanjo\.m2\repository\org\ow2\asm\asm\9.3\asm-9.3.jar;C:\Users\Juanjo\.m2\repository\org\assertj\assertj-core\3.24.2\assertj-core-3.24.2.jar;C:\Users\Juanjo\.m2\repository\org\hamcrest\hamcrest\2.2\hamcrest-2.2.jar;C:\Users\Juanjo\.m2\repository\org\junit\jupiter\junit-jupiter\5.9.3\junit-jupiter-5.9.3.jar;C:\Users\Juanjo\.m2\repository\org\junit\jupiter\junit-jupiter-api\5.9.3\junit-jupiter-api-5.9.3.jar;C:\Users\Juanjo\.m2\repository\org\opentest4j\opentest4j\1.2.0\opentest4j-1.2.0.jar;C:\Users\Juanjo\.m2\repository\org\junit\platform\junit-platform-commons\1.9.3\junit-platform-commons-1.9.3.jar;C:\Users\Juanjo\.m2\repository\org\apiguardian\apiguardian-api\1.1.2\apiguardian-api-1.1.2.jar;C:\Users\Juanjo\.m2\repository\org\junit\jupiter\junit-jupiter-params\5.9.3\junit-jupiter-params-5.9.3.jar;C:\Users\Juanjo\.m2\repository\org\junit\jupiter\junit-jupiter-engine\5.9.3\junit-jupiter-engine-5.9.3.jar;C:\Users\Juanjo\.m2\repository\org\junit\platform\junit-platform-engine\1.9.3\junit-platform-engine-1.9.3.jar;C:\Users\Juanjo\.m2\repository\org\mockito\mockito-core\5.3.1\mockito-core-5.3.1.jar;C:\Users\Juanjo\.m2\repository\net\bytebuddy\byte-buddy-agent\1.14.9\byte-buddy-agent-1.14.9.jar;C:\Users\Juanjo\.m2\repository\org\objenesis\objenesis\3.3\objenesis-3.3.jar;C:\Users\Juanjo\.m2\repository\org\mockito\mockito-junit-jupiter\5.3.1\mockito-junit-jupiter-5.3.1.jar;C:\Users\Juanjo\.m2\repository\org\skyscreamer\jsonassert\1.5.1\jsonassert-1.5.1.jar;C:\Users\Juanjo\.m2\repository\com\vaadin\external\google\android-json\0.0.20131108.vaadin1\android-json-0.0.20131108.vaadin1.jar;C:\Users\Juanjo\.m2\repository\org\springframework\spring-test\6.0.13\spring-test-6.0.13.jar;C:\Users\Juanjo\.m2\repository\org\xmlunit\xmlunit-core\2.9.1\xmlunit-core-2.9.1.jar;C:\Users\Juanjo\.m2\repository\org\springframework\boot\spring-boot-starter-security\3.1.5\spring-boot-starter-security-3.1.5.jar;C:\Users\Juanjo\.m2\repository\org\springframework\spring-aop\6.0.13\spring-aop-6.0.13.jar;C:\Users\Juanjo\.m2\repository\org\springframework\security\spring-security-config\6.1.5\spring-security-config-6.1.5.jar;C:\Users\Juanjo\.m2\repository\org\springframework\security\spring-security-core\6.1.5\spring-security-core-6.1.5.jar;C:\Users\Juanjo\.m2\repository\org\springframework\security\spring-security-crypto\6.1.5\spring-security-crypto-6.1.5.jar;C:\Users\Juanjo\.m2\repository\org\springframework\security\spring-security-web\6.1.5\spring-security-web-6.1.5.jar;C:\Users\Juanjo\.m2\repository\io\jsonwebtoken\jjwt-api\0.11.5\jjwt-api-0.11.5.jar;C:\Users\Juanjo\.m2\repository\io\jsonwebtoken\jjwt-impl\0.11.5\jjwt-impl-0.11.5.jar;C:\Users\Juanjo\.m2\repository\io\jsonwebtoken\jjwt-jackson\0.11.5\jjwt-jackson-0.11.5.jar;C:\Users\Juanjo\.m2\repository\com\fasterxml\jackson\core\jackson-databind\2.15.3\jackson-databind-2.15.3.jar;C:\Users\Juanjo\.m2\repository\com\fasterxml\jackson\core\jackson-annotations\2.15.3\jackson-annotations-2.15.3.jar;C:\Users\Juanjo\.m2\repository\com\fasterxml\jackson\core\jackson-core\2.15.3\jackson-core-2.15.3.jar;"/>
    <property name="java.vm.vendor" value="Oracle Corporation"/>
    <property name="sun.arch.data.model" value="64"/>
    <property name="user.variant" value=""/>
    <property name="catalina.useNaming" value="false"/>
    <property name="java.vendor.url" value="https://java.oracle.com/"/>
    <property name="user.timezone" value="Europe/Madrid"/>
    <property name="org.jboss.logging.provider" value="slf4j"/>
    <property name="os.name" value="Windows 10"/>
    <property name="java.vm.specification.version" value="21"/>
    <property name="sun.java.launcher" value="SUN_STANDARD"/>
    <property name="user.country" value="ES"/>
    <property name="sun.boot.library.path" value="C:\Program Files\Java\jdk-21\bin"/>
    <property name="sun.java.command" value="C:\Users\Juanjo\AppData\Local\Temp\surefire14956651223389097803\surefirebooter-20240525121605123_3.jar C:\Users\Juanjo\AppData\Local\Temp\surefire14956651223389097803 2024-05-25T12-16-03_736-jvmRun1 surefire-20240525121605123_1tmp surefire_0-20240525121605123_2tmp"/>
    <property name="jdk.debug" value="release"/>
    <property name="surefire.test.class.path" value="c:\Users\Juanjo\Documents\GitHub\ciklum-el-grifo\jpa\spring-jpa\target\test-classes;c:\Users\Juanjo\Documents\GitHub\ciklum-el-grifo\jpa\spring-jpa\target\classes;C:\Users\Juanjo\.m2\repository\org\springframework\boot\spring-boot-starter-data-jpa\3.1.5\spring-boot-starter-data-jpa-3.1.5.jar;C:\Users\Juanjo\.m2\repository\org\springframework\boot\spring-boot-starter-aop\3.1.5\spring-boot-starter-aop-3.1.5.jar;C:\Users\Juanjo\.m2\repository\org\aspectj\aspectjweaver\1.9.20\aspectjweaver-1.9.20.jar;C:\Users\Juanjo\.m2\repository\org\springframework\boot\spring-boot-starter-jdbc\3.1.5\spring-boot-starter-jdbc-3.1.5.jar;C:\Users\Juanjo\.m2\repository\com\zaxxer\HikariCP\5.0.1\HikariCP-5.0.1.jar;C:\Users\Juanjo\.m2\repository\org\springframework\spring-jdbc\6.0.13\spring-jdbc-6.0.13.jar;C:\Users\Juanjo\.m2\repository\org\hibernate\orm\hibernate-core\6.2.13.Final\hibernate-core-6.2.13.Final.jar;C:\Users\Juanjo\.m2\repository\jakarta\persistence\jakarta.persistence-api\3.1.0\jakarta.persistence-api-3.1.0.jar;C:\Users\Juanjo\.m2\repository\jakarta\transaction\jakarta.transaction-api\2.0.1\jakarta.transaction-api-2.0.1.jar;C:\Users\Juanjo\.m2\repository\org\jboss\logging\jboss-logging\3.5.3.Final\jboss-logging-3.5.3.Final.jar;C:\Users\Juanjo\.m2\repository\org\hibernate\common\hibernate-commons-annotations\6.0.6.Final\hibernate-commons-annotations-6.0.6.Final.jar;C:\Users\Juanjo\.m2\repository\io\smallrye\jandex\3.0.5\jandex-3.0.5.jar;C:\Users\Juanjo\.m2\repository\com\fasterxml\classmate\1.5.1\classmate-1.5.1.jar;C:\Users\Juanjo\.m2\repository\net\bytebuddy\byte-buddy\1.14.9\byte-buddy-1.14.9.jar;C:\Users\Juanjo\.m2\repository\org\glassfish\jaxb\jaxb-runtime\4.0.3\jaxb-runtime-4.0.3.jar;C:\Users\Juanjo\.m2\repository\org\glassfish\jaxb\jaxb-core\4.0.3\jaxb-core-4.0.3.jar;C:\Users\Juanjo\.m2\repository\org\eclipse\angus\angus-activation\2.0.1\angus-activation-2.0.1.jar;C:\Users\Juanjo\.m2\repository\org\glassfish\jaxb\txw2\4.0.3\txw2-4.0.3.jar;C:\Users\Juanjo\.m2\repository\com\sun\istack\istack-commons-runtime\4.1.2\istack-commons-runtime-4.1.2.jar;C:\Users\Juanjo\.m2\repository\jakarta\inject\jakarta.inject-api\2.0.1\jakarta.inject-api-2.0.1.jar;C:\Users\Juanjo\.m2\repository\org\antlr\antlr4-runtime\4.10.1\antlr4-runtime-4.10.1.jar;C:\Users\Juanjo\.m2\repository\org\springframework\data\spring-data-jpa\3.1.5\spring-data-jpa-3.1.5.jar;C:\Users\Juanjo\.m2\repository\org\springframework\data\spring-data-commons\3.1.5\spring-data-commons-3.1.5.jar;C:\Users\Juanjo\.m2\repository\org\springframework\spring-orm\6.0.13\spring-orm-6.0.13.jar;C:\Users\Juanjo\.m2\repository\org\springframework\spring-context\6.0.13\spring-context-6.0.13.jar;C:\Users\Juanjo\.m2\repository\org\springframework\spring-tx\6.0.13\spring-tx-6.0.13.jar;C:\Users\Juanjo\.m2\repository\org\springframework\spring-beans\6.0.13\spring-beans-6.0.13.jar;C:\Users\Juanjo\.m2\repository\org\slf4j\slf4j-api\2.0.9\slf4j-api-2.0.9.jar;C:\Users\Juanjo\.m2\repository\org\springframework\spring-aspects\6.0.13\spring-aspects-6.0.13.jar;C:\Users\Juanjo\.m2\repository\com\h2database\h2\2.1.214\h2-2.1.214.jar;C:\Users\Juanjo\.m2\repository\org\projectlombok\lombok\1.18.30\lombok-1.18.30.jar;C:\Users\Juanjo\.m2\repository\org\springframework\boot\spring-boot-starter\3.1.5\spring-boot-starter-3.1.5.jar;C:\Users\Juanjo\.m2\repository\org\springframework\boot\spring-boot\3.1.5\spring-boot-3.1.5.jar;C:\Users\Juanjo\.m2\repository\org\springframework\boot\spring-boot-autoconfigure\3.1.5\spring-boot-autoconfigure-3.1.5.jar;C:\Users\Juanjo\.m2\repository\org\springframework\boot\spring-boot-starter-logging\3.1.5\spring-boot-starter-logging-3.1.5.jar;C:\Users\Juanjo\.m2\repository\ch\qos\logback\logback-classic\1.4.11\logback-classic-1.4.11.jar;C:\Users\Juanjo\.m2\repository\ch\qos\logback\logback-core\1.4.11\logback-core-1.4.11.jar;C:\Users\Juanjo\.m2\repository\org\apache\logging\log4j\log4j-to-slf4j\2.20.0\log4j-to-slf4j-2.20.0.jar;C:\Users\Juanjo\.m2\repository\org\apache\logging\log4j\log4j-api\2.20.0\log4j-api-2.20.0.jar;C:\Users\Juanjo\.m2\repository\org\slf4j\jul-to-slf4j\2.0.9\jul-to-slf4j-2.0.9.jar;C:\Users\Juanjo\.m2\repository\jakarta\annotation\jakarta.annotation-api\2.1.1\jakarta.annotation-api-2.1.1.jar;C:\Users\Juanjo\.m2\repository\org\springframework\spring-core\6.0.13\spring-core-6.0.13.jar;C:\Users\Juanjo\.m2\repository\org\springframework\spring-jcl\6.0.13\spring-jcl-6.0.13.jar;C:\Users\Juanjo\.m2\repository\org\yaml\snakeyaml\1.33\snakeyaml-1.33.jar;C:\Users\Juanjo\.m2\repository\org\springframework\boot\spring-boot-starter-web\3.1.5\spring-boot-starter-web-3.1.5.jar;C:\Users\Juanjo\.m2\repository\org\springframework\boot\spring-boot-starter-json\3.1.5\spring-boot-starter-json-3.1.5.jar;C:\Users\Juanjo\.m2\repository\com\fasterxml\jackson\datatype\jackson-datatype-jdk8\2.15.3\jackson-datatype-jdk8-2.15.3.jar;C:\Users\Juanjo\.m2\repository\com\fasterxml\jackson\datatype\jackson-datatype-jsr310\2.15.3\jackson-datatype-jsr310-2.15.3.jar;C:\Users\Juanjo\.m2\repository\com\fasterxml\jackson\module\jackson-module-parameter-names\2.15.3\jackson-module-parameter-names-2.15.3.jar;C:\Users\Juanjo\.m2\repository\org\springframework\boot\spring-boot-starter-tomcat\3.1.5\spring-boot-starter-tomcat-3.1.5.jar;C:\Users\Juanjo\.m2\repository\org\apache\tomcat\embed\tomcat-embed-core\10.1.15\tomcat-embed-core-10.1.15.jar;C:\Users\Juanjo\.m2\repository\org\apache\tomcat\embed\tomcat-embed-el\10.1.15\tomcat-embed-el-10.1.15.jar;C:\Users\Juanjo\.m2\repository\org\apache\tomcat\embed\tomcat-embed-websocket\10.1.15\tomcat-embed-websocket-10.1.15.jar;C:\Users\Juanjo\.m2\repository\org\springframework\spring-web\6.0.13\spring-web-6.0.13.jar;C:\Users\Juanjo\.m2\repository\io\micrometer\micrometer-observation\1.11.5\micrometer-observation-1.11.5.jar;C:\Users\Juanjo\.m2\repository\io\micrometer\micrometer-commons\1.11.5\micrometer-commons-1.11.5.jar;C:\Users\Juanjo\.m2\repository\org\springframework\spring-webmvc\6.0.13\spring-webmvc-6.0.13.jar;C:\Users\Juanjo\.m2\repository\org\springframework\spring-expression\6.0.13\spring-expression-6.0.13.jar;C:\Users\Juanjo\.m2\repository\org\springframework\boot\spring-boot-starter-test\3.1.5\spring-boot-starter-test-3.1.5.jar;C:\Users\Juanjo\.m2\repository\org\springframework\boot\spring-boot-test\3.1.5\spring-boot-test-3.1.5.jar;C:\Users\Juanjo\.m2\repository\org\springframework\boot\spring-boot-test-autoconfigure\3.1.5\spring-boot-test-autoconfigure-3.1.5.jar;C:\Users\Juanjo\.m2\repository\com\jayway\jsonpath\json-path\2.8.0\json-path-2.8.0.jar;C:\Users\Juanjo\.m2\repository\jakarta\xml\bind\jakarta.xml.bind-api\4.0.1\jakarta.xml.bind-api-4.0.1.jar;C:\Users\Juanjo\.m2\repository\jakarta\activation\jakarta.activation-api\2.1.2\jakarta.activation-api-2.1.2.jar;C:\Users\Juanjo\.m2\repository\net\minidev\json-smart\2.4.11\json-smart-2.4.11.jar;C:\Users\Juanjo\.m2\repository\net\minidev\accessors-smart\2.4.11\accessors-smart-2.4.11.jar;C:\Users\Juanjo\.m2\repository\org\ow2\asm\asm\9.3\asm-9.3.jar;C:\Users\Juanjo\.m2\repository\org\assertj\assertj-core\3.24.2\assertj-core-3.24.2.jar;C:\Users\Juanjo\.m2\repository\org\hamcrest\hamcrest\2.2\hamcrest-2.2.jar;C:\Users\Juanjo\.m2\repository\org\junit\jupiter\junit-jupiter\5.9.3\junit-jupiter-5.9.3.jar;C:\Users\Juanjo\.m2\repository\org\junit\jupiter\junit-jupiter-api\5.9.3\junit-jupiter-api-5.9.3.jar;C:\Users\Juanjo\.m2\repository\org\opentest4j\opentest4j\1.2.0\opentest4j-1.2.0.jar;C:\Users\Juanjo\.m2\repository\org\junit\platform\junit-platform-commons\1.9.3\junit-platform-commons-1.9.3.jar;C:\Users\Juanjo\.m2\repository\org\apiguardian\apiguardian-api\1.1.2\apiguardian-api-1.1.2.jar;C:\Users\Juanjo\.m2\repository\org\junit\jupiter\junit-jupiter-params\5.9.3\junit-jupiter-params-5.9.3.jar;C:\Users\Juanjo\.m2\repository\org\junit\jupiter\junit-jupiter-engine\5.9.3\junit-jupiter-engine-5.9.3.jar;C:\Users\Juanjo\.m2\repository\org\junit\platform\junit-platform-engine\1.9.3\junit-platform-engine-1.9.3.jar;C:\Users\Juanjo\.m2\repository\org\mockito\mockito-core\5.3.1\mockito-core-5.3.1.jar;C:\Users\Juanjo\.m2\repository\net\bytebuddy\byte-buddy-agent\1.14.9\byte-buddy-agent-1.14.9.jar;C:\Users\Juanjo\.m2\repository\org\objenesis\objenesis\3.3\objenesis-3.3.jar;C:\Users\Juanjo\.m2\repository\org\mockito\mockito-junit-jupiter\5.3.1\mockito-junit-jupiter-5.3.1.jar;C:\Users\Juanjo\.m2\repository\org\skyscreamer\jsonassert\1.5.1\jsonassert-1.5.1.jar;C:\Users\Juanjo\.m2\repository\com\vaadin\external\google\android-json\0.0.20131108.vaadin1\android-json-0.0.20131108.vaadin1.jar;C:\Users\Juanjo\.m2\repository\org\springframework\spring-test\6.0.13\spring-test-6.0.13.jar;C:\Users\Juanjo\.m2\repository\org\xmlunit\xmlunit-core\2.9.1\xmlunit-core-2.9.1.jar;C:\Users\Juanjo\.m2\repository\org\springframework\boot\spring-boot-starter-security\3.1.5\spring-boot-starter-security-3.1.5.jar;C:\Users\Juanjo\.m2\repository\org\springframework\spring-aop\6.0.13\spring-aop-6.0.13.jar;C:\Users\Juanjo\.m2\repository\org\springframework\security\spring-security-config\6.1.5\spring-security-config-6.1.5.jar;C:\Users\Juanjo\.m2\repository\org\springframework\security\spring-security-core\6.1.5\spring-security-core-6.1.5.jar;C:\Users\Juanjo\.m2\repository\org\springframework\security\spring-security-crypto\6.1.5\spring-security-crypto-6.1.5.jar;C:\Users\Juanjo\.m2\repository\org\springframework\security\spring-security-web\6.1.5\spring-security-web-6.1.5.jar;C:\Users\Juanjo\.m2\repository\io\jsonwebtoken\jjwt-api\0.11.5\jjwt-api-0.11.5.jar;C:\Users\Juanjo\.m2\repository\io\jsonwebtoken\jjwt-impl\0.11.5\jjwt-impl-0.11.5.jar;C:\Users\Juanjo\.m2\repository\io\jsonwebtoken\jjwt-jackson\0.11.5\jjwt-jackson-0.11.5.jar;C:\Users\Juanjo\.m2\repository\com\fasterxml\jackson\core\jackson-databind\2.15.3\jackson-databind-2.15.3.jar;C:\Users\Juanjo\.m2\repository\com\fasterxml\jackson\core\jackson-annotations\2.15.3\jackson-annotations-2.15.3.jar;C:\Users\Juanjo\.m2\repository\com\fasterxml\jackson\core\jackson-core\2.15.3\jackson-core-2.15.3.jar;"/>
    <property name="sun.cpu.endian" value="little"/>
    <property name="user.home" value="C:\Users\Juanjo"/>
    <property name="user.language" value="es"/>
    <property name="java.specification.vendor" value="Oracle Corporation"/>
    <property name="java.version.date" value="2024-01-16"/>
    <property name="java.home" value="C:\Program Files\Java\jdk-21"/>
    <property name="file.separator" value="\"/>
    <property name="basedir" value="c:\Users\Juanjo\Documents\GitHub\ciklum-el-grifo\jpa\spring-jpa"/>
    <property name="java.vm.compressedOopsMode" value="Zero based"/>
    <property name="line.separator" value="&#10;"/>
    <property name="java.vm.specification.vendor" value="Oracle Corporation"/>
    <property name="java.specification.name" value="Java Platform API Specification"/>
    <property name="FILE_LOG_CHARSET" value="UTF-8"/>
    <property name="java.awt.headless" value="true"/>
    <property name="surefire.real.class.path" value="C:\Users\Juanjo\AppData\Local\Temp\surefire14956651223389097803\surefirebooter-20240525121605123_3.jar"/>
    <property name="user.script" value=""/>
    <property name="sun.management.compiler" value="HotSpot 64-Bit Tiered Compilers"/>
    <property name="java.runtime.version" value="21.0.2+13-LTS-58"/>
    <property name="user.name" value="Juanjo"/>
    <property name="stdout.encoding" value="Cp1252"/>
    <property name="path.separator" value=";"/>
    <property name="os.version" value="10.0"/>
    <property name="java.runtime.name" value="Java(TM) SE Runtime Environment"/>
    <property name="file.encoding" value="UTF-8"/>
    <property name="java.vm.name" value="Java HotSpot(TM) 64-Bit Server VM"/>
    <property name="localRepository" value="C:\Users\Juanjo\.m2\repository"/>
    <property name="java.vendor.url.bug" value="https://bugreport.java.com/bugreport/"/>
    <property name="java.io.tmpdir" value="C:\Users\Juanjo\AppData\Local\Temp\"/>
    <property name="catalina.home" value="C:\Users\Juanjo\AppData\Local\Temp\tomcat.0.432109487926892417"/>
    <property name="com.zaxxer.hikari.pool_number" value="10"/>
    <property name="java.version" value="21.0.2"/>
    <property name="user.dir" value="c:\Users\Juanjo\Documents\GitHub\ciklum-el-grifo\jpa\spring-jpa"/>
    <property name="os.arch" value="amd64"/>
    <property name="java.vm.specification.name" value="Java Virtual Machine Specification"/>
    <property name="PID" value="12124"/>
    <property name="sun.os.patch.level" value=""/>
    <property name="CONSOLE_LOG_CHARSET" value="UTF-8"/>
    <property name="catalina.base" value="C:\Users\Juanjo\AppData\Local\Temp\tomcat.0.13731468348596752698"/>
    <property name="native.encoding" value="Cp1252"/>
    <property name="java.library.path" value="C:\Program Files\Java\jdk-21\bin;C:\Windows\Sun\Java\bin;C:\Windows\system32;C:\Windows;C:\Users\Juanjo\AppData\Roaming\Code\User\globalStorage\pleiades.java-extension-pack-jdk\gradle\latest\bin;C:\Users\Juanjo\AppData\Roaming\Code\User\globalStorage\pleiades.java-extension-pack-jdk\maven\latest\bin;C:\Program Files\Java\jdk-21\bin;C:\Program Files\Common Files\Oracle\Java\javapath;C:\Program Files (x86)\Common Files\Oracle\Java\java8path;C:\Program Files (x86)\Common Files\Oracle\Java\javapath;C:\Windows\system32;C:\Windows;C:\Windows\System32\Wbem;C:\Windows\System32\WindowsPowerShell\v1.0\;C:\Windows\System32\OpenSSH\;C:\Program Files (x86)\NVIDIA Corporation\PhysX\Common;C:\Program Files\NVIDIA Corporation\NVIDIA NvDLISR;C:\Program Files (x86)\Intel\Intel(R) Management Engine Components\DAL;C:\Program Files\Intel\Intel(R) Management Engine Components\DAL;C:\Program Files\Git\cmd;C:\Program Files\AutoFirma\AutoFirma;C:\Program Files\nodejs\;C:\Program Files\PuTTY\;C:\msys64\mingw64\bin;C:\Users\Juanjo\AppData\Local\Microsoft\WindowsApps;C:\Users\Juanjo\AppData\Local\Programs\Microsoft VS Code\bin;C:\Gradle\gradle-8.1.1\bin;C:\Users\Juanjo\AppData\Local\spicetify;C:\Users\Juanjo\AppData\Local\GitHubDesktop\bin;C:\Users\Juanjo\AppData\Roaming\npm;."/>
    <property name="java.vm.info" value="mixed mode, sharing"/>
    <property name="stderr.encoding" value="Cp1252"/>
    <property name="java.vendor" value="Oracle Corporation"/>
    <property name="java.vm.version" value="21.0.2+13-LTS-58"/>
    <property name="sun.io.unicode.encoding" value="UnicodeLittle"/>
    <property name="java.class.version" value="65.0"/>
  </properties>
  <testcase name="obtenerEjercicioNoExiste" classname="grifo.spring.jpa.demo.EjerciciosRutinasAplicationTests$EjerciciosVacios" time="0.012">
    <error message="Failed to load ApplicationContext for [WebMergedContextConfiguration@1699e337 testClass = grifo.spring.jpa.demo.EjerciciosRutinasAplicationTests, locations = [], classes = [grifo.spring.jpa.demo.EntidadesApplication], contextInitializerClasses = [], activeProfiles = [], propertySourceLocations = [], propertySourceProperties = [&quot;org.springframework.boot.test.context.SpringBootTestContextBootstrapper=true&quot;, &quot;server.port=0&quot;], contextCustomizers = [org.springframework.boot.test.context.filter.ExcludeFilterContextCustomizer@3c443976, org.springframework.boot.test.json.DuplicateJsonObjectContextCustomizerFactory$DuplicateJsonObjectContextCustomizer@6b04acb2, org.springframework.boot.test.mock.mockito.MockitoContextCustomizer@0, org.springframework.boot.test.web.client.TestRestTemplateContextCustomizer@4a1e3ac1, org.springframework.boot.test.autoconfigure.actuate.observability.ObservabilityContextCustomizerFactory$DisableObservabilityContextCustomizer@1f, org.springframework.boot.test.autoconfigure.properties.PropertyMappingContextCustomizer@0, org.springframework.boot.test.autoconfigure.web.servlet.WebDriverContextCustomizer@2375b321, org.springframework.boot.test.context.SpringBootTestAnnotation@6014c3f6], resourceBasePath = &quot;src/main/webapp&quot;, contextLoader = org.springframework.boot.test.context.SpringBootContextLoader, parent = null]" type="java.lang.IllegalStateException"><![CDATA[java.lang.IllegalStateException: Failed to load ApplicationContext for [WebMergedContextConfiguration@1699e337 testClass = grifo.spring.jpa.demo.EjerciciosRutinasAplicationTests, locations = [], classes = [grifo.spring.jpa.demo.EntidadesApplication], contextInitializerClasses = [], activeProfiles = [], propertySourceLocations = [], propertySourceProperties = ["org.springframework.boot.test.context.SpringBootTestContextBootstrapper=true", "server.port=0"], contextCustomizers = [org.springframework.boot.test.context.filter.ExcludeFilterContextCustomizer@3c443976, org.springframework.boot.test.json.DuplicateJsonObjectContextCustomizerFactory$DuplicateJsonObjectContextCustomizer@6b04acb2, org.springframework.boot.test.mock.mockito.MockitoContextCustomizer@0, org.springframework.boot.test.web.client.TestRestTemplateContextCustomizer@4a1e3ac1, org.springframework.boot.test.autoconfigure.actuate.observability.ObservabilityContextCustomizerFactory$DisableObservabilityContextCustomizer@1f, org.springframework.boot.test.autoconfigure.properties.PropertyMappingContextCustomizer@0, org.springframework.boot.test.autoconfigure.web.servlet.WebDriverContextCustomizer@2375b321, org.springframework.boot.test.context.SpringBootTestAnnotation@6014c3f6], resourceBasePath = "src/main/webapp", contextLoader = org.springframework.boot.test.context.SpringBootContextLoader, parent = null]
	at org.springframework.test.context.cache.DefaultCacheAwareContextLoaderDelegate.loadContext(DefaultCacheAwareContextLoaderDelegate.java:143)
	at org.springframework.test.context.support.DefaultTestContext.getApplicationContext(DefaultTestContext.java:127)
	at org.springframework.test.context.support.DependencyInjectionTestExecutionListener.injectDependencies(DependencyInjectionTestExecutionListener.java:141)
	at org.springframework.test.context.support.DependencyInjectionTestExecutionListener.prepareTestInstance(DependencyInjectionTestExecutionListener.java:97)
	at org.springframework.test.context.TestContextManager.prepareTestInstance(TestContextManager.java:241)
	at org.springframework.test.context.junit.jupiter.SpringExtension.postProcessTestInstance(SpringExtension.java:138)
	at org.junit.jupiter.engine.descriptor.ClassBasedTestDescriptor.lambda$invokeTestInstancePostProcessors$10(ClassBasedTestDescriptor.java:377)
	at org.junit.jupiter.engine.descriptor.ClassBasedTestDescriptor.executeAndMaskThrowable(ClassBasedTestDescriptor.java:382)
	at org.junit.jupiter.engine.descriptor.ClassBasedTestDescriptor.lambda$invokeTestInstancePostProcessors$11(ClassBasedTestDescriptor.java:377)
	at java.base/java.util.stream.ReferencePipeline$3$1.accept(ReferencePipeline.java:197)
	at java.base/java.util.stream.ReferencePipeline$2$1.accept(ReferencePipeline.java:179)
	at java.base/java.util.ArrayList$ArrayListSpliterator.forEachRemaining(ArrayList.java:1708)
	at java.base/java.util.stream.AbstractPipeline.copyInto(AbstractPipeline.java:509)
	at java.base/java.util.stream.AbstractPipeline.wrapAndCopyInto(AbstractPipeline.java:499)
	at java.base/java.util.stream.StreamSpliterators$WrappingSpliterator.forEachRemaining(StreamSpliterators.java:310)
	at java.base/java.util.stream.Streams$ConcatSpliterator.forEachRemaining(Streams.java:735)
	at java.base/java.util.stream.ReferencePipeline$Head.forEach(ReferencePipeline.java:762)
	at org.junit.jupiter.engine.descriptor.ClassBasedTestDescriptor.invokeTestInstancePostProcessors(ClassBasedTestDescriptor.java:376)
	at org.junit.jupiter.engine.descriptor.ClassBasedTestDescriptor.lambda$instantiateAndPostProcessTestInstance$6(ClassBasedTestDescriptor.java:289)
	at org.junit.platform.engine.support.hierarchical.ThrowableCollector.execute(ThrowableCollector.java:73)
	at org.junit.jupiter.engine.descriptor.ClassBasedTestDescriptor.instantiateAndPostProcessTestInstance(ClassBasedTestDescriptor.java:288)
	at org.junit.jupiter.engine.descriptor.ClassBasedTestDescriptor.lambda$testInstancesProvider$4(ClassBasedTestDescriptor.java:278)
	at java.base/java.util.Optional.orElseGet(Optional.java:364)
	at org.junit.jupiter.engine.descriptor.ClassBasedTestDescriptor.lambda$testInstancesProvider$5(ClassBasedTestDescriptor.java:277)
	at org.junit.jupiter.engine.descriptor.NestedClassTestDescriptor.instantiateTestClass(NestedClassTestDescriptor.java:85)
	at org.junit.jupiter.engine.descriptor.ClassBasedTestDescriptor.instantiateAndPostProcessTestInstance(ClassBasedTestDescriptor.java:286)
	at org.junit.jupiter.engine.descriptor.ClassBasedTestDescriptor.lambda$testInstancesProvider$4(ClassBasedTestDescriptor.java:278)
	at java.base/java.util.Optional.orElseGet(Optional.java:364)
	at org.junit.jupiter.engine.descriptor.ClassBasedTestDescriptor.lambda$testInstancesProvider$5(ClassBasedTestDescriptor.java:277)
	at org.junit.jupiter.engine.execution.TestInstancesProvider.getTestInstances(TestInstancesProvider.java:31)
	at org.junit.jupiter.engine.descriptor.TestMethodTestDescriptor.lambda$prepare$0(TestMethodTestDescriptor.java:105)
	at org.junit.platform.engine.support.hierarchical.ThrowableCollector.execute(ThrowableCollector.java:73)
	at org.junit.jupiter.engine.descriptor.TestMethodTestDescriptor.prepare(TestMethodTestDescriptor.java:104)
	at org.junit.jupiter.engine.descriptor.TestMethodTestDescriptor.prepare(TestMethodTestDescriptor.java:68)
	at org.junit.platform.engine.support.hierarchical.NodeTestTask.lambda$prepare$2(NodeTestTask.java:123)
	at org.junit.platform.engine.support.hierarchical.ThrowableCollector.execute(ThrowableCollector.java:73)
	at org.junit.platform.engine.support.hierarchical.NodeTestTask.prepare(NodeTestTask.java:123)
	at org.junit.platform.engine.support.hierarchical.NodeTestTask.execute(NodeTestTask.java:90)
	at java.base/java.util.ArrayList.forEach(ArrayList.java:1596)
	at org.junit.platform.engine.support.hierarchical.SameThreadHierarchicalTestExecutorService.invokeAll(SameThreadHierarchicalTestExecutorService.java:41)
	at org.junit.platform.engine.support.hierarchical.NodeTestTask.lambda$executeRecursively$6(NodeTestTask.java:155)
	at org.junit.platform.engine.support.hierarchical.ThrowableCollector.execute(ThrowableCollector.java:73)
	at org.junit.platform.engine.support.hierarchical.NodeTestTask.lambda$executeRecursively$8(NodeTestTask.java:141)
	at org.junit.platform.engine.support.hierarchical.Node.around(Node.java:137)
	at org.junit.platform.engine.support.hierarchical.NodeTestTask.lambda$executeRecursively$9(NodeTestTask.java:139)
	at org.junit.platform.engine.support.hierarchical.ThrowableCollector.execute(ThrowableCollector.java:73)
	at org.junit.platform.engine.support.hierarchical.NodeTestTask.executeRecursively(NodeTestTask.java:138)
	at org.junit.platform.engine.support.hierarchical.NodeTestTask.execute(NodeTestTask.java:95)
	at java.base/java.util.ArrayList.forEach(ArrayList.java:1596)
	at org.junit.platform.engine.support.hierarchical.SameThreadHierarchicalTestExecutorService.invokeAll(SameThreadHierarchicalTestExecutorService.java:41)
	at org.junit.platform.engine.support.hierarchical.NodeTestTask.lambda$executeRecursively$6(NodeTestTask.java:155)
	at org.junit.platform.engine.support.hierarchical.ThrowableCollector.execute(ThrowableCollector.java:73)
	at org.junit.platform.engine.support.hierarchical.NodeTestTask.lambda$executeRecursively$8(NodeTestTask.java:141)
	at org.junit.platform.engine.support.hierarchical.Node.around(Node.java:137)
	at org.junit.platform.engine.support.hierarchical.NodeTestTask.lambda$executeRecursively$9(NodeTestTask.java:139)
	at org.junit.platform.engine.support.hierarchical.ThrowableCollector.execute(ThrowableCollector.java:73)
	at org.junit.platform.engine.support.hierarchical.NodeTestTask.executeRecursively(NodeTestTask.java:138)
	at org.junit.platform.engine.support.hierarchical.NodeTestTask.execute(NodeTestTask.java:95)
	at java.base/java.util.ArrayList.forEach(ArrayList.java:1596)
	at org.junit.platform.engine.support.hierarchical.SameThreadHierarchicalTestExecutorService.invokeAll(SameThreadHierarchicalTestExecutorService.java:41)
	at org.junit.platform.engine.support.hierarchical.NodeTestTask.lambda$executeRecursively$6(NodeTestTask.java:155)
	at org.junit.platform.engine.support.hierarchical.ThrowableCollector.execute(ThrowableCollector.java:73)
	at org.junit.platform.engine.support.hierarchical.NodeTestTask.lambda$executeRecursively$8(NodeTestTask.java:141)
	at org.junit.platform.engine.support.hierarchical.Node.around(Node.java:137)
	at org.junit.platform.engine.support.hierarchical.NodeTestTask.lambda$executeRecursively$9(NodeTestTask.java:139)
	at org.junit.platform.engine.support.hierarchical.ThrowableCollector.execute(ThrowableCollector.java:73)
	at org.junit.platform.engine.support.hierarchical.NodeTestTask.executeRecursively(NodeTestTask.java:138)
	at org.junit.platform.engine.support.hierarchical.NodeTestTask.execute(NodeTestTask.java:95)
	at org.junit.platform.engine.support.hierarchical.SameThreadHierarchicalTestExecutorService.submit(SameThreadHierarchicalTestExecutorService.java:35)
	at org.junit.platform.engine.support.hierarchical.HierarchicalTestExecutor.execute(HierarchicalTestExecutor.java:57)
	at org.junit.platform.engine.support.hierarchical.HierarchicalTestEngine.execute(HierarchicalTestEngine.java:54)
	at org.junit.platform.launcher.core.EngineExecutionOrchestrator.execute(EngineExecutionOrchestrator.java:147)
	at org.junit.platform.launcher.core.EngineExecutionOrchestrator.execute(EngineExecutionOrchestrator.java:127)
	at org.junit.platform.launcher.core.EngineExecutionOrchestrator.execute(EngineExecutionOrchestrator.java:90)
	at org.junit.platform.launcher.core.EngineExecutionOrchestrator.lambda$execute$0(EngineExecutionOrchestrator.java:55)
	at org.junit.platform.launcher.core.EngineExecutionOrchestrator.withInterceptedStreams(EngineExecutionOrchestrator.java:102)
	at org.junit.platform.launcher.core.EngineExecutionOrchestrator.execute(EngineExecutionOrchestrator.java:54)
	at org.junit.platform.launcher.core.DefaultLauncher.execute(DefaultLauncher.java:114)
	at org.junit.platform.launcher.core.DefaultLauncher.execute(DefaultLauncher.java:86)
	at org.junit.platform.launcher.core.DefaultLauncherSession$DelegatingLauncher.execute(DefaultLauncherSession.java:86)
	at org.apache.maven.surefire.junitplatform.LazyLauncher.execute(LazyLauncher.java:55)
	at org.apache.maven.surefire.junitplatform.JUnitPlatformProvider.execute(JUnitPlatformProvider.java:223)
	at org.apache.maven.surefire.junitplatform.JUnitPlatformProvider.invokeAllTests(JUnitPlatformProvider.java:175)
	at org.apache.maven.surefire.junitplatform.JUnitPlatformProvider.invoke(JUnitPlatformProvider.java:139)
	at org.apache.maven.surefire.booter.ForkedBooter.runSuitesInProcess(ForkedBooter.java:456)
	at org.apache.maven.surefire.booter.ForkedBooter.execute(ForkedBooter.java:169)
	at org.apache.maven.surefire.booter.ForkedBooter.run(ForkedBooter.java:595)
	at org.apache.maven.surefire.booter.ForkedBooter.main(ForkedBooter.java:581)
	Suppressed: java.lang.IllegalStateException: Failed to load ApplicationContext for [WebMergedContextConfiguration@79b4468e testClass = grifo.spring.jpa.demo.EjerciciosRutinasAplicationTests.EjerciciosVacios, locations = [], classes = [grifo.spring.jpa.demo.EntidadesApplication], contextInitializerClasses = [], activeProfiles = [], propertySourceLocations = [], propertySourceProperties = ["org.springframework.boot.test.context.SpringBootTestContextBootstrapper=true", "server.port=0"], contextCustomizers = [org.springframework.boot.test.context.filter.ExcludeFilterContextCustomizer@3c443976, org.springframework.boot.test.json.DuplicateJsonObjectContextCustomizerFactory$DuplicateJsonObjectContextCustomizer@6b04acb2, org.springframework.boot.test.mock.mockito.MockitoContextCustomizer@0, org.springframework.boot.test.web.client.TestRestTemplateContextCustomizer@4a1e3ac1, org.springframework.boot.test.autoconfigure.actuate.observability.ObservabilityContextCustomizerFactory$DisableObservabilityContextCustomizer@1f, org.springframework.boot.test.autoconfigure.properties.PropertyMappingContextCustomizer@0, org.springframework.boot.test.autoconfigure.web.servlet.WebDriverContextCustomizer@2375b321, org.springframework.boot.test.context.SpringBootTestAnnotation@6014c3f6], resourceBasePath = "src/main/webapp", contextLoader = org.springframework.boot.test.context.SpringBootContextLoader, parent = null]
		at org.springframework.test.context.cache.DefaultCacheAwareContextLoaderDelegate.loadContext(DefaultCacheAwareContextLoaderDelegate.java:143)
		at org.springframework.test.context.support.DefaultTestContext.getApplicationContext(DefaultTestContext.java:127)
		at org.springframework.test.context.support.DependencyInjectionTestExecutionListener.injectDependencies(DependencyInjectionTestExecutionListener.java:141)
		at org.springframework.test.context.support.DependencyInjectionTestExecutionListener.prepareTestInstance(DependencyInjectionTestExecutionListener.java:97)
		at org.springframework.test.context.TestContextManager.prepareTestInstance(TestContextManager.java:241)
		at org.springframework.test.context.junit.jupiter.SpringExtension.postProcessTestInstance(SpringExtension.java:138)
		at org.junit.jupiter.engine.descriptor.ClassBasedTestDescriptor.lambda$invokeTestInstancePostProcessors$10(ClassBasedTestDescriptor.java:377)
		at org.junit.jupiter.engine.descriptor.ClassBasedTestDescriptor.executeAndMaskThrowable(ClassBasedTestDescriptor.java:382)
		at org.junit.jupiter.engine.descriptor.ClassBasedTestDescriptor.lambda$invokeTestInstancePostProcessors$11(ClassBasedTestDescriptor.java:377)
		at java.base/java.util.stream.ReferencePipeline$3$1.accept(ReferencePipeline.java:197)
		at java.base/java.util.stream.ReferencePipeline$2$1.accept(ReferencePipeline.java:179)
		at java.base/java.util.ArrayList$ArrayListSpliterator.forEachRemaining(ArrayList.java:1708)
		at java.base/java.util.stream.AbstractPipeline.copyInto(AbstractPipeline.java:509)
		at java.base/java.util.stream.AbstractPipeline.wrapAndCopyInto(AbstractPipeline.java:499)
		at java.base/java.util.stream.StreamSpliterators$WrappingSpliterator.forEachRemaining(StreamSpliterators.java:310)
		at java.base/java.util.stream.Streams$ConcatSpliterator.forEachRemaining(Streams.java:735)
		at java.base/java.util.stream.Streams$ConcatSpliterator.forEachRemaining(Streams.java:734)
		at java.base/java.util.stream.Streams$ConcatSpliterator.forEachRemaining(Streams.java:734)
		at java.base/java.util.stream.ReferencePipeline$Head.forEach(ReferencePipeline.java:762)
		at org.junit.jupiter.engine.descriptor.ClassBasedTestDescriptor.invokeTestInstancePostProcessors(ClassBasedTestDescriptor.java:376)
		at org.junit.jupiter.engine.descriptor.ClassBasedTestDescriptor.lambda$instantiateAndPostProcessTestInstance$6(ClassBasedTestDescriptor.java:289)
		at org.junit.platform.engine.support.hierarchical.ThrowableCollector.execute(ThrowableCollector.java:73)
		at org.junit.jupiter.engine.descriptor.ClassBasedTestDescriptor.instantiateAndPostProcessTestInstance(ClassBasedTestDescriptor.java:288)
		... 62 more
	Caused by: org.springframework.beans.factory.BeanCreationException: Error creating bean with name 'requestMappingHandlerMapping' defined in class path resource [org/springframework/boot/autoconfigure/web/servlet/WebMvcAutoConfiguration$EnableWebMvcConfiguration.class]: Invalid mapping on handler class [grifo.spring.jpa.demo.controladores.ControladorRutina]: public grifo.spring.jpa.demo.dtos.RutinaDTO grifo.spring.jpa.demo.controladores.ControladorRutina.actualizarRutina(java.lang.Long,grifo.spring.jpa.demo.dtos.RutinaDTO)
		at org.springframework.beans.factory.support.AbstractAutowireCapableBeanFactory.initializeBean(AbstractAutowireCapableBeanFactory.java:1770)
		at org.springframework.beans.factory.support.AbstractAutowireCapableBeanFactory.doCreateBean(AbstractAutowireCapableBeanFactory.java:598)
		at org.springframework.beans.factory.support.AbstractAutowireCapableBeanFactory.createBean(AbstractAutowireCapableBeanFactory.java:520)
		at org.springframework.beans.factory.support.AbstractBeanFactory.lambda$doGetBean$0(AbstractBeanFactory.java:325)
		at org.springframework.beans.factory.support.DefaultSingletonBeanRegistry.getSingleton(DefaultSingletonBeanRegistry.java:234)
		at org.springframework.beans.factory.support.AbstractBeanFactory.doGetBean(AbstractBeanFactory.java:323)
		at org.springframework.beans.factory.support.AbstractBeanFactory.getBean(AbstractBeanFactory.java:199)
		at org.springframework.beans.factory.support.DefaultListableBeanFactory.preInstantiateSingletons(DefaultListableBeanFactory.java:973)
		at org.springframework.context.support.AbstractApplicationContext.finishBeanFactoryInitialization(AbstractApplicationContext.java:950)
		at org.springframework.context.support.AbstractApplicationContext.refresh(AbstractApplicationContext.java:616)
		at org.springframework.boot.web.servlet.context.ServletWebServerApplicationContext.refresh(ServletWebServerApplicationContext.java:146)
		at org.springframework.boot.SpringApplication.refresh(SpringApplication.java:738)
		at org.springframework.boot.SpringApplication.refreshContext(SpringApplication.java:440)
		at org.springframework.boot.SpringApplication.run(SpringApplication.java:316)
		at org.springframework.boot.test.context.SpringBootContextLoader.lambda$loadContext$3(SpringBootContextLoader.java:137)
		at org.springframework.util.function.ThrowingSupplier.get(ThrowingSupplier.java:58)
		at org.springframework.util.function.ThrowingSupplier.get(ThrowingSupplier.java:46)
		at org.springframework.boot.SpringApplication.withHook(SpringApplication.java:1406)
		at org.springframework.boot.test.context.SpringBootContextLoader$ContextLoaderHook.run(SpringBootContextLoader.java:545)
		at org.springframework.boot.test.context.SpringBootContextLoader.loadContext(SpringBootContextLoader.java:137)
		at org.springframework.boot.test.context.SpringBootContextLoader.loadContext(SpringBootContextLoader.java:108)
		at org.springframework.test.context.cache.DefaultCacheAwareContextLoaderDelegate.loadContextInternal(DefaultCacheAwareContextLoaderDelegate.java:187)
		at org.springframework.test.context.cache.DefaultCacheAwareContextLoaderDelegate.loadContext(DefaultCacheAwareContextLoaderDelegate.java:119)
		... 84 more
	Caused by: java.lang.IllegalStateException: Invalid mapping on handler class [grifo.spring.jpa.demo.controladores.ControladorRutina]: public grifo.spring.jpa.demo.dtos.RutinaDTO grifo.spring.jpa.demo.controladores.ControladorRutina.actualizarRutina(java.lang.Long,grifo.spring.jpa.demo.dtos.RutinaDTO)
		at org.springframework.web.servlet.handler.AbstractHandlerMethodMapping.lambda$detectHandlerMethods$1(AbstractHandlerMethodMapping.java:287)
		at org.springframework.core.MethodIntrospector.lambda$selectMethods$0(MethodIntrospector.java:74)
		at org.springframework.util.ReflectionUtils.doWithMethods(ReflectionUtils.java:366)
		at org.springframework.core.MethodIntrospector.selectMethods(MethodIntrospector.java:72)
		at org.springframework.web.servlet.handler.AbstractHandlerMethodMapping.detectHandlerMethods(AbstractHandlerMethodMapping.java:280)
		at org.springframework.web.servlet.handler.AbstractHandlerMethodMapping.processCandidateBean(AbstractHandlerMethodMapping.java:265)
		at org.springframework.web.servlet.handler.AbstractHandlerMethodMapping.initHandlerMethods(AbstractHandlerMethodMapping.java:224)
		at org.springframework.web.servlet.handler.AbstractHandlerMethodMapping.afterPropertiesSet(AbstractHandlerMethodMapping.java:212)
		at org.springframework.web.servlet.mvc.method.annotation.RequestMappingHandlerMapping.afterPropertiesSet(RequestMappingHandlerMapping.java:225)
		at org.springframework.beans.factory.support.AbstractAutowireCapableBeanFactory.invokeInitMethods(AbstractAutowireCapableBeanFactory.java:1817)
		at org.springframework.beans.factory.support.AbstractAutowireCapableBeanFactory.initializeBean(AbstractAutowireCapableBeanFactory.java:1766)
		... 106 more
	Caused by: org.springframework.web.util.pattern.PatternParseException: Expected close capture character after variable name }
		at org.springframework.web.util.pattern.InternalPathPatternParser.createPathElement(InternalPathPatternParser.java:314)
		at org.springframework.web.util.pattern.InternalPathPatternParser.parse(InternalPathPatternParser.java:111)
		at org.springframework.web.util.pattern.PathPatternParser.parse(PathPatternParser.java:129)
		at org.springframework.web.servlet.mvc.condition.PathPatternsRequestCondition.parse(PathPatternsRequestCondition.java:84)
		at org.springframework.web.servlet.mvc.condition.PathPatternsRequestCondition.<init>(PathPatternsRequestCondition.java:74)
		at org.springframework.web.servlet.mvc.method.RequestMappingInfo$DefaultBuilder.build(RequestMappingInfo.java:714)
		at org.springframework.web.servlet.mvc.method.annotation.RequestMappingHandlerMapping.createRequestMappingInfo(RequestMappingHandlerMapping.java:400)
		at org.springframework.web.servlet.mvc.method.annotation.RequestMappingHandlerMapping.createRequestMappingInfo(RequestMappingHandlerMapping.java:345)
		at org.springframework.web.servlet.mvc.method.annotation.RequestMappingHandlerMapping.getMappingForMethod(RequestMappingHandlerMapping.java:302)
		at org.springframework.web.servlet.mvc.method.annotation.RequestMappingHandlerMapping.getMappingForMethod(RequestMappingHandlerMapping.java:76)
		at org.springframework.web.servlet.handler.AbstractHandlerMethodMapping.lambda$detectHandlerMethods$1(AbstractHandlerMethodMapping.java:283)
		... 116 more
Caused by: org.springframework.beans.factory.BeanCreationException: Error creating bean with name 'requestMappingHandlerMapping' defined in class path resource [org/springframework/boot/autoconfigure/web/servlet/WebMvcAutoConfiguration$EnableWebMvcConfiguration.class]: Invalid mapping on handler class [grifo.spring.jpa.demo.controladores.ControladorRutina]: public grifo.spring.jpa.demo.dtos.RutinaDTO grifo.spring.jpa.demo.controladores.ControladorRutina.actualizarRutina(java.lang.Long,grifo.spring.jpa.demo.dtos.RutinaDTO)
	at org.springframework.beans.factory.support.AbstractAutowireCapableBeanFactory.initializeBean(AbstractAutowireCapableBeanFactory.java:1770)
	at org.springframework.beans.factory.support.AbstractAutowireCapableBeanFactory.doCreateBean(AbstractAutowireCapableBeanFactory.java:598)
	at org.springframework.beans.factory.support.AbstractAutowireCapableBeanFactory.createBean(AbstractAutowireCapableBeanFactory.java:520)
	at org.springframework.beans.factory.support.AbstractBeanFactory.lambda$doGetBean$0(AbstractBeanFactory.java:325)
	at org.springframework.beans.factory.support.DefaultSingletonBeanRegistry.getSingleton(DefaultSingletonBeanRegistry.java:234)
	at org.springframework.beans.factory.support.AbstractBeanFactory.doGetBean(AbstractBeanFactory.java:323)
	at org.springframework.beans.factory.support.AbstractBeanFactory.getBean(AbstractBeanFactory.java:199)
	at org.springframework.beans.factory.support.DefaultListableBeanFactory.preInstantiateSingletons(DefaultListableBeanFactory.java:973)
	at org.springframework.context.support.AbstractApplicationContext.finishBeanFactoryInitialization(AbstractApplicationContext.java:950)
	at org.springframework.context.support.AbstractApplicationContext.refresh(AbstractApplicationContext.java:616)
	at org.springframework.boot.web.servlet.context.ServletWebServerApplicationContext.refresh(ServletWebServerApplicationContext.java:146)
	at org.springframework.boot.SpringApplication.refresh(SpringApplication.java:738)
	at org.springframework.boot.SpringApplication.refreshContext(SpringApplication.java:440)
	at org.springframework.boot.SpringApplication.run(SpringApplication.java:316)
	at org.springframework.boot.test.context.SpringBootContextLoader.lambda$loadContext$3(SpringBootContextLoader.java:137)
	at org.springframework.util.function.ThrowingSupplier.get(ThrowingSupplier.java:58)
	at org.springframework.util.function.ThrowingSupplier.get(ThrowingSupplier.java:46)
	at org.springframework.boot.SpringApplication.withHook(SpringApplication.java:1406)
	at org.springframework.boot.test.context.SpringBootContextLoader$ContextLoaderHook.run(SpringBootContextLoader.java:545)
	at org.springframework.boot.test.context.SpringBootContextLoader.loadContext(SpringBootContextLoader.java:137)
	at org.springframework.boot.test.context.SpringBootContextLoader.loadContext(SpringBootContextLoader.java:108)
	at org.springframework.test.context.cache.DefaultCacheAwareContextLoaderDelegate.loadContextInternal(DefaultCacheAwareContextLoaderDelegate.java:187)
	at org.springframework.test.context.cache.DefaultCacheAwareContextLoaderDelegate.loadContext(DefaultCacheAwareContextLoaderDelegate.java:119)
	... 87 more
Caused by: java.lang.IllegalStateException: Invalid mapping on handler class [grifo.spring.jpa.demo.controladores.ControladorRutina]: public grifo.spring.jpa.demo.dtos.RutinaDTO grifo.spring.jpa.demo.controladores.ControladorRutina.actualizarRutina(java.lang.Long,grifo.spring.jpa.demo.dtos.RutinaDTO)
	at org.springframework.web.servlet.handler.AbstractHandlerMethodMapping.lambda$detectHandlerMethods$1(AbstractHandlerMethodMapping.java:287)
	at org.springframework.core.MethodIntrospector.lambda$selectMethods$0(MethodIntrospector.java:74)
	at org.springframework.util.ReflectionUtils.doWithMethods(ReflectionUtils.java:366)
	at org.springframework.core.MethodIntrospector.selectMethods(MethodIntrospector.java:72)
	at org.springframework.web.servlet.handler.AbstractHandlerMethodMapping.detectHandlerMethods(AbstractHandlerMethodMapping.java:280)
	at org.springframework.web.servlet.handler.AbstractHandlerMethodMapping.processCandidateBean(AbstractHandlerMethodMapping.java:265)
	at org.springframework.web.servlet.handler.AbstractHandlerMethodMapping.initHandlerMethods(AbstractHandlerMethodMapping.java:224)
	at org.springframework.web.servlet.handler.AbstractHandlerMethodMapping.afterPropertiesSet(AbstractHandlerMethodMapping.java:212)
	at org.springframework.web.servlet.mvc.method.annotation.RequestMappingHandlerMapping.afterPropertiesSet(RequestMappingHandlerMapping.java:225)
	at org.springframework.beans.factory.support.AbstractAutowireCapableBeanFactory.invokeInitMethods(AbstractAutowireCapableBeanFactory.java:1817)
	at org.springframework.beans.factory.support.AbstractAutowireCapableBeanFactory.initializeBean(AbstractAutowireCapableBeanFactory.java:1766)
	... 109 more
Caused by: org.springframework.web.util.pattern.PatternParseException: Expected close capture character after variable name }
	at org.springframework.web.util.pattern.InternalPathPatternParser.createPathElement(InternalPathPatternParser.java:314)
	at org.springframework.web.util.pattern.InternalPathPatternParser.parse(InternalPathPatternParser.java:111)
	at org.springframework.web.util.pattern.PathPatternParser.parse(PathPatternParser.java:129)
	at org.springframework.web.servlet.mvc.condition.PathPatternsRequestCondition.parse(PathPatternsRequestCondition.java:84)
	at org.springframework.web.servlet.mvc.condition.PathPatternsRequestCondition.<init>(PathPatternsRequestCondition.java:74)
	at org.springframework.web.servlet.mvc.method.RequestMappingInfo$DefaultBuilder.build(RequestMappingInfo.java:714)
	at org.springframework.web.servlet.mvc.method.annotation.RequestMappingHandlerMapping.createRequestMappingInfo(RequestMappingHandlerMapping.java:400)
	at org.springframework.web.servlet.mvc.method.annotation.RequestMappingHandlerMapping.createRequestMappingInfo(RequestMappingHandlerMapping.java:345)
	at org.springframework.web.servlet.mvc.method.annotation.RequestMappingHandlerMapping.getMappingForMethod(RequestMappingHandlerMapping.java:302)
	at org.springframework.web.servlet.mvc.method.annotation.RequestMappingHandlerMapping.getMappingForMethod(RequestMappingHandlerMapping.java:76)
	at org.springframework.web.servlet.handler.AbstractHandlerMethodMapping.lambda$detectHandlerMethods$1(AbstractHandlerMethodMapping.java:283)
	... 119 more
]]></error>
    <system-out><![CDATA[12:16:06.434 [main] INFO org.springframework.test.context.support.AnnotationConfigContextLoaderUtils -- Could not detect default configuration classes for test class [grifo.spring.jpa.demo.EjerciciosRutinasAplicationTests]: EjerciciosRutinasAplicationTests does not declare any static, non-private, non-final, nested classes annotated with @Configuration.
12:16:06.610 [main] INFO org.springframework.boot.test.context.SpringBootTestContextBootstrapper -- Found @SpringBootConfiguration grifo.spring.jpa.demo.EntidadesApplication for test class grifo.spring.jpa.demo.EjerciciosRutinasAplicationTests
12:16:06.822 [main] INFO org.springframework.test.context.support.AnnotationConfigContextLoaderUtils -- Could not detect default configuration classes for test class [grifo.spring.jpa.demo.EjerciciosRutinasAplicationTests$EjerciciosVacios]: EjerciciosVacios does not declare any static, non-private, non-final, nested classes annotated with @Configuration.
12:16:06.827 [main] INFO org.springframework.boot.test.context.SpringBootTestContextBootstrapper -- Found @SpringBootConfiguration grifo.spring.jpa.demo.EntidadesApplication for test class grifo.spring.jpa.demo.EjerciciosRutinasAplicationTests$EjerciciosVacios

  .   ____          _            __ _ _
 /\\ / ___'_ __ _ _(_)_ __  __ _ \ \ \ \
( ( )\___ | '_ | '_| | '_ \/ _` | \ \ \ \
 \\/  ___)| |_)| | | | | || (_| |  ) ) ) )
  '  |____| .__|_| |_|_| |_\__, | / / / /
 =========|_|==============|___/=/_/_/_/
 :: Spring Boot ::                (v3.1.5)

2024-05-25T12:16:07.318+02:00  INFO 12124 --- [           main] g.s.j.d.EjerciciosRutinasAplicationTests : Starting EjerciciosRutinasAplicationTests using Java 21.0.2 with PID 12124 (started by Juanjo in c:\Users\Juanjo\Documents\GitHub\ciklum-el-grifo\jpa\spring-jpa)
2024-05-25T12:16:07.320+02:00  INFO 12124 --- [           main] g.s.j.d.EjerciciosRutinasAplicationTests : No active profile set, falling back to 1 default profile: "default"
2024-05-25T12:16:08.249+02:00  INFO 12124 --- [           main] .s.d.r.c.RepositoryConfigurationDelegate : Bootstrapping Spring Data JPA repositories in DEFAULT mode.
2024-05-25T12:16:08.338+02:00  INFO 12124 --- [           main] .s.d.r.c.RepositoryConfigurationDelegate : Finished Spring Data repository scanning in 77 ms. Found 2 JPA repository interfaces.
2024-05-25T12:16:09.178+02:00  INFO 12124 --- [           main] o.s.b.w.embedded.tomcat.TomcatWebServer  : Tomcat initialized with port(s): 0 (http)
2024-05-25T12:16:09.201+02:00  INFO 12124 --- [           main] o.apache.catalina.core.StandardService   : Starting service [Tomcat]
2024-05-25T12:16:09.202+02:00  INFO 12124 --- [           main] o.apache.catalina.core.StandardEngine    : Starting Servlet engine: [Apache Tomcat/10.1.15]
2024-05-25T12:16:09.327+02:00  INFO 12124 --- [           main] o.a.c.c.C.[Tomcat].[localhost].[/]       : Initializing Spring embedded WebApplicationContext
2024-05-25T12:16:09.329+02:00  INFO 12124 --- [           main] w.s.c.ServletWebServerApplicationContext : Root WebApplicationContext: initialization completed in 1967 ms
2024-05-25T12:16:09.561+02:00  INFO 12124 --- [           main] com.zaxxer.hikari.HikariDataSource       : HikariPool-1 - Starting...
2024-05-25T12:16:09.973+02:00  INFO 12124 --- [           main] com.zaxxer.hikari.pool.HikariPool        : HikariPool-1 - Added connection conn0: url=jdbc:h2:mem:db user=USER
2024-05-25T12:16:09.975+02:00  INFO 12124 --- [           main] com.zaxxer.hikari.HikariDataSource       : HikariPool-1 - Start completed.
2024-05-25T12:16:10.051+02:00  INFO 12124 --- [           main] o.hibernate.jpa.internal.util.LogHelper  : HHH000204: Processing PersistenceUnitInfo [name: default]
2024-05-25T12:16:10.153+02:00  INFO 12124 --- [           main] org.hibernate.Version                    : HHH000412: Hibernate ORM core version 6.2.13.Final
2024-05-25T12:16:10.158+02:00  INFO 12124 --- [           main] org.hibernate.cfg.Environment            : HHH000406: Using bytecode reflection optimizer
2024-05-25T12:16:10.620+02:00  INFO 12124 --- [           main] o.s.o.j.p.SpringPersistenceUnitInfo      : No LoadTimeWeaver setup: ignoring JPA class transformer
2024-05-25T12:16:11.805+02:00  INFO 12124 --- [           main] o.h.m.i.EntityInstantiatorPojoStandard   : HHH000182: No default (no-argument) constructor for class: grifo.spring.jpa.demo.entities.Ejercicio (class must be instantiated by Interceptor)
2024-05-25T12:16:11.871+02:00  INFO 12124 --- [           main] o.h.m.i.EntityInstantiatorPojoStandard   : HHH000182: No default (no-argument) constructor for class: grifo.spring.jpa.demo.entities.FragmentoRutina (class must be instantiated by Interceptor)
2024-05-25T12:16:12.181+02:00  INFO 12124 --- [           main] o.h.e.t.j.p.i.JtaPlatformInitiator       : HHH000489: No JTA platform available (set 'hibernate.transaction.jta.platform' to enable JTA platform integration)
2024-05-25T12:16:12.214+02:00  INFO 12124 --- [           main] j.LocalContainerEntityManagerFactoryBean : Initialized JPA EntityManagerFactory for persistence unit 'default'
2024-05-25T12:16:12.595+02:00  INFO 12124 --- [           main] o.s.d.j.r.query.QueryEnhancerFactory     : Hibernate is in classpath; If applicable, HQL parser will be used.
2024-05-25T12:16:13.411+02:00  WARN 12124 --- [           main] JpaBaseConfiguration$JpaWebConfiguration : spring.jpa.open-in-view is enabled by default. Therefore, database queries may be performed during view rendering. Explicitly configure spring.jpa.open-in-view to disable this warning
2024-05-25T12:16:13.433+02:00  WARN 12124 --- [           main] .s.s.UserDetailsServiceAutoConfiguration : 

Using generated security password: 24050bd0-ab87-42b0-b83f-4d31da79d3d9

This generated password is for development use only. Your security configuration must be updated before running your application in production.

2024-05-25T12:16:13.586+02:00  INFO 12124 --- [           main] o.s.s.web.DefaultSecurityFilterChain     : Will secure any request with [org.springframework.security.web.session.DisableEncodeUrlFilter@2592f798, org.springframework.security.web.context.request.async.WebAsyncManagerIntegrationFilter@ab0f11a, org.springframework.security.web.context.SecurityContextHolderFilter@7f3546ae, org.springframework.security.web.header.HeaderWriterFilter@ca55352, org.springframework.security.web.csrf.CsrfFilter@25e764b2, org.springframework.security.web.authentication.logout.LogoutFilter@26652eb0, org.springframework.security.web.authentication.UsernamePasswordAuthenticationFilter@4815fd8b, org.springframework.security.web.authentication.ui.DefaultLoginPageGeneratingFilter@200591c8, org.springframework.security.web.authentication.ui.DefaultLogoutPageGeneratingFilter@588cb67c, org.springframework.security.web.authentication.www.BasicAuthenticationFilter@2c3077bf, org.springframework.security.web.savedrequest.RequestCacheAwareFilter@751ef860, org.springframework.security.web.servletapi.SecurityContextHolderAwareRequestFilter@57b3ac6e, org.springframework.security.web.authentication.AnonymousAuthenticationFilter@509fce52, org.springframework.security.web.access.ExceptionTranslationFilter@79b8c780, org.springframework.security.web.access.intercept.AuthorizationFilter@5fc71c81]
2024-05-25T12:16:13.871+02:00  WARN 12124 --- [           main] ConfigServletWebServerApplicationContext : Exception encountered during context initialization - cancelling refresh attempt: org.springframework.beans.factory.BeanCreationException: Error creating bean with name 'requestMappingHandlerMapping' defined in class path resource [org/springframework/boot/autoconfigure/web/servlet/WebMvcAutoConfiguration$EnableWebMvcConfiguration.class]: Invalid mapping on handler class [grifo.spring.jpa.demo.controladores.ControladorRutina]: public grifo.spring.jpa.demo.dtos.RutinaDTO grifo.spring.jpa.demo.controladores.ControladorRutina.actualizarRutina(java.lang.Long,grifo.spring.jpa.demo.dtos.RutinaDTO)
2024-05-25T12:16:13.872+02:00  INFO 12124 --- [           main] j.LocalContainerEntityManagerFactoryBean : Closing JPA EntityManagerFactory for persistence unit 'default'
2024-05-25T12:16:13.874+02:00  INFO 12124 --- [           main] com.zaxxer.hikari.HikariDataSource       : HikariPool-1 - Shutdown initiated...
2024-05-25T12:16:13.876+02:00  INFO 12124 --- [           main] com.zaxxer.hikari.HikariDataSource       : HikariPool-1 - Shutdown completed.
2024-05-25T12:16:13.878+02:00  INFO 12124 --- [           main] o.apache.catalina.core.StandardService   : Stopping service [Tomcat]
2024-05-25T12:16:13.888+02:00  INFO 12124 --- [           main] .s.b.a.l.ConditionEvaluationReportLogger : 

Error starting ApplicationContext. To display the condition evaluation report re-run your application with 'debug' enabled.
2024-05-25T12:16:13.914+02:00 ERROR 12124 --- [           main] o.s.b.d.LoggingFailureAnalysisReporter   : 

***************************
APPLICATION FAILED TO START
***************************

Description:

Invalid mapping pattern detected: /{/idRutina}
  ^
Expected close capture character after variable name }

Action:

Fix this pattern in your application or switch to the legacy parser implementation with 'spring.mvc.pathmatch.matching-strategy=ant_path_matcher'.

2024-05-25T12:16:13.920+02:00 ERROR 12124 --- [           main] o.s.test.context.TestContextManager      : Caught exception while allowing TestExecutionListener [org.springframework.test.context.support.DependencyInjectionTestExecutionListener] to prepare test instance [grifo.spring.jpa.demo.EjerciciosRutinasAplicationTests@300a4ff5]

java.lang.IllegalStateException: Failed to load ApplicationContext for [WebMergedContextConfiguration@1699e337 testClass = grifo.spring.jpa.demo.EjerciciosRutinasAplicationTests, locations = [], classes = [grifo.spring.jpa.demo.EntidadesApplication], contextInitializerClasses = [], activeProfiles = [], propertySourceLocations = [], propertySourceProperties = ["org.springframework.boot.test.context.SpringBootTestContextBootstrapper=true", "server.port=0"], contextCustomizers = [org.springframework.boot.test.context.filter.ExcludeFilterContextCustomizer@3c443976, org.springframework.boot.test.json.DuplicateJsonObjectContextCustomizerFactory$DuplicateJsonObjectContextCustomizer@6b04acb2, org.springframework.boot.test.mock.mockito.MockitoContextCustomizer@0, org.springframework.boot.test.web.client.TestRestTemplateContextCustomizer@4a1e3ac1, org.springframework.boot.test.autoconfigure.actuate.observability.ObservabilityContextCustomizerFactory$DisableObservabilityContextCustomizer@1f, org.springframework.boot.test.autoconfigure.properties.PropertyMappingContextCustomizer@0, org.springframework.boot.test.autoconfigure.web.servlet.WebDriverContextCustomizer@2375b321, org.springframework.boot.test.context.SpringBootTestAnnotation@6014c3f6], resourceBasePath = "src/main/webapp", contextLoader = org.springframework.boot.test.context.SpringBootContextLoader, parent = null]
	at org.springframework.test.context.cache.DefaultCacheAwareContextLoaderDelegate.loadContext(DefaultCacheAwareContextLoaderDelegate.java:143) ~[spring-test-6.0.13.jar:6.0.13]
	at org.springframework.test.context.support.DefaultTestContext.getApplicationContext(DefaultTestContext.java:127) ~[spring-test-6.0.13.jar:6.0.13]
	at org.springframework.test.context.support.DependencyInjectionTestExecutionListener.injectDependencies(DependencyInjectionTestExecutionListener.java:141) ~[spring-test-6.0.13.jar:6.0.13]
	at org.springframework.test.context.support.DependencyInjectionTestExecutionListener.prepareTestInstance(DependencyInjectionTestExecutionListener.java:97) ~[spring-test-6.0.13.jar:6.0.13]
	at org.springframework.test.context.TestContextManager.prepareTestInstance(TestContextManager.java:241) ~[spring-test-6.0.13.jar:6.0.13]
	at org.springframework.test.context.junit.jupiter.SpringExtension.postProcessTestInstance(SpringExtension.java:138) ~[spring-test-6.0.13.jar:6.0.13]
	at org.junit.jupiter.engine.descriptor.ClassBasedTestDescriptor.lambda$invokeTestInstancePostProcessors$10(ClassBasedTestDescriptor.java:377) ~[junit-jupiter-engine-5.9.3.jar:5.9.3]
	at org.junit.jupiter.engine.descriptor.ClassBasedTestDescriptor.executeAndMaskThrowable(ClassBasedTestDescriptor.java:382) ~[junit-jupiter-engine-5.9.3.jar:5.9.3]
	at org.junit.jupiter.engine.descriptor.ClassBasedTestDescriptor.lambda$invokeTestInstancePostProcessors$11(ClassBasedTestDescriptor.java:377) ~[junit-jupiter-engine-5.9.3.jar:5.9.3]
	at java.base/java.util.stream.ReferencePipeline$3$1.accept(ReferencePipeline.java:197) ~[na:na]
	at java.base/java.util.stream.ReferencePipeline$2$1.accept(ReferencePipeline.java:179) ~[na:na]
	at java.base/java.util.ArrayList$ArrayListSpliterator.forEachRemaining(ArrayList.java:1708) ~[na:na]
	at java.base/java.util.stream.AbstractPipeline.copyInto(AbstractPipeline.java:509) ~[na:na]
	at java.base/java.util.stream.AbstractPipeline.wrapAndCopyInto(AbstractPipeline.java:499) ~[na:na]
	at java.base/java.util.stream.StreamSpliterators$WrappingSpliterator.forEachRemaining(StreamSpliterators.java:310) ~[na:na]
	at java.base/java.util.stream.Streams$ConcatSpliterator.forEachRemaining(Streams.java:735) ~[na:na]
	at java.base/java.util.stream.ReferencePipeline$Head.forEach(ReferencePipeline.java:762) ~[na:na]
	at org.junit.jupiter.engine.descriptor.ClassBasedTestDescriptor.invokeTestInstancePostProcessors(ClassBasedTestDescriptor.java:376) ~[junit-jupiter-engine-5.9.3.jar:5.9.3]
	at org.junit.jupiter.engine.descriptor.ClassBasedTestDescriptor.lambda$instantiateAndPostProcessTestInstance$6(ClassBasedTestDescriptor.java:289) ~[junit-jupiter-engine-5.9.3.jar:5.9.3]
	at org.junit.platform.engine.support.hierarchical.ThrowableCollector.execute(ThrowableCollector.java:73) ~[junit-platform-engine-1.9.3.jar:1.9.3]
	at org.junit.jupiter.engine.descriptor.ClassBasedTestDescriptor.instantiateAndPostProcessTestInstance(ClassBasedTestDescriptor.java:288) ~[junit-jupiter-engine-5.9.3.jar:5.9.3]
	at org.junit.jupiter.engine.descriptor.ClassBasedTestDescriptor.lambda$testInstancesProvider$4(ClassBasedTestDescriptor.java:278) ~[junit-jupiter-engine-5.9.3.jar:5.9.3]
	at java.base/java.util.Optional.orElseGet(Optional.java:364) ~[na:na]
	at org.junit.jupiter.engine.descriptor.ClassBasedTestDescriptor.lambda$testInstancesProvider$5(ClassBasedTestDescriptor.java:277) ~[junit-jupiter-engine-5.9.3.jar:5.9.3]
	at org.junit.jupiter.engine.descriptor.NestedClassTestDescriptor.instantiateTestClass(NestedClassTestDescriptor.java:85) ~[junit-jupiter-engine-5.9.3.jar:5.9.3]
	at org.junit.jupiter.engine.descriptor.ClassBasedTestDescriptor.instantiateAndPostProcessTestInstance(ClassBasedTestDescriptor.java:286) ~[junit-jupiter-engine-5.9.3.jar:5.9.3]
	at org.junit.jupiter.engine.descriptor.ClassBasedTestDescriptor.lambda$testInstancesProvider$4(ClassBasedTestDescriptor.java:278) ~[junit-jupiter-engine-5.9.3.jar:5.9.3]
	at java.base/java.util.Optional.orElseGet(Optional.java:364) ~[na:na]
	at org.junit.jupiter.engine.descriptor.ClassBasedTestDescriptor.lambda$testInstancesProvider$5(ClassBasedTestDescriptor.java:277) ~[junit-jupiter-engine-5.9.3.jar:5.9.3]
	at org.junit.jupiter.engine.execution.TestInstancesProvider.getTestInstances(TestInstancesProvider.java:31) ~[junit-jupiter-engine-5.9.3.jar:5.9.3]
	at org.junit.jupiter.engine.descriptor.TestMethodTestDescriptor.lambda$prepare$0(TestMethodTestDescriptor.java:105) ~[junit-jupiter-engine-5.9.3.jar:5.9.3]
	at org.junit.platform.engine.support.hierarchical.ThrowableCollector.execute(ThrowableCollector.java:73) ~[junit-platform-engine-1.9.3.jar:1.9.3]
	at org.junit.jupiter.engine.descriptor.TestMethodTestDescriptor.prepare(TestMethodTestDescriptor.java:104) ~[junit-jupiter-engine-5.9.3.jar:5.9.3]
	at org.junit.jupiter.engine.descriptor.TestMethodTestDescriptor.prepare(TestMethodTestDescriptor.java:68) ~[junit-jupiter-engine-5.9.3.jar:5.9.3]
	at org.junit.platform.engine.support.hierarchical.NodeTestTask.lambda$prepare$2(NodeTestTask.java:123) ~[junit-platform-engine-1.9.3.jar:1.9.3]
	at org.junit.platform.engine.support.hierarchical.ThrowableCollector.execute(ThrowableCollector.java:73) ~[junit-platform-engine-1.9.3.jar:1.9.3]
	at org.junit.platform.engine.support.hierarchical.NodeTestTask.prepare(NodeTestTask.java:123) ~[junit-platform-engine-1.9.3.jar:1.9.3]
	at org.junit.platform.engine.support.hierarchical.NodeTestTask.execute(NodeTestTask.java:90) ~[junit-platform-engine-1.9.3.jar:1.9.3]
	at java.base/java.util.ArrayList.forEach(ArrayList.java:1596) ~[na:na]
	at org.junit.platform.engine.support.hierarchical.SameThreadHierarchicalTestExecutorService.invokeAll(SameThreadHierarchicalTestExecutorService.java:41) ~[junit-platform-engine-1.9.3.jar:1.9.3]
	at org.junit.platform.engine.support.hierarchical.NodeTestTask.lambda$executeRecursively$6(NodeTestTask.java:155) ~[junit-platform-engine-1.9.3.jar:1.9.3]
	at org.junit.platform.engine.support.hierarchical.ThrowableCollector.execute(ThrowableCollector.java:73) ~[junit-platform-engine-1.9.3.jar:1.9.3]
	at org.junit.platform.engine.support.hierarchical.NodeTestTask.lambda$executeRecursively$8(NodeTestTask.java:141) ~[junit-platform-engine-1.9.3.jar:1.9.3]
	at org.junit.platform.engine.support.hierarchical.Node.around(Node.java:137) ~[junit-platform-engine-1.9.3.jar:1.9.3]
	at org.junit.platform.engine.support.hierarchical.NodeTestTask.lambda$executeRecursively$9(NodeTestTask.java:139) ~[junit-platform-engine-1.9.3.jar:1.9.3]
	at org.junit.platform.engine.support.hierarchical.ThrowableCollector.execute(ThrowableCollector.java:73) ~[junit-platform-engine-1.9.3.jar:1.9.3]
	at org.junit.platform.engine.support.hierarchical.NodeTestTask.executeRecursively(NodeTestTask.java:138) ~[junit-platform-engine-1.9.3.jar:1.9.3]
	at org.junit.platform.engine.support.hierarchical.NodeTestTask.execute(NodeTestTask.java:95) ~[junit-platform-engine-1.9.3.jar:1.9.3]
	at java.base/java.util.ArrayList.forEach(ArrayList.java:1596) ~[na:na]
	at org.junit.platform.engine.support.hierarchical.SameThreadHierarchicalTestExecutorService.invokeAll(SameThreadHierarchicalTestExecutorService.java:41) ~[junit-platform-engine-1.9.3.jar:1.9.3]
	at org.junit.platform.engine.support.hierarchical.NodeTestTask.lambda$executeRecursively$6(NodeTestTask.java:155) ~[junit-platform-engine-1.9.3.jar:1.9.3]
	at org.junit.platform.engine.support.hierarchical.ThrowableCollector.execute(ThrowableCollector.java:73) ~[junit-platform-engine-1.9.3.jar:1.9.3]
	at org.junit.platform.engine.support.hierarchical.NodeTestTask.lambda$executeRecursively$8(NodeTestTask.java:141) ~[junit-platform-engine-1.9.3.jar:1.9.3]
	at org.junit.platform.engine.support.hierarchical.Node.around(Node.java:137) ~[junit-platform-engine-1.9.3.jar:1.9.3]
	at org.junit.platform.engine.support.hierarchical.NodeTestTask.lambda$executeRecursively$9(NodeTestTask.java:139) ~[junit-platform-engine-1.9.3.jar:1.9.3]
	at org.junit.platform.engine.support.hierarchical.ThrowableCollector.execute(ThrowableCollector.java:73) ~[junit-platform-engine-1.9.3.jar:1.9.3]
	at org.junit.platform.engine.support.hierarchical.NodeTestTask.executeRecursively(NodeTestTask.java:138) ~[junit-platform-engine-1.9.3.jar:1.9.3]
	at org.junit.platform.engine.support.hierarchical.NodeTestTask.execute(NodeTestTask.java:95) ~[junit-platform-engine-1.9.3.jar:1.9.3]
	at java.base/java.util.ArrayList.forEach(ArrayList.java:1596) ~[na:na]
	at org.junit.platform.engine.support.hierarchical.SameThreadHierarchicalTestExecutorService.invokeAll(SameThreadHierarchicalTestExecutorService.java:41) ~[junit-platform-engine-1.9.3.jar:1.9.3]
	at org.junit.platform.engine.support.hierarchical.NodeTestTask.lambda$executeRecursively$6(NodeTestTask.java:155) ~[junit-platform-engine-1.9.3.jar:1.9.3]
	at org.junit.platform.engine.support.hierarchical.ThrowableCollector.execute(ThrowableCollector.java:73) ~[junit-platform-engine-1.9.3.jar:1.9.3]
	at org.junit.platform.engine.support.hierarchical.NodeTestTask.lambda$executeRecursively$8(NodeTestTask.java:141) ~[junit-platform-engine-1.9.3.jar:1.9.3]
	at org.junit.platform.engine.support.hierarchical.Node.around(Node.java:137) ~[junit-platform-engine-1.9.3.jar:1.9.3]
	at org.junit.platform.engine.support.hierarchical.NodeTestTask.lambda$executeRecursively$9(NodeTestTask.java:139) ~[junit-platform-engine-1.9.3.jar:1.9.3]
	at org.junit.platform.engine.support.hierarchical.ThrowableCollector.execute(ThrowableCollector.java:73) ~[junit-platform-engine-1.9.3.jar:1.9.3]
	at org.junit.platform.engine.support.hierarchical.NodeTestTask.executeRecursively(NodeTestTask.java:138) ~[junit-platform-engine-1.9.3.jar:1.9.3]
	at org.junit.platform.engine.support.hierarchical.NodeTestTask.execute(NodeTestTask.java:95) ~[junit-platform-engine-1.9.3.jar:1.9.3]
	at org.junit.platform.engine.support.hierarchical.SameThreadHierarchicalTestExecutorService.submit(SameThreadHierarchicalTestExecutorService.java:35) ~[junit-platform-engine-1.9.3.jar:1.9.3]
	at org.junit.platform.engine.support.hierarchical.HierarchicalTestExecutor.execute(HierarchicalTestExecutor.java:57) ~[junit-platform-engine-1.9.3.jar:1.9.3]
	at org.junit.platform.engine.support.hierarchical.HierarchicalTestEngine.execute(HierarchicalTestEngine.java:54) ~[junit-platform-engine-1.9.3.jar:1.9.3]
	at org.junit.platform.launcher.core.EngineExecutionOrchestrator.execute(EngineExecutionOrchestrator.java:147) ~[junit-platform-launcher-1.9.3.jar:1.9.3]
	at org.junit.platform.launcher.core.EngineExecutionOrchestrator.execute(EngineExecutionOrchestrator.java:127) ~[junit-platform-launcher-1.9.3.jar:1.9.3]
	at org.junit.platform.launcher.core.EngineExecutionOrchestrator.execute(EngineExecutionOrchestrator.java:90) ~[junit-platform-launcher-1.9.3.jar:1.9.3]
	at org.junit.platform.launcher.core.EngineExecutionOrchestrator.lambda$execute$0(EngineExecutionOrchestrator.java:55) ~[junit-platform-launcher-1.9.3.jar:1.9.3]
	at org.junit.platform.launcher.core.EngineExecutionOrchestrator.withInterceptedStreams(EngineExecutionOrchestrator.java:102) ~[junit-platform-launcher-1.9.3.jar:1.9.3]
	at org.junit.platform.launcher.core.EngineExecutionOrchestrator.execute(EngineExecutionOrchestrator.java:54) ~[junit-platform-launcher-1.9.3.jar:1.9.3]
	at org.junit.platform.launcher.core.DefaultLauncher.execute(DefaultLauncher.java:114) ~[junit-platform-launcher-1.9.3.jar:1.9.3]
	at org.junit.platform.launcher.core.DefaultLauncher.execute(DefaultLauncher.java:86) ~[junit-platform-launcher-1.9.3.jar:1.9.3]
	at org.junit.platform.launcher.core.DefaultLauncherSession$DelegatingLauncher.execute(DefaultLauncherSession.java:86) ~[junit-platform-launcher-1.9.3.jar:1.9.3]
	at org.apache.maven.surefire.junitplatform.LazyLauncher.execute(LazyLauncher.java:55) ~[surefire-junit-platform-3.0.0-M9.jar:3.0.0-M9]
	at org.apache.maven.surefire.junitplatform.JUnitPlatformProvider.execute(JUnitPlatformProvider.java:223) ~[surefire-junit-platform-3.0.0-M9.jar:3.0.0-M9]
	at org.apache.maven.surefire.junitplatform.JUnitPlatformProvider.invokeAllTests(JUnitPlatformProvider.java:175) ~[surefire-junit-platform-3.0.0-M9.jar:3.0.0-M9]
	at org.apache.maven.surefire.junitplatform.JUnitPlatformProvider.invoke(JUnitPlatformProvider.java:139) ~[surefire-junit-platform-3.0.0-M9.jar:3.0.0-M9]
	at org.apache.maven.surefire.booter.ForkedBooter.runSuitesInProcess(ForkedBooter.java:456) ~[surefire-booter-3.0.0-M9.jar:3.0.0-M9]
	at org.apache.maven.surefire.booter.ForkedBooter.execute(ForkedBooter.java:169) ~[surefire-booter-3.0.0-M9.jar:3.0.0-M9]
	at org.apache.maven.surefire.booter.ForkedBooter.run(ForkedBooter.java:595) ~[surefire-booter-3.0.0-M9.jar:3.0.0-M9]
	at org.apache.maven.surefire.booter.ForkedBooter.main(ForkedBooter.java:581) ~[surefire-booter-3.0.0-M9.jar:3.0.0-M9]
Caused by: org.springframework.beans.factory.BeanCreationException: Error creating bean with name 'requestMappingHandlerMapping' defined in class path resource [org/springframework/boot/autoconfigure/web/servlet/WebMvcAutoConfiguration$EnableWebMvcConfiguration.class]: Invalid mapping on handler class [grifo.spring.jpa.demo.controladores.ControladorRutina]: public grifo.spring.jpa.demo.dtos.RutinaDTO grifo.spring.jpa.demo.controladores.ControladorRutina.actualizarRutina(java.lang.Long,grifo.spring.jpa.demo.dtos.RutinaDTO)
	at org.springframework.beans.factory.support.AbstractAutowireCapableBeanFactory.initializeBean(AbstractAutowireCapableBeanFactory.java:1770) ~[spring-beans-6.0.13.jar:6.0.13]
	at org.springframework.beans.factory.support.AbstractAutowireCapableBeanFactory.doCreateBean(AbstractAutowireCapableBeanFactory.java:598) ~[spring-beans-6.0.13.jar:6.0.13]
	at org.springframework.beans.factory.support.AbstractAutowireCapableBeanFactory.createBean(AbstractAutowireCapableBeanFactory.java:520) ~[spring-beans-6.0.13.jar:6.0.13]
	at org.springframework.beans.factory.support.AbstractBeanFactory.lambda$doGetBean$0(AbstractBeanFactory.java:325) ~[spring-beans-6.0.13.jar:6.0.13]
	at org.springframework.beans.factory.support.DefaultSingletonBeanRegistry.getSingleton(DefaultSingletonBeanRegistry.java:234) ~[spring-beans-6.0.13.jar:6.0.13]
	at org.springframework.beans.factory.support.AbstractBeanFactory.doGetBean(AbstractBeanFactory.java:323) ~[spring-beans-6.0.13.jar:6.0.13]
	at org.springframework.beans.factory.support.AbstractBeanFactory.getBean(AbstractBeanFactory.java:199) ~[spring-beans-6.0.13.jar:6.0.13]
	at org.springframework.beans.factory.support.DefaultListableBeanFactory.preInstantiateSingletons(DefaultListableBeanFactory.java:973) ~[spring-beans-6.0.13.jar:6.0.13]
	at org.springframework.context.support.AbstractApplicationContext.finishBeanFactoryInitialization(AbstractApplicationContext.java:950) ~[spring-context-6.0.13.jar:6.0.13]
	at org.springframework.context.support.AbstractApplicationContext.refresh(AbstractApplicationContext.java:616) ~[spring-context-6.0.13.jar:6.0.13]
	at org.springframework.boot.web.servlet.context.ServletWebServerApplicationContext.refresh(ServletWebServerApplicationContext.java:146) ~[spring-boot-3.1.5.jar:3.1.5]
	at org.springframework.boot.SpringApplication.refresh(SpringApplication.java:738) ~[spring-boot-3.1.5.jar:3.1.5]
	at org.springframework.boot.SpringApplication.refreshContext(SpringApplication.java:440) ~[spring-boot-3.1.5.jar:3.1.5]
	at org.springframework.boot.SpringApplication.run(SpringApplication.java:316) ~[spring-boot-3.1.5.jar:3.1.5]
	at org.springframework.boot.test.context.SpringBootContextLoader.lambda$loadContext$3(SpringBootContextLoader.java:137) ~[spring-boot-test-3.1.5.jar:3.1.5]
	at org.springframework.util.function.ThrowingSupplier.get(ThrowingSupplier.java:58) ~[spring-core-6.0.13.jar:6.0.13]
	at org.springframework.util.function.ThrowingSupplier.get(ThrowingSupplier.java:46) ~[spring-core-6.0.13.jar:6.0.13]
	at org.springframework.boot.SpringApplication.withHook(SpringApplication.java:1406) ~[spring-boot-3.1.5.jar:3.1.5]
	at org.springframework.boot.test.context.SpringBootContextLoader$ContextLoaderHook.run(SpringBootContextLoader.java:545) ~[spring-boot-test-3.1.5.jar:3.1.5]
	at org.springframework.boot.test.context.SpringBootContextLoader.loadContext(SpringBootContextLoader.java:137) ~[spring-boot-test-3.1.5.jar:3.1.5]
	at org.springframework.boot.test.context.SpringBootContextLoader.loadContext(SpringBootContextLoader.java:108) ~[spring-boot-test-3.1.5.jar:3.1.5]
	at org.springframework.test.context.cache.DefaultCacheAwareContextLoaderDelegate.loadContextInternal(DefaultCacheAwareContextLoaderDelegate.java:187) ~[spring-test-6.0.13.jar:6.0.13]
	at org.springframework.test.context.cache.DefaultCacheAwareContextLoaderDelegate.loadContext(DefaultCacheAwareContextLoaderDelegate.java:119) ~[spring-test-6.0.13.jar:6.0.13]
	... 87 common frames omitted
Caused by: java.lang.IllegalStateException: Invalid mapping on handler class [grifo.spring.jpa.demo.controladores.ControladorRutina]: public grifo.spring.jpa.demo.dtos.RutinaDTO grifo.spring.jpa.demo.controladores.ControladorRutina.actualizarRutina(java.lang.Long,grifo.spring.jpa.demo.dtos.RutinaDTO)
	at org.springframework.web.servlet.handler.AbstractHandlerMethodMapping.lambda$detectHandlerMethods$1(AbstractHandlerMethodMapping.java:287) ~[spring-webmvc-6.0.13.jar:6.0.13]
	at org.springframework.core.MethodIntrospector.lambda$selectMethods$0(MethodIntrospector.java:74) ~[spring-core-6.0.13.jar:6.0.13]
	at org.springframework.util.ReflectionUtils.doWithMethods(ReflectionUtils.java:366) ~[spring-core-6.0.13.jar:6.0.13]
	at org.springframework.core.MethodIntrospector.selectMethods(MethodIntrospector.java:72) ~[spring-core-6.0.13.jar:6.0.13]
	at org.springframework.web.servlet.handler.AbstractHandlerMethodMapping.detectHandlerMethods(AbstractHandlerMethodMapping.java:280) ~[spring-webmvc-6.0.13.jar:6.0.13]
	at org.springframework.web.servlet.handler.AbstractHandlerMethodMapping.processCandidateBean(AbstractHandlerMethodMapping.java:265) ~[spring-webmvc-6.0.13.jar:6.0.13]
	at org.springframework.web.servlet.handler.AbstractHandlerMethodMapping.initHandlerMethods(AbstractHandlerMethodMapping.java:224) ~[spring-webmvc-6.0.13.jar:6.0.13]
	at org.springframework.web.servlet.handler.AbstractHandlerMethodMapping.afterPropertiesSet(AbstractHandlerMethodMapping.java:212) ~[spring-webmvc-6.0.13.jar:6.0.13]
	at org.springframework.web.servlet.mvc.method.annotation.RequestMappingHandlerMapping.afterPropertiesSet(RequestMappingHandlerMapping.java:225) ~[spring-webmvc-6.0.13.jar:6.0.13]
	at org.springframework.beans.factory.support.AbstractAutowireCapableBeanFactory.invokeInitMethods(AbstractAutowireCapableBeanFactory.java:1817) ~[spring-beans-6.0.13.jar:6.0.13]
	at org.springframework.beans.factory.support.AbstractAutowireCapableBeanFactory.initializeBean(AbstractAutowireCapableBeanFactory.java:1766) ~[spring-beans-6.0.13.jar:6.0.13]
	... 109 common frames omitted
Caused by: org.springframework.web.util.pattern.PatternParseException: Expected close capture character after variable name }
	at org.springframework.web.util.pattern.InternalPathPatternParser.createPathElement(InternalPathPatternParser.java:314) ~[spring-web-6.0.13.jar:6.0.13]
	at org.springframework.web.util.pattern.InternalPathPatternParser.parse(InternalPathPatternParser.java:111) ~[spring-web-6.0.13.jar:6.0.13]
	at org.springframework.web.util.pattern.PathPatternParser.parse(PathPatternParser.java:129) ~[spring-web-6.0.13.jar:6.0.13]
	at org.springframework.web.servlet.mvc.condition.PathPatternsRequestCondition.parse(PathPatternsRequestCondition.java:84) ~[spring-webmvc-6.0.13.jar:6.0.13]
	at org.springframework.web.servlet.mvc.condition.PathPatternsRequestCondition.<init>(PathPatternsRequestCondition.java:74) ~[spring-webmvc-6.0.13.jar:6.0.13]
	at org.springframework.web.servlet.mvc.method.RequestMappingInfo$DefaultBuilder.build(RequestMappingInfo.java:714) ~[spring-webmvc-6.0.13.jar:6.0.13]
	at org.springframework.web.servlet.mvc.method.annotation.RequestMappingHandlerMapping.createRequestMappingInfo(RequestMappingHandlerMapping.java:400) ~[spring-webmvc-6.0.13.jar:6.0.13]
	at org.springframework.web.servlet.mvc.method.annotation.RequestMappingHandlerMapping.createRequestMappingInfo(RequestMappingHandlerMapping.java:345) ~[spring-webmvc-6.0.13.jar:6.0.13]
	at org.springframework.web.servlet.mvc.method.annotation.RequestMappingHandlerMapping.getMappingForMethod(RequestMappingHandlerMapping.java:302) ~[spring-webmvc-6.0.13.jar:6.0.13]
	at org.springframework.web.servlet.mvc.method.annotation.RequestMappingHandlerMapping.getMappingForMethod(RequestMappingHandlerMapping.java:76) ~[spring-webmvc-6.0.13.jar:6.0.13]
	at org.springframework.web.servlet.handler.AbstractHandlerMethodMapping.lambda$detectHandlerMethods$1(AbstractHandlerMethodMapping.java:283) ~[spring-webmvc-6.0.13.jar:6.0.13]
	... 119 common frames omitted


  .   ____          _            __ _ _
 /\\ / ___'_ __ _ _(_)_ __  __ _ \ \ \ \
( ( )\___ | '_ | '_| | '_ \/ _` | \ \ \ \
 \\/  ___)| |_)| | | | | || (_| |  ) ) ) )
  '  |____| .__|_| |_|_| |_\__, | / / / /
 =========|_|==============|___/=/_/_/_/
 :: Spring Boot ::                (v3.1.5)

2024-05-25T12:16:13.961+02:00  INFO 12124 --- [           main] sRutinasAplicationTests$EjerciciosVacios : Starting EjerciciosRutinasAplicationTests.EjerciciosVacios using Java 21.0.2 with PID 12124 (started by Juanjo in c:\Users\Juanjo\Documents\GitHub\ciklum-el-grifo\jpa\spring-jpa)
2024-05-25T12:16:13.961+02:00  INFO 12124 --- [           main] sRutinasAplicationTests$EjerciciosVacios : No active profile set, falling back to 1 default profile: "default"
2024-05-25T12:16:14.122+02:00  INFO 12124 --- [           main] .s.d.r.c.RepositoryConfigurationDelegate : Bootstrapping Spring Data JPA repositories in DEFAULT mode.
2024-05-25T12:16:14.135+02:00  INFO 12124 --- [           main] .s.d.r.c.RepositoryConfigurationDelegate : Finished Spring Data repository scanning in 12 ms. Found 2 JPA repository interfaces.
2024-05-25T12:16:14.214+02:00  INFO 12124 --- [           main] o.s.b.w.embedded.tomcat.TomcatWebServer  : Tomcat initialized with port(s): 0 (http)
2024-05-25T12:16:14.215+02:00  INFO 12124 --- [           main] o.apache.catalina.core.StandardService   : Starting service [Tomcat]
2024-05-25T12:16:14.215+02:00  INFO 12124 --- [           main] o.apache.catalina.core.StandardEngine    : Starting Servlet engine: [Apache Tomcat/10.1.15]
2024-05-25T12:16:14.236+02:00  INFO 12124 --- [           main] o.a.c.c.C.[Tomcat-1].[localhost].[/]     : Initializing Spring embedded WebApplicationContext
2024-05-25T12:16:14.236+02:00  INFO 12124 --- [           main] w.s.c.ServletWebServerApplicationContext : Root WebApplicationContext: initialization completed in 272 ms
2024-05-25T12:16:14.278+02:00  INFO 12124 --- [           main] com.zaxxer.hikari.HikariDataSource       : HikariPool-2 - Starting...
2024-05-25T12:16:14.280+02:00  INFO 12124 --- [           main] com.zaxxer.hikari.pool.HikariPool        : HikariPool-2 - Added connection conn10: url=jdbc:h2:mem:db user=USER
2024-05-25T12:16:14.280+02:00  INFO 12124 --- [           main] com.zaxxer.hikari.HikariDataSource       : HikariPool-2 - Start completed.
2024-05-25T12:16:14.282+02:00  INFO 12124 --- [           main] o.hibernate.jpa.internal.util.LogHelper  : HHH000204: Processing PersistenceUnitInfo [name: default]
2024-05-25T12:16:14.288+02:00  INFO 12124 --- [           main] o.s.o.j.p.SpringPersistenceUnitInfo      : No LoadTimeWeaver setup: ignoring JPA class transformer
2024-05-25T12:16:14.331+02:00  INFO 12124 --- [           main] o.h.m.i.EntityInstantiatorPojoStandard   : HHH000182: No default (no-argument) constructor for class: grifo.spring.jpa.demo.entities.Ejercicio (class must be instantiated by Interceptor)
2024-05-25T12:16:14.349+02:00  INFO 12124 --- [           main] o.h.m.i.EntityInstantiatorPojoStandard   : HHH000182: No default (no-argument) constructor for class: grifo.spring.jpa.demo.entities.FragmentoRutina (class must be instantiated by Interceptor)
2024-05-25T12:16:14.379+02:00  INFO 12124 --- [           main] o.h.e.t.j.p.i.JtaPlatformInitiator       : HHH000489: No JTA platform available (set 'hibernate.transaction.jta.platform' to enable JTA platform integration)
2024-05-25T12:16:14.381+02:00  INFO 12124 --- [           main] j.LocalContainerEntityManagerFactoryBean : Initialized JPA EntityManagerFactory for persistence unit 'default'
2024-05-25T12:16:14.470+02:00  WARN 12124 --- [           main] JpaBaseConfiguration$JpaWebConfiguration : spring.jpa.open-in-view is enabled by default. Therefore, database queries may be performed during view rendering. Explicitly configure spring.jpa.open-in-view to disable this warning
2024-05-25T12:16:14.478+02:00  WARN 12124 --- [           main] .s.s.UserDetailsServiceAutoConfiguration : 

Using generated security password: 1b1d6c07-00ff-4de0-83c1-5839b5ccffdf

This generated password is for development use only. Your security configuration must be updated before running your application in production.

2024-05-25T12:16:14.490+02:00  INFO 12124 --- [           main] o.s.s.web.DefaultSecurityFilterChain     : Will secure any request with [org.springframework.security.web.session.DisableEncodeUrlFilter@5bbdb22b, org.springframework.security.web.context.request.async.WebAsyncManagerIntegrationFilter@4f631d7d, org.springframework.security.web.context.SecurityContextHolderFilter@3e1688a4, org.springframework.security.web.header.HeaderWriterFilter@47a0d65b, org.springframework.security.web.csrf.CsrfFilter@70e75ffa, org.springframework.security.web.authentication.logout.LogoutFilter@2da6d5eb, org.springframework.security.web.authentication.UsernamePasswordAuthenticationFilter@3bb7f2e8, org.springframework.security.web.authentication.ui.DefaultLoginPageGeneratingFilter@732f3b2f, org.springframework.security.web.authentication.ui.DefaultLogoutPageGeneratingFilter@4b4786cb, org.springframework.security.web.authentication.www.BasicAuthenticationFilter@20a561f8, org.springframework.security.web.savedrequest.RequestCacheAwareFilter@74c40813, org.springframework.security.web.servletapi.SecurityContextHolderAwareRequestFilter@32fc3125, org.springframework.security.web.authentication.AnonymousAuthenticationFilter@406684fa, org.springframework.security.web.access.ExceptionTranslationFilter@6975f167, org.springframework.security.web.access.intercept.AuthorizationFilter@747c06df]
2024-05-25T12:16:14.554+02:00  WARN 12124 --- [           main] ConfigServletWebServerApplicationContext : Exception encountered during context initialization - cancelling refresh attempt: org.springframework.beans.factory.BeanCreationException: Error creating bean with name 'requestMappingHandlerMapping' defined in class path resource [org/springframework/boot/autoconfigure/web/servlet/WebMvcAutoConfiguration$EnableWebMvcConfiguration.class]: Invalid mapping on handler class [grifo.spring.jpa.demo.controladores.ControladorRutina]: public grifo.spring.jpa.demo.dtos.RutinaDTO grifo.spring.jpa.demo.controladores.ControladorRutina.actualizarRutina(java.lang.Long,grifo.spring.jpa.demo.dtos.RutinaDTO)
2024-05-25T12:16:14.555+02:00  INFO 12124 --- [           main] j.LocalContainerEntityManagerFactoryBean : Closing JPA EntityManagerFactory for persistence unit 'default'
2024-05-25T12:16:14.555+02:00  INFO 12124 --- [           main] com.zaxxer.hikari.HikariDataSource       : HikariPool-2 - Shutdown initiated...
2024-05-25T12:16:14.556+02:00  INFO 12124 --- [           main] com.zaxxer.hikari.HikariDataSource       : HikariPool-2 - Shutdown completed.
2024-05-25T12:16:14.557+02:00  INFO 12124 --- [           main] o.apache.catalina.core.StandardService   : Stopping service [Tomcat]
2024-05-25T12:16:14.561+02:00  INFO 12124 --- [           main] .s.b.a.l.ConditionEvaluationReportLogger : 

Error starting ApplicationContext. To display the condition evaluation report re-run your application with 'debug' enabled.
2024-05-25T12:16:14.563+02:00 ERROR 12124 --- [           main] o.s.b.d.LoggingFailureAnalysisReporter   : 

***************************
APPLICATION FAILED TO START
***************************

Description:

Invalid mapping pattern detected: /{/idRutina}
  ^
Expected close capture character after variable name }

Action:

Fix this pattern in your application or switch to the legacy parser implementation with 'spring.mvc.pathmatch.matching-strategy=ant_path_matcher'.

2024-05-25T12:16:14.563+02:00 ERROR 12124 --- [           main] o.s.test.context.TestContextManager      : Caught exception while allowing TestExecutionListener [org.springframework.test.context.support.DependencyInjectionTestExecutionListener] to prepare test instance [grifo.spring.jpa.demo.EjerciciosRutinasAplicationTests$EjerciciosVacios@2e97d29]

java.lang.IllegalStateException: Failed to load ApplicationContext for [WebMergedContextConfiguration@79b4468e testClass = grifo.spring.jpa.demo.EjerciciosRutinasAplicationTests.EjerciciosVacios, locations = [], classes = [grifo.spring.jpa.demo.EntidadesApplication], contextInitializerClasses = [], activeProfiles = [], propertySourceLocations = [], propertySourceProperties = ["org.springframework.boot.test.context.SpringBootTestContextBootstrapper=true", "server.port=0"], contextCustomizers = [org.springframework.boot.test.context.filter.ExcludeFilterContextCustomizer@3c443976, org.springframework.boot.test.json.DuplicateJsonObjectContextCustomizerFactory$DuplicateJsonObjectContextCustomizer@6b04acb2, org.springframework.boot.test.mock.mockito.MockitoContextCustomizer@0, org.springframework.boot.test.web.client.TestRestTemplateContextCustomizer@4a1e3ac1, org.springframework.boot.test.autoconfigure.actuate.observability.ObservabilityContextCustomizerFactory$DisableObservabilityContextCustomizer@1f, org.springframework.boot.test.autoconfigure.properties.PropertyMappingContextCustomizer@0, org.springframework.boot.test.autoconfigure.web.servlet.WebDriverContextCustomizer@2375b321, org.springframework.boot.test.context.SpringBootTestAnnotation@6014c3f6], resourceBasePath = "src/main/webapp", contextLoader = org.springframework.boot.test.context.SpringBootContextLoader, parent = null]
	at org.springframework.test.context.cache.DefaultCacheAwareContextLoaderDelegate.loadContext(DefaultCacheAwareContextLoaderDelegate.java:143) ~[spring-test-6.0.13.jar:6.0.13]
	at org.springframework.test.context.support.DefaultTestContext.getApplicationContext(DefaultTestContext.java:127) ~[spring-test-6.0.13.jar:6.0.13]
	at org.springframework.test.context.support.DependencyInjectionTestExecutionListener.injectDependencies(DependencyInjectionTestExecutionListener.java:141) ~[spring-test-6.0.13.jar:6.0.13]
	at org.springframework.test.context.support.DependencyInjectionTestExecutionListener.prepareTestInstance(DependencyInjectionTestExecutionListener.java:97) ~[spring-test-6.0.13.jar:6.0.13]
	at org.springframework.test.context.TestContextManager.prepareTestInstance(TestContextManager.java:241) ~[spring-test-6.0.13.jar:6.0.13]
	at org.springframework.test.context.junit.jupiter.SpringExtension.postProcessTestInstance(SpringExtension.java:138) ~[spring-test-6.0.13.jar:6.0.13]
	at org.junit.jupiter.engine.descriptor.ClassBasedTestDescriptor.lambda$invokeTestInstancePostProcessors$10(ClassBasedTestDescriptor.java:377) ~[junit-jupiter-engine-5.9.3.jar:5.9.3]
	at org.junit.jupiter.engine.descriptor.ClassBasedTestDescriptor.executeAndMaskThrowable(ClassBasedTestDescriptor.java:382) ~[junit-jupiter-engine-5.9.3.jar:5.9.3]
	at org.junit.jupiter.engine.descriptor.ClassBasedTestDescriptor.lambda$invokeTestInstancePostProcessors$11(ClassBasedTestDescriptor.java:377) ~[junit-jupiter-engine-5.9.3.jar:5.9.3]
	at java.base/java.util.stream.ReferencePipeline$3$1.accept(ReferencePipeline.java:197) ~[na:na]
	at java.base/java.util.stream.ReferencePipeline$2$1.accept(ReferencePipeline.java:179) ~[na:na]
	at java.base/java.util.ArrayList$ArrayListSpliterator.forEachRemaining(ArrayList.java:1708) ~[na:na]
	at java.base/java.util.stream.AbstractPipeline.copyInto(AbstractPipeline.java:509) ~[na:na]
	at java.base/java.util.stream.AbstractPipeline.wrapAndCopyInto(AbstractPipeline.java:499) ~[na:na]
	at java.base/java.util.stream.StreamSpliterators$WrappingSpliterator.forEachRemaining(StreamSpliterators.java:310) ~[na:na]
	at java.base/java.util.stream.Streams$ConcatSpliterator.forEachRemaining(Streams.java:735) ~[na:na]
	at java.base/java.util.stream.Streams$ConcatSpliterator.forEachRemaining(Streams.java:734) ~[na:na]
	at java.base/java.util.stream.Streams$ConcatSpliterator.forEachRemaining(Streams.java:734) ~[na:na]
	at java.base/java.util.stream.ReferencePipeline$Head.forEach(ReferencePipeline.java:762) ~[na:na]
	at org.junit.jupiter.engine.descriptor.ClassBasedTestDescriptor.invokeTestInstancePostProcessors(ClassBasedTestDescriptor.java:376) ~[junit-jupiter-engine-5.9.3.jar:5.9.3]
	at org.junit.jupiter.engine.descriptor.ClassBasedTestDescriptor.lambda$instantiateAndPostProcessTestInstance$6(ClassBasedTestDescriptor.java:289) ~[junit-jupiter-engine-5.9.3.jar:5.9.3]
	at org.junit.platform.engine.support.hierarchical.ThrowableCollector.execute(ThrowableCollector.java:73) ~[junit-platform-engine-1.9.3.jar:1.9.3]
	at org.junit.jupiter.engine.descriptor.ClassBasedTestDescriptor.instantiateAndPostProcessTestInstance(ClassBasedTestDescriptor.java:288) ~[junit-jupiter-engine-5.9.3.jar:5.9.3]
	at org.junit.jupiter.engine.descriptor.ClassBasedTestDescriptor.lambda$testInstancesProvider$4(ClassBasedTestDescriptor.java:278) ~[junit-jupiter-engine-5.9.3.jar:5.9.3]
	at java.base/java.util.Optional.orElseGet(Optional.java:364) ~[na:na]
	at org.junit.jupiter.engine.descriptor.ClassBasedTestDescriptor.lambda$testInstancesProvider$5(ClassBasedTestDescriptor.java:277) ~[junit-jupiter-engine-5.9.3.jar:5.9.3]
	at org.junit.jupiter.engine.execution.TestInstancesProvider.getTestInstances(TestInstancesProvider.java:31) ~[junit-jupiter-engine-5.9.3.jar:5.9.3]
	at org.junit.jupiter.engine.descriptor.TestMethodTestDescriptor.lambda$prepare$0(TestMethodTestDescriptor.java:105) ~[junit-jupiter-engine-5.9.3.jar:5.9.3]
	at org.junit.platform.engine.support.hierarchical.ThrowableCollector.execute(ThrowableCollector.java:73) ~[junit-platform-engine-1.9.3.jar:1.9.3]
	at org.junit.jupiter.engine.descriptor.TestMethodTestDescriptor.prepare(TestMethodTestDescriptor.java:104) ~[junit-jupiter-engine-5.9.3.jar:5.9.3]
	at org.junit.jupiter.engine.descriptor.TestMethodTestDescriptor.prepare(TestMethodTestDescriptor.java:68) ~[junit-jupiter-engine-5.9.3.jar:5.9.3]
	at org.junit.platform.engine.support.hierarchical.NodeTestTask.lambda$prepare$2(NodeTestTask.java:123) ~[junit-platform-engine-1.9.3.jar:1.9.3]
	at org.junit.platform.engine.support.hierarchical.ThrowableCollector.execute(ThrowableCollector.java:73) ~[junit-platform-engine-1.9.3.jar:1.9.3]
	at org.junit.platform.engine.support.hierarchical.NodeTestTask.prepare(NodeTestTask.java:123) ~[junit-platform-engine-1.9.3.jar:1.9.3]
	at org.junit.platform.engine.support.hierarchical.NodeTestTask.execute(NodeTestTask.java:90) ~[junit-platform-engine-1.9.3.jar:1.9.3]
	at java.base/java.util.ArrayList.forEach(ArrayList.java:1596) ~[na:na]
	at org.junit.platform.engine.support.hierarchical.SameThreadHierarchicalTestExecutorService.invokeAll(SameThreadHierarchicalTestExecutorService.java:41) ~[junit-platform-engine-1.9.3.jar:1.9.3]
	at org.junit.platform.engine.support.hierarchical.NodeTestTask.lambda$executeRecursively$6(NodeTestTask.java:155) ~[junit-platform-engine-1.9.3.jar:1.9.3]
	at org.junit.platform.engine.support.hierarchical.ThrowableCollector.execute(ThrowableCollector.java:73) ~[junit-platform-engine-1.9.3.jar:1.9.3]
	at org.junit.platform.engine.support.hierarchical.NodeTestTask.lambda$executeRecursively$8(NodeTestTask.java:141) ~[junit-platform-engine-1.9.3.jar:1.9.3]
	at org.junit.platform.engine.support.hierarchical.Node.around(Node.java:137) ~[junit-platform-engine-1.9.3.jar:1.9.3]
	at org.junit.platform.engine.support.hierarchical.NodeTestTask.lambda$executeRecursively$9(NodeTestTask.java:139) ~[junit-platform-engine-1.9.3.jar:1.9.3]
	at org.junit.platform.engine.support.hierarchical.ThrowableCollector.execute(ThrowableCollector.java:73) ~[junit-platform-engine-1.9.3.jar:1.9.3]
	at org.junit.platform.engine.support.hierarchical.NodeTestTask.executeRecursively(NodeTestTask.java:138) ~[junit-platform-engine-1.9.3.jar:1.9.3]
	at org.junit.platform.engine.support.hierarchical.NodeTestTask.execute(NodeTestTask.java:95) ~[junit-platform-engine-1.9.3.jar:1.9.3]
	at java.base/java.util.ArrayList.forEach(ArrayList.java:1596) ~[na:na]
	at org.junit.platform.engine.support.hierarchical.SameThreadHierarchicalTestExecutorService.invokeAll(SameThreadHierarchicalTestExecutorService.java:41) ~[junit-platform-engine-1.9.3.jar:1.9.3]
	at org.junit.platform.engine.support.hierarchical.NodeTestTask.lambda$executeRecursively$6(NodeTestTask.java:155) ~[junit-platform-engine-1.9.3.jar:1.9.3]
	at org.junit.platform.engine.support.hierarchical.ThrowableCollector.execute(ThrowableCollector.java:73) ~[junit-platform-engine-1.9.3.jar:1.9.3]
	at org.junit.platform.engine.support.hierarchical.NodeTestTask.lambda$executeRecursively$8(NodeTestTask.java:141) ~[junit-platform-engine-1.9.3.jar:1.9.3]
	at org.junit.platform.engine.support.hierarchical.Node.around(Node.java:137) ~[junit-platform-engine-1.9.3.jar:1.9.3]
	at org.junit.platform.engine.support.hierarchical.NodeTestTask.lambda$executeRecursively$9(NodeTestTask.java:139) ~[junit-platform-engine-1.9.3.jar:1.9.3]
	at org.junit.platform.engine.support.hierarchical.ThrowableCollector.execute(ThrowableCollector.java:73) ~[junit-platform-engine-1.9.3.jar:1.9.3]
	at org.junit.platform.engine.support.hierarchical.NodeTestTask.executeRecursively(NodeTestTask.java:138) ~[junit-platform-engine-1.9.3.jar:1.9.3]
	at org.junit.platform.engine.support.hierarchical.NodeTestTask.execute(NodeTestTask.java:95) ~[junit-platform-engine-1.9.3.jar:1.9.3]
	at java.base/java.util.ArrayList.forEach(ArrayList.java:1596) ~[na:na]
	at org.junit.platform.engine.support.hierarchical.SameThreadHierarchicalTestExecutorService.invokeAll(SameThreadHierarchicalTestExecutorService.java:41) ~[junit-platform-engine-1.9.3.jar:1.9.3]
	at org.junit.platform.engine.support.hierarchical.NodeTestTask.lambda$executeRecursively$6(NodeTestTask.java:155) ~[junit-platform-engine-1.9.3.jar:1.9.3]
	at org.junit.platform.engine.support.hierarchical.ThrowableCollector.execute(ThrowableCollector.java:73) ~[junit-platform-engine-1.9.3.jar:1.9.3]
	at org.junit.platform.engine.support.hierarchical.NodeTestTask.lambda$executeRecursively$8(NodeTestTask.java:141) ~[junit-platform-engine-1.9.3.jar:1.9.3]
	at org.junit.platform.engine.support.hierarchical.Node.around(Node.java:137) ~[junit-platform-engine-1.9.3.jar:1.9.3]
	at org.junit.platform.engine.support.hierarchical.NodeTestTask.lambda$executeRecursively$9(NodeTestTask.java:139) ~[junit-platform-engine-1.9.3.jar:1.9.3]
	at org.junit.platform.engine.support.hierarchical.ThrowableCollector.execute(ThrowableCollector.java:73) ~[junit-platform-engine-1.9.3.jar:1.9.3]
	at org.junit.platform.engine.support.hierarchical.NodeTestTask.executeRecursively(NodeTestTask.java:138) ~[junit-platform-engine-1.9.3.jar:1.9.3]
	at org.junit.platform.engine.support.hierarchical.NodeTestTask.execute(NodeTestTask.java:95) ~[junit-platform-engine-1.9.3.jar:1.9.3]
	at org.junit.platform.engine.support.hierarchical.SameThreadHierarchicalTestExecutorService.submit(SameThreadHierarchicalTestExecutorService.java:35) ~[junit-platform-engine-1.9.3.jar:1.9.3]
	at org.junit.platform.engine.support.hierarchical.HierarchicalTestExecutor.execute(HierarchicalTestExecutor.java:57) ~[junit-platform-engine-1.9.3.jar:1.9.3]
	at org.junit.platform.engine.support.hierarchical.HierarchicalTestEngine.execute(HierarchicalTestEngine.java:54) ~[junit-platform-engine-1.9.3.jar:1.9.3]
	at org.junit.platform.launcher.core.EngineExecutionOrchestrator.execute(EngineExecutionOrchestrator.java:147) ~[junit-platform-launcher-1.9.3.jar:1.9.3]
	at org.junit.platform.launcher.core.EngineExecutionOrchestrator.execute(EngineExecutionOrchestrator.java:127) ~[junit-platform-launcher-1.9.3.jar:1.9.3]
	at org.junit.platform.launcher.core.EngineExecutionOrchestrator.execute(EngineExecutionOrchestrator.java:90) ~[junit-platform-launcher-1.9.3.jar:1.9.3]
	at org.junit.platform.launcher.core.EngineExecutionOrchestrator.lambda$execute$0(EngineExecutionOrchestrator.java:55) ~[junit-platform-launcher-1.9.3.jar:1.9.3]
	at org.junit.platform.launcher.core.EngineExecutionOrchestrator.withInterceptedStreams(EngineExecutionOrchestrator.java:102) ~[junit-platform-launcher-1.9.3.jar:1.9.3]
	at org.junit.platform.launcher.core.EngineExecutionOrchestrator.execute(EngineExecutionOrchestrator.java:54) ~[junit-platform-launcher-1.9.3.jar:1.9.3]
	at org.junit.platform.launcher.core.DefaultLauncher.execute(DefaultLauncher.java:114) ~[junit-platform-launcher-1.9.3.jar:1.9.3]
	at org.junit.platform.launcher.core.DefaultLauncher.execute(DefaultLauncher.java:86) ~[junit-platform-launcher-1.9.3.jar:1.9.3]
	at org.junit.platform.launcher.core.DefaultLauncherSession$DelegatingLauncher.execute(DefaultLauncherSession.java:86) ~[junit-platform-launcher-1.9.3.jar:1.9.3]
	at org.apache.maven.surefire.junitplatform.LazyLauncher.execute(LazyLauncher.java:55) ~[surefire-junit-platform-3.0.0-M9.jar:3.0.0-M9]
	at org.apache.maven.surefire.junitplatform.JUnitPlatformProvider.execute(JUnitPlatformProvider.java:223) ~[surefire-junit-platform-3.0.0-M9.jar:3.0.0-M9]
	at org.apache.maven.surefire.junitplatform.JUnitPlatformProvider.invokeAllTests(JUnitPlatformProvider.java:175) ~[surefire-junit-platform-3.0.0-M9.jar:3.0.0-M9]
	at org.apache.maven.surefire.junitplatform.JUnitPlatformProvider.invoke(JUnitPlatformProvider.java:139) ~[surefire-junit-platform-3.0.0-M9.jar:3.0.0-M9]
	at org.apache.maven.surefire.booter.ForkedBooter.runSuitesInProcess(ForkedBooter.java:456) ~[surefire-booter-3.0.0-M9.jar:3.0.0-M9]
	at org.apache.maven.surefire.booter.ForkedBooter.execute(ForkedBooter.java:169) ~[surefire-booter-3.0.0-M9.jar:3.0.0-M9]
	at org.apache.maven.surefire.booter.ForkedBooter.run(ForkedBooter.java:595) ~[surefire-booter-3.0.0-M9.jar:3.0.0-M9]
	at org.apache.maven.surefire.booter.ForkedBooter.main(ForkedBooter.java:581) ~[surefire-booter-3.0.0-M9.jar:3.0.0-M9]
Caused by: org.springframework.beans.factory.BeanCreationException: Error creating bean with name 'requestMappingHandlerMapping' defined in class path resource [org/springframework/boot/autoconfigure/web/servlet/WebMvcAutoConfiguration$EnableWebMvcConfiguration.class]: Invalid mapping on handler class [grifo.spring.jpa.demo.controladores.ControladorRutina]: public grifo.spring.jpa.demo.dtos.RutinaDTO grifo.spring.jpa.demo.controladores.ControladorRutina.actualizarRutina(java.lang.Long,grifo.spring.jpa.demo.dtos.RutinaDTO)
	at org.springframework.beans.factory.support.AbstractAutowireCapableBeanFactory.initializeBean(AbstractAutowireCapableBeanFactory.java:1770) ~[spring-beans-6.0.13.jar:6.0.13]
	at org.springframework.beans.factory.support.AbstractAutowireCapableBeanFactory.doCreateBean(AbstractAutowireCapableBeanFactory.java:598) ~[spring-beans-6.0.13.jar:6.0.13]
	at org.springframework.beans.factory.support.AbstractAutowireCapableBeanFactory.createBean(AbstractAutowireCapableBeanFactory.java:520) ~[spring-beans-6.0.13.jar:6.0.13]
	at org.springframework.beans.factory.support.AbstractBeanFactory.lambda$doGetBean$0(AbstractBeanFactory.java:325) ~[spring-beans-6.0.13.jar:6.0.13]
	at org.springframework.beans.factory.support.DefaultSingletonBeanRegistry.getSingleton(DefaultSingletonBeanRegistry.java:234) ~[spring-beans-6.0.13.jar:6.0.13]
	at org.springframework.beans.factory.support.AbstractBeanFactory.doGetBean(AbstractBeanFactory.java:323) ~[spring-beans-6.0.13.jar:6.0.13]
	at org.springframework.beans.factory.support.AbstractBeanFactory.getBean(AbstractBeanFactory.java:199) ~[spring-beans-6.0.13.jar:6.0.13]
	at org.springframework.beans.factory.support.DefaultListableBeanFactory.preInstantiateSingletons(DefaultListableBeanFactory.java:973) ~[spring-beans-6.0.13.jar:6.0.13]
	at org.springframework.context.support.AbstractApplicationContext.finishBeanFactoryInitialization(AbstractApplicationContext.java:950) ~[spring-context-6.0.13.jar:6.0.13]
	at org.springframework.context.support.AbstractApplicationContext.refresh(AbstractApplicationContext.java:616) ~[spring-context-6.0.13.jar:6.0.13]
	at org.springframework.boot.web.servlet.context.ServletWebServerApplicationContext.refresh(ServletWebServerApplicationContext.java:146) ~[spring-boot-3.1.5.jar:3.1.5]
	at org.springframework.boot.SpringApplication.refresh(SpringApplication.java:738) ~[spring-boot-3.1.5.jar:3.1.5]
	at org.springframework.boot.SpringApplication.refreshContext(SpringApplication.java:440) ~[spring-boot-3.1.5.jar:3.1.5]
	at org.springframework.boot.SpringApplication.run(SpringApplication.java:316) ~[spring-boot-3.1.5.jar:3.1.5]
	at org.springframework.boot.test.context.SpringBootContextLoader.lambda$loadContext$3(SpringBootContextLoader.java:137) ~[spring-boot-test-3.1.5.jar:3.1.5]
	at org.springframework.util.function.ThrowingSupplier.get(ThrowingSupplier.java:58) ~[spring-core-6.0.13.jar:6.0.13]
	at org.springframework.util.function.ThrowingSupplier.get(ThrowingSupplier.java:46) ~[spring-core-6.0.13.jar:6.0.13]
	at org.springframework.boot.SpringApplication.withHook(SpringApplication.java:1406) ~[spring-boot-3.1.5.jar:3.1.5]
	at org.springframework.boot.test.context.SpringBootContextLoader$ContextLoaderHook.run(SpringBootContextLoader.java:545) ~[spring-boot-test-3.1.5.jar:3.1.5]
	at org.springframework.boot.test.context.SpringBootContextLoader.loadContext(SpringBootContextLoader.java:137) ~[spring-boot-test-3.1.5.jar:3.1.5]
	at org.springframework.boot.test.context.SpringBootContextLoader.loadContext(SpringBootContextLoader.java:108) ~[spring-boot-test-3.1.5.jar:3.1.5]
	at org.springframework.test.context.cache.DefaultCacheAwareContextLoaderDelegate.loadContextInternal(DefaultCacheAwareContextLoaderDelegate.java:187) ~[spring-test-6.0.13.jar:6.0.13]
	at org.springframework.test.context.cache.DefaultCacheAwareContextLoaderDelegate.loadContext(DefaultCacheAwareContextLoaderDelegate.java:119) ~[spring-test-6.0.13.jar:6.0.13]
	... 84 common frames omitted
Caused by: java.lang.IllegalStateException: Invalid mapping on handler class [grifo.spring.jpa.demo.controladores.ControladorRutina]: public grifo.spring.jpa.demo.dtos.RutinaDTO grifo.spring.jpa.demo.controladores.ControladorRutina.actualizarRutina(java.lang.Long,grifo.spring.jpa.demo.dtos.RutinaDTO)
	at org.springframework.web.servlet.handler.AbstractHandlerMethodMapping.lambda$detectHandlerMethods$1(AbstractHandlerMethodMapping.java:287) ~[spring-webmvc-6.0.13.jar:6.0.13]
	at org.springframework.core.MethodIntrospector.lambda$selectMethods$0(MethodIntrospector.java:74) ~[spring-core-6.0.13.jar:6.0.13]
	at org.springframework.util.ReflectionUtils.doWithMethods(ReflectionUtils.java:366) ~[spring-core-6.0.13.jar:6.0.13]
	at org.springframework.core.MethodIntrospector.selectMethods(MethodIntrospector.java:72) ~[spring-core-6.0.13.jar:6.0.13]
	at org.springframework.web.servlet.handler.AbstractHandlerMethodMapping.detectHandlerMethods(AbstractHandlerMethodMapping.java:280) ~[spring-webmvc-6.0.13.jar:6.0.13]
	at org.springframework.web.servlet.handler.AbstractHandlerMethodMapping.processCandidateBean(AbstractHandlerMethodMapping.java:265) ~[spring-webmvc-6.0.13.jar:6.0.13]
	at org.springframework.web.servlet.handler.AbstractHandlerMethodMapping.initHandlerMethods(AbstractHandlerMethodMapping.java:224) ~[spring-webmvc-6.0.13.jar:6.0.13]
	at org.springframework.web.servlet.handler.AbstractHandlerMethodMapping.afterPropertiesSet(AbstractHandlerMethodMapping.java:212) ~[spring-webmvc-6.0.13.jar:6.0.13]
	at org.springframework.web.servlet.mvc.method.annotation.RequestMappingHandlerMapping.afterPropertiesSet(RequestMappingHandlerMapping.java:225) ~[spring-webmvc-6.0.13.jar:6.0.13]
	at org.springframework.beans.factory.support.AbstractAutowireCapableBeanFactory.invokeInitMethods(AbstractAutowireCapableBeanFactory.java:1817) ~[spring-beans-6.0.13.jar:6.0.13]
	at org.springframework.beans.factory.support.AbstractAutowireCapableBeanFactory.initializeBean(AbstractAutowireCapableBeanFactory.java:1766) ~[spring-beans-6.0.13.jar:6.0.13]
	... 106 common frames omitted
Caused by: org.springframework.web.util.pattern.PatternParseException: Expected close capture character after variable name }
	at org.springframework.web.util.pattern.InternalPathPatternParser.createPathElement(InternalPathPatternParser.java:314) ~[spring-web-6.0.13.jar:6.0.13]
	at org.springframework.web.util.pattern.InternalPathPatternParser.parse(InternalPathPatternParser.java:111) ~[spring-web-6.0.13.jar:6.0.13]
	at org.springframework.web.util.pattern.PathPatternParser.parse(PathPatternParser.java:129) ~[spring-web-6.0.13.jar:6.0.13]
	at org.springframework.web.servlet.mvc.condition.PathPatternsRequestCondition.parse(PathPatternsRequestCondition.java:84) ~[spring-webmvc-6.0.13.jar:6.0.13]
	at org.springframework.web.servlet.mvc.condition.PathPatternsRequestCondition.<init>(PathPatternsRequestCondition.java:74) ~[spring-webmvc-6.0.13.jar:6.0.13]
	at org.springframework.web.servlet.mvc.method.RequestMappingInfo$DefaultBuilder.build(RequestMappingInfo.java:714) ~[spring-webmvc-6.0.13.jar:6.0.13]
	at org.springframework.web.servlet.mvc.method.annotation.RequestMappingHandlerMapping.createRequestMappingInfo(RequestMappingHandlerMapping.java:400) ~[spring-webmvc-6.0.13.jar:6.0.13]
	at org.springframework.web.servlet.mvc.method.annotation.RequestMappingHandlerMapping.createRequestMappingInfo(RequestMappingHandlerMapping.java:345) ~[spring-webmvc-6.0.13.jar:6.0.13]
	at org.springframework.web.servlet.mvc.method.annotation.RequestMappingHandlerMapping.getMappingForMethod(RequestMappingHandlerMapping.java:302) ~[spring-webmvc-6.0.13.jar:6.0.13]
	at org.springframework.web.servlet.mvc.method.annotation.RequestMappingHandlerMapping.getMappingForMethod(RequestMappingHandlerMapping.java:76) ~[spring-webmvc-6.0.13.jar:6.0.13]
	at org.springframework.web.servlet.handler.AbstractHandlerMethodMapping.lambda$detectHandlerMethods$1(AbstractHandlerMethodMapping.java:283) ~[spring-webmvc-6.0.13.jar:6.0.13]
	... 116 common frames omitted

]]></system-out>
    <system-err><![CDATA[


============================
CONDITIONS EVALUATION REPORT
============================


Positive matches:
-----------------

    None


Negative matches:
-----------------

    None


Exclusions:
-----------

    None


Unconditional classes:
----------------------

    None






============================
CONDITIONS EVALUATION REPORT
============================


Positive matches:
-----------------

    None


Negative matches:
-----------------

    None


Exclusions:
-----------

    None


Unconditional classes:
----------------------

    None



]]></system-err>
  </testcase>
  <testcase name="eliminarEjercicioNoExiste" classname="grifo.spring.jpa.demo.EjerciciosRutinasAplicationTests$EjerciciosVacios" time="0.001">
    <error message="Failed to load ApplicationContext for [WebMergedContextConfiguration@1699e337 testClass = grifo.spring.jpa.demo.EjerciciosRutinasAplicationTests, locations = [], classes = [grifo.spring.jpa.demo.EntidadesApplication], contextInitializerClasses = [], activeProfiles = [], propertySourceLocations = [], propertySourceProperties = [&quot;org.springframework.boot.test.context.SpringBootTestContextBootstrapper=true&quot;, &quot;server.port=0&quot;], contextCustomizers = [org.springframework.boot.test.context.filter.ExcludeFilterContextCustomizer@3c443976, org.springframework.boot.test.json.DuplicateJsonObjectContextCustomizerFactory$DuplicateJsonObjectContextCustomizer@6b04acb2, org.springframework.boot.test.mock.mockito.MockitoContextCustomizer@0, org.springframework.boot.test.web.client.TestRestTemplateContextCustomizer@4a1e3ac1, org.springframework.boot.test.autoconfigure.actuate.observability.ObservabilityContextCustomizerFactory$DisableObservabilityContextCustomizer@1f, org.springframework.boot.test.autoconfigure.properties.PropertyMappingContextCustomizer@0, org.springframework.boot.test.autoconfigure.web.servlet.WebDriverContextCustomizer@2375b321, org.springframework.boot.test.context.SpringBootTestAnnotation@6014c3f6], resourceBasePath = &quot;src/main/webapp&quot;, contextLoader = org.springframework.boot.test.context.SpringBootContextLoader, parent = null]" type="java.lang.IllegalStateException"><![CDATA[java.lang.IllegalStateException: Failed to load ApplicationContext for [WebMergedContextConfiguration@1699e337 testClass = grifo.spring.jpa.demo.EjerciciosRutinasAplicationTests, locations = [], classes = [grifo.spring.jpa.demo.EntidadesApplication], contextInitializerClasses = [], activeProfiles = [], propertySourceLocations = [], propertySourceProperties = ["org.springframework.boot.test.context.SpringBootTestContextBootstrapper=true", "server.port=0"], contextCustomizers = [org.springframework.boot.test.context.filter.ExcludeFilterContextCustomizer@3c443976, org.springframework.boot.test.json.DuplicateJsonObjectContextCustomizerFactory$DuplicateJsonObjectContextCustomizer@6b04acb2, org.springframework.boot.test.mock.mockito.MockitoContextCustomizer@0, org.springframework.boot.test.web.client.TestRestTemplateContextCustomizer@4a1e3ac1, org.springframework.boot.test.autoconfigure.actuate.observability.ObservabilityContextCustomizerFactory$DisableObservabilityContextCustomizer@1f, org.springframework.boot.test.autoconfigure.properties.PropertyMappingContextCustomizer@0, org.springframework.boot.test.autoconfigure.web.servlet.WebDriverContextCustomizer@2375b321, org.springframework.boot.test.context.SpringBootTestAnnotation@6014c3f6], resourceBasePath = "src/main/webapp", contextLoader = org.springframework.boot.test.context.SpringBootContextLoader, parent = null]
	at org.springframework.test.context.cache.DefaultCacheAwareContextLoaderDelegate.loadContext(DefaultCacheAwareContextLoaderDelegate.java:143)
	at org.springframework.test.context.support.DefaultTestContext.getApplicationContext(DefaultTestContext.java:127)
	at org.springframework.test.context.support.DependencyInjectionTestExecutionListener.injectDependencies(DependencyInjectionTestExecutionListener.java:141)
	at org.springframework.test.context.support.DependencyInjectionTestExecutionListener.prepareTestInstance(DependencyInjectionTestExecutionListener.java:97)
	at org.springframework.test.context.TestContextManager.prepareTestInstance(TestContextManager.java:241)
	at org.springframework.test.context.junit.jupiter.SpringExtension.postProcessTestInstance(SpringExtension.java:138)
	at org.junit.jupiter.engine.descriptor.ClassBasedTestDescriptor.lambda$invokeTestInstancePostProcessors$10(ClassBasedTestDescriptor.java:377)
	at org.junit.jupiter.engine.descriptor.ClassBasedTestDescriptor.executeAndMaskThrowable(ClassBasedTestDescriptor.java:382)
	at org.junit.jupiter.engine.descriptor.ClassBasedTestDescriptor.lambda$invokeTestInstancePostProcessors$11(ClassBasedTestDescriptor.java:377)
	at java.base/java.util.stream.ReferencePipeline$3$1.accept(ReferencePipeline.java:197)
	at java.base/java.util.stream.ReferencePipeline$2$1.accept(ReferencePipeline.java:179)
	at java.base/java.util.ArrayList$ArrayListSpliterator.forEachRemaining(ArrayList.java:1708)
	at java.base/java.util.stream.AbstractPipeline.copyInto(AbstractPipeline.java:509)
	at java.base/java.util.stream.AbstractPipeline.wrapAndCopyInto(AbstractPipeline.java:499)
	at java.base/java.util.stream.StreamSpliterators$WrappingSpliterator.forEachRemaining(StreamSpliterators.java:310)
	at java.base/java.util.stream.Streams$ConcatSpliterator.forEachRemaining(Streams.java:735)
	at java.base/java.util.stream.ReferencePipeline$Head.forEach(ReferencePipeline.java:762)
	at org.junit.jupiter.engine.descriptor.ClassBasedTestDescriptor.invokeTestInstancePostProcessors(ClassBasedTestDescriptor.java:376)
	at org.junit.jupiter.engine.descriptor.ClassBasedTestDescriptor.lambda$instantiateAndPostProcessTestInstance$6(ClassBasedTestDescriptor.java:289)
	at org.junit.platform.engine.support.hierarchical.ThrowableCollector.execute(ThrowableCollector.java:73)
	at org.junit.jupiter.engine.descriptor.ClassBasedTestDescriptor.instantiateAndPostProcessTestInstance(ClassBasedTestDescriptor.java:288)
	at org.junit.jupiter.engine.descriptor.ClassBasedTestDescriptor.lambda$testInstancesProvider$4(ClassBasedTestDescriptor.java:278)
	at java.base/java.util.Optional.orElseGet(Optional.java:364)
	at org.junit.jupiter.engine.descriptor.ClassBasedTestDescriptor.lambda$testInstancesProvider$5(ClassBasedTestDescriptor.java:277)
	at org.junit.jupiter.engine.descriptor.NestedClassTestDescriptor.instantiateTestClass(NestedClassTestDescriptor.java:85)
	at org.junit.jupiter.engine.descriptor.ClassBasedTestDescriptor.instantiateAndPostProcessTestInstance(ClassBasedTestDescriptor.java:286)
	at org.junit.jupiter.engine.descriptor.ClassBasedTestDescriptor.lambda$testInstancesProvider$4(ClassBasedTestDescriptor.java:278)
	at java.base/java.util.Optional.orElseGet(Optional.java:364)
	at org.junit.jupiter.engine.descriptor.ClassBasedTestDescriptor.lambda$testInstancesProvider$5(ClassBasedTestDescriptor.java:277)
	at org.junit.jupiter.engine.execution.TestInstancesProvider.getTestInstances(TestInstancesProvider.java:31)
	at org.junit.jupiter.engine.descriptor.TestMethodTestDescriptor.lambda$prepare$0(TestMethodTestDescriptor.java:105)
	at org.junit.platform.engine.support.hierarchical.ThrowableCollector.execute(ThrowableCollector.java:73)
	at org.junit.jupiter.engine.descriptor.TestMethodTestDescriptor.prepare(TestMethodTestDescriptor.java:104)
	at org.junit.jupiter.engine.descriptor.TestMethodTestDescriptor.prepare(TestMethodTestDescriptor.java:68)
	at org.junit.platform.engine.support.hierarchical.NodeTestTask.lambda$prepare$2(NodeTestTask.java:123)
	at org.junit.platform.engine.support.hierarchical.ThrowableCollector.execute(ThrowableCollector.java:73)
	at org.junit.platform.engine.support.hierarchical.NodeTestTask.prepare(NodeTestTask.java:123)
	at org.junit.platform.engine.support.hierarchical.NodeTestTask.execute(NodeTestTask.java:90)
	at java.base/java.util.ArrayList.forEach(ArrayList.java:1596)
	at org.junit.platform.engine.support.hierarchical.SameThreadHierarchicalTestExecutorService.invokeAll(SameThreadHierarchicalTestExecutorService.java:41)
	at org.junit.platform.engine.support.hierarchical.NodeTestTask.lambda$executeRecursively$6(NodeTestTask.java:155)
	at org.junit.platform.engine.support.hierarchical.ThrowableCollector.execute(ThrowableCollector.java:73)
	at org.junit.platform.engine.support.hierarchical.NodeTestTask.lambda$executeRecursively$8(NodeTestTask.java:141)
	at org.junit.platform.engine.support.hierarchical.Node.around(Node.java:137)
	at org.junit.platform.engine.support.hierarchical.NodeTestTask.lambda$executeRecursively$9(NodeTestTask.java:139)
	at org.junit.platform.engine.support.hierarchical.ThrowableCollector.execute(ThrowableCollector.java:73)
	at org.junit.platform.engine.support.hierarchical.NodeTestTask.executeRecursively(NodeTestTask.java:138)
	at org.junit.platform.engine.support.hierarchical.NodeTestTask.execute(NodeTestTask.java:95)
	at java.base/java.util.ArrayList.forEach(ArrayList.java:1596)
	at org.junit.platform.engine.support.hierarchical.SameThreadHierarchicalTestExecutorService.invokeAll(SameThreadHierarchicalTestExecutorService.java:41)
	at org.junit.platform.engine.support.hierarchical.NodeTestTask.lambda$executeRecursively$6(NodeTestTask.java:155)
	at org.junit.platform.engine.support.hierarchical.ThrowableCollector.execute(ThrowableCollector.java:73)
	at org.junit.platform.engine.support.hierarchical.NodeTestTask.lambda$executeRecursively$8(NodeTestTask.java:141)
	at org.junit.platform.engine.support.hierarchical.Node.around(Node.java:137)
	at org.junit.platform.engine.support.hierarchical.NodeTestTask.lambda$executeRecursively$9(NodeTestTask.java:139)
	at org.junit.platform.engine.support.hierarchical.ThrowableCollector.execute(ThrowableCollector.java:73)
	at org.junit.platform.engine.support.hierarchical.NodeTestTask.executeRecursively(NodeTestTask.java:138)
	at org.junit.platform.engine.support.hierarchical.NodeTestTask.execute(NodeTestTask.java:95)
	at java.base/java.util.ArrayList.forEach(ArrayList.java:1596)
	at org.junit.platform.engine.support.hierarchical.SameThreadHierarchicalTestExecutorService.invokeAll(SameThreadHierarchicalTestExecutorService.java:41)
	at org.junit.platform.engine.support.hierarchical.NodeTestTask.lambda$executeRecursively$6(NodeTestTask.java:155)
	at org.junit.platform.engine.support.hierarchical.ThrowableCollector.execute(ThrowableCollector.java:73)
	at org.junit.platform.engine.support.hierarchical.NodeTestTask.lambda$executeRecursively$8(NodeTestTask.java:141)
	at org.junit.platform.engine.support.hierarchical.Node.around(Node.java:137)
	at org.junit.platform.engine.support.hierarchical.NodeTestTask.lambda$executeRecursively$9(NodeTestTask.java:139)
	at org.junit.platform.engine.support.hierarchical.ThrowableCollector.execute(ThrowableCollector.java:73)
	at org.junit.platform.engine.support.hierarchical.NodeTestTask.executeRecursively(NodeTestTask.java:138)
	at org.junit.platform.engine.support.hierarchical.NodeTestTask.execute(NodeTestTask.java:95)
	at org.junit.platform.engine.support.hierarchical.SameThreadHierarchicalTestExecutorService.submit(SameThreadHierarchicalTestExecutorService.java:35)
	at org.junit.platform.engine.support.hierarchical.HierarchicalTestExecutor.execute(HierarchicalTestExecutor.java:57)
	at org.junit.platform.engine.support.hierarchical.HierarchicalTestEngine.execute(HierarchicalTestEngine.java:54)
	at org.junit.platform.launcher.core.EngineExecutionOrchestrator.execute(EngineExecutionOrchestrator.java:147)
	at org.junit.platform.launcher.core.EngineExecutionOrchestrator.execute(EngineExecutionOrchestrator.java:127)
	at org.junit.platform.launcher.core.EngineExecutionOrchestrator.execute(EngineExecutionOrchestrator.java:90)
	at org.junit.platform.launcher.core.EngineExecutionOrchestrator.lambda$execute$0(EngineExecutionOrchestrator.java:55)
	at org.junit.platform.launcher.core.EngineExecutionOrchestrator.withInterceptedStreams(EngineExecutionOrchestrator.java:102)
	at org.junit.platform.launcher.core.EngineExecutionOrchestrator.execute(EngineExecutionOrchestrator.java:54)
	at org.junit.platform.launcher.core.DefaultLauncher.execute(DefaultLauncher.java:114)
	at org.junit.platform.launcher.core.DefaultLauncher.execute(DefaultLauncher.java:86)
	at org.junit.platform.launcher.core.DefaultLauncherSession$DelegatingLauncher.execute(DefaultLauncherSession.java:86)
	at org.apache.maven.surefire.junitplatform.LazyLauncher.execute(LazyLauncher.java:55)
	at org.apache.maven.surefire.junitplatform.JUnitPlatformProvider.execute(JUnitPlatformProvider.java:223)
	at org.apache.maven.surefire.junitplatform.JUnitPlatformProvider.invokeAllTests(JUnitPlatformProvider.java:175)
	at org.apache.maven.surefire.junitplatform.JUnitPlatformProvider.invoke(JUnitPlatformProvider.java:139)
	at org.apache.maven.surefire.booter.ForkedBooter.runSuitesInProcess(ForkedBooter.java:456)
	at org.apache.maven.surefire.booter.ForkedBooter.execute(ForkedBooter.java:169)
	at org.apache.maven.surefire.booter.ForkedBooter.run(ForkedBooter.java:595)
	at org.apache.maven.surefire.booter.ForkedBooter.main(ForkedBooter.java:581)
	Suppressed: java.lang.IllegalStateException: Failed to load ApplicationContext for [WebMergedContextConfiguration@79b4468e testClass = grifo.spring.jpa.demo.EjerciciosRutinasAplicationTests.EjerciciosVacios, locations = [], classes = [grifo.spring.jpa.demo.EntidadesApplication], contextInitializerClasses = [], activeProfiles = [], propertySourceLocations = [], propertySourceProperties = ["org.springframework.boot.test.context.SpringBootTestContextBootstrapper=true", "server.port=0"], contextCustomizers = [org.springframework.boot.test.context.filter.ExcludeFilterContextCustomizer@3c443976, org.springframework.boot.test.json.DuplicateJsonObjectContextCustomizerFactory$DuplicateJsonObjectContextCustomizer@6b04acb2, org.springframework.boot.test.mock.mockito.MockitoContextCustomizer@0, org.springframework.boot.test.web.client.TestRestTemplateContextCustomizer@4a1e3ac1, org.springframework.boot.test.autoconfigure.actuate.observability.ObservabilityContextCustomizerFactory$DisableObservabilityContextCustomizer@1f, org.springframework.boot.test.autoconfigure.properties.PropertyMappingContextCustomizer@0, org.springframework.boot.test.autoconfigure.web.servlet.WebDriverContextCustomizer@2375b321, org.springframework.boot.test.context.SpringBootTestAnnotation@6014c3f6], resourceBasePath = "src/main/webapp", contextLoader = org.springframework.boot.test.context.SpringBootContextLoader, parent = null]
		at org.springframework.test.context.cache.DefaultCacheAwareContextLoaderDelegate.loadContext(DefaultCacheAwareContextLoaderDelegate.java:143)
		at org.springframework.test.context.support.DefaultTestContext.getApplicationContext(DefaultTestContext.java:127)
		at org.springframework.test.context.support.DependencyInjectionTestExecutionListener.injectDependencies(DependencyInjectionTestExecutionListener.java:141)
		at org.springframework.test.context.support.DependencyInjectionTestExecutionListener.prepareTestInstance(DependencyInjectionTestExecutionListener.java:97)
		at org.springframework.test.context.TestContextManager.prepareTestInstance(TestContextManager.java:241)
		at org.springframework.test.context.junit.jupiter.SpringExtension.postProcessTestInstance(SpringExtension.java:138)
		at org.junit.jupiter.engine.descriptor.ClassBasedTestDescriptor.lambda$invokeTestInstancePostProcessors$10(ClassBasedTestDescriptor.java:377)
		at org.junit.jupiter.engine.descriptor.ClassBasedTestDescriptor.executeAndMaskThrowable(ClassBasedTestDescriptor.java:382)
		at org.junit.jupiter.engine.descriptor.ClassBasedTestDescriptor.lambda$invokeTestInstancePostProcessors$11(ClassBasedTestDescriptor.java:377)
		at java.base/java.util.stream.ReferencePipeline$3$1.accept(ReferencePipeline.java:197)
		at java.base/java.util.stream.ReferencePipeline$2$1.accept(ReferencePipeline.java:179)
		at java.base/java.util.ArrayList$ArrayListSpliterator.forEachRemaining(ArrayList.java:1708)
		at java.base/java.util.stream.AbstractPipeline.copyInto(AbstractPipeline.java:509)
		at java.base/java.util.stream.AbstractPipeline.wrapAndCopyInto(AbstractPipeline.java:499)
		at java.base/java.util.stream.StreamSpliterators$WrappingSpliterator.forEachRemaining(StreamSpliterators.java:310)
		at java.base/java.util.stream.Streams$ConcatSpliterator.forEachRemaining(Streams.java:735)
		at java.base/java.util.stream.Streams$ConcatSpliterator.forEachRemaining(Streams.java:734)
		at java.base/java.util.stream.Streams$ConcatSpliterator.forEachRemaining(Streams.java:734)
		at java.base/java.util.stream.ReferencePipeline$Head.forEach(ReferencePipeline.java:762)
		at org.junit.jupiter.engine.descriptor.ClassBasedTestDescriptor.invokeTestInstancePostProcessors(ClassBasedTestDescriptor.java:376)
		at org.junit.jupiter.engine.descriptor.ClassBasedTestDescriptor.lambda$instantiateAndPostProcessTestInstance$6(ClassBasedTestDescriptor.java:289)
		at org.junit.platform.engine.support.hierarchical.ThrowableCollector.execute(ThrowableCollector.java:73)
		at org.junit.jupiter.engine.descriptor.ClassBasedTestDescriptor.instantiateAndPostProcessTestInstance(ClassBasedTestDescriptor.java:288)
		... 62 more
	Caused by: org.springframework.beans.factory.BeanCreationException: Error creating bean with name 'requestMappingHandlerMapping' defined in class path resource [org/springframework/boot/autoconfigure/web/servlet/WebMvcAutoConfiguration$EnableWebMvcConfiguration.class]: Invalid mapping on handler class [grifo.spring.jpa.demo.controladores.ControladorRutina]: public grifo.spring.jpa.demo.dtos.RutinaDTO grifo.spring.jpa.demo.controladores.ControladorRutina.actualizarRutina(java.lang.Long,grifo.spring.jpa.demo.dtos.RutinaDTO)
		at org.springframework.beans.factory.support.AbstractAutowireCapableBeanFactory.initializeBean(AbstractAutowireCapableBeanFactory.java:1770)
		at org.springframework.beans.factory.support.AbstractAutowireCapableBeanFactory.doCreateBean(AbstractAutowireCapableBeanFactory.java:598)
		at org.springframework.beans.factory.support.AbstractAutowireCapableBeanFactory.createBean(AbstractAutowireCapableBeanFactory.java:520)
		at org.springframework.beans.factory.support.AbstractBeanFactory.lambda$doGetBean$0(AbstractBeanFactory.java:325)
		at org.springframework.beans.factory.support.DefaultSingletonBeanRegistry.getSingleton(DefaultSingletonBeanRegistry.java:234)
		at org.springframework.beans.factory.support.AbstractBeanFactory.doGetBean(AbstractBeanFactory.java:323)
		at org.springframework.beans.factory.support.AbstractBeanFactory.getBean(AbstractBeanFactory.java:199)
		at org.springframework.beans.factory.support.DefaultListableBeanFactory.preInstantiateSingletons(DefaultListableBeanFactory.java:973)
		at org.springframework.context.support.AbstractApplicationContext.finishBeanFactoryInitialization(AbstractApplicationContext.java:950)
		at org.springframework.context.support.AbstractApplicationContext.refresh(AbstractApplicationContext.java:616)
		at org.springframework.boot.web.servlet.context.ServletWebServerApplicationContext.refresh(ServletWebServerApplicationContext.java:146)
		at org.springframework.boot.SpringApplication.refresh(SpringApplication.java:738)
		at org.springframework.boot.SpringApplication.refreshContext(SpringApplication.java:440)
		at org.springframework.boot.SpringApplication.run(SpringApplication.java:316)
		at org.springframework.boot.test.context.SpringBootContextLoader.lambda$loadContext$3(SpringBootContextLoader.java:137)
		at org.springframework.util.function.ThrowingSupplier.get(ThrowingSupplier.java:58)
		at org.springframework.util.function.ThrowingSupplier.get(ThrowingSupplier.java:46)
		at org.springframework.boot.SpringApplication.withHook(SpringApplication.java:1406)
		at org.springframework.boot.test.context.SpringBootContextLoader$ContextLoaderHook.run(SpringBootContextLoader.java:545)
		at org.springframework.boot.test.context.SpringBootContextLoader.loadContext(SpringBootContextLoader.java:137)
		at org.springframework.boot.test.context.SpringBootContextLoader.loadContext(SpringBootContextLoader.java:108)
		at org.springframework.test.context.cache.DefaultCacheAwareContextLoaderDelegate.loadContextInternal(DefaultCacheAwareContextLoaderDelegate.java:187)
		at org.springframework.test.context.cache.DefaultCacheAwareContextLoaderDelegate.loadContext(DefaultCacheAwareContextLoaderDelegate.java:119)
		... 84 more
	Caused by: java.lang.IllegalStateException: Invalid mapping on handler class [grifo.spring.jpa.demo.controladores.ControladorRutina]: public grifo.spring.jpa.demo.dtos.RutinaDTO grifo.spring.jpa.demo.controladores.ControladorRutina.actualizarRutina(java.lang.Long,grifo.spring.jpa.demo.dtos.RutinaDTO)
		at org.springframework.web.servlet.handler.AbstractHandlerMethodMapping.lambda$detectHandlerMethods$1(AbstractHandlerMethodMapping.java:287)
		at org.springframework.core.MethodIntrospector.lambda$selectMethods$0(MethodIntrospector.java:74)
		at org.springframework.util.ReflectionUtils.doWithMethods(ReflectionUtils.java:366)
		at org.springframework.core.MethodIntrospector.selectMethods(MethodIntrospector.java:72)
		at org.springframework.web.servlet.handler.AbstractHandlerMethodMapping.detectHandlerMethods(AbstractHandlerMethodMapping.java:280)
		at org.springframework.web.servlet.handler.AbstractHandlerMethodMapping.processCandidateBean(AbstractHandlerMethodMapping.java:265)
		at org.springframework.web.servlet.handler.AbstractHandlerMethodMapping.initHandlerMethods(AbstractHandlerMethodMapping.java:224)
		at org.springframework.web.servlet.handler.AbstractHandlerMethodMapping.afterPropertiesSet(AbstractHandlerMethodMapping.java:212)
		at org.springframework.web.servlet.mvc.method.annotation.RequestMappingHandlerMapping.afterPropertiesSet(RequestMappingHandlerMapping.java:225)
		at org.springframework.beans.factory.support.AbstractAutowireCapableBeanFactory.invokeInitMethods(AbstractAutowireCapableBeanFactory.java:1817)
		at org.springframework.beans.factory.support.AbstractAutowireCapableBeanFactory.initializeBean(AbstractAutowireCapableBeanFactory.java:1766)
		... 106 more
	Caused by: org.springframework.web.util.pattern.PatternParseException: Expected close capture character after variable name }
		at org.springframework.web.util.pattern.InternalPathPatternParser.createPathElement(InternalPathPatternParser.java:314)
		at org.springframework.web.util.pattern.InternalPathPatternParser.parse(InternalPathPatternParser.java:111)
		at org.springframework.web.util.pattern.PathPatternParser.parse(PathPatternParser.java:129)
		at org.springframework.web.servlet.mvc.condition.PathPatternsRequestCondition.parse(PathPatternsRequestCondition.java:84)
		at org.springframework.web.servlet.mvc.condition.PathPatternsRequestCondition.<init>(PathPatternsRequestCondition.java:74)
		at org.springframework.web.servlet.mvc.method.RequestMappingInfo$DefaultBuilder.build(RequestMappingInfo.java:714)
		at org.springframework.web.servlet.mvc.method.annotation.RequestMappingHandlerMapping.createRequestMappingInfo(RequestMappingHandlerMapping.java:400)
		at org.springframework.web.servlet.mvc.method.annotation.RequestMappingHandlerMapping.createRequestMappingInfo(RequestMappingHandlerMapping.java:345)
		at org.springframework.web.servlet.mvc.method.annotation.RequestMappingHandlerMapping.getMappingForMethod(RequestMappingHandlerMapping.java:302)
		at org.springframework.web.servlet.mvc.method.annotation.RequestMappingHandlerMapping.getMappingForMethod(RequestMappingHandlerMapping.java:76)
		at org.springframework.web.servlet.handler.AbstractHandlerMethodMapping.lambda$detectHandlerMethods$1(AbstractHandlerMethodMapping.java:283)
		... 116 more
Caused by: org.springframework.beans.factory.BeanCreationException: Error creating bean with name 'requestMappingHandlerMapping' defined in class path resource [org/springframework/boot/autoconfigure/web/servlet/WebMvcAutoConfiguration$EnableWebMvcConfiguration.class]: Invalid mapping on handler class [grifo.spring.jpa.demo.controladores.ControladorRutina]: public grifo.spring.jpa.demo.dtos.RutinaDTO grifo.spring.jpa.demo.controladores.ControladorRutina.actualizarRutina(java.lang.Long,grifo.spring.jpa.demo.dtos.RutinaDTO)
	at org.springframework.beans.factory.support.AbstractAutowireCapableBeanFactory.initializeBean(AbstractAutowireCapableBeanFactory.java:1770)
	at org.springframework.beans.factory.support.AbstractAutowireCapableBeanFactory.doCreateBean(AbstractAutowireCapableBeanFactory.java:598)
	at org.springframework.beans.factory.support.AbstractAutowireCapableBeanFactory.createBean(AbstractAutowireCapableBeanFactory.java:520)
	at org.springframework.beans.factory.support.AbstractBeanFactory.lambda$doGetBean$0(AbstractBeanFactory.java:325)
	at org.springframework.beans.factory.support.DefaultSingletonBeanRegistry.getSingleton(DefaultSingletonBeanRegistry.java:234)
	at org.springframework.beans.factory.support.AbstractBeanFactory.doGetBean(AbstractBeanFactory.java:323)
	at org.springframework.beans.factory.support.AbstractBeanFactory.getBean(AbstractBeanFactory.java:199)
	at org.springframework.beans.factory.support.DefaultListableBeanFactory.preInstantiateSingletons(DefaultListableBeanFactory.java:973)
	at org.springframework.context.support.AbstractApplicationContext.finishBeanFactoryInitialization(AbstractApplicationContext.java:950)
	at org.springframework.context.support.AbstractApplicationContext.refresh(AbstractApplicationContext.java:616)
	at org.springframework.boot.web.servlet.context.ServletWebServerApplicationContext.refresh(ServletWebServerApplicationContext.java:146)
	at org.springframework.boot.SpringApplication.refresh(SpringApplication.java:738)
	at org.springframework.boot.SpringApplication.refreshContext(SpringApplication.java:440)
	at org.springframework.boot.SpringApplication.run(SpringApplication.java:316)
	at org.springframework.boot.test.context.SpringBootContextLoader.lambda$loadContext$3(SpringBootContextLoader.java:137)
	at org.springframework.util.function.ThrowingSupplier.get(ThrowingSupplier.java:58)
	at org.springframework.util.function.ThrowingSupplier.get(ThrowingSupplier.java:46)
	at org.springframework.boot.SpringApplication.withHook(SpringApplication.java:1406)
	at org.springframework.boot.test.context.SpringBootContextLoader$ContextLoaderHook.run(SpringBootContextLoader.java:545)
	at org.springframework.boot.test.context.SpringBootContextLoader.loadContext(SpringBootContextLoader.java:137)
	at org.springframework.boot.test.context.SpringBootContextLoader.loadContext(SpringBootContextLoader.java:108)
	at org.springframework.test.context.cache.DefaultCacheAwareContextLoaderDelegate.loadContextInternal(DefaultCacheAwareContextLoaderDelegate.java:187)
	at org.springframework.test.context.cache.DefaultCacheAwareContextLoaderDelegate.loadContext(DefaultCacheAwareContextLoaderDelegate.java:119)
	... 87 more
Caused by: java.lang.IllegalStateException: Invalid mapping on handler class [grifo.spring.jpa.demo.controladores.ControladorRutina]: public grifo.spring.jpa.demo.dtos.RutinaDTO grifo.spring.jpa.demo.controladores.ControladorRutina.actualizarRutina(java.lang.Long,grifo.spring.jpa.demo.dtos.RutinaDTO)
	at org.springframework.web.servlet.handler.AbstractHandlerMethodMapping.lambda$detectHandlerMethods$1(AbstractHandlerMethodMapping.java:287)
	at org.springframework.core.MethodIntrospector.lambda$selectMethods$0(MethodIntrospector.java:74)
	at org.springframework.util.ReflectionUtils.doWithMethods(ReflectionUtils.java:366)
	at org.springframework.core.MethodIntrospector.selectMethods(MethodIntrospector.java:72)
	at org.springframework.web.servlet.handler.AbstractHandlerMethodMapping.detectHandlerMethods(AbstractHandlerMethodMapping.java:280)
	at org.springframework.web.servlet.handler.AbstractHandlerMethodMapping.processCandidateBean(AbstractHandlerMethodMapping.java:265)
	at org.springframework.web.servlet.handler.AbstractHandlerMethodMapping.initHandlerMethods(AbstractHandlerMethodMapping.java:224)
	at org.springframework.web.servlet.handler.AbstractHandlerMethodMapping.afterPropertiesSet(AbstractHandlerMethodMapping.java:212)
	at org.springframework.web.servlet.mvc.method.annotation.RequestMappingHandlerMapping.afterPropertiesSet(RequestMappingHandlerMapping.java:225)
	at org.springframework.beans.factory.support.AbstractAutowireCapableBeanFactory.invokeInitMethods(AbstractAutowireCapableBeanFactory.java:1817)
	at org.springframework.beans.factory.support.AbstractAutowireCapableBeanFactory.initializeBean(AbstractAutowireCapableBeanFactory.java:1766)
	... 109 more
Caused by: org.springframework.web.util.pattern.PatternParseException: Expected close capture character after variable name }
	at org.springframework.web.util.pattern.InternalPathPatternParser.createPathElement(InternalPathPatternParser.java:314)
	at org.springframework.web.util.pattern.InternalPathPatternParser.parse(InternalPathPatternParser.java:111)
	at org.springframework.web.util.pattern.PathPatternParser.parse(PathPatternParser.java:129)
	at org.springframework.web.servlet.mvc.condition.PathPatternsRequestCondition.parse(PathPatternsRequestCondition.java:84)
	at org.springframework.web.servlet.mvc.condition.PathPatternsRequestCondition.<init>(PathPatternsRequestCondition.java:74)
	at org.springframework.web.servlet.mvc.method.RequestMappingInfo$DefaultBuilder.build(RequestMappingInfo.java:714)
	at org.springframework.web.servlet.mvc.method.annotation.RequestMappingHandlerMapping.createRequestMappingInfo(RequestMappingHandlerMapping.java:400)
	at org.springframework.web.servlet.mvc.method.annotation.RequestMappingHandlerMapping.createRequestMappingInfo(RequestMappingHandlerMapping.java:345)
	at org.springframework.web.servlet.mvc.method.annotation.RequestMappingHandlerMapping.getMappingForMethod(RequestMappingHandlerMapping.java:302)
	at org.springframework.web.servlet.mvc.method.annotation.RequestMappingHandlerMapping.getMappingForMethod(RequestMappingHandlerMapping.java:76)
	at org.springframework.web.servlet.handler.AbstractHandlerMethodMapping.lambda$detectHandlerMethods$1(AbstractHandlerMethodMapping.java:283)
	... 119 more
]]></error>
    <system-out><![CDATA[
  .   ____          _            __ _ _
 /\\ / ___'_ __ _ _(_)_ __  __ _ \ \ \ \
( ( )\___ | '_ | '_| | '_ \/ _` | \ \ \ \
 \\/  ___)| |_)| | | | | || (_| |  ) ) ) )
  '  |____| .__|_| |_|_| |_\__, | / / / /
 =========|_|==============|___/=/_/_/_/
 :: Spring Boot ::                (v3.1.5)

2024-05-25T12:16:14.628+02:00  INFO 12124 --- [           main] g.s.j.d.EjerciciosRutinasAplicationTests : Starting EjerciciosRutinasAplicationTests using Java 21.0.2 with PID 12124 (started by Juanjo in c:\Users\Juanjo\Documents\GitHub\ciklum-el-grifo\jpa\spring-jpa)
2024-05-25T12:16:14.628+02:00  INFO 12124 --- [           main] g.s.j.d.EjerciciosRutinasAplicationTests : No active profile set, falling back to 1 default profile: "default"
2024-05-25T12:16:14.762+02:00  INFO 12124 --- [           main] .s.d.r.c.RepositoryConfigurationDelegate : Bootstrapping Spring Data JPA repositories in DEFAULT mode.
2024-05-25T12:16:14.773+02:00  INFO 12124 --- [           main] .s.d.r.c.RepositoryConfigurationDelegate : Finished Spring Data repository scanning in 11 ms. Found 2 JPA repository interfaces.
2024-05-25T12:16:14.844+02:00  INFO 12124 --- [           main] o.s.b.w.embedded.tomcat.TomcatWebServer  : Tomcat initialized with port(s): 0 (http)
2024-05-25T12:16:14.845+02:00  INFO 12124 --- [           main] o.apache.catalina.core.StandardService   : Starting service [Tomcat]
2024-05-25T12:16:14.845+02:00  INFO 12124 --- [           main] o.apache.catalina.core.StandardEngine    : Starting Servlet engine: [Apache Tomcat/10.1.15]
2024-05-25T12:16:14.866+02:00  INFO 12124 --- [           main] o.a.c.c.C.[Tomcat-2].[localhost].[/]     : Initializing Spring embedded WebApplicationContext
2024-05-25T12:16:14.866+02:00  INFO 12124 --- [           main] w.s.c.ServletWebServerApplicationContext : Root WebApplicationContext: initialization completed in 236 ms
2024-05-25T12:16:14.899+02:00  INFO 12124 --- [           main] com.zaxxer.hikari.HikariDataSource       : HikariPool-3 - Starting...
2024-05-25T12:16:14.901+02:00  INFO 12124 --- [           main] com.zaxxer.hikari.pool.HikariPool        : HikariPool-3 - Added connection conn20: url=jdbc:h2:mem:db user=USER
2024-05-25T12:16:14.902+02:00  INFO 12124 --- [           main] com.zaxxer.hikari.HikariDataSource       : HikariPool-3 - Start completed.
2024-05-25T12:16:14.903+02:00  INFO 12124 --- [           main] o.hibernate.jpa.internal.util.LogHelper  : HHH000204: Processing PersistenceUnitInfo [name: default]
2024-05-25T12:16:14.909+02:00  INFO 12124 --- [           main] o.s.o.j.p.SpringPersistenceUnitInfo      : No LoadTimeWeaver setup: ignoring JPA class transformer
2024-05-25T12:16:14.946+02:00  INFO 12124 --- [           main] o.h.m.i.EntityInstantiatorPojoStandard   : HHH000182: No default (no-argument) constructor for class: grifo.spring.jpa.demo.entities.Ejercicio (class must be instantiated by Interceptor)
2024-05-25T12:16:14.956+02:00  INFO 12124 --- [           main] o.h.m.i.EntityInstantiatorPojoStandard   : HHH000182: No default (no-argument) constructor for class: grifo.spring.jpa.demo.entities.FragmentoRutina (class must be instantiated by Interceptor)
2024-05-25T12:16:14.976+02:00  INFO 12124 --- [           main] o.h.e.t.j.p.i.JtaPlatformInitiator       : HHH000489: No JTA platform available (set 'hibernate.transaction.jta.platform' to enable JTA platform integration)
2024-05-25T12:16:14.978+02:00  INFO 12124 --- [           main] j.LocalContainerEntityManagerFactoryBean : Initialized JPA EntityManagerFactory for persistence unit 'default'
2024-05-25T12:16:15.044+02:00  WARN 12124 --- [           main] JpaBaseConfiguration$JpaWebConfiguration : spring.jpa.open-in-view is enabled by default. Therefore, database queries may be performed during view rendering. Explicitly configure spring.jpa.open-in-view to disable this warning
2024-05-25T12:16:15.048+02:00  WARN 12124 --- [           main] .s.s.UserDetailsServiceAutoConfiguration : 

Using generated security password: 41aa9e56-8b60-47d5-aefd-2b493fd2a0f6

This generated password is for development use only. Your security configuration must be updated before running your application in production.

2024-05-25T12:16:15.057+02:00  INFO 12124 --- [           main] o.s.s.web.DefaultSecurityFilterChain     : Will secure any request with [org.springframework.security.web.session.DisableEncodeUrlFilter@d90b9cb, org.springframework.security.web.context.request.async.WebAsyncManagerIntegrationFilter@1ed812b2, org.springframework.security.web.context.SecurityContextHolderFilter@27caa7da, org.springframework.security.web.header.HeaderWriterFilter@6664f50, org.springframework.security.web.csrf.CsrfFilter@1d61c498, org.springframework.security.web.authentication.logout.LogoutFilter@70f15e94, org.springframework.security.web.authentication.UsernamePasswordAuthenticationFilter@7b4aa9dd, org.springframework.security.web.authentication.ui.DefaultLoginPageGeneratingFilter@51adc0cc, org.springframework.security.web.authentication.ui.DefaultLogoutPageGeneratingFilter@307254f5, org.springframework.security.web.authentication.www.BasicAuthenticationFilter@1b54dde, org.springframework.security.web.savedrequest.RequestCacheAwareFilter@349cf2bf, org.springframework.security.web.servletapi.SecurityContextHolderAwareRequestFilter@65051ff3, org.springframework.security.web.authentication.AnonymousAuthenticationFilter@1b022498, org.springframework.security.web.access.ExceptionTranslationFilter@4fd3d36c, org.springframework.security.web.access.intercept.AuthorizationFilter@252213a]
2024-05-25T12:16:15.100+02:00  WARN 12124 --- [           main] ConfigServletWebServerApplicationContext : Exception encountered during context initialization - cancelling refresh attempt: org.springframework.beans.factory.BeanCreationException: Error creating bean with name 'requestMappingHandlerMapping' defined in class path resource [org/springframework/boot/autoconfigure/web/servlet/WebMvcAutoConfiguration$EnableWebMvcConfiguration.class]: Invalid mapping on handler class [grifo.spring.jpa.demo.controladores.ControladorRutina]: public grifo.spring.jpa.demo.dtos.RutinaDTO grifo.spring.jpa.demo.controladores.ControladorRutina.actualizarRutina(java.lang.Long,grifo.spring.jpa.demo.dtos.RutinaDTO)
2024-05-25T12:16:15.101+02:00  INFO 12124 --- [           main] j.LocalContainerEntityManagerFactoryBean : Closing JPA EntityManagerFactory for persistence unit 'default'
2024-05-25T12:16:15.102+02:00  INFO 12124 --- [           main] com.zaxxer.hikari.HikariDataSource       : HikariPool-3 - Shutdown initiated...
2024-05-25T12:16:15.115+02:00  INFO 12124 --- [           main] com.zaxxer.hikari.HikariDataSource       : HikariPool-3 - Shutdown completed.
2024-05-25T12:16:15.116+02:00  INFO 12124 --- [           main] o.apache.catalina.core.StandardService   : Stopping service [Tomcat]
2024-05-25T12:16:15.119+02:00  INFO 12124 --- [           main] .s.b.a.l.ConditionEvaluationReportLogger : 

Error starting ApplicationContext. To display the condition evaluation report re-run your application with 'debug' enabled.
2024-05-25T12:16:15.121+02:00 ERROR 12124 --- [           main] o.s.b.d.LoggingFailureAnalysisReporter   : 

***************************
APPLICATION FAILED TO START
***************************

Description:

Invalid mapping pattern detected: /{/idRutina}
  ^
Expected close capture character after variable name }

Action:

Fix this pattern in your application or switch to the legacy parser implementation with 'spring.mvc.pathmatch.matching-strategy=ant_path_matcher'.

2024-05-25T12:16:15.121+02:00 ERROR 12124 --- [           main] o.s.test.context.TestContextManager      : Caught exception while allowing TestExecutionListener [org.springframework.test.context.support.DependencyInjectionTestExecutionListener] to prepare test instance [grifo.spring.jpa.demo.EjerciciosRutinasAplicationTests@704155da]

java.lang.IllegalStateException: Failed to load ApplicationContext for [WebMergedContextConfiguration@1699e337 testClass = grifo.spring.jpa.demo.EjerciciosRutinasAplicationTests, locations = [], classes = [grifo.spring.jpa.demo.EntidadesApplication], contextInitializerClasses = [], activeProfiles = [], propertySourceLocations = [], propertySourceProperties = ["org.springframework.boot.test.context.SpringBootTestContextBootstrapper=true", "server.port=0"], contextCustomizers = [org.springframework.boot.test.context.filter.ExcludeFilterContextCustomizer@3c443976, org.springframework.boot.test.json.DuplicateJsonObjectContextCustomizerFactory$DuplicateJsonObjectContextCustomizer@6b04acb2, org.springframework.boot.test.mock.mockito.MockitoContextCustomizer@0, org.springframework.boot.test.web.client.TestRestTemplateContextCustomizer@4a1e3ac1, org.springframework.boot.test.autoconfigure.actuate.observability.ObservabilityContextCustomizerFactory$DisableObservabilityContextCustomizer@1f, org.springframework.boot.test.autoconfigure.properties.PropertyMappingContextCustomizer@0, org.springframework.boot.test.autoconfigure.web.servlet.WebDriverContextCustomizer@2375b321, org.springframework.boot.test.context.SpringBootTestAnnotation@6014c3f6], resourceBasePath = "src/main/webapp", contextLoader = org.springframework.boot.test.context.SpringBootContextLoader, parent = null]
	at org.springframework.test.context.cache.DefaultCacheAwareContextLoaderDelegate.loadContext(DefaultCacheAwareContextLoaderDelegate.java:143) ~[spring-test-6.0.13.jar:6.0.13]
	at org.springframework.test.context.support.DefaultTestContext.getApplicationContext(DefaultTestContext.java:127) ~[spring-test-6.0.13.jar:6.0.13]
	at org.springframework.test.context.support.DependencyInjectionTestExecutionListener.injectDependencies(DependencyInjectionTestExecutionListener.java:141) ~[spring-test-6.0.13.jar:6.0.13]
	at org.springframework.test.context.support.DependencyInjectionTestExecutionListener.prepareTestInstance(DependencyInjectionTestExecutionListener.java:97) ~[spring-test-6.0.13.jar:6.0.13]
	at org.springframework.test.context.TestContextManager.prepareTestInstance(TestContextManager.java:241) ~[spring-test-6.0.13.jar:6.0.13]
	at org.springframework.test.context.junit.jupiter.SpringExtension.postProcessTestInstance(SpringExtension.java:138) ~[spring-test-6.0.13.jar:6.0.13]
	at org.junit.jupiter.engine.descriptor.ClassBasedTestDescriptor.lambda$invokeTestInstancePostProcessors$10(ClassBasedTestDescriptor.java:377) ~[junit-jupiter-engine-5.9.3.jar:5.9.3]
	at org.junit.jupiter.engine.descriptor.ClassBasedTestDescriptor.executeAndMaskThrowable(ClassBasedTestDescriptor.java:382) ~[junit-jupiter-engine-5.9.3.jar:5.9.3]
	at org.junit.jupiter.engine.descriptor.ClassBasedTestDescriptor.lambda$invokeTestInstancePostProcessors$11(ClassBasedTestDescriptor.java:377) ~[junit-jupiter-engine-5.9.3.jar:5.9.3]
	at java.base/java.util.stream.ReferencePipeline$3$1.accept(ReferencePipeline.java:197) ~[na:na]
	at java.base/java.util.stream.ReferencePipeline$2$1.accept(ReferencePipeline.java:179) ~[na:na]
	at java.base/java.util.ArrayList$ArrayListSpliterator.forEachRemaining(ArrayList.java:1708) ~[na:na]
	at java.base/java.util.stream.AbstractPipeline.copyInto(AbstractPipeline.java:509) ~[na:na]
	at java.base/java.util.stream.AbstractPipeline.wrapAndCopyInto(AbstractPipeline.java:499) ~[na:na]
	at java.base/java.util.stream.StreamSpliterators$WrappingSpliterator.forEachRemaining(StreamSpliterators.java:310) ~[na:na]
	at java.base/java.util.stream.Streams$ConcatSpliterator.forEachRemaining(Streams.java:735) ~[na:na]
	at java.base/java.util.stream.ReferencePipeline$Head.forEach(ReferencePipeline.java:762) ~[na:na]
	at org.junit.jupiter.engine.descriptor.ClassBasedTestDescriptor.invokeTestInstancePostProcessors(ClassBasedTestDescriptor.java:376) ~[junit-jupiter-engine-5.9.3.jar:5.9.3]
	at org.junit.jupiter.engine.descriptor.ClassBasedTestDescriptor.lambda$instantiateAndPostProcessTestInstance$6(ClassBasedTestDescriptor.java:289) ~[junit-jupiter-engine-5.9.3.jar:5.9.3]
	at org.junit.platform.engine.support.hierarchical.ThrowableCollector.execute(ThrowableCollector.java:73) ~[junit-platform-engine-1.9.3.jar:1.9.3]
	at org.junit.jupiter.engine.descriptor.ClassBasedTestDescriptor.instantiateAndPostProcessTestInstance(ClassBasedTestDescriptor.java:288) ~[junit-jupiter-engine-5.9.3.jar:5.9.3]
	at org.junit.jupiter.engine.descriptor.ClassBasedTestDescriptor.lambda$testInstancesProvider$4(ClassBasedTestDescriptor.java:278) ~[junit-jupiter-engine-5.9.3.jar:5.9.3]
	at java.base/java.util.Optional.orElseGet(Optional.java:364) ~[na:na]
	at org.junit.jupiter.engine.descriptor.ClassBasedTestDescriptor.lambda$testInstancesProvider$5(ClassBasedTestDescriptor.java:277) ~[junit-jupiter-engine-5.9.3.jar:5.9.3]
	at org.junit.jupiter.engine.descriptor.NestedClassTestDescriptor.instantiateTestClass(NestedClassTestDescriptor.java:85) ~[junit-jupiter-engine-5.9.3.jar:5.9.3]
	at org.junit.jupiter.engine.descriptor.ClassBasedTestDescriptor.instantiateAndPostProcessTestInstance(ClassBasedTestDescriptor.java:286) ~[junit-jupiter-engine-5.9.3.jar:5.9.3]
	at org.junit.jupiter.engine.descriptor.ClassBasedTestDescriptor.lambda$testInstancesProvider$4(ClassBasedTestDescriptor.java:278) ~[junit-jupiter-engine-5.9.3.jar:5.9.3]
	at java.base/java.util.Optional.orElseGet(Optional.java:364) ~[na:na]
	at org.junit.jupiter.engine.descriptor.ClassBasedTestDescriptor.lambda$testInstancesProvider$5(ClassBasedTestDescriptor.java:277) ~[junit-jupiter-engine-5.9.3.jar:5.9.3]
	at org.junit.jupiter.engine.execution.TestInstancesProvider.getTestInstances(TestInstancesProvider.java:31) ~[junit-jupiter-engine-5.9.3.jar:5.9.3]
	at org.junit.jupiter.engine.descriptor.TestMethodTestDescriptor.lambda$prepare$0(TestMethodTestDescriptor.java:105) ~[junit-jupiter-engine-5.9.3.jar:5.9.3]
	at org.junit.platform.engine.support.hierarchical.ThrowableCollector.execute(ThrowableCollector.java:73) ~[junit-platform-engine-1.9.3.jar:1.9.3]
	at org.junit.jupiter.engine.descriptor.TestMethodTestDescriptor.prepare(TestMethodTestDescriptor.java:104) ~[junit-jupiter-engine-5.9.3.jar:5.9.3]
	at org.junit.jupiter.engine.descriptor.TestMethodTestDescriptor.prepare(TestMethodTestDescriptor.java:68) ~[junit-jupiter-engine-5.9.3.jar:5.9.3]
	at org.junit.platform.engine.support.hierarchical.NodeTestTask.lambda$prepare$2(NodeTestTask.java:123) ~[junit-platform-engine-1.9.3.jar:1.9.3]
	at org.junit.platform.engine.support.hierarchical.ThrowableCollector.execute(ThrowableCollector.java:73) ~[junit-platform-engine-1.9.3.jar:1.9.3]
	at org.junit.platform.engine.support.hierarchical.NodeTestTask.prepare(NodeTestTask.java:123) ~[junit-platform-engine-1.9.3.jar:1.9.3]
	at org.junit.platform.engine.support.hierarchical.NodeTestTask.execute(NodeTestTask.java:90) ~[junit-platform-engine-1.9.3.jar:1.9.3]
	at java.base/java.util.ArrayList.forEach(ArrayList.java:1596) ~[na:na]
	at org.junit.platform.engine.support.hierarchical.SameThreadHierarchicalTestExecutorService.invokeAll(SameThreadHierarchicalTestExecutorService.java:41) ~[junit-platform-engine-1.9.3.jar:1.9.3]
	at org.junit.platform.engine.support.hierarchical.NodeTestTask.lambda$executeRecursively$6(NodeTestTask.java:155) ~[junit-platform-engine-1.9.3.jar:1.9.3]
	at org.junit.platform.engine.support.hierarchical.ThrowableCollector.execute(ThrowableCollector.java:73) ~[junit-platform-engine-1.9.3.jar:1.9.3]
	at org.junit.platform.engine.support.hierarchical.NodeTestTask.lambda$executeRecursively$8(NodeTestTask.java:141) ~[junit-platform-engine-1.9.3.jar:1.9.3]
	at org.junit.platform.engine.support.hierarchical.Node.around(Node.java:137) ~[junit-platform-engine-1.9.3.jar:1.9.3]
	at org.junit.platform.engine.support.hierarchical.NodeTestTask.lambda$executeRecursively$9(NodeTestTask.java:139) ~[junit-platform-engine-1.9.3.jar:1.9.3]
	at org.junit.platform.engine.support.hierarchical.ThrowableCollector.execute(ThrowableCollector.java:73) ~[junit-platform-engine-1.9.3.jar:1.9.3]
	at org.junit.platform.engine.support.hierarchical.NodeTestTask.executeRecursively(NodeTestTask.java:138) ~[junit-platform-engine-1.9.3.jar:1.9.3]
	at org.junit.platform.engine.support.hierarchical.NodeTestTask.execute(NodeTestTask.java:95) ~[junit-platform-engine-1.9.3.jar:1.9.3]
	at java.base/java.util.ArrayList.forEach(ArrayList.java:1596) ~[na:na]
	at org.junit.platform.engine.support.hierarchical.SameThreadHierarchicalTestExecutorService.invokeAll(SameThreadHierarchicalTestExecutorService.java:41) ~[junit-platform-engine-1.9.3.jar:1.9.3]
	at org.junit.platform.engine.support.hierarchical.NodeTestTask.lambda$executeRecursively$6(NodeTestTask.java:155) ~[junit-platform-engine-1.9.3.jar:1.9.3]
	at org.junit.platform.engine.support.hierarchical.ThrowableCollector.execute(ThrowableCollector.java:73) ~[junit-platform-engine-1.9.3.jar:1.9.3]
	at org.junit.platform.engine.support.hierarchical.NodeTestTask.lambda$executeRecursively$8(NodeTestTask.java:141) ~[junit-platform-engine-1.9.3.jar:1.9.3]
	at org.junit.platform.engine.support.hierarchical.Node.around(Node.java:137) ~[junit-platform-engine-1.9.3.jar:1.9.3]
	at org.junit.platform.engine.support.hierarchical.NodeTestTask.lambda$executeRecursively$9(NodeTestTask.java:139) ~[junit-platform-engine-1.9.3.jar:1.9.3]
	at org.junit.platform.engine.support.hierarchical.ThrowableCollector.execute(ThrowableCollector.java:73) ~[junit-platform-engine-1.9.3.jar:1.9.3]
	at org.junit.platform.engine.support.hierarchical.NodeTestTask.executeRecursively(NodeTestTask.java:138) ~[junit-platform-engine-1.9.3.jar:1.9.3]
	at org.junit.platform.engine.support.hierarchical.NodeTestTask.execute(NodeTestTask.java:95) ~[junit-platform-engine-1.9.3.jar:1.9.3]
	at java.base/java.util.ArrayList.forEach(ArrayList.java:1596) ~[na:na]
	at org.junit.platform.engine.support.hierarchical.SameThreadHierarchicalTestExecutorService.invokeAll(SameThreadHierarchicalTestExecutorService.java:41) ~[junit-platform-engine-1.9.3.jar:1.9.3]
	at org.junit.platform.engine.support.hierarchical.NodeTestTask.lambda$executeRecursively$6(NodeTestTask.java:155) ~[junit-platform-engine-1.9.3.jar:1.9.3]
	at org.junit.platform.engine.support.hierarchical.ThrowableCollector.execute(ThrowableCollector.java:73) ~[junit-platform-engine-1.9.3.jar:1.9.3]
	at org.junit.platform.engine.support.hierarchical.NodeTestTask.lambda$executeRecursively$8(NodeTestTask.java:141) ~[junit-platform-engine-1.9.3.jar:1.9.3]
	at org.junit.platform.engine.support.hierarchical.Node.around(Node.java:137) ~[junit-platform-engine-1.9.3.jar:1.9.3]
	at org.junit.platform.engine.support.hierarchical.NodeTestTask.lambda$executeRecursively$9(NodeTestTask.java:139) ~[junit-platform-engine-1.9.3.jar:1.9.3]
	at org.junit.platform.engine.support.hierarchical.ThrowableCollector.execute(ThrowableCollector.java:73) ~[junit-platform-engine-1.9.3.jar:1.9.3]
	at org.junit.platform.engine.support.hierarchical.NodeTestTask.executeRecursively(NodeTestTask.java:138) ~[junit-platform-engine-1.9.3.jar:1.9.3]
	at org.junit.platform.engine.support.hierarchical.NodeTestTask.execute(NodeTestTask.java:95) ~[junit-platform-engine-1.9.3.jar:1.9.3]
	at org.junit.platform.engine.support.hierarchical.SameThreadHierarchicalTestExecutorService.submit(SameThreadHierarchicalTestExecutorService.java:35) ~[junit-platform-engine-1.9.3.jar:1.9.3]
	at org.junit.platform.engine.support.hierarchical.HierarchicalTestExecutor.execute(HierarchicalTestExecutor.java:57) ~[junit-platform-engine-1.9.3.jar:1.9.3]
	at org.junit.platform.engine.support.hierarchical.HierarchicalTestEngine.execute(HierarchicalTestEngine.java:54) ~[junit-platform-engine-1.9.3.jar:1.9.3]
	at org.junit.platform.launcher.core.EngineExecutionOrchestrator.execute(EngineExecutionOrchestrator.java:147) ~[junit-platform-launcher-1.9.3.jar:1.9.3]
	at org.junit.platform.launcher.core.EngineExecutionOrchestrator.execute(EngineExecutionOrchestrator.java:127) ~[junit-platform-launcher-1.9.3.jar:1.9.3]
	at org.junit.platform.launcher.core.EngineExecutionOrchestrator.execute(EngineExecutionOrchestrator.java:90) ~[junit-platform-launcher-1.9.3.jar:1.9.3]
	at org.junit.platform.launcher.core.EngineExecutionOrchestrator.lambda$execute$0(EngineExecutionOrchestrator.java:55) ~[junit-platform-launcher-1.9.3.jar:1.9.3]
	at org.junit.platform.launcher.core.EngineExecutionOrchestrator.withInterceptedStreams(EngineExecutionOrchestrator.java:102) ~[junit-platform-launcher-1.9.3.jar:1.9.3]
	at org.junit.platform.launcher.core.EngineExecutionOrchestrator.execute(EngineExecutionOrchestrator.java:54) ~[junit-platform-launcher-1.9.3.jar:1.9.3]
	at org.junit.platform.launcher.core.DefaultLauncher.execute(DefaultLauncher.java:114) ~[junit-platform-launcher-1.9.3.jar:1.9.3]
	at org.junit.platform.launcher.core.DefaultLauncher.execute(DefaultLauncher.java:86) ~[junit-platform-launcher-1.9.3.jar:1.9.3]
	at org.junit.platform.launcher.core.DefaultLauncherSession$DelegatingLauncher.execute(DefaultLauncherSession.java:86) ~[junit-platform-launcher-1.9.3.jar:1.9.3]
	at org.apache.maven.surefire.junitplatform.LazyLauncher.execute(LazyLauncher.java:55) ~[surefire-junit-platform-3.0.0-M9.jar:3.0.0-M9]
	at org.apache.maven.surefire.junitplatform.JUnitPlatformProvider.execute(JUnitPlatformProvider.java:223) ~[surefire-junit-platform-3.0.0-M9.jar:3.0.0-M9]
	at org.apache.maven.surefire.junitplatform.JUnitPlatformProvider.invokeAllTests(JUnitPlatformProvider.java:175) ~[surefire-junit-platform-3.0.0-M9.jar:3.0.0-M9]
	at org.apache.maven.surefire.junitplatform.JUnitPlatformProvider.invoke(JUnitPlatformProvider.java:139) ~[surefire-junit-platform-3.0.0-M9.jar:3.0.0-M9]
	at org.apache.maven.surefire.booter.ForkedBooter.runSuitesInProcess(ForkedBooter.java:456) ~[surefire-booter-3.0.0-M9.jar:3.0.0-M9]
	at org.apache.maven.surefire.booter.ForkedBooter.execute(ForkedBooter.java:169) ~[surefire-booter-3.0.0-M9.jar:3.0.0-M9]
	at org.apache.maven.surefire.booter.ForkedBooter.run(ForkedBooter.java:595) ~[surefire-booter-3.0.0-M9.jar:3.0.0-M9]
	at org.apache.maven.surefire.booter.ForkedBooter.main(ForkedBooter.java:581) ~[surefire-booter-3.0.0-M9.jar:3.0.0-M9]
Caused by: org.springframework.beans.factory.BeanCreationException: Error creating bean with name 'requestMappingHandlerMapping' defined in class path resource [org/springframework/boot/autoconfigure/web/servlet/WebMvcAutoConfiguration$EnableWebMvcConfiguration.class]: Invalid mapping on handler class [grifo.spring.jpa.demo.controladores.ControladorRutina]: public grifo.spring.jpa.demo.dtos.RutinaDTO grifo.spring.jpa.demo.controladores.ControladorRutina.actualizarRutina(java.lang.Long,grifo.spring.jpa.demo.dtos.RutinaDTO)
	at org.springframework.beans.factory.support.AbstractAutowireCapableBeanFactory.initializeBean(AbstractAutowireCapableBeanFactory.java:1770) ~[spring-beans-6.0.13.jar:6.0.13]
	at org.springframework.beans.factory.support.AbstractAutowireCapableBeanFactory.doCreateBean(AbstractAutowireCapableBeanFactory.java:598) ~[spring-beans-6.0.13.jar:6.0.13]
	at org.springframework.beans.factory.support.AbstractAutowireCapableBeanFactory.createBean(AbstractAutowireCapableBeanFactory.java:520) ~[spring-beans-6.0.13.jar:6.0.13]
	at org.springframework.beans.factory.support.AbstractBeanFactory.lambda$doGetBean$0(AbstractBeanFactory.java:325) ~[spring-beans-6.0.13.jar:6.0.13]
	at org.springframework.beans.factory.support.DefaultSingletonBeanRegistry.getSingleton(DefaultSingletonBeanRegistry.java:234) ~[spring-beans-6.0.13.jar:6.0.13]
	at org.springframework.beans.factory.support.AbstractBeanFactory.doGetBean(AbstractBeanFactory.java:323) ~[spring-beans-6.0.13.jar:6.0.13]
	at org.springframework.beans.factory.support.AbstractBeanFactory.getBean(AbstractBeanFactory.java:199) ~[spring-beans-6.0.13.jar:6.0.13]
	at org.springframework.beans.factory.support.DefaultListableBeanFactory.preInstantiateSingletons(DefaultListableBeanFactory.java:973) ~[spring-beans-6.0.13.jar:6.0.13]
	at org.springframework.context.support.AbstractApplicationContext.finishBeanFactoryInitialization(AbstractApplicationContext.java:950) ~[spring-context-6.0.13.jar:6.0.13]
	at org.springframework.context.support.AbstractApplicationContext.refresh(AbstractApplicationContext.java:616) ~[spring-context-6.0.13.jar:6.0.13]
	at org.springframework.boot.web.servlet.context.ServletWebServerApplicationContext.refresh(ServletWebServerApplicationContext.java:146) ~[spring-boot-3.1.5.jar:3.1.5]
	at org.springframework.boot.SpringApplication.refresh(SpringApplication.java:738) ~[spring-boot-3.1.5.jar:3.1.5]
	at org.springframework.boot.SpringApplication.refreshContext(SpringApplication.java:440) ~[spring-boot-3.1.5.jar:3.1.5]
	at org.springframework.boot.SpringApplication.run(SpringApplication.java:316) ~[spring-boot-3.1.5.jar:3.1.5]
	at org.springframework.boot.test.context.SpringBootContextLoader.lambda$loadContext$3(SpringBootContextLoader.java:137) ~[spring-boot-test-3.1.5.jar:3.1.5]
	at org.springframework.util.function.ThrowingSupplier.get(ThrowingSupplier.java:58) ~[spring-core-6.0.13.jar:6.0.13]
	at org.springframework.util.function.ThrowingSupplier.get(ThrowingSupplier.java:46) ~[spring-core-6.0.13.jar:6.0.13]
	at org.springframework.boot.SpringApplication.withHook(SpringApplication.java:1406) ~[spring-boot-3.1.5.jar:3.1.5]
	at org.springframework.boot.test.context.SpringBootContextLoader$ContextLoaderHook.run(SpringBootContextLoader.java:545) ~[spring-boot-test-3.1.5.jar:3.1.5]
	at org.springframework.boot.test.context.SpringBootContextLoader.loadContext(SpringBootContextLoader.java:137) ~[spring-boot-test-3.1.5.jar:3.1.5]
	at org.springframework.boot.test.context.SpringBootContextLoader.loadContext(SpringBootContextLoader.java:108) ~[spring-boot-test-3.1.5.jar:3.1.5]
	at org.springframework.test.context.cache.DefaultCacheAwareContextLoaderDelegate.loadContextInternal(DefaultCacheAwareContextLoaderDelegate.java:187) ~[spring-test-6.0.13.jar:6.0.13]
	at org.springframework.test.context.cache.DefaultCacheAwareContextLoaderDelegate.loadContext(DefaultCacheAwareContextLoaderDelegate.java:119) ~[spring-test-6.0.13.jar:6.0.13]
	... 87 common frames omitted
Caused by: java.lang.IllegalStateException: Invalid mapping on handler class [grifo.spring.jpa.demo.controladores.ControladorRutina]: public grifo.spring.jpa.demo.dtos.RutinaDTO grifo.spring.jpa.demo.controladores.ControladorRutina.actualizarRutina(java.lang.Long,grifo.spring.jpa.demo.dtos.RutinaDTO)
	at org.springframework.web.servlet.handler.AbstractHandlerMethodMapping.lambda$detectHandlerMethods$1(AbstractHandlerMethodMapping.java:287) ~[spring-webmvc-6.0.13.jar:6.0.13]
	at org.springframework.core.MethodIntrospector.lambda$selectMethods$0(MethodIntrospector.java:74) ~[spring-core-6.0.13.jar:6.0.13]
	at org.springframework.util.ReflectionUtils.doWithMethods(ReflectionUtils.java:366) ~[spring-core-6.0.13.jar:6.0.13]
	at org.springframework.core.MethodIntrospector.selectMethods(MethodIntrospector.java:72) ~[spring-core-6.0.13.jar:6.0.13]
	at org.springframework.web.servlet.handler.AbstractHandlerMethodMapping.detectHandlerMethods(AbstractHandlerMethodMapping.java:280) ~[spring-webmvc-6.0.13.jar:6.0.13]
	at org.springframework.web.servlet.handler.AbstractHandlerMethodMapping.processCandidateBean(AbstractHandlerMethodMapping.java:265) ~[spring-webmvc-6.0.13.jar:6.0.13]
	at org.springframework.web.servlet.handler.AbstractHandlerMethodMapping.initHandlerMethods(AbstractHandlerMethodMapping.java:224) ~[spring-webmvc-6.0.13.jar:6.0.13]
	at org.springframework.web.servlet.handler.AbstractHandlerMethodMapping.afterPropertiesSet(AbstractHandlerMethodMapping.java:212) ~[spring-webmvc-6.0.13.jar:6.0.13]
	at org.springframework.web.servlet.mvc.method.annotation.RequestMappingHandlerMapping.afterPropertiesSet(RequestMappingHandlerMapping.java:225) ~[spring-webmvc-6.0.13.jar:6.0.13]
	at org.springframework.beans.factory.support.AbstractAutowireCapableBeanFactory.invokeInitMethods(AbstractAutowireCapableBeanFactory.java:1817) ~[spring-beans-6.0.13.jar:6.0.13]
	at org.springframework.beans.factory.support.AbstractAutowireCapableBeanFactory.initializeBean(AbstractAutowireCapableBeanFactory.java:1766) ~[spring-beans-6.0.13.jar:6.0.13]
	... 109 common frames omitted
Caused by: org.springframework.web.util.pattern.PatternParseException: Expected close capture character after variable name }
	at org.springframework.web.util.pattern.InternalPathPatternParser.createPathElement(InternalPathPatternParser.java:314) ~[spring-web-6.0.13.jar:6.0.13]
	at org.springframework.web.util.pattern.InternalPathPatternParser.parse(InternalPathPatternParser.java:111) ~[spring-web-6.0.13.jar:6.0.13]
	at org.springframework.web.util.pattern.PathPatternParser.parse(PathPatternParser.java:129) ~[spring-web-6.0.13.jar:6.0.13]
	at org.springframework.web.servlet.mvc.condition.PathPatternsRequestCondition.parse(PathPatternsRequestCondition.java:84) ~[spring-webmvc-6.0.13.jar:6.0.13]
	at org.springframework.web.servlet.mvc.condition.PathPatternsRequestCondition.<init>(PathPatternsRequestCondition.java:74) ~[spring-webmvc-6.0.13.jar:6.0.13]
	at org.springframework.web.servlet.mvc.method.RequestMappingInfo$DefaultBuilder.build(RequestMappingInfo.java:714) ~[spring-webmvc-6.0.13.jar:6.0.13]
	at org.springframework.web.servlet.mvc.method.annotation.RequestMappingHandlerMapping.createRequestMappingInfo(RequestMappingHandlerMapping.java:400) ~[spring-webmvc-6.0.13.jar:6.0.13]
	at org.springframework.web.servlet.mvc.method.annotation.RequestMappingHandlerMapping.createRequestMappingInfo(RequestMappingHandlerMapping.java:345) ~[spring-webmvc-6.0.13.jar:6.0.13]
	at org.springframework.web.servlet.mvc.method.annotation.RequestMappingHandlerMapping.getMappingForMethod(RequestMappingHandlerMapping.java:302) ~[spring-webmvc-6.0.13.jar:6.0.13]
	at org.springframework.web.servlet.mvc.method.annotation.RequestMappingHandlerMapping.getMappingForMethod(RequestMappingHandlerMapping.java:76) ~[spring-webmvc-6.0.13.jar:6.0.13]
	at org.springframework.web.servlet.handler.AbstractHandlerMethodMapping.lambda$detectHandlerMethods$1(AbstractHandlerMethodMapping.java:283) ~[spring-webmvc-6.0.13.jar:6.0.13]
	... 119 common frames omitted


  .   ____          _            __ _ _
 /\\ / ___'_ __ _ _(_)_ __  __ _ \ \ \ \
( ( )\___ | '_ | '_| | '_ \/ _` | \ \ \ \
 \\/  ___)| |_)| | | | | || (_| |  ) ) ) )
  '  |____| .__|_| |_|_| |_\__, | / / / /
 =========|_|==============|___/=/_/_/_/
 :: Spring Boot ::                (v3.1.5)

2024-05-25T12:16:15.145+02:00  INFO 12124 --- [           main] sRutinasAplicationTests$EjerciciosVacios : Starting EjerciciosRutinasAplicationTests.EjerciciosVacios using Java 21.0.2 with PID 12124 (started by Juanjo in c:\Users\Juanjo\Documents\GitHub\ciklum-el-grifo\jpa\spring-jpa)
2024-05-25T12:16:15.145+02:00  INFO 12124 --- [           main] sRutinasAplicationTests$EjerciciosVacios : No active profile set, falling back to 1 default profile: "default"
2024-05-25T12:16:15.271+02:00  INFO 12124 --- [           main] .s.d.r.c.RepositoryConfigurationDelegate : Bootstrapping Spring Data JPA repositories in DEFAULT mode.
2024-05-25T12:16:15.282+02:00  INFO 12124 --- [           main] .s.d.r.c.RepositoryConfigurationDelegate : Finished Spring Data repository scanning in 10 ms. Found 2 JPA repository interfaces.
2024-05-25T12:16:15.352+02:00  INFO 12124 --- [           main] o.s.b.w.embedded.tomcat.TomcatWebServer  : Tomcat initialized with port(s): 0 (http)
2024-05-25T12:16:15.353+02:00  INFO 12124 --- [           main] o.apache.catalina.core.StandardService   : Starting service [Tomcat]
2024-05-25T12:16:15.353+02:00  INFO 12124 --- [           main] o.apache.catalina.core.StandardEngine    : Starting Servlet engine: [Apache Tomcat/10.1.15]
2024-05-25T12:16:15.371+02:00  INFO 12124 --- [           main] o.a.c.c.C.[Tomcat-3].[localhost].[/]     : Initializing Spring embedded WebApplicationContext
2024-05-25T12:16:15.372+02:00  INFO 12124 --- [           main] w.s.c.ServletWebServerApplicationContext : Root WebApplicationContext: initialization completed in 225 ms
2024-05-25T12:16:15.401+02:00  INFO 12124 --- [           main] com.zaxxer.hikari.HikariDataSource       : HikariPool-4 - Starting...
2024-05-25T12:16:15.403+02:00  INFO 12124 --- [           main] com.zaxxer.hikari.pool.HikariPool        : HikariPool-4 - Added connection conn28: url=jdbc:h2:mem:db user=USER
2024-05-25T12:16:15.404+02:00  INFO 12124 --- [           main] com.zaxxer.hikari.HikariDataSource       : HikariPool-4 - Start completed.
2024-05-25T12:16:15.405+02:00  INFO 12124 --- [           main] o.hibernate.jpa.internal.util.LogHelper  : HHH000204: Processing PersistenceUnitInfo [name: default]
2024-05-25T12:16:15.411+02:00  INFO 12124 --- [           main] o.s.o.j.p.SpringPersistenceUnitInfo      : No LoadTimeWeaver setup: ignoring JPA class transformer
2024-05-25T12:16:15.445+02:00  INFO 12124 --- [           main] o.h.m.i.EntityInstantiatorPojoStandard   : HHH000182: No default (no-argument) constructor for class: grifo.spring.jpa.demo.entities.Ejercicio (class must be instantiated by Interceptor)
2024-05-25T12:16:15.455+02:00  INFO 12124 --- [           main] o.h.m.i.EntityInstantiatorPojoStandard   : HHH000182: No default (no-argument) constructor for class: grifo.spring.jpa.demo.entities.FragmentoRutina (class must be instantiated by Interceptor)
2024-05-25T12:16:15.474+02:00  INFO 12124 --- [           main] o.h.e.t.j.p.i.JtaPlatformInitiator       : HHH000489: No JTA platform available (set 'hibernate.transaction.jta.platform' to enable JTA platform integration)
2024-05-25T12:16:15.477+02:00  INFO 12124 --- [           main] j.LocalContainerEntityManagerFactoryBean : Initialized JPA EntityManagerFactory for persistence unit 'default'
2024-05-25T12:16:15.530+02:00  WARN 12124 --- [           main] JpaBaseConfiguration$JpaWebConfiguration : spring.jpa.open-in-view is enabled by default. Therefore, database queries may be performed during view rendering. Explicitly configure spring.jpa.open-in-view to disable this warning
2024-05-25T12:16:15.534+02:00  WARN 12124 --- [           main] .s.s.UserDetailsServiceAutoConfiguration : 

Using generated security password: 585bf523-63db-43dc-8e4e-1774e1a00088

This generated password is for development use only. Your security configuration must be updated before running your application in production.

2024-05-25T12:16:15.541+02:00  INFO 12124 --- [           main] o.s.s.web.DefaultSecurityFilterChain     : Will secure any request with [org.springframework.security.web.session.DisableEncodeUrlFilter@6e212f5f, org.springframework.security.web.context.request.async.WebAsyncManagerIntegrationFilter@6256303b, org.springframework.security.web.context.SecurityContextHolderFilter@40b0e2ec, org.springframework.security.web.header.HeaderWriterFilter@262528eb, org.springframework.security.web.csrf.CsrfFilter@17aab35b, org.springframework.security.web.authentication.logout.LogoutFilter@62d23b32, org.springframework.security.web.authentication.UsernamePasswordAuthenticationFilter@3c842517, org.springframework.security.web.authentication.ui.DefaultLoginPageGeneratingFilter@3269ab9b, org.springframework.security.web.authentication.ui.DefaultLogoutPageGeneratingFilter@7f670dfb, org.springframework.security.web.authentication.www.BasicAuthenticationFilter@4ffc921e, org.springframework.security.web.savedrequest.RequestCacheAwareFilter@242a1ca, org.springframework.security.web.servletapi.SecurityContextHolderAwareRequestFilter@3d84beb0, org.springframework.security.web.authentication.AnonymousAuthenticationFilter@54201c6b, org.springframework.security.web.access.ExceptionTranslationFilter@45cf46d4, org.springframework.security.web.access.intercept.AuthorizationFilter@5713159]
2024-05-25T12:16:15.582+02:00  WARN 12124 --- [           main] ConfigServletWebServerApplicationContext : Exception encountered during context initialization - cancelling refresh attempt: org.springframework.beans.factory.BeanCreationException: Error creating bean with name 'requestMappingHandlerMapping' defined in class path resource [org/springframework/boot/autoconfigure/web/servlet/WebMvcAutoConfiguration$EnableWebMvcConfiguration.class]: Invalid mapping on handler class [grifo.spring.jpa.demo.controladores.ControladorRutina]: public grifo.spring.jpa.demo.dtos.RutinaDTO grifo.spring.jpa.demo.controladores.ControladorRutina.actualizarRutina(java.lang.Long,grifo.spring.jpa.demo.dtos.RutinaDTO)
2024-05-25T12:16:15.582+02:00  INFO 12124 --- [           main] j.LocalContainerEntityManagerFactoryBean : Closing JPA EntityManagerFactory for persistence unit 'default'
2024-05-25T12:16:15.582+02:00  INFO 12124 --- [           main] com.zaxxer.hikari.HikariDataSource       : HikariPool-4 - Shutdown initiated...
2024-05-25T12:16:15.592+02:00  INFO 12124 --- [           main] com.zaxxer.hikari.HikariDataSource       : HikariPool-4 - Shutdown completed.
2024-05-25T12:16:15.594+02:00  INFO 12124 --- [           main] o.apache.catalina.core.StandardService   : Stopping service [Tomcat]
2024-05-25T12:16:15.596+02:00  INFO 12124 --- [           main] .s.b.a.l.ConditionEvaluationReportLogger : 

Error starting ApplicationContext. To display the condition evaluation report re-run your application with 'debug' enabled.
2024-05-25T12:16:15.597+02:00 ERROR 12124 --- [           main] o.s.b.d.LoggingFailureAnalysisReporter   : 

***************************
APPLICATION FAILED TO START
***************************

Description:

Invalid mapping pattern detected: /{/idRutina}
  ^
Expected close capture character after variable name }

Action:

Fix this pattern in your application or switch to the legacy parser implementation with 'spring.mvc.pathmatch.matching-strategy=ant_path_matcher'.

2024-05-25T12:16:15.598+02:00 ERROR 12124 --- [           main] o.s.test.context.TestContextManager      : Caught exception while allowing TestExecutionListener [org.springframework.test.context.support.DependencyInjectionTestExecutionListener] to prepare test instance [grifo.spring.jpa.demo.EjerciciosRutinasAplicationTests$EjerciciosVacios@4888499d]

java.lang.IllegalStateException: Failed to load ApplicationContext for [WebMergedContextConfiguration@79b4468e testClass = grifo.spring.jpa.demo.EjerciciosRutinasAplicationTests.EjerciciosVacios, locations = [], classes = [grifo.spring.jpa.demo.EntidadesApplication], contextInitializerClasses = [], activeProfiles = [], propertySourceLocations = [], propertySourceProperties = ["org.springframework.boot.test.context.SpringBootTestContextBootstrapper=true", "server.port=0"], contextCustomizers = [org.springframework.boot.test.context.filter.ExcludeFilterContextCustomizer@3c443976, org.springframework.boot.test.json.DuplicateJsonObjectContextCustomizerFactory$DuplicateJsonObjectContextCustomizer@6b04acb2, org.springframework.boot.test.mock.mockito.MockitoContextCustomizer@0, org.springframework.boot.test.web.client.TestRestTemplateContextCustomizer@4a1e3ac1, org.springframework.boot.test.autoconfigure.actuate.observability.ObservabilityContextCustomizerFactory$DisableObservabilityContextCustomizer@1f, org.springframework.boot.test.autoconfigure.properties.PropertyMappingContextCustomizer@0, org.springframework.boot.test.autoconfigure.web.servlet.WebDriverContextCustomizer@2375b321, org.springframework.boot.test.context.SpringBootTestAnnotation@6014c3f6], resourceBasePath = "src/main/webapp", contextLoader = org.springframework.boot.test.context.SpringBootContextLoader, parent = null]
	at org.springframework.test.context.cache.DefaultCacheAwareContextLoaderDelegate.loadContext(DefaultCacheAwareContextLoaderDelegate.java:143) ~[spring-test-6.0.13.jar:6.0.13]
	at org.springframework.test.context.support.DefaultTestContext.getApplicationContext(DefaultTestContext.java:127) ~[spring-test-6.0.13.jar:6.0.13]
	at org.springframework.test.context.support.DependencyInjectionTestExecutionListener.injectDependencies(DependencyInjectionTestExecutionListener.java:141) ~[spring-test-6.0.13.jar:6.0.13]
	at org.springframework.test.context.support.DependencyInjectionTestExecutionListener.prepareTestInstance(DependencyInjectionTestExecutionListener.java:97) ~[spring-test-6.0.13.jar:6.0.13]
	at org.springframework.test.context.TestContextManager.prepareTestInstance(TestContextManager.java:241) ~[spring-test-6.0.13.jar:6.0.13]
	at org.springframework.test.context.junit.jupiter.SpringExtension.postProcessTestInstance(SpringExtension.java:138) ~[spring-test-6.0.13.jar:6.0.13]
	at org.junit.jupiter.engine.descriptor.ClassBasedTestDescriptor.lambda$invokeTestInstancePostProcessors$10(ClassBasedTestDescriptor.java:377) ~[junit-jupiter-engine-5.9.3.jar:5.9.3]
	at org.junit.jupiter.engine.descriptor.ClassBasedTestDescriptor.executeAndMaskThrowable(ClassBasedTestDescriptor.java:382) ~[junit-jupiter-engine-5.9.3.jar:5.9.3]
	at org.junit.jupiter.engine.descriptor.ClassBasedTestDescriptor.lambda$invokeTestInstancePostProcessors$11(ClassBasedTestDescriptor.java:377) ~[junit-jupiter-engine-5.9.3.jar:5.9.3]
	at java.base/java.util.stream.ReferencePipeline$3$1.accept(ReferencePipeline.java:197) ~[na:na]
	at java.base/java.util.stream.ReferencePipeline$2$1.accept(ReferencePipeline.java:179) ~[na:na]
	at java.base/java.util.ArrayList$ArrayListSpliterator.forEachRemaining(ArrayList.java:1708) ~[na:na]
	at java.base/java.util.stream.AbstractPipeline.copyInto(AbstractPipeline.java:509) ~[na:na]
	at java.base/java.util.stream.AbstractPipeline.wrapAndCopyInto(AbstractPipeline.java:499) ~[na:na]
	at java.base/java.util.stream.StreamSpliterators$WrappingSpliterator.forEachRemaining(StreamSpliterators.java:310) ~[na:na]
	at java.base/java.util.stream.Streams$ConcatSpliterator.forEachRemaining(Streams.java:735) ~[na:na]
	at java.base/java.util.stream.Streams$ConcatSpliterator.forEachRemaining(Streams.java:734) ~[na:na]
	at java.base/java.util.stream.Streams$ConcatSpliterator.forEachRemaining(Streams.java:734) ~[na:na]
	at java.base/java.util.stream.ReferencePipeline$Head.forEach(ReferencePipeline.java:762) ~[na:na]
	at org.junit.jupiter.engine.descriptor.ClassBasedTestDescriptor.invokeTestInstancePostProcessors(ClassBasedTestDescriptor.java:376) ~[junit-jupiter-engine-5.9.3.jar:5.9.3]
	at org.junit.jupiter.engine.descriptor.ClassBasedTestDescriptor.lambda$instantiateAndPostProcessTestInstance$6(ClassBasedTestDescriptor.java:289) ~[junit-jupiter-engine-5.9.3.jar:5.9.3]
	at org.junit.platform.engine.support.hierarchical.ThrowableCollector.execute(ThrowableCollector.java:73) ~[junit-platform-engine-1.9.3.jar:1.9.3]
	at org.junit.jupiter.engine.descriptor.ClassBasedTestDescriptor.instantiateAndPostProcessTestInstance(ClassBasedTestDescriptor.java:288) ~[junit-jupiter-engine-5.9.3.jar:5.9.3]
	at org.junit.jupiter.engine.descriptor.ClassBasedTestDescriptor.lambda$testInstancesProvider$4(ClassBasedTestDescriptor.java:278) ~[junit-jupiter-engine-5.9.3.jar:5.9.3]
	at java.base/java.util.Optional.orElseGet(Optional.java:364) ~[na:na]
	at org.junit.jupiter.engine.descriptor.ClassBasedTestDescriptor.lambda$testInstancesProvider$5(ClassBasedTestDescriptor.java:277) ~[junit-jupiter-engine-5.9.3.jar:5.9.3]
	at org.junit.jupiter.engine.execution.TestInstancesProvider.getTestInstances(TestInstancesProvider.java:31) ~[junit-jupiter-engine-5.9.3.jar:5.9.3]
	at org.junit.jupiter.engine.descriptor.TestMethodTestDescriptor.lambda$prepare$0(TestMethodTestDescriptor.java:105) ~[junit-jupiter-engine-5.9.3.jar:5.9.3]
	at org.junit.platform.engine.support.hierarchical.ThrowableCollector.execute(ThrowableCollector.java:73) ~[junit-platform-engine-1.9.3.jar:1.9.3]
	at org.junit.jupiter.engine.descriptor.TestMethodTestDescriptor.prepare(TestMethodTestDescriptor.java:104) ~[junit-jupiter-engine-5.9.3.jar:5.9.3]
	at org.junit.jupiter.engine.descriptor.TestMethodTestDescriptor.prepare(TestMethodTestDescriptor.java:68) ~[junit-jupiter-engine-5.9.3.jar:5.9.3]
	at org.junit.platform.engine.support.hierarchical.NodeTestTask.lambda$prepare$2(NodeTestTask.java:123) ~[junit-platform-engine-1.9.3.jar:1.9.3]
	at org.junit.platform.engine.support.hierarchical.ThrowableCollector.execute(ThrowableCollector.java:73) ~[junit-platform-engine-1.9.3.jar:1.9.3]
	at org.junit.platform.engine.support.hierarchical.NodeTestTask.prepare(NodeTestTask.java:123) ~[junit-platform-engine-1.9.3.jar:1.9.3]
	at org.junit.platform.engine.support.hierarchical.NodeTestTask.execute(NodeTestTask.java:90) ~[junit-platform-engine-1.9.3.jar:1.9.3]
	at java.base/java.util.ArrayList.forEach(ArrayList.java:1596) ~[na:na]
	at org.junit.platform.engine.support.hierarchical.SameThreadHierarchicalTestExecutorService.invokeAll(SameThreadHierarchicalTestExecutorService.java:41) ~[junit-platform-engine-1.9.3.jar:1.9.3]
	at org.junit.platform.engine.support.hierarchical.NodeTestTask.lambda$executeRecursively$6(NodeTestTask.java:155) ~[junit-platform-engine-1.9.3.jar:1.9.3]
	at org.junit.platform.engine.support.hierarchical.ThrowableCollector.execute(ThrowableCollector.java:73) ~[junit-platform-engine-1.9.3.jar:1.9.3]
	at org.junit.platform.engine.support.hierarchical.NodeTestTask.lambda$executeRecursively$8(NodeTestTask.java:141) ~[junit-platform-engine-1.9.3.jar:1.9.3]
	at org.junit.platform.engine.support.hierarchical.Node.around(Node.java:137) ~[junit-platform-engine-1.9.3.jar:1.9.3]
	at org.junit.platform.engine.support.hierarchical.NodeTestTask.lambda$executeRecursively$9(NodeTestTask.java:139) ~[junit-platform-engine-1.9.3.jar:1.9.3]
	at org.junit.platform.engine.support.hierarchical.ThrowableCollector.execute(ThrowableCollector.java:73) ~[junit-platform-engine-1.9.3.jar:1.9.3]
	at org.junit.platform.engine.support.hierarchical.NodeTestTask.executeRecursively(NodeTestTask.java:138) ~[junit-platform-engine-1.9.3.jar:1.9.3]
	at org.junit.platform.engine.support.hierarchical.NodeTestTask.execute(NodeTestTask.java:95) ~[junit-platform-engine-1.9.3.jar:1.9.3]
	at java.base/java.util.ArrayList.forEach(ArrayList.java:1596) ~[na:na]
	at org.junit.platform.engine.support.hierarchical.SameThreadHierarchicalTestExecutorService.invokeAll(SameThreadHierarchicalTestExecutorService.java:41) ~[junit-platform-engine-1.9.3.jar:1.9.3]
	at org.junit.platform.engine.support.hierarchical.NodeTestTask.lambda$executeRecursively$6(NodeTestTask.java:155) ~[junit-platform-engine-1.9.3.jar:1.9.3]
	at org.junit.platform.engine.support.hierarchical.ThrowableCollector.execute(ThrowableCollector.java:73) ~[junit-platform-engine-1.9.3.jar:1.9.3]
	at org.junit.platform.engine.support.hierarchical.NodeTestTask.lambda$executeRecursively$8(NodeTestTask.java:141) ~[junit-platform-engine-1.9.3.jar:1.9.3]
	at org.junit.platform.engine.support.hierarchical.Node.around(Node.java:137) ~[junit-platform-engine-1.9.3.jar:1.9.3]
	at org.junit.platform.engine.support.hierarchical.NodeTestTask.lambda$executeRecursively$9(NodeTestTask.java:139) ~[junit-platform-engine-1.9.3.jar:1.9.3]
	at org.junit.platform.engine.support.hierarchical.ThrowableCollector.execute(ThrowableCollector.java:73) ~[junit-platform-engine-1.9.3.jar:1.9.3]
	at org.junit.platform.engine.support.hierarchical.NodeTestTask.executeRecursively(NodeTestTask.java:138) ~[junit-platform-engine-1.9.3.jar:1.9.3]
	at org.junit.platform.engine.support.hierarchical.NodeTestTask.execute(NodeTestTask.java:95) ~[junit-platform-engine-1.9.3.jar:1.9.3]
	at java.base/java.util.ArrayList.forEach(ArrayList.java:1596) ~[na:na]
	at org.junit.platform.engine.support.hierarchical.SameThreadHierarchicalTestExecutorService.invokeAll(SameThreadHierarchicalTestExecutorService.java:41) ~[junit-platform-engine-1.9.3.jar:1.9.3]
	at org.junit.platform.engine.support.hierarchical.NodeTestTask.lambda$executeRecursively$6(NodeTestTask.java:155) ~[junit-platform-engine-1.9.3.jar:1.9.3]
	at org.junit.platform.engine.support.hierarchical.ThrowableCollector.execute(ThrowableCollector.java:73) ~[junit-platform-engine-1.9.3.jar:1.9.3]
	at org.junit.platform.engine.support.hierarchical.NodeTestTask.lambda$executeRecursively$8(NodeTestTask.java:141) ~[junit-platform-engine-1.9.3.jar:1.9.3]
	at org.junit.platform.engine.support.hierarchical.Node.around(Node.java:137) ~[junit-platform-engine-1.9.3.jar:1.9.3]
	at org.junit.platform.engine.support.hierarchical.NodeTestTask.lambda$executeRecursively$9(NodeTestTask.java:139) ~[junit-platform-engine-1.9.3.jar:1.9.3]
	at org.junit.platform.engine.support.hierarchical.ThrowableCollector.execute(ThrowableCollector.java:73) ~[junit-platform-engine-1.9.3.jar:1.9.3]
	at org.junit.platform.engine.support.hierarchical.NodeTestTask.executeRecursively(NodeTestTask.java:138) ~[junit-platform-engine-1.9.3.jar:1.9.3]
	at org.junit.platform.engine.support.hierarchical.NodeTestTask.execute(NodeTestTask.java:95) ~[junit-platform-engine-1.9.3.jar:1.9.3]
	at org.junit.platform.engine.support.hierarchical.SameThreadHierarchicalTestExecutorService.submit(SameThreadHierarchicalTestExecutorService.java:35) ~[junit-platform-engine-1.9.3.jar:1.9.3]
	at org.junit.platform.engine.support.hierarchical.HierarchicalTestExecutor.execute(HierarchicalTestExecutor.java:57) ~[junit-platform-engine-1.9.3.jar:1.9.3]
	at org.junit.platform.engine.support.hierarchical.HierarchicalTestEngine.execute(HierarchicalTestEngine.java:54) ~[junit-platform-engine-1.9.3.jar:1.9.3]
	at org.junit.platform.launcher.core.EngineExecutionOrchestrator.execute(EngineExecutionOrchestrator.java:147) ~[junit-platform-launcher-1.9.3.jar:1.9.3]
	at org.junit.platform.launcher.core.EngineExecutionOrchestrator.execute(EngineExecutionOrchestrator.java:127) ~[junit-platform-launcher-1.9.3.jar:1.9.3]
	at org.junit.platform.launcher.core.EngineExecutionOrchestrator.execute(EngineExecutionOrchestrator.java:90) ~[junit-platform-launcher-1.9.3.jar:1.9.3]
	at org.junit.platform.launcher.core.EngineExecutionOrchestrator.lambda$execute$0(EngineExecutionOrchestrator.java:55) ~[junit-platform-launcher-1.9.3.jar:1.9.3]
	at org.junit.platform.launcher.core.EngineExecutionOrchestrator.withInterceptedStreams(EngineExecutionOrchestrator.java:102) ~[junit-platform-launcher-1.9.3.jar:1.9.3]
	at org.junit.platform.launcher.core.EngineExecutionOrchestrator.execute(EngineExecutionOrchestrator.java:54) ~[junit-platform-launcher-1.9.3.jar:1.9.3]
	at org.junit.platform.launcher.core.DefaultLauncher.execute(DefaultLauncher.java:114) ~[junit-platform-launcher-1.9.3.jar:1.9.3]
	at org.junit.platform.launcher.core.DefaultLauncher.execute(DefaultLauncher.java:86) ~[junit-platform-launcher-1.9.3.jar:1.9.3]
	at org.junit.platform.launcher.core.DefaultLauncherSession$DelegatingLauncher.execute(DefaultLauncherSession.java:86) ~[junit-platform-launcher-1.9.3.jar:1.9.3]
	at org.apache.maven.surefire.junitplatform.LazyLauncher.execute(LazyLauncher.java:55) ~[surefire-junit-platform-3.0.0-M9.jar:3.0.0-M9]
	at org.apache.maven.surefire.junitplatform.JUnitPlatformProvider.execute(JUnitPlatformProvider.java:223) ~[surefire-junit-platform-3.0.0-M9.jar:3.0.0-M9]
	at org.apache.maven.surefire.junitplatform.JUnitPlatformProvider.invokeAllTests(JUnitPlatformProvider.java:175) ~[surefire-junit-platform-3.0.0-M9.jar:3.0.0-M9]
	at org.apache.maven.surefire.junitplatform.JUnitPlatformProvider.invoke(JUnitPlatformProvider.java:139) ~[surefire-junit-platform-3.0.0-M9.jar:3.0.0-M9]
	at org.apache.maven.surefire.booter.ForkedBooter.runSuitesInProcess(ForkedBooter.java:456) ~[surefire-booter-3.0.0-M9.jar:3.0.0-M9]
	at org.apache.maven.surefire.booter.ForkedBooter.execute(ForkedBooter.java:169) ~[surefire-booter-3.0.0-M9.jar:3.0.0-M9]
	at org.apache.maven.surefire.booter.ForkedBooter.run(ForkedBooter.java:595) ~[surefire-booter-3.0.0-M9.jar:3.0.0-M9]
	at org.apache.maven.surefire.booter.ForkedBooter.main(ForkedBooter.java:581) ~[surefire-booter-3.0.0-M9.jar:3.0.0-M9]
Caused by: org.springframework.beans.factory.BeanCreationException: Error creating bean with name 'requestMappingHandlerMapping' defined in class path resource [org/springframework/boot/autoconfigure/web/servlet/WebMvcAutoConfiguration$EnableWebMvcConfiguration.class]: Invalid mapping on handler class [grifo.spring.jpa.demo.controladores.ControladorRutina]: public grifo.spring.jpa.demo.dtos.RutinaDTO grifo.spring.jpa.demo.controladores.ControladorRutina.actualizarRutina(java.lang.Long,grifo.spring.jpa.demo.dtos.RutinaDTO)
	at org.springframework.beans.factory.support.AbstractAutowireCapableBeanFactory.initializeBean(AbstractAutowireCapableBeanFactory.java:1770) ~[spring-beans-6.0.13.jar:6.0.13]
	at org.springframework.beans.factory.support.AbstractAutowireCapableBeanFactory.doCreateBean(AbstractAutowireCapableBeanFactory.java:598) ~[spring-beans-6.0.13.jar:6.0.13]
	at org.springframework.beans.factory.support.AbstractAutowireCapableBeanFactory.createBean(AbstractAutowireCapableBeanFactory.java:520) ~[spring-beans-6.0.13.jar:6.0.13]
	at org.springframework.beans.factory.support.AbstractBeanFactory.lambda$doGetBean$0(AbstractBeanFactory.java:325) ~[spring-beans-6.0.13.jar:6.0.13]
	at org.springframework.beans.factory.support.DefaultSingletonBeanRegistry.getSingleton(DefaultSingletonBeanRegistry.java:234) ~[spring-beans-6.0.13.jar:6.0.13]
	at org.springframework.beans.factory.support.AbstractBeanFactory.doGetBean(AbstractBeanFactory.java:323) ~[spring-beans-6.0.13.jar:6.0.13]
	at org.springframework.beans.factory.support.AbstractBeanFactory.getBean(AbstractBeanFactory.java:199) ~[spring-beans-6.0.13.jar:6.0.13]
	at org.springframework.beans.factory.support.DefaultListableBeanFactory.preInstantiateSingletons(DefaultListableBeanFactory.java:973) ~[spring-beans-6.0.13.jar:6.0.13]
	at org.springframework.context.support.AbstractApplicationContext.finishBeanFactoryInitialization(AbstractApplicationContext.java:950) ~[spring-context-6.0.13.jar:6.0.13]
	at org.springframework.context.support.AbstractApplicationContext.refresh(AbstractApplicationContext.java:616) ~[spring-context-6.0.13.jar:6.0.13]
	at org.springframework.boot.web.servlet.context.ServletWebServerApplicationContext.refresh(ServletWebServerApplicationContext.java:146) ~[spring-boot-3.1.5.jar:3.1.5]
	at org.springframework.boot.SpringApplication.refresh(SpringApplication.java:738) ~[spring-boot-3.1.5.jar:3.1.5]
	at org.springframework.boot.SpringApplication.refreshContext(SpringApplication.java:440) ~[spring-boot-3.1.5.jar:3.1.5]
	at org.springframework.boot.SpringApplication.run(SpringApplication.java:316) ~[spring-boot-3.1.5.jar:3.1.5]
	at org.springframework.boot.test.context.SpringBootContextLoader.lambda$loadContext$3(SpringBootContextLoader.java:137) ~[spring-boot-test-3.1.5.jar:3.1.5]
	at org.springframework.util.function.ThrowingSupplier.get(ThrowingSupplier.java:58) ~[spring-core-6.0.13.jar:6.0.13]
	at org.springframework.util.function.ThrowingSupplier.get(ThrowingSupplier.java:46) ~[spring-core-6.0.13.jar:6.0.13]
	at org.springframework.boot.SpringApplication.withHook(SpringApplication.java:1406) ~[spring-boot-3.1.5.jar:3.1.5]
	at org.springframework.boot.test.context.SpringBootContextLoader$ContextLoaderHook.run(SpringBootContextLoader.java:545) ~[spring-boot-test-3.1.5.jar:3.1.5]
	at org.springframework.boot.test.context.SpringBootContextLoader.loadContext(SpringBootContextLoader.java:137) ~[spring-boot-test-3.1.5.jar:3.1.5]
	at org.springframework.boot.test.context.SpringBootContextLoader.loadContext(SpringBootContextLoader.java:108) ~[spring-boot-test-3.1.5.jar:3.1.5]
	at org.springframework.test.context.cache.DefaultCacheAwareContextLoaderDelegate.loadContextInternal(DefaultCacheAwareContextLoaderDelegate.java:187) ~[spring-test-6.0.13.jar:6.0.13]
	at org.springframework.test.context.cache.DefaultCacheAwareContextLoaderDelegate.loadContext(DefaultCacheAwareContextLoaderDelegate.java:119) ~[spring-test-6.0.13.jar:6.0.13]
	... 84 common frames omitted
Caused by: java.lang.IllegalStateException: Invalid mapping on handler class [grifo.spring.jpa.demo.controladores.ControladorRutina]: public grifo.spring.jpa.demo.dtos.RutinaDTO grifo.spring.jpa.demo.controladores.ControladorRutina.actualizarRutina(java.lang.Long,grifo.spring.jpa.demo.dtos.RutinaDTO)
	at org.springframework.web.servlet.handler.AbstractHandlerMethodMapping.lambda$detectHandlerMethods$1(AbstractHandlerMethodMapping.java:287) ~[spring-webmvc-6.0.13.jar:6.0.13]
	at org.springframework.core.MethodIntrospector.lambda$selectMethods$0(MethodIntrospector.java:74) ~[spring-core-6.0.13.jar:6.0.13]
	at org.springframework.util.ReflectionUtils.doWithMethods(ReflectionUtils.java:366) ~[spring-core-6.0.13.jar:6.0.13]
	at org.springframework.core.MethodIntrospector.selectMethods(MethodIntrospector.java:72) ~[spring-core-6.0.13.jar:6.0.13]
	at org.springframework.web.servlet.handler.AbstractHandlerMethodMapping.detectHandlerMethods(AbstractHandlerMethodMapping.java:280) ~[spring-webmvc-6.0.13.jar:6.0.13]
	at org.springframework.web.servlet.handler.AbstractHandlerMethodMapping.processCandidateBean(AbstractHandlerMethodMapping.java:265) ~[spring-webmvc-6.0.13.jar:6.0.13]
	at org.springframework.web.servlet.handler.AbstractHandlerMethodMapping.initHandlerMethods(AbstractHandlerMethodMapping.java:224) ~[spring-webmvc-6.0.13.jar:6.0.13]
	at org.springframework.web.servlet.handler.AbstractHandlerMethodMapping.afterPropertiesSet(AbstractHandlerMethodMapping.java:212) ~[spring-webmvc-6.0.13.jar:6.0.13]
	at org.springframework.web.servlet.mvc.method.annotation.RequestMappingHandlerMapping.afterPropertiesSet(RequestMappingHandlerMapping.java:225) ~[spring-webmvc-6.0.13.jar:6.0.13]
	at org.springframework.beans.factory.support.AbstractAutowireCapableBeanFactory.invokeInitMethods(AbstractAutowireCapableBeanFactory.java:1817) ~[spring-beans-6.0.13.jar:6.0.13]
	at org.springframework.beans.factory.support.AbstractAutowireCapableBeanFactory.initializeBean(AbstractAutowireCapableBeanFactory.java:1766) ~[spring-beans-6.0.13.jar:6.0.13]
	... 106 common frames omitted
Caused by: org.springframework.web.util.pattern.PatternParseException: Expected close capture character after variable name }
	at org.springframework.web.util.pattern.InternalPathPatternParser.createPathElement(InternalPathPatternParser.java:314) ~[spring-web-6.0.13.jar:6.0.13]
	at org.springframework.web.util.pattern.InternalPathPatternParser.parse(InternalPathPatternParser.java:111) ~[spring-web-6.0.13.jar:6.0.13]
	at org.springframework.web.util.pattern.PathPatternParser.parse(PathPatternParser.java:129) ~[spring-web-6.0.13.jar:6.0.13]
	at org.springframework.web.servlet.mvc.condition.PathPatternsRequestCondition.parse(PathPatternsRequestCondition.java:84) ~[spring-webmvc-6.0.13.jar:6.0.13]
	at org.springframework.web.servlet.mvc.condition.PathPatternsRequestCondition.<init>(PathPatternsRequestCondition.java:74) ~[spring-webmvc-6.0.13.jar:6.0.13]
	at org.springframework.web.servlet.mvc.method.RequestMappingInfo$DefaultBuilder.build(RequestMappingInfo.java:714) ~[spring-webmvc-6.0.13.jar:6.0.13]
	at org.springframework.web.servlet.mvc.method.annotation.RequestMappingHandlerMapping.createRequestMappingInfo(RequestMappingHandlerMapping.java:400) ~[spring-webmvc-6.0.13.jar:6.0.13]
	at org.springframework.web.servlet.mvc.method.annotation.RequestMappingHandlerMapping.createRequestMappingInfo(RequestMappingHandlerMapping.java:345) ~[spring-webmvc-6.0.13.jar:6.0.13]
	at org.springframework.web.servlet.mvc.method.annotation.RequestMappingHandlerMapping.getMappingForMethod(RequestMappingHandlerMapping.java:302) ~[spring-webmvc-6.0.13.jar:6.0.13]
	at org.springframework.web.servlet.mvc.method.annotation.RequestMappingHandlerMapping.getMappingForMethod(RequestMappingHandlerMapping.java:76) ~[spring-webmvc-6.0.13.jar:6.0.13]
	at org.springframework.web.servlet.handler.AbstractHandlerMethodMapping.lambda$detectHandlerMethods$1(AbstractHandlerMethodMapping.java:283) ~[spring-webmvc-6.0.13.jar:6.0.13]
	... 116 common frames omitted

]]></system-out>
    <system-err><![CDATA[


============================
CONDITIONS EVALUATION REPORT
============================


Positive matches:
-----------------

    None


Negative matches:
-----------------

    None


Exclusions:
-----------

    None


Unconditional classes:
----------------------

    None






============================
CONDITIONS EVALUATION REPORT
============================


Positive matches:
-----------------

    None


Negative matches:
-----------------

    None


Exclusions:
-----------

    None


Unconditional classes:
----------------------

    None



]]></system-err>
  </testcase>
  <testcase name="actualizarEjercicioNoExiste" classname="grifo.spring.jpa.demo.EjerciciosRutinasAplicationTests$EjerciciosVacios" time="0">
    <error message="Failed to load ApplicationContext for [WebMergedContextConfiguration@1699e337 testClass = grifo.spring.jpa.demo.EjerciciosRutinasAplicationTests, locations = [], classes = [grifo.spring.jpa.demo.EntidadesApplication], contextInitializerClasses = [], activeProfiles = [], propertySourceLocations = [], propertySourceProperties = [&quot;org.springframework.boot.test.context.SpringBootTestContextBootstrapper=true&quot;, &quot;server.port=0&quot;], contextCustomizers = [org.springframework.boot.test.context.filter.ExcludeFilterContextCustomizer@3c443976, org.springframework.boot.test.json.DuplicateJsonObjectContextCustomizerFactory$DuplicateJsonObjectContextCustomizer@6b04acb2, org.springframework.boot.test.mock.mockito.MockitoContextCustomizer@0, org.springframework.boot.test.web.client.TestRestTemplateContextCustomizer@4a1e3ac1, org.springframework.boot.test.autoconfigure.actuate.observability.ObservabilityContextCustomizerFactory$DisableObservabilityContextCustomizer@1f, org.springframework.boot.test.autoconfigure.properties.PropertyMappingContextCustomizer@0, org.springframework.boot.test.autoconfigure.web.servlet.WebDriverContextCustomizer@2375b321, org.springframework.boot.test.context.SpringBootTestAnnotation@6014c3f6], resourceBasePath = &quot;src/main/webapp&quot;, contextLoader = org.springframework.boot.test.context.SpringBootContextLoader, parent = null]" type="java.lang.IllegalStateException"><![CDATA[java.lang.IllegalStateException: Failed to load ApplicationContext for [WebMergedContextConfiguration@1699e337 testClass = grifo.spring.jpa.demo.EjerciciosRutinasAplicationTests, locations = [], classes = [grifo.spring.jpa.demo.EntidadesApplication], contextInitializerClasses = [], activeProfiles = [], propertySourceLocations = [], propertySourceProperties = ["org.springframework.boot.test.context.SpringBootTestContextBootstrapper=true", "server.port=0"], contextCustomizers = [org.springframework.boot.test.context.filter.ExcludeFilterContextCustomizer@3c443976, org.springframework.boot.test.json.DuplicateJsonObjectContextCustomizerFactory$DuplicateJsonObjectContextCustomizer@6b04acb2, org.springframework.boot.test.mock.mockito.MockitoContextCustomizer@0, org.springframework.boot.test.web.client.TestRestTemplateContextCustomizer@4a1e3ac1, org.springframework.boot.test.autoconfigure.actuate.observability.ObservabilityContextCustomizerFactory$DisableObservabilityContextCustomizer@1f, org.springframework.boot.test.autoconfigure.properties.PropertyMappingContextCustomizer@0, org.springframework.boot.test.autoconfigure.web.servlet.WebDriverContextCustomizer@2375b321, org.springframework.boot.test.context.SpringBootTestAnnotation@6014c3f6], resourceBasePath = "src/main/webapp", contextLoader = org.springframework.boot.test.context.SpringBootContextLoader, parent = null]
	at org.springframework.test.context.cache.DefaultCacheAwareContextLoaderDelegate.loadContext(DefaultCacheAwareContextLoaderDelegate.java:143)
	at org.springframework.test.context.support.DefaultTestContext.getApplicationContext(DefaultTestContext.java:127)
	at org.springframework.test.context.support.DependencyInjectionTestExecutionListener.injectDependencies(DependencyInjectionTestExecutionListener.java:141)
	at org.springframework.test.context.support.DependencyInjectionTestExecutionListener.prepareTestInstance(DependencyInjectionTestExecutionListener.java:97)
	at org.springframework.test.context.TestContextManager.prepareTestInstance(TestContextManager.java:241)
	at org.springframework.test.context.junit.jupiter.SpringExtension.postProcessTestInstance(SpringExtension.java:138)
	at org.junit.jupiter.engine.descriptor.ClassBasedTestDescriptor.lambda$invokeTestInstancePostProcessors$10(ClassBasedTestDescriptor.java:377)
	at org.junit.jupiter.engine.descriptor.ClassBasedTestDescriptor.executeAndMaskThrowable(ClassBasedTestDescriptor.java:382)
	at org.junit.jupiter.engine.descriptor.ClassBasedTestDescriptor.lambda$invokeTestInstancePostProcessors$11(ClassBasedTestDescriptor.java:377)
	at java.base/java.util.stream.ReferencePipeline$3$1.accept(ReferencePipeline.java:197)
	at java.base/java.util.stream.ReferencePipeline$2$1.accept(ReferencePipeline.java:179)
	at java.base/java.util.ArrayList$ArrayListSpliterator.forEachRemaining(ArrayList.java:1708)
	at java.base/java.util.stream.AbstractPipeline.copyInto(AbstractPipeline.java:509)
	at java.base/java.util.stream.AbstractPipeline.wrapAndCopyInto(AbstractPipeline.java:499)
	at java.base/java.util.stream.StreamSpliterators$WrappingSpliterator.forEachRemaining(StreamSpliterators.java:310)
	at java.base/java.util.stream.Streams$ConcatSpliterator.forEachRemaining(Streams.java:735)
	at java.base/java.util.stream.ReferencePipeline$Head.forEach(ReferencePipeline.java:762)
	at org.junit.jupiter.engine.descriptor.ClassBasedTestDescriptor.invokeTestInstancePostProcessors(ClassBasedTestDescriptor.java:376)
	at org.junit.jupiter.engine.descriptor.ClassBasedTestDescriptor.lambda$instantiateAndPostProcessTestInstance$6(ClassBasedTestDescriptor.java:289)
	at org.junit.platform.engine.support.hierarchical.ThrowableCollector.execute(ThrowableCollector.java:73)
	at org.junit.jupiter.engine.descriptor.ClassBasedTestDescriptor.instantiateAndPostProcessTestInstance(ClassBasedTestDescriptor.java:288)
	at org.junit.jupiter.engine.descriptor.ClassBasedTestDescriptor.lambda$testInstancesProvider$4(ClassBasedTestDescriptor.java:278)
	at java.base/java.util.Optional.orElseGet(Optional.java:364)
	at org.junit.jupiter.engine.descriptor.ClassBasedTestDescriptor.lambda$testInstancesProvider$5(ClassBasedTestDescriptor.java:277)
	at org.junit.jupiter.engine.descriptor.NestedClassTestDescriptor.instantiateTestClass(NestedClassTestDescriptor.java:85)
	at org.junit.jupiter.engine.descriptor.ClassBasedTestDescriptor.instantiateAndPostProcessTestInstance(ClassBasedTestDescriptor.java:286)
	at org.junit.jupiter.engine.descriptor.ClassBasedTestDescriptor.lambda$testInstancesProvider$4(ClassBasedTestDescriptor.java:278)
	at java.base/java.util.Optional.orElseGet(Optional.java:364)
	at org.junit.jupiter.engine.descriptor.ClassBasedTestDescriptor.lambda$testInstancesProvider$5(ClassBasedTestDescriptor.java:277)
	at org.junit.jupiter.engine.execution.TestInstancesProvider.getTestInstances(TestInstancesProvider.java:31)
	at org.junit.jupiter.engine.descriptor.TestMethodTestDescriptor.lambda$prepare$0(TestMethodTestDescriptor.java:105)
	at org.junit.platform.engine.support.hierarchical.ThrowableCollector.execute(ThrowableCollector.java:73)
	at org.junit.jupiter.engine.descriptor.TestMethodTestDescriptor.prepare(TestMethodTestDescriptor.java:104)
	at org.junit.jupiter.engine.descriptor.TestMethodTestDescriptor.prepare(TestMethodTestDescriptor.java:68)
	at org.junit.platform.engine.support.hierarchical.NodeTestTask.lambda$prepare$2(NodeTestTask.java:123)
	at org.junit.platform.engine.support.hierarchical.ThrowableCollector.execute(ThrowableCollector.java:73)
	at org.junit.platform.engine.support.hierarchical.NodeTestTask.prepare(NodeTestTask.java:123)
	at org.junit.platform.engine.support.hierarchical.NodeTestTask.execute(NodeTestTask.java:90)
	at java.base/java.util.ArrayList.forEach(ArrayList.java:1596)
	at org.junit.platform.engine.support.hierarchical.SameThreadHierarchicalTestExecutorService.invokeAll(SameThreadHierarchicalTestExecutorService.java:41)
	at org.junit.platform.engine.support.hierarchical.NodeTestTask.lambda$executeRecursively$6(NodeTestTask.java:155)
	at org.junit.platform.engine.support.hierarchical.ThrowableCollector.execute(ThrowableCollector.java:73)
	at org.junit.platform.engine.support.hierarchical.NodeTestTask.lambda$executeRecursively$8(NodeTestTask.java:141)
	at org.junit.platform.engine.support.hierarchical.Node.around(Node.java:137)
	at org.junit.platform.engine.support.hierarchical.NodeTestTask.lambda$executeRecursively$9(NodeTestTask.java:139)
	at org.junit.platform.engine.support.hierarchical.ThrowableCollector.execute(ThrowableCollector.java:73)
	at org.junit.platform.engine.support.hierarchical.NodeTestTask.executeRecursively(NodeTestTask.java:138)
	at org.junit.platform.engine.support.hierarchical.NodeTestTask.execute(NodeTestTask.java:95)
	at java.base/java.util.ArrayList.forEach(ArrayList.java:1596)
	at org.junit.platform.engine.support.hierarchical.SameThreadHierarchicalTestExecutorService.invokeAll(SameThreadHierarchicalTestExecutorService.java:41)
	at org.junit.platform.engine.support.hierarchical.NodeTestTask.lambda$executeRecursively$6(NodeTestTask.java:155)
	at org.junit.platform.engine.support.hierarchical.ThrowableCollector.execute(ThrowableCollector.java:73)
	at org.junit.platform.engine.support.hierarchical.NodeTestTask.lambda$executeRecursively$8(NodeTestTask.java:141)
	at org.junit.platform.engine.support.hierarchical.Node.around(Node.java:137)
	at org.junit.platform.engine.support.hierarchical.NodeTestTask.lambda$executeRecursively$9(NodeTestTask.java:139)
	at org.junit.platform.engine.support.hierarchical.ThrowableCollector.execute(ThrowableCollector.java:73)
	at org.junit.platform.engine.support.hierarchical.NodeTestTask.executeRecursively(NodeTestTask.java:138)
	at org.junit.platform.engine.support.hierarchical.NodeTestTask.execute(NodeTestTask.java:95)
	at java.base/java.util.ArrayList.forEach(ArrayList.java:1596)
	at org.junit.platform.engine.support.hierarchical.SameThreadHierarchicalTestExecutorService.invokeAll(SameThreadHierarchicalTestExecutorService.java:41)
	at org.junit.platform.engine.support.hierarchical.NodeTestTask.lambda$executeRecursively$6(NodeTestTask.java:155)
	at org.junit.platform.engine.support.hierarchical.ThrowableCollector.execute(ThrowableCollector.java:73)
	at org.junit.platform.engine.support.hierarchical.NodeTestTask.lambda$executeRecursively$8(NodeTestTask.java:141)
	at org.junit.platform.engine.support.hierarchical.Node.around(Node.java:137)
	at org.junit.platform.engine.support.hierarchical.NodeTestTask.lambda$executeRecursively$9(NodeTestTask.java:139)
	at org.junit.platform.engine.support.hierarchical.ThrowableCollector.execute(ThrowableCollector.java:73)
	at org.junit.platform.engine.support.hierarchical.NodeTestTask.executeRecursively(NodeTestTask.java:138)
	at org.junit.platform.engine.support.hierarchical.NodeTestTask.execute(NodeTestTask.java:95)
	at org.junit.platform.engine.support.hierarchical.SameThreadHierarchicalTestExecutorService.submit(SameThreadHierarchicalTestExecutorService.java:35)
	at org.junit.platform.engine.support.hierarchical.HierarchicalTestExecutor.execute(HierarchicalTestExecutor.java:57)
	at org.junit.platform.engine.support.hierarchical.HierarchicalTestEngine.execute(HierarchicalTestEngine.java:54)
	at org.junit.platform.launcher.core.EngineExecutionOrchestrator.execute(EngineExecutionOrchestrator.java:147)
	at org.junit.platform.launcher.core.EngineExecutionOrchestrator.execute(EngineExecutionOrchestrator.java:127)
	at org.junit.platform.launcher.core.EngineExecutionOrchestrator.execute(EngineExecutionOrchestrator.java:90)
	at org.junit.platform.launcher.core.EngineExecutionOrchestrator.lambda$execute$0(EngineExecutionOrchestrator.java:55)
	at org.junit.platform.launcher.core.EngineExecutionOrchestrator.withInterceptedStreams(EngineExecutionOrchestrator.java:102)
	at org.junit.platform.launcher.core.EngineExecutionOrchestrator.execute(EngineExecutionOrchestrator.java:54)
	at org.junit.platform.launcher.core.DefaultLauncher.execute(DefaultLauncher.java:114)
	at org.junit.platform.launcher.core.DefaultLauncher.execute(DefaultLauncher.java:86)
	at org.junit.platform.launcher.core.DefaultLauncherSession$DelegatingLauncher.execute(DefaultLauncherSession.java:86)
	at org.apache.maven.surefire.junitplatform.LazyLauncher.execute(LazyLauncher.java:55)
	at org.apache.maven.surefire.junitplatform.JUnitPlatformProvider.execute(JUnitPlatformProvider.java:223)
	at org.apache.maven.surefire.junitplatform.JUnitPlatformProvider.invokeAllTests(JUnitPlatformProvider.java:175)
	at org.apache.maven.surefire.junitplatform.JUnitPlatformProvider.invoke(JUnitPlatformProvider.java:139)
	at org.apache.maven.surefire.booter.ForkedBooter.runSuitesInProcess(ForkedBooter.java:456)
	at org.apache.maven.surefire.booter.ForkedBooter.execute(ForkedBooter.java:169)
	at org.apache.maven.surefire.booter.ForkedBooter.run(ForkedBooter.java:595)
	at org.apache.maven.surefire.booter.ForkedBooter.main(ForkedBooter.java:581)
	Suppressed: java.lang.IllegalStateException: Failed to load ApplicationContext for [WebMergedContextConfiguration@79b4468e testClass = grifo.spring.jpa.demo.EjerciciosRutinasAplicationTests.EjerciciosVacios, locations = [], classes = [grifo.spring.jpa.demo.EntidadesApplication], contextInitializerClasses = [], activeProfiles = [], propertySourceLocations = [], propertySourceProperties = ["org.springframework.boot.test.context.SpringBootTestContextBootstrapper=true", "server.port=0"], contextCustomizers = [org.springframework.boot.test.context.filter.ExcludeFilterContextCustomizer@3c443976, org.springframework.boot.test.json.DuplicateJsonObjectContextCustomizerFactory$DuplicateJsonObjectContextCustomizer@6b04acb2, org.springframework.boot.test.mock.mockito.MockitoContextCustomizer@0, org.springframework.boot.test.web.client.TestRestTemplateContextCustomizer@4a1e3ac1, org.springframework.boot.test.autoconfigure.actuate.observability.ObservabilityContextCustomizerFactory$DisableObservabilityContextCustomizer@1f, org.springframework.boot.test.autoconfigure.properties.PropertyMappingContextCustomizer@0, org.springframework.boot.test.autoconfigure.web.servlet.WebDriverContextCustomizer@2375b321, org.springframework.boot.test.context.SpringBootTestAnnotation@6014c3f6], resourceBasePath = "src/main/webapp", contextLoader = org.springframework.boot.test.context.SpringBootContextLoader, parent = null]
		at org.springframework.test.context.cache.DefaultCacheAwareContextLoaderDelegate.loadContext(DefaultCacheAwareContextLoaderDelegate.java:143)
		at org.springframework.test.context.support.DefaultTestContext.getApplicationContext(DefaultTestContext.java:127)
		at org.springframework.test.context.support.DependencyInjectionTestExecutionListener.injectDependencies(DependencyInjectionTestExecutionListener.java:141)
		at org.springframework.test.context.support.DependencyInjectionTestExecutionListener.prepareTestInstance(DependencyInjectionTestExecutionListener.java:97)
		at org.springframework.test.context.TestContextManager.prepareTestInstance(TestContextManager.java:241)
		at org.springframework.test.context.junit.jupiter.SpringExtension.postProcessTestInstance(SpringExtension.java:138)
		at org.junit.jupiter.engine.descriptor.ClassBasedTestDescriptor.lambda$invokeTestInstancePostProcessors$10(ClassBasedTestDescriptor.java:377)
		at org.junit.jupiter.engine.descriptor.ClassBasedTestDescriptor.executeAndMaskThrowable(ClassBasedTestDescriptor.java:382)
		at org.junit.jupiter.engine.descriptor.ClassBasedTestDescriptor.lambda$invokeTestInstancePostProcessors$11(ClassBasedTestDescriptor.java:377)
		at java.base/java.util.stream.ReferencePipeline$3$1.accept(ReferencePipeline.java:197)
		at java.base/java.util.stream.ReferencePipeline$2$1.accept(ReferencePipeline.java:179)
		at java.base/java.util.ArrayList$ArrayListSpliterator.forEachRemaining(ArrayList.java:1708)
		at java.base/java.util.stream.AbstractPipeline.copyInto(AbstractPipeline.java:509)
		at java.base/java.util.stream.AbstractPipeline.wrapAndCopyInto(AbstractPipeline.java:499)
		at java.base/java.util.stream.StreamSpliterators$WrappingSpliterator.forEachRemaining(StreamSpliterators.java:310)
		at java.base/java.util.stream.Streams$ConcatSpliterator.forEachRemaining(Streams.java:735)
		at java.base/java.util.stream.Streams$ConcatSpliterator.forEachRemaining(Streams.java:734)
		at java.base/java.util.stream.Streams$ConcatSpliterator.forEachRemaining(Streams.java:734)
		at java.base/java.util.stream.ReferencePipeline$Head.forEach(ReferencePipeline.java:762)
		at org.junit.jupiter.engine.descriptor.ClassBasedTestDescriptor.invokeTestInstancePostProcessors(ClassBasedTestDescriptor.java:376)
		at org.junit.jupiter.engine.descriptor.ClassBasedTestDescriptor.lambda$instantiateAndPostProcessTestInstance$6(ClassBasedTestDescriptor.java:289)
		at org.junit.platform.engine.support.hierarchical.ThrowableCollector.execute(ThrowableCollector.java:73)
		at org.junit.jupiter.engine.descriptor.ClassBasedTestDescriptor.instantiateAndPostProcessTestInstance(ClassBasedTestDescriptor.java:288)
		... 62 more
	Caused by: org.springframework.beans.factory.BeanCreationException: Error creating bean with name 'requestMappingHandlerMapping' defined in class path resource [org/springframework/boot/autoconfigure/web/servlet/WebMvcAutoConfiguration$EnableWebMvcConfiguration.class]: Invalid mapping on handler class [grifo.spring.jpa.demo.controladores.ControladorRutina]: public grifo.spring.jpa.demo.dtos.RutinaDTO grifo.spring.jpa.demo.controladores.ControladorRutina.actualizarRutina(java.lang.Long,grifo.spring.jpa.demo.dtos.RutinaDTO)
		at org.springframework.beans.factory.support.AbstractAutowireCapableBeanFactory.initializeBean(AbstractAutowireCapableBeanFactory.java:1770)
		at org.springframework.beans.factory.support.AbstractAutowireCapableBeanFactory.doCreateBean(AbstractAutowireCapableBeanFactory.java:598)
		at org.springframework.beans.factory.support.AbstractAutowireCapableBeanFactory.createBean(AbstractAutowireCapableBeanFactory.java:520)
		at org.springframework.beans.factory.support.AbstractBeanFactory.lambda$doGetBean$0(AbstractBeanFactory.java:325)
		at org.springframework.beans.factory.support.DefaultSingletonBeanRegistry.getSingleton(DefaultSingletonBeanRegistry.java:234)
		at org.springframework.beans.factory.support.AbstractBeanFactory.doGetBean(AbstractBeanFactory.java:323)
		at org.springframework.beans.factory.support.AbstractBeanFactory.getBean(AbstractBeanFactory.java:199)
		at org.springframework.beans.factory.support.DefaultListableBeanFactory.preInstantiateSingletons(DefaultListableBeanFactory.java:973)
		at org.springframework.context.support.AbstractApplicationContext.finishBeanFactoryInitialization(AbstractApplicationContext.java:950)
		at org.springframework.context.support.AbstractApplicationContext.refresh(AbstractApplicationContext.java:616)
		at org.springframework.boot.web.servlet.context.ServletWebServerApplicationContext.refresh(ServletWebServerApplicationContext.java:146)
		at org.springframework.boot.SpringApplication.refresh(SpringApplication.java:738)
		at org.springframework.boot.SpringApplication.refreshContext(SpringApplication.java:440)
		at org.springframework.boot.SpringApplication.run(SpringApplication.java:316)
		at org.springframework.boot.test.context.SpringBootContextLoader.lambda$loadContext$3(SpringBootContextLoader.java:137)
		at org.springframework.util.function.ThrowingSupplier.get(ThrowingSupplier.java:58)
		at org.springframework.util.function.ThrowingSupplier.get(ThrowingSupplier.java:46)
		at org.springframework.boot.SpringApplication.withHook(SpringApplication.java:1406)
		at org.springframework.boot.test.context.SpringBootContextLoader$ContextLoaderHook.run(SpringBootContextLoader.java:545)
		at org.springframework.boot.test.context.SpringBootContextLoader.loadContext(SpringBootContextLoader.java:137)
		at org.springframework.boot.test.context.SpringBootContextLoader.loadContext(SpringBootContextLoader.java:108)
		at org.springframework.test.context.cache.DefaultCacheAwareContextLoaderDelegate.loadContextInternal(DefaultCacheAwareContextLoaderDelegate.java:187)
		at org.springframework.test.context.cache.DefaultCacheAwareContextLoaderDelegate.loadContext(DefaultCacheAwareContextLoaderDelegate.java:119)
		... 84 more
	Caused by: java.lang.IllegalStateException: Invalid mapping on handler class [grifo.spring.jpa.demo.controladores.ControladorRutina]: public grifo.spring.jpa.demo.dtos.RutinaDTO grifo.spring.jpa.demo.controladores.ControladorRutina.actualizarRutina(java.lang.Long,grifo.spring.jpa.demo.dtos.RutinaDTO)
		at org.springframework.web.servlet.handler.AbstractHandlerMethodMapping.lambda$detectHandlerMethods$1(AbstractHandlerMethodMapping.java:287)
		at org.springframework.core.MethodIntrospector.lambda$selectMethods$0(MethodIntrospector.java:74)
		at org.springframework.util.ReflectionUtils.doWithMethods(ReflectionUtils.java:366)
		at org.springframework.core.MethodIntrospector.selectMethods(MethodIntrospector.java:72)
		at org.springframework.web.servlet.handler.AbstractHandlerMethodMapping.detectHandlerMethods(AbstractHandlerMethodMapping.java:280)
		at org.springframework.web.servlet.handler.AbstractHandlerMethodMapping.processCandidateBean(AbstractHandlerMethodMapping.java:265)
		at org.springframework.web.servlet.handler.AbstractHandlerMethodMapping.initHandlerMethods(AbstractHandlerMethodMapping.java:224)
		at org.springframework.web.servlet.handler.AbstractHandlerMethodMapping.afterPropertiesSet(AbstractHandlerMethodMapping.java:212)
		at org.springframework.web.servlet.mvc.method.annotation.RequestMappingHandlerMapping.afterPropertiesSet(RequestMappingHandlerMapping.java:225)
		at org.springframework.beans.factory.support.AbstractAutowireCapableBeanFactory.invokeInitMethods(AbstractAutowireCapableBeanFactory.java:1817)
		at org.springframework.beans.factory.support.AbstractAutowireCapableBeanFactory.initializeBean(AbstractAutowireCapableBeanFactory.java:1766)
		... 106 more
	Caused by: org.springframework.web.util.pattern.PatternParseException: Expected close capture character after variable name }
		at org.springframework.web.util.pattern.InternalPathPatternParser.createPathElement(InternalPathPatternParser.java:314)
		at org.springframework.web.util.pattern.InternalPathPatternParser.parse(InternalPathPatternParser.java:111)
		at org.springframework.web.util.pattern.PathPatternParser.parse(PathPatternParser.java:129)
		at org.springframework.web.servlet.mvc.condition.PathPatternsRequestCondition.parse(PathPatternsRequestCondition.java:84)
		at org.springframework.web.servlet.mvc.condition.PathPatternsRequestCondition.<init>(PathPatternsRequestCondition.java:74)
		at org.springframework.web.servlet.mvc.method.RequestMappingInfo$DefaultBuilder.build(RequestMappingInfo.java:714)
		at org.springframework.web.servlet.mvc.method.annotation.RequestMappingHandlerMapping.createRequestMappingInfo(RequestMappingHandlerMapping.java:400)
		at org.springframework.web.servlet.mvc.method.annotation.RequestMappingHandlerMapping.createRequestMappingInfo(RequestMappingHandlerMapping.java:345)
		at org.springframework.web.servlet.mvc.method.annotation.RequestMappingHandlerMapping.getMappingForMethod(RequestMappingHandlerMapping.java:302)
		at org.springframework.web.servlet.mvc.method.annotation.RequestMappingHandlerMapping.getMappingForMethod(RequestMappingHandlerMapping.java:76)
		at org.springframework.web.servlet.handler.AbstractHandlerMethodMapping.lambda$detectHandlerMethods$1(AbstractHandlerMethodMapping.java:283)
		... 116 more
Caused by: org.springframework.beans.factory.BeanCreationException: Error creating bean with name 'requestMappingHandlerMapping' defined in class path resource [org/springframework/boot/autoconfigure/web/servlet/WebMvcAutoConfiguration$EnableWebMvcConfiguration.class]: Invalid mapping on handler class [grifo.spring.jpa.demo.controladores.ControladorRutina]: public grifo.spring.jpa.demo.dtos.RutinaDTO grifo.spring.jpa.demo.controladores.ControladorRutina.actualizarRutina(java.lang.Long,grifo.spring.jpa.demo.dtos.RutinaDTO)
	at org.springframework.beans.factory.support.AbstractAutowireCapableBeanFactory.initializeBean(AbstractAutowireCapableBeanFactory.java:1770)
	at org.springframework.beans.factory.support.AbstractAutowireCapableBeanFactory.doCreateBean(AbstractAutowireCapableBeanFactory.java:598)
	at org.springframework.beans.factory.support.AbstractAutowireCapableBeanFactory.createBean(AbstractAutowireCapableBeanFactory.java:520)
	at org.springframework.beans.factory.support.AbstractBeanFactory.lambda$doGetBean$0(AbstractBeanFactory.java:325)
	at org.springframework.beans.factory.support.DefaultSingletonBeanRegistry.getSingleton(DefaultSingletonBeanRegistry.java:234)
	at org.springframework.beans.factory.support.AbstractBeanFactory.doGetBean(AbstractBeanFactory.java:323)
	at org.springframework.beans.factory.support.AbstractBeanFactory.getBean(AbstractBeanFactory.java:199)
	at org.springframework.beans.factory.support.DefaultListableBeanFactory.preInstantiateSingletons(DefaultListableBeanFactory.java:973)
	at org.springframework.context.support.AbstractApplicationContext.finishBeanFactoryInitialization(AbstractApplicationContext.java:950)
	at org.springframework.context.support.AbstractApplicationContext.refresh(AbstractApplicationContext.java:616)
	at org.springframework.boot.web.servlet.context.ServletWebServerApplicationContext.refresh(ServletWebServerApplicationContext.java:146)
	at org.springframework.boot.SpringApplication.refresh(SpringApplication.java:738)
	at org.springframework.boot.SpringApplication.refreshContext(SpringApplication.java:440)
	at org.springframework.boot.SpringApplication.run(SpringApplication.java:316)
	at org.springframework.boot.test.context.SpringBootContextLoader.lambda$loadContext$3(SpringBootContextLoader.java:137)
	at org.springframework.util.function.ThrowingSupplier.get(ThrowingSupplier.java:58)
	at org.springframework.util.function.ThrowingSupplier.get(ThrowingSupplier.java:46)
	at org.springframework.boot.SpringApplication.withHook(SpringApplication.java:1406)
	at org.springframework.boot.test.context.SpringBootContextLoader$ContextLoaderHook.run(SpringBootContextLoader.java:545)
	at org.springframework.boot.test.context.SpringBootContextLoader.loadContext(SpringBootContextLoader.java:137)
	at org.springframework.boot.test.context.SpringBootContextLoader.loadContext(SpringBootContextLoader.java:108)
	at org.springframework.test.context.cache.DefaultCacheAwareContextLoaderDelegate.loadContextInternal(DefaultCacheAwareContextLoaderDelegate.java:187)
	at org.springframework.test.context.cache.DefaultCacheAwareContextLoaderDelegate.loadContext(DefaultCacheAwareContextLoaderDelegate.java:119)
	... 87 more
Caused by: java.lang.IllegalStateException: Invalid mapping on handler class [grifo.spring.jpa.demo.controladores.ControladorRutina]: public grifo.spring.jpa.demo.dtos.RutinaDTO grifo.spring.jpa.demo.controladores.ControladorRutina.actualizarRutina(java.lang.Long,grifo.spring.jpa.demo.dtos.RutinaDTO)
	at org.springframework.web.servlet.handler.AbstractHandlerMethodMapping.lambda$detectHandlerMethods$1(AbstractHandlerMethodMapping.java:287)
	at org.springframework.core.MethodIntrospector.lambda$selectMethods$0(MethodIntrospector.java:74)
	at org.springframework.util.ReflectionUtils.doWithMethods(ReflectionUtils.java:366)
	at org.springframework.core.MethodIntrospector.selectMethods(MethodIntrospector.java:72)
	at org.springframework.web.servlet.handler.AbstractHandlerMethodMapping.detectHandlerMethods(AbstractHandlerMethodMapping.java:280)
	at org.springframework.web.servlet.handler.AbstractHandlerMethodMapping.processCandidateBean(AbstractHandlerMethodMapping.java:265)
	at org.springframework.web.servlet.handler.AbstractHandlerMethodMapping.initHandlerMethods(AbstractHandlerMethodMapping.java:224)
	at org.springframework.web.servlet.handler.AbstractHandlerMethodMapping.afterPropertiesSet(AbstractHandlerMethodMapping.java:212)
	at org.springframework.web.servlet.mvc.method.annotation.RequestMappingHandlerMapping.afterPropertiesSet(RequestMappingHandlerMapping.java:225)
	at org.springframework.beans.factory.support.AbstractAutowireCapableBeanFactory.invokeInitMethods(AbstractAutowireCapableBeanFactory.java:1817)
	at org.springframework.beans.factory.support.AbstractAutowireCapableBeanFactory.initializeBean(AbstractAutowireCapableBeanFactory.java:1766)
	... 109 more
Caused by: org.springframework.web.util.pattern.PatternParseException: Expected close capture character after variable name }
	at org.springframework.web.util.pattern.InternalPathPatternParser.createPathElement(InternalPathPatternParser.java:314)
	at org.springframework.web.util.pattern.InternalPathPatternParser.parse(InternalPathPatternParser.java:111)
	at org.springframework.web.util.pattern.PathPatternParser.parse(PathPatternParser.java:129)
	at org.springframework.web.servlet.mvc.condition.PathPatternsRequestCondition.parse(PathPatternsRequestCondition.java:84)
	at org.springframework.web.servlet.mvc.condition.PathPatternsRequestCondition.<init>(PathPatternsRequestCondition.java:74)
	at org.springframework.web.servlet.mvc.method.RequestMappingInfo$DefaultBuilder.build(RequestMappingInfo.java:714)
	at org.springframework.web.servlet.mvc.method.annotation.RequestMappingHandlerMapping.createRequestMappingInfo(RequestMappingHandlerMapping.java:400)
	at org.springframework.web.servlet.mvc.method.annotation.RequestMappingHandlerMapping.createRequestMappingInfo(RequestMappingHandlerMapping.java:345)
	at org.springframework.web.servlet.mvc.method.annotation.RequestMappingHandlerMapping.getMappingForMethod(RequestMappingHandlerMapping.java:302)
	at org.springframework.web.servlet.mvc.method.annotation.RequestMappingHandlerMapping.getMappingForMethod(RequestMappingHandlerMapping.java:76)
	at org.springframework.web.servlet.handler.AbstractHandlerMethodMapping.lambda$detectHandlerMethods$1(AbstractHandlerMethodMapping.java:283)
	... 119 more
]]></error>
    <system-out><![CDATA[
  .   ____          _            __ _ _
 /\\ / ___'_ __ _ _(_)_ __  __ _ \ \ \ \
( ( )\___ | '_ | '_| | '_ \/ _` | \ \ \ \
 \\/  ___)| |_)| | | | | || (_| |  ) ) ) )
  '  |____| .__|_| |_|_| |_\__, | / / / /
 =========|_|==============|___/=/_/_/_/
 :: Spring Boot ::                (v3.1.5)

2024-05-25T12:16:15.633+02:00  INFO 12124 --- [           main] g.s.j.d.EjerciciosRutinasAplicationTests : Starting EjerciciosRutinasAplicationTests using Java 21.0.2 with PID 12124 (started by Juanjo in c:\Users\Juanjo\Documents\GitHub\ciklum-el-grifo\jpa\spring-jpa)
2024-05-25T12:16:15.633+02:00  INFO 12124 --- [           main] g.s.j.d.EjerciciosRutinasAplicationTests : No active profile set, falling back to 1 default profile: "default"
2024-05-25T12:16:15.752+02:00  INFO 12124 --- [           main] .s.d.r.c.RepositoryConfigurationDelegate : Bootstrapping Spring Data JPA repositories in DEFAULT mode.
2024-05-25T12:16:15.763+02:00  INFO 12124 --- [           main] .s.d.r.c.RepositoryConfigurationDelegate : Finished Spring Data repository scanning in 10 ms. Found 2 JPA repository interfaces.
2024-05-25T12:16:15.820+02:00  INFO 12124 --- [           main] o.s.b.w.embedded.tomcat.TomcatWebServer  : Tomcat initialized with port(s): 0 (http)
2024-05-25T12:16:15.820+02:00  INFO 12124 --- [           main] o.apache.catalina.core.StandardService   : Starting service [Tomcat]
2024-05-25T12:16:15.821+02:00  INFO 12124 --- [           main] o.apache.catalina.core.StandardEngine    : Starting Servlet engine: [Apache Tomcat/10.1.15]
2024-05-25T12:16:15.839+02:00  INFO 12124 --- [           main] o.a.c.c.C.[Tomcat-4].[localhost].[/]     : Initializing Spring embedded WebApplicationContext
2024-05-25T12:16:15.839+02:00  INFO 12124 --- [           main] w.s.c.ServletWebServerApplicationContext : Root WebApplicationContext: initialization completed in 204 ms
2024-05-25T12:16:15.870+02:00  INFO 12124 --- [           main] com.zaxxer.hikari.HikariDataSource       : HikariPool-5 - Starting...
2024-05-25T12:16:15.873+02:00  INFO 12124 --- [           main] com.zaxxer.hikari.pool.HikariPool        : HikariPool-5 - Added connection conn34: url=jdbc:h2:mem:db user=USER
2024-05-25T12:16:15.873+02:00  INFO 12124 --- [           main] com.zaxxer.hikari.HikariDataSource       : HikariPool-5 - Start completed.
2024-05-25T12:16:15.874+02:00  INFO 12124 --- [           main] o.hibernate.jpa.internal.util.LogHelper  : HHH000204: Processing PersistenceUnitInfo [name: default]
2024-05-25T12:16:15.881+02:00  INFO 12124 --- [           main] o.s.o.j.p.SpringPersistenceUnitInfo      : No LoadTimeWeaver setup: ignoring JPA class transformer
2024-05-25T12:16:15.915+02:00  INFO 12124 --- [           main] o.h.m.i.EntityInstantiatorPojoStandard   : HHH000182: No default (no-argument) constructor for class: grifo.spring.jpa.demo.entities.Ejercicio (class must be instantiated by Interceptor)
2024-05-25T12:16:15.923+02:00  INFO 12124 --- [           main] o.h.m.i.EntityInstantiatorPojoStandard   : HHH000182: No default (no-argument) constructor for class: grifo.spring.jpa.demo.entities.FragmentoRutina (class must be instantiated by Interceptor)
2024-05-25T12:16:15.942+02:00  INFO 12124 --- [           main] o.h.e.t.j.p.i.JtaPlatformInitiator       : HHH000489: No JTA platform available (set 'hibernate.transaction.jta.platform' to enable JTA platform integration)
2024-05-25T12:16:15.944+02:00  INFO 12124 --- [           main] j.LocalContainerEntityManagerFactoryBean : Initialized JPA EntityManagerFactory for persistence unit 'default'
2024-05-25T12:16:15.993+02:00  WARN 12124 --- [           main] JpaBaseConfiguration$JpaWebConfiguration : spring.jpa.open-in-view is enabled by default. Therefore, database queries may be performed during view rendering. Explicitly configure spring.jpa.open-in-view to disable this warning
2024-05-25T12:16:15.997+02:00  WARN 12124 --- [           main] .s.s.UserDetailsServiceAutoConfiguration : 

Using generated security password: 0c2398c6-1e24-4820-9529-c14cbe976e8c

This generated password is for development use only. Your security configuration must be updated before running your application in production.

2024-05-25T12:16:16.005+02:00  INFO 12124 --- [           main] o.s.s.web.DefaultSecurityFilterChain     : Will secure any request with [org.springframework.security.web.session.DisableEncodeUrlFilter@45097caa, org.springframework.security.web.context.request.async.WebAsyncManagerIntegrationFilter@10dea33e, org.springframework.security.web.context.SecurityContextHolderFilter@be7f4b5, org.springframework.security.web.header.HeaderWriterFilter@3c4c71d0, org.springframework.security.web.csrf.CsrfFilter@2f3033ea, org.springframework.security.web.authentication.logout.LogoutFilter@dedbe42, org.springframework.security.web.authentication.UsernamePasswordAuthenticationFilter@f0cf7a4, org.springframework.security.web.authentication.ui.DefaultLoginPageGeneratingFilter@2d23b35c, org.springframework.security.web.authentication.ui.DefaultLogoutPageGeneratingFilter@7807d756, org.springframework.security.web.authentication.www.BasicAuthenticationFilter@6ff347a9, org.springframework.security.web.savedrequest.RequestCacheAwareFilter@25e63940, org.springframework.security.web.servletapi.SecurityContextHolderAwareRequestFilter@723e9e3a, org.springframework.security.web.authentication.AnonymousAuthenticationFilter@dbc09f0, org.springframework.security.web.access.ExceptionTranslationFilter@10e8ecfa, org.springframework.security.web.access.intercept.AuthorizationFilter@3badd5e0]
2024-05-25T12:16:16.041+02:00  WARN 12124 --- [           main] ConfigServletWebServerApplicationContext : Exception encountered during context initialization - cancelling refresh attempt: org.springframework.beans.factory.BeanCreationException: Error creating bean with name 'requestMappingHandlerMapping' defined in class path resource [org/springframework/boot/autoconfigure/web/servlet/WebMvcAutoConfiguration$EnableWebMvcConfiguration.class]: Invalid mapping on handler class [grifo.spring.jpa.demo.controladores.ControladorRutina]: public grifo.spring.jpa.demo.dtos.RutinaDTO grifo.spring.jpa.demo.controladores.ControladorRutina.actualizarRutina(java.lang.Long,grifo.spring.jpa.demo.dtos.RutinaDTO)
2024-05-25T12:16:16.042+02:00  INFO 12124 --- [           main] j.LocalContainerEntityManagerFactoryBean : Closing JPA EntityManagerFactory for persistence unit 'default'
2024-05-25T12:16:16.042+02:00  INFO 12124 --- [           main] com.zaxxer.hikari.HikariDataSource       : HikariPool-5 - Shutdown initiated...
2024-05-25T12:16:16.050+02:00  INFO 12124 --- [           main] com.zaxxer.hikari.HikariDataSource       : HikariPool-5 - Shutdown completed.
2024-05-25T12:16:16.050+02:00  INFO 12124 --- [           main] o.apache.catalina.core.StandardService   : Stopping service [Tomcat]
2024-05-25T12:16:16.055+02:00  INFO 12124 --- [           main] .s.b.a.l.ConditionEvaluationReportLogger : 

Error starting ApplicationContext. To display the condition evaluation report re-run your application with 'debug' enabled.
2024-05-25T12:16:16.057+02:00 ERROR 12124 --- [           main] o.s.b.d.LoggingFailureAnalysisReporter   : 

***************************
APPLICATION FAILED TO START
***************************

Description:

Invalid mapping pattern detected: /{/idRutina}
  ^
Expected close capture character after variable name }

Action:

Fix this pattern in your application or switch to the legacy parser implementation with 'spring.mvc.pathmatch.matching-strategy=ant_path_matcher'.

2024-05-25T12:16:16.057+02:00 ERROR 12124 --- [           main] o.s.test.context.TestContextManager      : Caught exception while allowing TestExecutionListener [org.springframework.test.context.support.DependencyInjectionTestExecutionListener] to prepare test instance [grifo.spring.jpa.demo.EjerciciosRutinasAplicationTests@621bed48]

java.lang.IllegalStateException: Failed to load ApplicationContext for [WebMergedContextConfiguration@1699e337 testClass = grifo.spring.jpa.demo.EjerciciosRutinasAplicationTests, locations = [], classes = [grifo.spring.jpa.demo.EntidadesApplication], contextInitializerClasses = [], activeProfiles = [], propertySourceLocations = [], propertySourceProperties = ["org.springframework.boot.test.context.SpringBootTestContextBootstrapper=true", "server.port=0"], contextCustomizers = [org.springframework.boot.test.context.filter.ExcludeFilterContextCustomizer@3c443976, org.springframework.boot.test.json.DuplicateJsonObjectContextCustomizerFactory$DuplicateJsonObjectContextCustomizer@6b04acb2, org.springframework.boot.test.mock.mockito.MockitoContextCustomizer@0, org.springframework.boot.test.web.client.TestRestTemplateContextCustomizer@4a1e3ac1, org.springframework.boot.test.autoconfigure.actuate.observability.ObservabilityContextCustomizerFactory$DisableObservabilityContextCustomizer@1f, org.springframework.boot.test.autoconfigure.properties.PropertyMappingContextCustomizer@0, org.springframework.boot.test.autoconfigure.web.servlet.WebDriverContextCustomizer@2375b321, org.springframework.boot.test.context.SpringBootTestAnnotation@6014c3f6], resourceBasePath = "src/main/webapp", contextLoader = org.springframework.boot.test.context.SpringBootContextLoader, parent = null]
	at org.springframework.test.context.cache.DefaultCacheAwareContextLoaderDelegate.loadContext(DefaultCacheAwareContextLoaderDelegate.java:143) ~[spring-test-6.0.13.jar:6.0.13]
	at org.springframework.test.context.support.DefaultTestContext.getApplicationContext(DefaultTestContext.java:127) ~[spring-test-6.0.13.jar:6.0.13]
	at org.springframework.test.context.support.DependencyInjectionTestExecutionListener.injectDependencies(DependencyInjectionTestExecutionListener.java:141) ~[spring-test-6.0.13.jar:6.0.13]
	at org.springframework.test.context.support.DependencyInjectionTestExecutionListener.prepareTestInstance(DependencyInjectionTestExecutionListener.java:97) ~[spring-test-6.0.13.jar:6.0.13]
	at org.springframework.test.context.TestContextManager.prepareTestInstance(TestContextManager.java:241) ~[spring-test-6.0.13.jar:6.0.13]
	at org.springframework.test.context.junit.jupiter.SpringExtension.postProcessTestInstance(SpringExtension.java:138) ~[spring-test-6.0.13.jar:6.0.13]
	at org.junit.jupiter.engine.descriptor.ClassBasedTestDescriptor.lambda$invokeTestInstancePostProcessors$10(ClassBasedTestDescriptor.java:377) ~[junit-jupiter-engine-5.9.3.jar:5.9.3]
	at org.junit.jupiter.engine.descriptor.ClassBasedTestDescriptor.executeAndMaskThrowable(ClassBasedTestDescriptor.java:382) ~[junit-jupiter-engine-5.9.3.jar:5.9.3]
	at org.junit.jupiter.engine.descriptor.ClassBasedTestDescriptor.lambda$invokeTestInstancePostProcessors$11(ClassBasedTestDescriptor.java:377) ~[junit-jupiter-engine-5.9.3.jar:5.9.3]
	at java.base/java.util.stream.ReferencePipeline$3$1.accept(ReferencePipeline.java:197) ~[na:na]
	at java.base/java.util.stream.ReferencePipeline$2$1.accept(ReferencePipeline.java:179) ~[na:na]
	at java.base/java.util.ArrayList$ArrayListSpliterator.forEachRemaining(ArrayList.java:1708) ~[na:na]
	at java.base/java.util.stream.AbstractPipeline.copyInto(AbstractPipeline.java:509) ~[na:na]
	at java.base/java.util.stream.AbstractPipeline.wrapAndCopyInto(AbstractPipeline.java:499) ~[na:na]
	at java.base/java.util.stream.StreamSpliterators$WrappingSpliterator.forEachRemaining(StreamSpliterators.java:310) ~[na:na]
	at java.base/java.util.stream.Streams$ConcatSpliterator.forEachRemaining(Streams.java:735) ~[na:na]
	at java.base/java.util.stream.ReferencePipeline$Head.forEach(ReferencePipeline.java:762) ~[na:na]
	at org.junit.jupiter.engine.descriptor.ClassBasedTestDescriptor.invokeTestInstancePostProcessors(ClassBasedTestDescriptor.java:376) ~[junit-jupiter-engine-5.9.3.jar:5.9.3]
	at org.junit.jupiter.engine.descriptor.ClassBasedTestDescriptor.lambda$instantiateAndPostProcessTestInstance$6(ClassBasedTestDescriptor.java:289) ~[junit-jupiter-engine-5.9.3.jar:5.9.3]
	at org.junit.platform.engine.support.hierarchical.ThrowableCollector.execute(ThrowableCollector.java:73) ~[junit-platform-engine-1.9.3.jar:1.9.3]
	at org.junit.jupiter.engine.descriptor.ClassBasedTestDescriptor.instantiateAndPostProcessTestInstance(ClassBasedTestDescriptor.java:288) ~[junit-jupiter-engine-5.9.3.jar:5.9.3]
	at org.junit.jupiter.engine.descriptor.ClassBasedTestDescriptor.lambda$testInstancesProvider$4(ClassBasedTestDescriptor.java:278) ~[junit-jupiter-engine-5.9.3.jar:5.9.3]
	at java.base/java.util.Optional.orElseGet(Optional.java:364) ~[na:na]
	at org.junit.jupiter.engine.descriptor.ClassBasedTestDescriptor.lambda$testInstancesProvider$5(ClassBasedTestDescriptor.java:277) ~[junit-jupiter-engine-5.9.3.jar:5.9.3]
	at org.junit.jupiter.engine.descriptor.NestedClassTestDescriptor.instantiateTestClass(NestedClassTestDescriptor.java:85) ~[junit-jupiter-engine-5.9.3.jar:5.9.3]
	at org.junit.jupiter.engine.descriptor.ClassBasedTestDescriptor.instantiateAndPostProcessTestInstance(ClassBasedTestDescriptor.java:286) ~[junit-jupiter-engine-5.9.3.jar:5.9.3]
	at org.junit.jupiter.engine.descriptor.ClassBasedTestDescriptor.lambda$testInstancesProvider$4(ClassBasedTestDescriptor.java:278) ~[junit-jupiter-engine-5.9.3.jar:5.9.3]
	at java.base/java.util.Optional.orElseGet(Optional.java:364) ~[na:na]
	at org.junit.jupiter.engine.descriptor.ClassBasedTestDescriptor.lambda$testInstancesProvider$5(ClassBasedTestDescriptor.java:277) ~[junit-jupiter-engine-5.9.3.jar:5.9.3]
	at org.junit.jupiter.engine.execution.TestInstancesProvider.getTestInstances(TestInstancesProvider.java:31) ~[junit-jupiter-engine-5.9.3.jar:5.9.3]
	at org.junit.jupiter.engine.descriptor.TestMethodTestDescriptor.lambda$prepare$0(TestMethodTestDescriptor.java:105) ~[junit-jupiter-engine-5.9.3.jar:5.9.3]
	at org.junit.platform.engine.support.hierarchical.ThrowableCollector.execute(ThrowableCollector.java:73) ~[junit-platform-engine-1.9.3.jar:1.9.3]
	at org.junit.jupiter.engine.descriptor.TestMethodTestDescriptor.prepare(TestMethodTestDescriptor.java:104) ~[junit-jupiter-engine-5.9.3.jar:5.9.3]
	at org.junit.jupiter.engine.descriptor.TestMethodTestDescriptor.prepare(TestMethodTestDescriptor.java:68) ~[junit-jupiter-engine-5.9.3.jar:5.9.3]
	at org.junit.platform.engine.support.hierarchical.NodeTestTask.lambda$prepare$2(NodeTestTask.java:123) ~[junit-platform-engine-1.9.3.jar:1.9.3]
	at org.junit.platform.engine.support.hierarchical.ThrowableCollector.execute(ThrowableCollector.java:73) ~[junit-platform-engine-1.9.3.jar:1.9.3]
	at org.junit.platform.engine.support.hierarchical.NodeTestTask.prepare(NodeTestTask.java:123) ~[junit-platform-engine-1.9.3.jar:1.9.3]
	at org.junit.platform.engine.support.hierarchical.NodeTestTask.execute(NodeTestTask.java:90) ~[junit-platform-engine-1.9.3.jar:1.9.3]
	at java.base/java.util.ArrayList.forEach(ArrayList.java:1596) ~[na:na]
	at org.junit.platform.engine.support.hierarchical.SameThreadHierarchicalTestExecutorService.invokeAll(SameThreadHierarchicalTestExecutorService.java:41) ~[junit-platform-engine-1.9.3.jar:1.9.3]
	at org.junit.platform.engine.support.hierarchical.NodeTestTask.lambda$executeRecursively$6(NodeTestTask.java:155) ~[junit-platform-engine-1.9.3.jar:1.9.3]
	at org.junit.platform.engine.support.hierarchical.ThrowableCollector.execute(ThrowableCollector.java:73) ~[junit-platform-engine-1.9.3.jar:1.9.3]
	at org.junit.platform.engine.support.hierarchical.NodeTestTask.lambda$executeRecursively$8(NodeTestTask.java:141) ~[junit-platform-engine-1.9.3.jar:1.9.3]
	at org.junit.platform.engine.support.hierarchical.Node.around(Node.java:137) ~[junit-platform-engine-1.9.3.jar:1.9.3]
	at org.junit.platform.engine.support.hierarchical.NodeTestTask.lambda$executeRecursively$9(NodeTestTask.java:139) ~[junit-platform-engine-1.9.3.jar:1.9.3]
	at org.junit.platform.engine.support.hierarchical.ThrowableCollector.execute(ThrowableCollector.java:73) ~[junit-platform-engine-1.9.3.jar:1.9.3]
	at org.junit.platform.engine.support.hierarchical.NodeTestTask.executeRecursively(NodeTestTask.java:138) ~[junit-platform-engine-1.9.3.jar:1.9.3]
	at org.junit.platform.engine.support.hierarchical.NodeTestTask.execute(NodeTestTask.java:95) ~[junit-platform-engine-1.9.3.jar:1.9.3]
	at java.base/java.util.ArrayList.forEach(ArrayList.java:1596) ~[na:na]
	at org.junit.platform.engine.support.hierarchical.SameThreadHierarchicalTestExecutorService.invokeAll(SameThreadHierarchicalTestExecutorService.java:41) ~[junit-platform-engine-1.9.3.jar:1.9.3]
	at org.junit.platform.engine.support.hierarchical.NodeTestTask.lambda$executeRecursively$6(NodeTestTask.java:155) ~[junit-platform-engine-1.9.3.jar:1.9.3]
	at org.junit.platform.engine.support.hierarchical.ThrowableCollector.execute(ThrowableCollector.java:73) ~[junit-platform-engine-1.9.3.jar:1.9.3]
	at org.junit.platform.engine.support.hierarchical.NodeTestTask.lambda$executeRecursively$8(NodeTestTask.java:141) ~[junit-platform-engine-1.9.3.jar:1.9.3]
	at org.junit.platform.engine.support.hierarchical.Node.around(Node.java:137) ~[junit-platform-engine-1.9.3.jar:1.9.3]
	at org.junit.platform.engine.support.hierarchical.NodeTestTask.lambda$executeRecursively$9(NodeTestTask.java:139) ~[junit-platform-engine-1.9.3.jar:1.9.3]
	at org.junit.platform.engine.support.hierarchical.ThrowableCollector.execute(ThrowableCollector.java:73) ~[junit-platform-engine-1.9.3.jar:1.9.3]
	at org.junit.platform.engine.support.hierarchical.NodeTestTask.executeRecursively(NodeTestTask.java:138) ~[junit-platform-engine-1.9.3.jar:1.9.3]
	at org.junit.platform.engine.support.hierarchical.NodeTestTask.execute(NodeTestTask.java:95) ~[junit-platform-engine-1.9.3.jar:1.9.3]
	at java.base/java.util.ArrayList.forEach(ArrayList.java:1596) ~[na:na]
	at org.junit.platform.engine.support.hierarchical.SameThreadHierarchicalTestExecutorService.invokeAll(SameThreadHierarchicalTestExecutorService.java:41) ~[junit-platform-engine-1.9.3.jar:1.9.3]
	at org.junit.platform.engine.support.hierarchical.NodeTestTask.lambda$executeRecursively$6(NodeTestTask.java:155) ~[junit-platform-engine-1.9.3.jar:1.9.3]
	at org.junit.platform.engine.support.hierarchical.ThrowableCollector.execute(ThrowableCollector.java:73) ~[junit-platform-engine-1.9.3.jar:1.9.3]
	at org.junit.platform.engine.support.hierarchical.NodeTestTask.lambda$executeRecursively$8(NodeTestTask.java:141) ~[junit-platform-engine-1.9.3.jar:1.9.3]
	at org.junit.platform.engine.support.hierarchical.Node.around(Node.java:137) ~[junit-platform-engine-1.9.3.jar:1.9.3]
	at org.junit.platform.engine.support.hierarchical.NodeTestTask.lambda$executeRecursively$9(NodeTestTask.java:139) ~[junit-platform-engine-1.9.3.jar:1.9.3]
	at org.junit.platform.engine.support.hierarchical.ThrowableCollector.execute(ThrowableCollector.java:73) ~[junit-platform-engine-1.9.3.jar:1.9.3]
	at org.junit.platform.engine.support.hierarchical.NodeTestTask.executeRecursively(NodeTestTask.java:138) ~[junit-platform-engine-1.9.3.jar:1.9.3]
	at org.junit.platform.engine.support.hierarchical.NodeTestTask.execute(NodeTestTask.java:95) ~[junit-platform-engine-1.9.3.jar:1.9.3]
	at org.junit.platform.engine.support.hierarchical.SameThreadHierarchicalTestExecutorService.submit(SameThreadHierarchicalTestExecutorService.java:35) ~[junit-platform-engine-1.9.3.jar:1.9.3]
	at org.junit.platform.engine.support.hierarchical.HierarchicalTestExecutor.execute(HierarchicalTestExecutor.java:57) ~[junit-platform-engine-1.9.3.jar:1.9.3]
	at org.junit.platform.engine.support.hierarchical.HierarchicalTestEngine.execute(HierarchicalTestEngine.java:54) ~[junit-platform-engine-1.9.3.jar:1.9.3]
	at org.junit.platform.launcher.core.EngineExecutionOrchestrator.execute(EngineExecutionOrchestrator.java:147) ~[junit-platform-launcher-1.9.3.jar:1.9.3]
	at org.junit.platform.launcher.core.EngineExecutionOrchestrator.execute(EngineExecutionOrchestrator.java:127) ~[junit-platform-launcher-1.9.3.jar:1.9.3]
	at org.junit.platform.launcher.core.EngineExecutionOrchestrator.execute(EngineExecutionOrchestrator.java:90) ~[junit-platform-launcher-1.9.3.jar:1.9.3]
	at org.junit.platform.launcher.core.EngineExecutionOrchestrator.lambda$execute$0(EngineExecutionOrchestrator.java:55) ~[junit-platform-launcher-1.9.3.jar:1.9.3]
	at org.junit.platform.launcher.core.EngineExecutionOrchestrator.withInterceptedStreams(EngineExecutionOrchestrator.java:102) ~[junit-platform-launcher-1.9.3.jar:1.9.3]
	at org.junit.platform.launcher.core.EngineExecutionOrchestrator.execute(EngineExecutionOrchestrator.java:54) ~[junit-platform-launcher-1.9.3.jar:1.9.3]
	at org.junit.platform.launcher.core.DefaultLauncher.execute(DefaultLauncher.java:114) ~[junit-platform-launcher-1.9.3.jar:1.9.3]
	at org.junit.platform.launcher.core.DefaultLauncher.execute(DefaultLauncher.java:86) ~[junit-platform-launcher-1.9.3.jar:1.9.3]
	at org.junit.platform.launcher.core.DefaultLauncherSession$DelegatingLauncher.execute(DefaultLauncherSession.java:86) ~[junit-platform-launcher-1.9.3.jar:1.9.3]
	at org.apache.maven.surefire.junitplatform.LazyLauncher.execute(LazyLauncher.java:55) ~[surefire-junit-platform-3.0.0-M9.jar:3.0.0-M9]
	at org.apache.maven.surefire.junitplatform.JUnitPlatformProvider.execute(JUnitPlatformProvider.java:223) ~[surefire-junit-platform-3.0.0-M9.jar:3.0.0-M9]
	at org.apache.maven.surefire.junitplatform.JUnitPlatformProvider.invokeAllTests(JUnitPlatformProvider.java:175) ~[surefire-junit-platform-3.0.0-M9.jar:3.0.0-M9]
	at org.apache.maven.surefire.junitplatform.JUnitPlatformProvider.invoke(JUnitPlatformProvider.java:139) ~[surefire-junit-platform-3.0.0-M9.jar:3.0.0-M9]
	at org.apache.maven.surefire.booter.ForkedBooter.runSuitesInProcess(ForkedBooter.java:456) ~[surefire-booter-3.0.0-M9.jar:3.0.0-M9]
	at org.apache.maven.surefire.booter.ForkedBooter.execute(ForkedBooter.java:169) ~[surefire-booter-3.0.0-M9.jar:3.0.0-M9]
	at org.apache.maven.surefire.booter.ForkedBooter.run(ForkedBooter.java:595) ~[surefire-booter-3.0.0-M9.jar:3.0.0-M9]
	at org.apache.maven.surefire.booter.ForkedBooter.main(ForkedBooter.java:581) ~[surefire-booter-3.0.0-M9.jar:3.0.0-M9]
Caused by: org.springframework.beans.factory.BeanCreationException: Error creating bean with name 'requestMappingHandlerMapping' defined in class path resource [org/springframework/boot/autoconfigure/web/servlet/WebMvcAutoConfiguration$EnableWebMvcConfiguration.class]: Invalid mapping on handler class [grifo.spring.jpa.demo.controladores.ControladorRutina]: public grifo.spring.jpa.demo.dtos.RutinaDTO grifo.spring.jpa.demo.controladores.ControladorRutina.actualizarRutina(java.lang.Long,grifo.spring.jpa.demo.dtos.RutinaDTO)
	at org.springframework.beans.factory.support.AbstractAutowireCapableBeanFactory.initializeBean(AbstractAutowireCapableBeanFactory.java:1770) ~[spring-beans-6.0.13.jar:6.0.13]
	at org.springframework.beans.factory.support.AbstractAutowireCapableBeanFactory.doCreateBean(AbstractAutowireCapableBeanFactory.java:598) ~[spring-beans-6.0.13.jar:6.0.13]
	at org.springframework.beans.factory.support.AbstractAutowireCapableBeanFactory.createBean(AbstractAutowireCapableBeanFactory.java:520) ~[spring-beans-6.0.13.jar:6.0.13]
	at org.springframework.beans.factory.support.AbstractBeanFactory.lambda$doGetBean$0(AbstractBeanFactory.java:325) ~[spring-beans-6.0.13.jar:6.0.13]
	at org.springframework.beans.factory.support.DefaultSingletonBeanRegistry.getSingleton(DefaultSingletonBeanRegistry.java:234) ~[spring-beans-6.0.13.jar:6.0.13]
	at org.springframework.beans.factory.support.AbstractBeanFactory.doGetBean(AbstractBeanFactory.java:323) ~[spring-beans-6.0.13.jar:6.0.13]
	at org.springframework.beans.factory.support.AbstractBeanFactory.getBean(AbstractBeanFactory.java:199) ~[spring-beans-6.0.13.jar:6.0.13]
	at org.springframework.beans.factory.support.DefaultListableBeanFactory.preInstantiateSingletons(DefaultListableBeanFactory.java:973) ~[spring-beans-6.0.13.jar:6.0.13]
	at org.springframework.context.support.AbstractApplicationContext.finishBeanFactoryInitialization(AbstractApplicationContext.java:950) ~[spring-context-6.0.13.jar:6.0.13]
	at org.springframework.context.support.AbstractApplicationContext.refresh(AbstractApplicationContext.java:616) ~[spring-context-6.0.13.jar:6.0.13]
	at org.springframework.boot.web.servlet.context.ServletWebServerApplicationContext.refresh(ServletWebServerApplicationContext.java:146) ~[spring-boot-3.1.5.jar:3.1.5]
	at org.springframework.boot.SpringApplication.refresh(SpringApplication.java:738) ~[spring-boot-3.1.5.jar:3.1.5]
	at org.springframework.boot.SpringApplication.refreshContext(SpringApplication.java:440) ~[spring-boot-3.1.5.jar:3.1.5]
	at org.springframework.boot.SpringApplication.run(SpringApplication.java:316) ~[spring-boot-3.1.5.jar:3.1.5]
	at org.springframework.boot.test.context.SpringBootContextLoader.lambda$loadContext$3(SpringBootContextLoader.java:137) ~[spring-boot-test-3.1.5.jar:3.1.5]
	at org.springframework.util.function.ThrowingSupplier.get(ThrowingSupplier.java:58) ~[spring-core-6.0.13.jar:6.0.13]
	at org.springframework.util.function.ThrowingSupplier.get(ThrowingSupplier.java:46) ~[spring-core-6.0.13.jar:6.0.13]
	at org.springframework.boot.SpringApplication.withHook(SpringApplication.java:1406) ~[spring-boot-3.1.5.jar:3.1.5]
	at org.springframework.boot.test.context.SpringBootContextLoader$ContextLoaderHook.run(SpringBootContextLoader.java:545) ~[spring-boot-test-3.1.5.jar:3.1.5]
	at org.springframework.boot.test.context.SpringBootContextLoader.loadContext(SpringBootContextLoader.java:137) ~[spring-boot-test-3.1.5.jar:3.1.5]
	at org.springframework.boot.test.context.SpringBootContextLoader.loadContext(SpringBootContextLoader.java:108) ~[spring-boot-test-3.1.5.jar:3.1.5]
	at org.springframework.test.context.cache.DefaultCacheAwareContextLoaderDelegate.loadContextInternal(DefaultCacheAwareContextLoaderDelegate.java:187) ~[spring-test-6.0.13.jar:6.0.13]
	at org.springframework.test.context.cache.DefaultCacheAwareContextLoaderDelegate.loadContext(DefaultCacheAwareContextLoaderDelegate.java:119) ~[spring-test-6.0.13.jar:6.0.13]
	... 87 common frames omitted
Caused by: java.lang.IllegalStateException: Invalid mapping on handler class [grifo.spring.jpa.demo.controladores.ControladorRutina]: public grifo.spring.jpa.demo.dtos.RutinaDTO grifo.spring.jpa.demo.controladores.ControladorRutina.actualizarRutina(java.lang.Long,grifo.spring.jpa.demo.dtos.RutinaDTO)
	at org.springframework.web.servlet.handler.AbstractHandlerMethodMapping.lambda$detectHandlerMethods$1(AbstractHandlerMethodMapping.java:287) ~[spring-webmvc-6.0.13.jar:6.0.13]
	at org.springframework.core.MethodIntrospector.lambda$selectMethods$0(MethodIntrospector.java:74) ~[spring-core-6.0.13.jar:6.0.13]
	at org.springframework.util.ReflectionUtils.doWithMethods(ReflectionUtils.java:366) ~[spring-core-6.0.13.jar:6.0.13]
	at org.springframework.core.MethodIntrospector.selectMethods(MethodIntrospector.java:72) ~[spring-core-6.0.13.jar:6.0.13]
	at org.springframework.web.servlet.handler.AbstractHandlerMethodMapping.detectHandlerMethods(AbstractHandlerMethodMapping.java:280) ~[spring-webmvc-6.0.13.jar:6.0.13]
	at org.springframework.web.servlet.handler.AbstractHandlerMethodMapping.processCandidateBean(AbstractHandlerMethodMapping.java:265) ~[spring-webmvc-6.0.13.jar:6.0.13]
	at org.springframework.web.servlet.handler.AbstractHandlerMethodMapping.initHandlerMethods(AbstractHandlerMethodMapping.java:224) ~[spring-webmvc-6.0.13.jar:6.0.13]
	at org.springframework.web.servlet.handler.AbstractHandlerMethodMapping.afterPropertiesSet(AbstractHandlerMethodMapping.java:212) ~[spring-webmvc-6.0.13.jar:6.0.13]
	at org.springframework.web.servlet.mvc.method.annotation.RequestMappingHandlerMapping.afterPropertiesSet(RequestMappingHandlerMapping.java:225) ~[spring-webmvc-6.0.13.jar:6.0.13]
	at org.springframework.beans.factory.support.AbstractAutowireCapableBeanFactory.invokeInitMethods(AbstractAutowireCapableBeanFactory.java:1817) ~[spring-beans-6.0.13.jar:6.0.13]
	at org.springframework.beans.factory.support.AbstractAutowireCapableBeanFactory.initializeBean(AbstractAutowireCapableBeanFactory.java:1766) ~[spring-beans-6.0.13.jar:6.0.13]
	... 109 common frames omitted
Caused by: org.springframework.web.util.pattern.PatternParseException: Expected close capture character after variable name }
	at org.springframework.web.util.pattern.InternalPathPatternParser.createPathElement(InternalPathPatternParser.java:314) ~[spring-web-6.0.13.jar:6.0.13]
	at org.springframework.web.util.pattern.InternalPathPatternParser.parse(InternalPathPatternParser.java:111) ~[spring-web-6.0.13.jar:6.0.13]
	at org.springframework.web.util.pattern.PathPatternParser.parse(PathPatternParser.java:129) ~[spring-web-6.0.13.jar:6.0.13]
	at org.springframework.web.servlet.mvc.condition.PathPatternsRequestCondition.parse(PathPatternsRequestCondition.java:84) ~[spring-webmvc-6.0.13.jar:6.0.13]
	at org.springframework.web.servlet.mvc.condition.PathPatternsRequestCondition.<init>(PathPatternsRequestCondition.java:74) ~[spring-webmvc-6.0.13.jar:6.0.13]
	at org.springframework.web.servlet.mvc.method.RequestMappingInfo$DefaultBuilder.build(RequestMappingInfo.java:714) ~[spring-webmvc-6.0.13.jar:6.0.13]
	at org.springframework.web.servlet.mvc.method.annotation.RequestMappingHandlerMapping.createRequestMappingInfo(RequestMappingHandlerMapping.java:400) ~[spring-webmvc-6.0.13.jar:6.0.13]
	at org.springframework.web.servlet.mvc.method.annotation.RequestMappingHandlerMapping.createRequestMappingInfo(RequestMappingHandlerMapping.java:345) ~[spring-webmvc-6.0.13.jar:6.0.13]
	at org.springframework.web.servlet.mvc.method.annotation.RequestMappingHandlerMapping.getMappingForMethod(RequestMappingHandlerMapping.java:302) ~[spring-webmvc-6.0.13.jar:6.0.13]
	at org.springframework.web.servlet.mvc.method.annotation.RequestMappingHandlerMapping.getMappingForMethod(RequestMappingHandlerMapping.java:76) ~[spring-webmvc-6.0.13.jar:6.0.13]
	at org.springframework.web.servlet.handler.AbstractHandlerMethodMapping.lambda$detectHandlerMethods$1(AbstractHandlerMethodMapping.java:283) ~[spring-webmvc-6.0.13.jar:6.0.13]
	... 119 common frames omitted


  .   ____          _            __ _ _
 /\\ / ___'_ __ _ _(_)_ __  __ _ \ \ \ \
( ( )\___ | '_ | '_| | '_ \/ _` | \ \ \ \
 \\/  ___)| |_)| | | | | || (_| |  ) ) ) )
  '  |____| .__|_| |_|_| |_\__, | / / / /
 =========|_|==============|___/=/_/_/_/
 :: Spring Boot ::                (v3.1.5)

2024-05-25T12:16:16.077+02:00  INFO 12124 --- [           main] sRutinasAplicationTests$EjerciciosVacios : Starting EjerciciosRutinasAplicationTests.EjerciciosVacios using Java 21.0.2 with PID 12124 (started by Juanjo in c:\Users\Juanjo\Documents\GitHub\ciklum-el-grifo\jpa\spring-jpa)
2024-05-25T12:16:16.077+02:00  INFO 12124 --- [           main] sRutinasAplicationTests$EjerciciosVacios : No active profile set, falling back to 1 default profile: "default"
2024-05-25T12:16:16.200+02:00  INFO 12124 --- [           main] .s.d.r.c.RepositoryConfigurationDelegate : Bootstrapping Spring Data JPA repositories in DEFAULT mode.
2024-05-25T12:16:16.209+02:00  INFO 12124 --- [           main] .s.d.r.c.RepositoryConfigurationDelegate : Finished Spring Data repository scanning in 8 ms. Found 2 JPA repository interfaces.
2024-05-25T12:16:16.267+02:00  INFO 12124 --- [           main] o.s.b.w.embedded.tomcat.TomcatWebServer  : Tomcat initialized with port(s): 0 (http)
2024-05-25T12:16:16.268+02:00  INFO 12124 --- [           main] o.apache.catalina.core.StandardService   : Starting service [Tomcat]
2024-05-25T12:16:16.268+02:00  INFO 12124 --- [           main] o.apache.catalina.core.StandardEngine    : Starting Servlet engine: [Apache Tomcat/10.1.15]
2024-05-25T12:16:16.285+02:00  INFO 12124 --- [           main] o.a.c.c.C.[Tomcat-5].[localhost].[/]     : Initializing Spring embedded WebApplicationContext
2024-05-25T12:16:16.285+02:00  INFO 12124 --- [           main] w.s.c.ServletWebServerApplicationContext : Root WebApplicationContext: initialization completed in 207 ms
2024-05-25T12:16:16.309+02:00  INFO 12124 --- [           main] com.zaxxer.hikari.HikariDataSource       : HikariPool-6 - Starting...
2024-05-25T12:16:16.312+02:00  INFO 12124 --- [           main] com.zaxxer.hikari.pool.HikariPool        : HikariPool-6 - Added connection conn39: url=jdbc:h2:mem:db user=USER
2024-05-25T12:16:16.312+02:00  INFO 12124 --- [           main] com.zaxxer.hikari.HikariDataSource       : HikariPool-6 - Start completed.
2024-05-25T12:16:16.313+02:00  INFO 12124 --- [           main] o.hibernate.jpa.internal.util.LogHelper  : HHH000204: Processing PersistenceUnitInfo [name: default]
2024-05-25T12:16:16.320+02:00  INFO 12124 --- [           main] o.s.o.j.p.SpringPersistenceUnitInfo      : No LoadTimeWeaver setup: ignoring JPA class transformer
2024-05-25T12:16:16.356+02:00  INFO 12124 --- [           main] o.h.m.i.EntityInstantiatorPojoStandard   : HHH000182: No default (no-argument) constructor for class: grifo.spring.jpa.demo.entities.Ejercicio (class must be instantiated by Interceptor)
2024-05-25T12:16:16.365+02:00  INFO 12124 --- [           main] o.h.m.i.EntityInstantiatorPojoStandard   : HHH000182: No default (no-argument) constructor for class: grifo.spring.jpa.demo.entities.FragmentoRutina (class must be instantiated by Interceptor)
2024-05-25T12:16:16.382+02:00  INFO 12124 --- [           main] o.h.e.t.j.p.i.JtaPlatformInitiator       : HHH000489: No JTA platform available (set 'hibernate.transaction.jta.platform' to enable JTA platform integration)
2024-05-25T12:16:16.384+02:00  INFO 12124 --- [           main] j.LocalContainerEntityManagerFactoryBean : Initialized JPA EntityManagerFactory for persistence unit 'default'
2024-05-25T12:16:16.430+02:00  WARN 12124 --- [           main] JpaBaseConfiguration$JpaWebConfiguration : spring.jpa.open-in-view is enabled by default. Therefore, database queries may be performed during view rendering. Explicitly configure spring.jpa.open-in-view to disable this warning
2024-05-25T12:16:16.435+02:00  WARN 12124 --- [           main] .s.s.UserDetailsServiceAutoConfiguration : 

Using generated security password: bbbc9558-fc23-4b3a-ba48-8962f6695a5a

This generated password is for development use only. Your security configuration must be updated before running your application in production.

2024-05-25T12:16:16.442+02:00  INFO 12124 --- [           main] o.s.s.web.DefaultSecurityFilterChain     : Will secure any request with [org.springframework.security.web.session.DisableEncodeUrlFilter@214f4230, org.springframework.security.web.context.request.async.WebAsyncManagerIntegrationFilter@1867306c, org.springframework.security.web.context.SecurityContextHolderFilter@224c6005, org.springframework.security.web.header.HeaderWriterFilter@7d48efa1, org.springframework.security.web.csrf.CsrfFilter@7908d294, org.springframework.security.web.authentication.logout.LogoutFilter@12fc3519, org.springframework.security.web.authentication.UsernamePasswordAuthenticationFilter@1f1b3169, org.springframework.security.web.authentication.ui.DefaultLoginPageGeneratingFilter@322a5905, org.springframework.security.web.authentication.ui.DefaultLogoutPageGeneratingFilter@5eb1da70, org.springframework.security.web.authentication.www.BasicAuthenticationFilter@6cbc8b6e, org.springframework.security.web.savedrequest.RequestCacheAwareFilter@1def8aaa, org.springframework.security.web.servletapi.SecurityContextHolderAwareRequestFilter@8a59a57, org.springframework.security.web.authentication.AnonymousAuthenticationFilter@56decd33, org.springframework.security.web.access.ExceptionTranslationFilter@48bbac8c, org.springframework.security.web.access.intercept.AuthorizationFilter@56ade782]
2024-05-25T12:16:16.477+02:00  WARN 12124 --- [           main] ConfigServletWebServerApplicationContext : Exception encountered during context initialization - cancelling refresh attempt: org.springframework.beans.factory.BeanCreationException: Error creating bean with name 'requestMappingHandlerMapping' defined in class path resource [org/springframework/boot/autoconfigure/web/servlet/WebMvcAutoConfiguration$EnableWebMvcConfiguration.class]: Invalid mapping on handler class [grifo.spring.jpa.demo.controladores.ControladorRutina]: public grifo.spring.jpa.demo.dtos.RutinaDTO grifo.spring.jpa.demo.controladores.ControladorRutina.actualizarRutina(java.lang.Long,grifo.spring.jpa.demo.dtos.RutinaDTO)
2024-05-25T12:16:16.477+02:00  INFO 12124 --- [           main] j.LocalContainerEntityManagerFactoryBean : Closing JPA EntityManagerFactory for persistence unit 'default'
2024-05-25T12:16:16.477+02:00  INFO 12124 --- [           main] com.zaxxer.hikari.HikariDataSource       : HikariPool-6 - Shutdown initiated...
2024-05-25T12:16:16.492+02:00  INFO 12124 --- [           main] com.zaxxer.hikari.HikariDataSource       : HikariPool-6 - Shutdown completed.
2024-05-25T12:16:16.492+02:00  INFO 12124 --- [           main] o.apache.catalina.core.StandardService   : Stopping service [Tomcat]
2024-05-25T12:16:16.495+02:00  INFO 12124 --- [           main] .s.b.a.l.ConditionEvaluationReportLogger : 

Error starting ApplicationContext. To display the condition evaluation report re-run your application with 'debug' enabled.
2024-05-25T12:16:16.496+02:00 ERROR 12124 --- [           main] o.s.b.d.LoggingFailureAnalysisReporter   : 

***************************
APPLICATION FAILED TO START
***************************

Description:

Invalid mapping pattern detected: /{/idRutina}
  ^
Expected close capture character after variable name }

Action:

Fix this pattern in your application or switch to the legacy parser implementation with 'spring.mvc.pathmatch.matching-strategy=ant_path_matcher'.

2024-05-25T12:16:16.497+02:00 ERROR 12124 --- [           main] o.s.test.context.TestContextManager      : Caught exception while allowing TestExecutionListener [org.springframework.test.context.support.DependencyInjectionTestExecutionListener] to prepare test instance [grifo.spring.jpa.demo.EjerciciosRutinasAplicationTests$EjerciciosVacios@42d1232d]

java.lang.IllegalStateException: Failed to load ApplicationContext for [WebMergedContextConfiguration@79b4468e testClass = grifo.spring.jpa.demo.EjerciciosRutinasAplicationTests.EjerciciosVacios, locations = [], classes = [grifo.spring.jpa.demo.EntidadesApplication], contextInitializerClasses = [], activeProfiles = [], propertySourceLocations = [], propertySourceProperties = ["org.springframework.boot.test.context.SpringBootTestContextBootstrapper=true", "server.port=0"], contextCustomizers = [org.springframework.boot.test.context.filter.ExcludeFilterContextCustomizer@3c443976, org.springframework.boot.test.json.DuplicateJsonObjectContextCustomizerFactory$DuplicateJsonObjectContextCustomizer@6b04acb2, org.springframework.boot.test.mock.mockito.MockitoContextCustomizer@0, org.springframework.boot.test.web.client.TestRestTemplateContextCustomizer@4a1e3ac1, org.springframework.boot.test.autoconfigure.actuate.observability.ObservabilityContextCustomizerFactory$DisableObservabilityContextCustomizer@1f, org.springframework.boot.test.autoconfigure.properties.PropertyMappingContextCustomizer@0, org.springframework.boot.test.autoconfigure.web.servlet.WebDriverContextCustomizer@2375b321, org.springframework.boot.test.context.SpringBootTestAnnotation@6014c3f6], resourceBasePath = "src/main/webapp", contextLoader = org.springframework.boot.test.context.SpringBootContextLoader, parent = null]
	at org.springframework.test.context.cache.DefaultCacheAwareContextLoaderDelegate.loadContext(DefaultCacheAwareContextLoaderDelegate.java:143) ~[spring-test-6.0.13.jar:6.0.13]
	at org.springframework.test.context.support.DefaultTestContext.getApplicationContext(DefaultTestContext.java:127) ~[spring-test-6.0.13.jar:6.0.13]
	at org.springframework.test.context.support.DependencyInjectionTestExecutionListener.injectDependencies(DependencyInjectionTestExecutionListener.java:141) ~[spring-test-6.0.13.jar:6.0.13]
	at org.springframework.test.context.support.DependencyInjectionTestExecutionListener.prepareTestInstance(DependencyInjectionTestExecutionListener.java:97) ~[spring-test-6.0.13.jar:6.0.13]
	at org.springframework.test.context.TestContextManager.prepareTestInstance(TestContextManager.java:241) ~[spring-test-6.0.13.jar:6.0.13]
	at org.springframework.test.context.junit.jupiter.SpringExtension.postProcessTestInstance(SpringExtension.java:138) ~[spring-test-6.0.13.jar:6.0.13]
	at org.junit.jupiter.engine.descriptor.ClassBasedTestDescriptor.lambda$invokeTestInstancePostProcessors$10(ClassBasedTestDescriptor.java:377) ~[junit-jupiter-engine-5.9.3.jar:5.9.3]
	at org.junit.jupiter.engine.descriptor.ClassBasedTestDescriptor.executeAndMaskThrowable(ClassBasedTestDescriptor.java:382) ~[junit-jupiter-engine-5.9.3.jar:5.9.3]
	at org.junit.jupiter.engine.descriptor.ClassBasedTestDescriptor.lambda$invokeTestInstancePostProcessors$11(ClassBasedTestDescriptor.java:377) ~[junit-jupiter-engine-5.9.3.jar:5.9.3]
	at java.base/java.util.stream.ReferencePipeline$3$1.accept(ReferencePipeline.java:197) ~[na:na]
	at java.base/java.util.stream.ReferencePipeline$2$1.accept(ReferencePipeline.java:179) ~[na:na]
	at java.base/java.util.ArrayList$ArrayListSpliterator.forEachRemaining(ArrayList.java:1708) ~[na:na]
	at java.base/java.util.stream.AbstractPipeline.copyInto(AbstractPipeline.java:509) ~[na:na]
	at java.base/java.util.stream.AbstractPipeline.wrapAndCopyInto(AbstractPipeline.java:499) ~[na:na]
	at java.base/java.util.stream.StreamSpliterators$WrappingSpliterator.forEachRemaining(StreamSpliterators.java:310) ~[na:na]
	at java.base/java.util.stream.Streams$ConcatSpliterator.forEachRemaining(Streams.java:735) ~[na:na]
	at java.base/java.util.stream.Streams$ConcatSpliterator.forEachRemaining(Streams.java:734) ~[na:na]
	at java.base/java.util.stream.Streams$ConcatSpliterator.forEachRemaining(Streams.java:734) ~[na:na]
	at java.base/java.util.stream.ReferencePipeline$Head.forEach(ReferencePipeline.java:762) ~[na:na]
	at org.junit.jupiter.engine.descriptor.ClassBasedTestDescriptor.invokeTestInstancePostProcessors(ClassBasedTestDescriptor.java:376) ~[junit-jupiter-engine-5.9.3.jar:5.9.3]
	at org.junit.jupiter.engine.descriptor.ClassBasedTestDescriptor.lambda$instantiateAndPostProcessTestInstance$6(ClassBasedTestDescriptor.java:289) ~[junit-jupiter-engine-5.9.3.jar:5.9.3]
	at org.junit.platform.engine.support.hierarchical.ThrowableCollector.execute(ThrowableCollector.java:73) ~[junit-platform-engine-1.9.3.jar:1.9.3]
	at org.junit.jupiter.engine.descriptor.ClassBasedTestDescriptor.instantiateAndPostProcessTestInstance(ClassBasedTestDescriptor.java:288) ~[junit-jupiter-engine-5.9.3.jar:5.9.3]
	at org.junit.jupiter.engine.descriptor.ClassBasedTestDescriptor.lambda$testInstancesProvider$4(ClassBasedTestDescriptor.java:278) ~[junit-jupiter-engine-5.9.3.jar:5.9.3]
	at java.base/java.util.Optional.orElseGet(Optional.java:364) ~[na:na]
	at org.junit.jupiter.engine.descriptor.ClassBasedTestDescriptor.lambda$testInstancesProvider$5(ClassBasedTestDescriptor.java:277) ~[junit-jupiter-engine-5.9.3.jar:5.9.3]
	at org.junit.jupiter.engine.execution.TestInstancesProvider.getTestInstances(TestInstancesProvider.java:31) ~[junit-jupiter-engine-5.9.3.jar:5.9.3]
	at org.junit.jupiter.engine.descriptor.TestMethodTestDescriptor.lambda$prepare$0(TestMethodTestDescriptor.java:105) ~[junit-jupiter-engine-5.9.3.jar:5.9.3]
	at org.junit.platform.engine.support.hierarchical.ThrowableCollector.execute(ThrowableCollector.java:73) ~[junit-platform-engine-1.9.3.jar:1.9.3]
	at org.junit.jupiter.engine.descriptor.TestMethodTestDescriptor.prepare(TestMethodTestDescriptor.java:104) ~[junit-jupiter-engine-5.9.3.jar:5.9.3]
	at org.junit.jupiter.engine.descriptor.TestMethodTestDescriptor.prepare(TestMethodTestDescriptor.java:68) ~[junit-jupiter-engine-5.9.3.jar:5.9.3]
	at org.junit.platform.engine.support.hierarchical.NodeTestTask.lambda$prepare$2(NodeTestTask.java:123) ~[junit-platform-engine-1.9.3.jar:1.9.3]
	at org.junit.platform.engine.support.hierarchical.ThrowableCollector.execute(ThrowableCollector.java:73) ~[junit-platform-engine-1.9.3.jar:1.9.3]
	at org.junit.platform.engine.support.hierarchical.NodeTestTask.prepare(NodeTestTask.java:123) ~[junit-platform-engine-1.9.3.jar:1.9.3]
	at org.junit.platform.engine.support.hierarchical.NodeTestTask.execute(NodeTestTask.java:90) ~[junit-platform-engine-1.9.3.jar:1.9.3]
	at java.base/java.util.ArrayList.forEach(ArrayList.java:1596) ~[na:na]
	at org.junit.platform.engine.support.hierarchical.SameThreadHierarchicalTestExecutorService.invokeAll(SameThreadHierarchicalTestExecutorService.java:41) ~[junit-platform-engine-1.9.3.jar:1.9.3]
	at org.junit.platform.engine.support.hierarchical.NodeTestTask.lambda$executeRecursively$6(NodeTestTask.java:155) ~[junit-platform-engine-1.9.3.jar:1.9.3]
	at org.junit.platform.engine.support.hierarchical.ThrowableCollector.execute(ThrowableCollector.java:73) ~[junit-platform-engine-1.9.3.jar:1.9.3]
	at org.junit.platform.engine.support.hierarchical.NodeTestTask.lambda$executeRecursively$8(NodeTestTask.java:141) ~[junit-platform-engine-1.9.3.jar:1.9.3]
	at org.junit.platform.engine.support.hierarchical.Node.around(Node.java:137) ~[junit-platform-engine-1.9.3.jar:1.9.3]
	at org.junit.platform.engine.support.hierarchical.NodeTestTask.lambda$executeRecursively$9(NodeTestTask.java:139) ~[junit-platform-engine-1.9.3.jar:1.9.3]
	at org.junit.platform.engine.support.hierarchical.ThrowableCollector.execute(ThrowableCollector.java:73) ~[junit-platform-engine-1.9.3.jar:1.9.3]
	at org.junit.platform.engine.support.hierarchical.NodeTestTask.executeRecursively(NodeTestTask.java:138) ~[junit-platform-engine-1.9.3.jar:1.9.3]
	at org.junit.platform.engine.support.hierarchical.NodeTestTask.execute(NodeTestTask.java:95) ~[junit-platform-engine-1.9.3.jar:1.9.3]
	at java.base/java.util.ArrayList.forEach(ArrayList.java:1596) ~[na:na]
	at org.junit.platform.engine.support.hierarchical.SameThreadHierarchicalTestExecutorService.invokeAll(SameThreadHierarchicalTestExecutorService.java:41) ~[junit-platform-engine-1.9.3.jar:1.9.3]
	at org.junit.platform.engine.support.hierarchical.NodeTestTask.lambda$executeRecursively$6(NodeTestTask.java:155) ~[junit-platform-engine-1.9.3.jar:1.9.3]
	at org.junit.platform.engine.support.hierarchical.ThrowableCollector.execute(ThrowableCollector.java:73) ~[junit-platform-engine-1.9.3.jar:1.9.3]
	at org.junit.platform.engine.support.hierarchical.NodeTestTask.lambda$executeRecursively$8(NodeTestTask.java:141) ~[junit-platform-engine-1.9.3.jar:1.9.3]
	at org.junit.platform.engine.support.hierarchical.Node.around(Node.java:137) ~[junit-platform-engine-1.9.3.jar:1.9.3]
	at org.junit.platform.engine.support.hierarchical.NodeTestTask.lambda$executeRecursively$9(NodeTestTask.java:139) ~[junit-platform-engine-1.9.3.jar:1.9.3]
	at org.junit.platform.engine.support.hierarchical.ThrowableCollector.execute(ThrowableCollector.java:73) ~[junit-platform-engine-1.9.3.jar:1.9.3]
	at org.junit.platform.engine.support.hierarchical.NodeTestTask.executeRecursively(NodeTestTask.java:138) ~[junit-platform-engine-1.9.3.jar:1.9.3]
	at org.junit.platform.engine.support.hierarchical.NodeTestTask.execute(NodeTestTask.java:95) ~[junit-platform-engine-1.9.3.jar:1.9.3]
	at java.base/java.util.ArrayList.forEach(ArrayList.java:1596) ~[na:na]
	at org.junit.platform.engine.support.hierarchical.SameThreadHierarchicalTestExecutorService.invokeAll(SameThreadHierarchicalTestExecutorService.java:41) ~[junit-platform-engine-1.9.3.jar:1.9.3]
	at org.junit.platform.engine.support.hierarchical.NodeTestTask.lambda$executeRecursively$6(NodeTestTask.java:155) ~[junit-platform-engine-1.9.3.jar:1.9.3]
	at org.junit.platform.engine.support.hierarchical.ThrowableCollector.execute(ThrowableCollector.java:73) ~[junit-platform-engine-1.9.3.jar:1.9.3]
	at org.junit.platform.engine.support.hierarchical.NodeTestTask.lambda$executeRecursively$8(NodeTestTask.java:141) ~[junit-platform-engine-1.9.3.jar:1.9.3]
	at org.junit.platform.engine.support.hierarchical.Node.around(Node.java:137) ~[junit-platform-engine-1.9.3.jar:1.9.3]
	at org.junit.platform.engine.support.hierarchical.NodeTestTask.lambda$executeRecursively$9(NodeTestTask.java:139) ~[junit-platform-engine-1.9.3.jar:1.9.3]
	at org.junit.platform.engine.support.hierarchical.ThrowableCollector.execute(ThrowableCollector.java:73) ~[junit-platform-engine-1.9.3.jar:1.9.3]
	at org.junit.platform.engine.support.hierarchical.NodeTestTask.executeRecursively(NodeTestTask.java:138) ~[junit-platform-engine-1.9.3.jar:1.9.3]
	at org.junit.platform.engine.support.hierarchical.NodeTestTask.execute(NodeTestTask.java:95) ~[junit-platform-engine-1.9.3.jar:1.9.3]
	at org.junit.platform.engine.support.hierarchical.SameThreadHierarchicalTestExecutorService.submit(SameThreadHierarchicalTestExecutorService.java:35) ~[junit-platform-engine-1.9.3.jar:1.9.3]
	at org.junit.platform.engine.support.hierarchical.HierarchicalTestExecutor.execute(HierarchicalTestExecutor.java:57) ~[junit-platform-engine-1.9.3.jar:1.9.3]
	at org.junit.platform.engine.support.hierarchical.HierarchicalTestEngine.execute(HierarchicalTestEngine.java:54) ~[junit-platform-engine-1.9.3.jar:1.9.3]
	at org.junit.platform.launcher.core.EngineExecutionOrchestrator.execute(EngineExecutionOrchestrator.java:147) ~[junit-platform-launcher-1.9.3.jar:1.9.3]
	at org.junit.platform.launcher.core.EngineExecutionOrchestrator.execute(EngineExecutionOrchestrator.java:127) ~[junit-platform-launcher-1.9.3.jar:1.9.3]
	at org.junit.platform.launcher.core.EngineExecutionOrchestrator.execute(EngineExecutionOrchestrator.java:90) ~[junit-platform-launcher-1.9.3.jar:1.9.3]
	at org.junit.platform.launcher.core.EngineExecutionOrchestrator.lambda$execute$0(EngineExecutionOrchestrator.java:55) ~[junit-platform-launcher-1.9.3.jar:1.9.3]
	at org.junit.platform.launcher.core.EngineExecutionOrchestrator.withInterceptedStreams(EngineExecutionOrchestrator.java:102) ~[junit-platform-launcher-1.9.3.jar:1.9.3]
	at org.junit.platform.launcher.core.EngineExecutionOrchestrator.execute(EngineExecutionOrchestrator.java:54) ~[junit-platform-launcher-1.9.3.jar:1.9.3]
	at org.junit.platform.launcher.core.DefaultLauncher.execute(DefaultLauncher.java:114) ~[junit-platform-launcher-1.9.3.jar:1.9.3]
	at org.junit.platform.launcher.core.DefaultLauncher.execute(DefaultLauncher.java:86) ~[junit-platform-launcher-1.9.3.jar:1.9.3]
	at org.junit.platform.launcher.core.DefaultLauncherSession$DelegatingLauncher.execute(DefaultLauncherSession.java:86) ~[junit-platform-launcher-1.9.3.jar:1.9.3]
	at org.apache.maven.surefire.junitplatform.LazyLauncher.execute(LazyLauncher.java:55) ~[surefire-junit-platform-3.0.0-M9.jar:3.0.0-M9]
	at org.apache.maven.surefire.junitplatform.JUnitPlatformProvider.execute(JUnitPlatformProvider.java:223) ~[surefire-junit-platform-3.0.0-M9.jar:3.0.0-M9]
	at org.apache.maven.surefire.junitplatform.JUnitPlatformProvider.invokeAllTests(JUnitPlatformProvider.java:175) ~[surefire-junit-platform-3.0.0-M9.jar:3.0.0-M9]
	at org.apache.maven.surefire.junitplatform.JUnitPlatformProvider.invoke(JUnitPlatformProvider.java:139) ~[surefire-junit-platform-3.0.0-M9.jar:3.0.0-M9]
	at org.apache.maven.surefire.booter.ForkedBooter.runSuitesInProcess(ForkedBooter.java:456) ~[surefire-booter-3.0.0-M9.jar:3.0.0-M9]
	at org.apache.maven.surefire.booter.ForkedBooter.execute(ForkedBooter.java:169) ~[surefire-booter-3.0.0-M9.jar:3.0.0-M9]
	at org.apache.maven.surefire.booter.ForkedBooter.run(ForkedBooter.java:595) ~[surefire-booter-3.0.0-M9.jar:3.0.0-M9]
	at org.apache.maven.surefire.booter.ForkedBooter.main(ForkedBooter.java:581) ~[surefire-booter-3.0.0-M9.jar:3.0.0-M9]
Caused by: org.springframework.beans.factory.BeanCreationException: Error creating bean with name 'requestMappingHandlerMapping' defined in class path resource [org/springframework/boot/autoconfigure/web/servlet/WebMvcAutoConfiguration$EnableWebMvcConfiguration.class]: Invalid mapping on handler class [grifo.spring.jpa.demo.controladores.ControladorRutina]: public grifo.spring.jpa.demo.dtos.RutinaDTO grifo.spring.jpa.demo.controladores.ControladorRutina.actualizarRutina(java.lang.Long,grifo.spring.jpa.demo.dtos.RutinaDTO)
	at org.springframework.beans.factory.support.AbstractAutowireCapableBeanFactory.initializeBean(AbstractAutowireCapableBeanFactory.java:1770) ~[spring-beans-6.0.13.jar:6.0.13]
	at org.springframework.beans.factory.support.AbstractAutowireCapableBeanFactory.doCreateBean(AbstractAutowireCapableBeanFactory.java:598) ~[spring-beans-6.0.13.jar:6.0.13]
	at org.springframework.beans.factory.support.AbstractAutowireCapableBeanFactory.createBean(AbstractAutowireCapableBeanFactory.java:520) ~[spring-beans-6.0.13.jar:6.0.13]
	at org.springframework.beans.factory.support.AbstractBeanFactory.lambda$doGetBean$0(AbstractBeanFactory.java:325) ~[spring-beans-6.0.13.jar:6.0.13]
	at org.springframework.beans.factory.support.DefaultSingletonBeanRegistry.getSingleton(DefaultSingletonBeanRegistry.java:234) ~[spring-beans-6.0.13.jar:6.0.13]
	at org.springframework.beans.factory.support.AbstractBeanFactory.doGetBean(AbstractBeanFactory.java:323) ~[spring-beans-6.0.13.jar:6.0.13]
	at org.springframework.beans.factory.support.AbstractBeanFactory.getBean(AbstractBeanFactory.java:199) ~[spring-beans-6.0.13.jar:6.0.13]
	at org.springframework.beans.factory.support.DefaultListableBeanFactory.preInstantiateSingletons(DefaultListableBeanFactory.java:973) ~[spring-beans-6.0.13.jar:6.0.13]
	at org.springframework.context.support.AbstractApplicationContext.finishBeanFactoryInitialization(AbstractApplicationContext.java:950) ~[spring-context-6.0.13.jar:6.0.13]
	at org.springframework.context.support.AbstractApplicationContext.refresh(AbstractApplicationContext.java:616) ~[spring-context-6.0.13.jar:6.0.13]
	at org.springframework.boot.web.servlet.context.ServletWebServerApplicationContext.refresh(ServletWebServerApplicationContext.java:146) ~[spring-boot-3.1.5.jar:3.1.5]
	at org.springframework.boot.SpringApplication.refresh(SpringApplication.java:738) ~[spring-boot-3.1.5.jar:3.1.5]
	at org.springframework.boot.SpringApplication.refreshContext(SpringApplication.java:440) ~[spring-boot-3.1.5.jar:3.1.5]
	at org.springframework.boot.SpringApplication.run(SpringApplication.java:316) ~[spring-boot-3.1.5.jar:3.1.5]
	at org.springframework.boot.test.context.SpringBootContextLoader.lambda$loadContext$3(SpringBootContextLoader.java:137) ~[spring-boot-test-3.1.5.jar:3.1.5]
	at org.springframework.util.function.ThrowingSupplier.get(ThrowingSupplier.java:58) ~[spring-core-6.0.13.jar:6.0.13]
	at org.springframework.util.function.ThrowingSupplier.get(ThrowingSupplier.java:46) ~[spring-core-6.0.13.jar:6.0.13]
	at org.springframework.boot.SpringApplication.withHook(SpringApplication.java:1406) ~[spring-boot-3.1.5.jar:3.1.5]
	at org.springframework.boot.test.context.SpringBootContextLoader$ContextLoaderHook.run(SpringBootContextLoader.java:545) ~[spring-boot-test-3.1.5.jar:3.1.5]
	at org.springframework.boot.test.context.SpringBootContextLoader.loadContext(SpringBootContextLoader.java:137) ~[spring-boot-test-3.1.5.jar:3.1.5]
	at org.springframework.boot.test.context.SpringBootContextLoader.loadContext(SpringBootContextLoader.java:108) ~[spring-boot-test-3.1.5.jar:3.1.5]
	at org.springframework.test.context.cache.DefaultCacheAwareContextLoaderDelegate.loadContextInternal(DefaultCacheAwareContextLoaderDelegate.java:187) ~[spring-test-6.0.13.jar:6.0.13]
	at org.springframework.test.context.cache.DefaultCacheAwareContextLoaderDelegate.loadContext(DefaultCacheAwareContextLoaderDelegate.java:119) ~[spring-test-6.0.13.jar:6.0.13]
	... 84 common frames omitted
Caused by: java.lang.IllegalStateException: Invalid mapping on handler class [grifo.spring.jpa.demo.controladores.ControladorRutina]: public grifo.spring.jpa.demo.dtos.RutinaDTO grifo.spring.jpa.demo.controladores.ControladorRutina.actualizarRutina(java.lang.Long,grifo.spring.jpa.demo.dtos.RutinaDTO)
	at org.springframework.web.servlet.handler.AbstractHandlerMethodMapping.lambda$detectHandlerMethods$1(AbstractHandlerMethodMapping.java:287) ~[spring-webmvc-6.0.13.jar:6.0.13]
	at org.springframework.core.MethodIntrospector.lambda$selectMethods$0(MethodIntrospector.java:74) ~[spring-core-6.0.13.jar:6.0.13]
	at org.springframework.util.ReflectionUtils.doWithMethods(ReflectionUtils.java:366) ~[spring-core-6.0.13.jar:6.0.13]
	at org.springframework.core.MethodIntrospector.selectMethods(MethodIntrospector.java:72) ~[spring-core-6.0.13.jar:6.0.13]
	at org.springframework.web.servlet.handler.AbstractHandlerMethodMapping.detectHandlerMethods(AbstractHandlerMethodMapping.java:280) ~[spring-webmvc-6.0.13.jar:6.0.13]
	at org.springframework.web.servlet.handler.AbstractHandlerMethodMapping.processCandidateBean(AbstractHandlerMethodMapping.java:265) ~[spring-webmvc-6.0.13.jar:6.0.13]
	at org.springframework.web.servlet.handler.AbstractHandlerMethodMapping.initHandlerMethods(AbstractHandlerMethodMapping.java:224) ~[spring-webmvc-6.0.13.jar:6.0.13]
	at org.springframework.web.servlet.handler.AbstractHandlerMethodMapping.afterPropertiesSet(AbstractHandlerMethodMapping.java:212) ~[spring-webmvc-6.0.13.jar:6.0.13]
	at org.springframework.web.servlet.mvc.method.annotation.RequestMappingHandlerMapping.afterPropertiesSet(RequestMappingHandlerMapping.java:225) ~[spring-webmvc-6.0.13.jar:6.0.13]
	at org.springframework.beans.factory.support.AbstractAutowireCapableBeanFactory.invokeInitMethods(AbstractAutowireCapableBeanFactory.java:1817) ~[spring-beans-6.0.13.jar:6.0.13]
	at org.springframework.beans.factory.support.AbstractAutowireCapableBeanFactory.initializeBean(AbstractAutowireCapableBeanFactory.java:1766) ~[spring-beans-6.0.13.jar:6.0.13]
	... 106 common frames omitted
Caused by: org.springframework.web.util.pattern.PatternParseException: Expected close capture character after variable name }
	at org.springframework.web.util.pattern.InternalPathPatternParser.createPathElement(InternalPathPatternParser.java:314) ~[spring-web-6.0.13.jar:6.0.13]
	at org.springframework.web.util.pattern.InternalPathPatternParser.parse(InternalPathPatternParser.java:111) ~[spring-web-6.0.13.jar:6.0.13]
	at org.springframework.web.util.pattern.PathPatternParser.parse(PathPatternParser.java:129) ~[spring-web-6.0.13.jar:6.0.13]
	at org.springframework.web.servlet.mvc.condition.PathPatternsRequestCondition.parse(PathPatternsRequestCondition.java:84) ~[spring-webmvc-6.0.13.jar:6.0.13]
	at org.springframework.web.servlet.mvc.condition.PathPatternsRequestCondition.<init>(PathPatternsRequestCondition.java:74) ~[spring-webmvc-6.0.13.jar:6.0.13]
	at org.springframework.web.servlet.mvc.method.RequestMappingInfo$DefaultBuilder.build(RequestMappingInfo.java:714) ~[spring-webmvc-6.0.13.jar:6.0.13]
	at org.springframework.web.servlet.mvc.method.annotation.RequestMappingHandlerMapping.createRequestMappingInfo(RequestMappingHandlerMapping.java:400) ~[spring-webmvc-6.0.13.jar:6.0.13]
	at org.springframework.web.servlet.mvc.method.annotation.RequestMappingHandlerMapping.createRequestMappingInfo(RequestMappingHandlerMapping.java:345) ~[spring-webmvc-6.0.13.jar:6.0.13]
	at org.springframework.web.servlet.mvc.method.annotation.RequestMappingHandlerMapping.getMappingForMethod(RequestMappingHandlerMapping.java:302) ~[spring-webmvc-6.0.13.jar:6.0.13]
	at org.springframework.web.servlet.mvc.method.annotation.RequestMappingHandlerMapping.getMappingForMethod(RequestMappingHandlerMapping.java:76) ~[spring-webmvc-6.0.13.jar:6.0.13]
	at org.springframework.web.servlet.handler.AbstractHandlerMethodMapping.lambda$detectHandlerMethods$1(AbstractHandlerMethodMapping.java:283) ~[spring-webmvc-6.0.13.jar:6.0.13]
	... 116 common frames omitted

]]></system-out>
    <system-err><![CDATA[


============================
CONDITIONS EVALUATION REPORT
============================


Positive matches:
-----------------

    None


Negative matches:
-----------------

    None


Exclusions:
-----------

    None


Unconditional classes:
----------------------

    None






============================
CONDITIONS EVALUATION REPORT
============================


Positive matches:
-----------------

    None


Negative matches:
-----------------

    None


Exclusions:
-----------

    None


Unconditional classes:
----------------------

    None



]]></system-err>
  </testcase>
  <testcase name="devuelveEjercicios" classname="grifo.spring.jpa.demo.EjerciciosRutinasAplicationTests$EjerciciosVacios" time="0">
    <error message="Failed to load ApplicationContext for [WebMergedContextConfiguration@1699e337 testClass = grifo.spring.jpa.demo.EjerciciosRutinasAplicationTests, locations = [], classes = [grifo.spring.jpa.demo.EntidadesApplication], contextInitializerClasses = [], activeProfiles = [], propertySourceLocations = [], propertySourceProperties = [&quot;org.springframework.boot.test.context.SpringBootTestContextBootstrapper=true&quot;, &quot;server.port=0&quot;], contextCustomizers = [org.springframework.boot.test.context.filter.ExcludeFilterContextCustomizer@3c443976, org.springframework.boot.test.json.DuplicateJsonObjectContextCustomizerFactory$DuplicateJsonObjectContextCustomizer@6b04acb2, org.springframework.boot.test.mock.mockito.MockitoContextCustomizer@0, org.springframework.boot.test.web.client.TestRestTemplateContextCustomizer@4a1e3ac1, org.springframework.boot.test.autoconfigure.actuate.observability.ObservabilityContextCustomizerFactory$DisableObservabilityContextCustomizer@1f, org.springframework.boot.test.autoconfigure.properties.PropertyMappingContextCustomizer@0, org.springframework.boot.test.autoconfigure.web.servlet.WebDriverContextCustomizer@2375b321, org.springframework.boot.test.context.SpringBootTestAnnotation@6014c3f6], resourceBasePath = &quot;src/main/webapp&quot;, contextLoader = org.springframework.boot.test.context.SpringBootContextLoader, parent = null]" type="java.lang.IllegalStateException"><![CDATA[java.lang.IllegalStateException: Failed to load ApplicationContext for [WebMergedContextConfiguration@1699e337 testClass = grifo.spring.jpa.demo.EjerciciosRutinasAplicationTests, locations = [], classes = [grifo.spring.jpa.demo.EntidadesApplication], contextInitializerClasses = [], activeProfiles = [], propertySourceLocations = [], propertySourceProperties = ["org.springframework.boot.test.context.SpringBootTestContextBootstrapper=true", "server.port=0"], contextCustomizers = [org.springframework.boot.test.context.filter.ExcludeFilterContextCustomizer@3c443976, org.springframework.boot.test.json.DuplicateJsonObjectContextCustomizerFactory$DuplicateJsonObjectContextCustomizer@6b04acb2, org.springframework.boot.test.mock.mockito.MockitoContextCustomizer@0, org.springframework.boot.test.web.client.TestRestTemplateContextCustomizer@4a1e3ac1, org.springframework.boot.test.autoconfigure.actuate.observability.ObservabilityContextCustomizerFactory$DisableObservabilityContextCustomizer@1f, org.springframework.boot.test.autoconfigure.properties.PropertyMappingContextCustomizer@0, org.springframework.boot.test.autoconfigure.web.servlet.WebDriverContextCustomizer@2375b321, org.springframework.boot.test.context.SpringBootTestAnnotation@6014c3f6], resourceBasePath = "src/main/webapp", contextLoader = org.springframework.boot.test.context.SpringBootContextLoader, parent = null]
	at org.springframework.test.context.cache.DefaultCacheAwareContextLoaderDelegate.loadContext(DefaultCacheAwareContextLoaderDelegate.java:143)
	at org.springframework.test.context.support.DefaultTestContext.getApplicationContext(DefaultTestContext.java:127)
	at org.springframework.test.context.support.DependencyInjectionTestExecutionListener.injectDependencies(DependencyInjectionTestExecutionListener.java:141)
	at org.springframework.test.context.support.DependencyInjectionTestExecutionListener.prepareTestInstance(DependencyInjectionTestExecutionListener.java:97)
	at org.springframework.test.context.TestContextManager.prepareTestInstance(TestContextManager.java:241)
	at org.springframework.test.context.junit.jupiter.SpringExtension.postProcessTestInstance(SpringExtension.java:138)
	at org.junit.jupiter.engine.descriptor.ClassBasedTestDescriptor.lambda$invokeTestInstancePostProcessors$10(ClassBasedTestDescriptor.java:377)
	at org.junit.jupiter.engine.descriptor.ClassBasedTestDescriptor.executeAndMaskThrowable(ClassBasedTestDescriptor.java:382)
	at org.junit.jupiter.engine.descriptor.ClassBasedTestDescriptor.lambda$invokeTestInstancePostProcessors$11(ClassBasedTestDescriptor.java:377)
	at java.base/java.util.stream.ReferencePipeline$3$1.accept(ReferencePipeline.java:197)
	at java.base/java.util.stream.ReferencePipeline$2$1.accept(ReferencePipeline.java:179)
	at java.base/java.util.ArrayList$ArrayListSpliterator.forEachRemaining(ArrayList.java:1708)
	at java.base/java.util.stream.AbstractPipeline.copyInto(AbstractPipeline.java:509)
	at java.base/java.util.stream.AbstractPipeline.wrapAndCopyInto(AbstractPipeline.java:499)
	at java.base/java.util.stream.StreamSpliterators$WrappingSpliterator.forEachRemaining(StreamSpliterators.java:310)
	at java.base/java.util.stream.Streams$ConcatSpliterator.forEachRemaining(Streams.java:735)
	at java.base/java.util.stream.ReferencePipeline$Head.forEach(ReferencePipeline.java:762)
	at org.junit.jupiter.engine.descriptor.ClassBasedTestDescriptor.invokeTestInstancePostProcessors(ClassBasedTestDescriptor.java:376)
	at org.junit.jupiter.engine.descriptor.ClassBasedTestDescriptor.lambda$instantiateAndPostProcessTestInstance$6(ClassBasedTestDescriptor.java:289)
	at org.junit.platform.engine.support.hierarchical.ThrowableCollector.execute(ThrowableCollector.java:73)
	at org.junit.jupiter.engine.descriptor.ClassBasedTestDescriptor.instantiateAndPostProcessTestInstance(ClassBasedTestDescriptor.java:288)
	at org.junit.jupiter.engine.descriptor.ClassBasedTestDescriptor.lambda$testInstancesProvider$4(ClassBasedTestDescriptor.java:278)
	at java.base/java.util.Optional.orElseGet(Optional.java:364)
	at org.junit.jupiter.engine.descriptor.ClassBasedTestDescriptor.lambda$testInstancesProvider$5(ClassBasedTestDescriptor.java:277)
	at org.junit.jupiter.engine.descriptor.NestedClassTestDescriptor.instantiateTestClass(NestedClassTestDescriptor.java:85)
	at org.junit.jupiter.engine.descriptor.ClassBasedTestDescriptor.instantiateAndPostProcessTestInstance(ClassBasedTestDescriptor.java:286)
	at org.junit.jupiter.engine.descriptor.ClassBasedTestDescriptor.lambda$testInstancesProvider$4(ClassBasedTestDescriptor.java:278)
	at java.base/java.util.Optional.orElseGet(Optional.java:364)
	at org.junit.jupiter.engine.descriptor.ClassBasedTestDescriptor.lambda$testInstancesProvider$5(ClassBasedTestDescriptor.java:277)
	at org.junit.jupiter.engine.execution.TestInstancesProvider.getTestInstances(TestInstancesProvider.java:31)
	at org.junit.jupiter.engine.descriptor.TestMethodTestDescriptor.lambda$prepare$0(TestMethodTestDescriptor.java:105)
	at org.junit.platform.engine.support.hierarchical.ThrowableCollector.execute(ThrowableCollector.java:73)
	at org.junit.jupiter.engine.descriptor.TestMethodTestDescriptor.prepare(TestMethodTestDescriptor.java:104)
	at org.junit.jupiter.engine.descriptor.TestMethodTestDescriptor.prepare(TestMethodTestDescriptor.java:68)
	at org.junit.platform.engine.support.hierarchical.NodeTestTask.lambda$prepare$2(NodeTestTask.java:123)
	at org.junit.platform.engine.support.hierarchical.ThrowableCollector.execute(ThrowableCollector.java:73)
	at org.junit.platform.engine.support.hierarchical.NodeTestTask.prepare(NodeTestTask.java:123)
	at org.junit.platform.engine.support.hierarchical.NodeTestTask.execute(NodeTestTask.java:90)
	at java.base/java.util.ArrayList.forEach(ArrayList.java:1596)
	at org.junit.platform.engine.support.hierarchical.SameThreadHierarchicalTestExecutorService.invokeAll(SameThreadHierarchicalTestExecutorService.java:41)
	at org.junit.platform.engine.support.hierarchical.NodeTestTask.lambda$executeRecursively$6(NodeTestTask.java:155)
	at org.junit.platform.engine.support.hierarchical.ThrowableCollector.execute(ThrowableCollector.java:73)
	at org.junit.platform.engine.support.hierarchical.NodeTestTask.lambda$executeRecursively$8(NodeTestTask.java:141)
	at org.junit.platform.engine.support.hierarchical.Node.around(Node.java:137)
	at org.junit.platform.engine.support.hierarchical.NodeTestTask.lambda$executeRecursively$9(NodeTestTask.java:139)
	at org.junit.platform.engine.support.hierarchical.ThrowableCollector.execute(ThrowableCollector.java:73)
	at org.junit.platform.engine.support.hierarchical.NodeTestTask.executeRecursively(NodeTestTask.java:138)
	at org.junit.platform.engine.support.hierarchical.NodeTestTask.execute(NodeTestTask.java:95)
	at java.base/java.util.ArrayList.forEach(ArrayList.java:1596)
	at org.junit.platform.engine.support.hierarchical.SameThreadHierarchicalTestExecutorService.invokeAll(SameThreadHierarchicalTestExecutorService.java:41)
	at org.junit.platform.engine.support.hierarchical.NodeTestTask.lambda$executeRecursively$6(NodeTestTask.java:155)
	at org.junit.platform.engine.support.hierarchical.ThrowableCollector.execute(ThrowableCollector.java:73)
	at org.junit.platform.engine.support.hierarchical.NodeTestTask.lambda$executeRecursively$8(NodeTestTask.java:141)
	at org.junit.platform.engine.support.hierarchical.Node.around(Node.java:137)
	at org.junit.platform.engine.support.hierarchical.NodeTestTask.lambda$executeRecursively$9(NodeTestTask.java:139)
	at org.junit.platform.engine.support.hierarchical.ThrowableCollector.execute(ThrowableCollector.java:73)
	at org.junit.platform.engine.support.hierarchical.NodeTestTask.executeRecursively(NodeTestTask.java:138)
	at org.junit.platform.engine.support.hierarchical.NodeTestTask.execute(NodeTestTask.java:95)
	at java.base/java.util.ArrayList.forEach(ArrayList.java:1596)
	at org.junit.platform.engine.support.hierarchical.SameThreadHierarchicalTestExecutorService.invokeAll(SameThreadHierarchicalTestExecutorService.java:41)
	at org.junit.platform.engine.support.hierarchical.NodeTestTask.lambda$executeRecursively$6(NodeTestTask.java:155)
	at org.junit.platform.engine.support.hierarchical.ThrowableCollector.execute(ThrowableCollector.java:73)
	at org.junit.platform.engine.support.hierarchical.NodeTestTask.lambda$executeRecursively$8(NodeTestTask.java:141)
	at org.junit.platform.engine.support.hierarchical.Node.around(Node.java:137)
	at org.junit.platform.engine.support.hierarchical.NodeTestTask.lambda$executeRecursively$9(NodeTestTask.java:139)
	at org.junit.platform.engine.support.hierarchical.ThrowableCollector.execute(ThrowableCollector.java:73)
	at org.junit.platform.engine.support.hierarchical.NodeTestTask.executeRecursively(NodeTestTask.java:138)
	at org.junit.platform.engine.support.hierarchical.NodeTestTask.execute(NodeTestTask.java:95)
	at org.junit.platform.engine.support.hierarchical.SameThreadHierarchicalTestExecutorService.submit(SameThreadHierarchicalTestExecutorService.java:35)
	at org.junit.platform.engine.support.hierarchical.HierarchicalTestExecutor.execute(HierarchicalTestExecutor.java:57)
	at org.junit.platform.engine.support.hierarchical.HierarchicalTestEngine.execute(HierarchicalTestEngine.java:54)
	at org.junit.platform.launcher.core.EngineExecutionOrchestrator.execute(EngineExecutionOrchestrator.java:147)
	at org.junit.platform.launcher.core.EngineExecutionOrchestrator.execute(EngineExecutionOrchestrator.java:127)
	at org.junit.platform.launcher.core.EngineExecutionOrchestrator.execute(EngineExecutionOrchestrator.java:90)
	at org.junit.platform.launcher.core.EngineExecutionOrchestrator.lambda$execute$0(EngineExecutionOrchestrator.java:55)
	at org.junit.platform.launcher.core.EngineExecutionOrchestrator.withInterceptedStreams(EngineExecutionOrchestrator.java:102)
	at org.junit.platform.launcher.core.EngineExecutionOrchestrator.execute(EngineExecutionOrchestrator.java:54)
	at org.junit.platform.launcher.core.DefaultLauncher.execute(DefaultLauncher.java:114)
	at org.junit.platform.launcher.core.DefaultLauncher.execute(DefaultLauncher.java:86)
	at org.junit.platform.launcher.core.DefaultLauncherSession$DelegatingLauncher.execute(DefaultLauncherSession.java:86)
	at org.apache.maven.surefire.junitplatform.LazyLauncher.execute(LazyLauncher.java:55)
	at org.apache.maven.surefire.junitplatform.JUnitPlatformProvider.execute(JUnitPlatformProvider.java:223)
	at org.apache.maven.surefire.junitplatform.JUnitPlatformProvider.invokeAllTests(JUnitPlatformProvider.java:175)
	at org.apache.maven.surefire.junitplatform.JUnitPlatformProvider.invoke(JUnitPlatformProvider.java:139)
	at org.apache.maven.surefire.booter.ForkedBooter.runSuitesInProcess(ForkedBooter.java:456)
	at org.apache.maven.surefire.booter.ForkedBooter.execute(ForkedBooter.java:169)
	at org.apache.maven.surefire.booter.ForkedBooter.run(ForkedBooter.java:595)
	at org.apache.maven.surefire.booter.ForkedBooter.main(ForkedBooter.java:581)
	Suppressed: java.lang.IllegalStateException: Failed to load ApplicationContext for [WebMergedContextConfiguration@79b4468e testClass = grifo.spring.jpa.demo.EjerciciosRutinasAplicationTests.EjerciciosVacios, locations = [], classes = [grifo.spring.jpa.demo.EntidadesApplication], contextInitializerClasses = [], activeProfiles = [], propertySourceLocations = [], propertySourceProperties = ["org.springframework.boot.test.context.SpringBootTestContextBootstrapper=true", "server.port=0"], contextCustomizers = [org.springframework.boot.test.context.filter.ExcludeFilterContextCustomizer@3c443976, org.springframework.boot.test.json.DuplicateJsonObjectContextCustomizerFactory$DuplicateJsonObjectContextCustomizer@6b04acb2, org.springframework.boot.test.mock.mockito.MockitoContextCustomizer@0, org.springframework.boot.test.web.client.TestRestTemplateContextCustomizer@4a1e3ac1, org.springframework.boot.test.autoconfigure.actuate.observability.ObservabilityContextCustomizerFactory$DisableObservabilityContextCustomizer@1f, org.springframework.boot.test.autoconfigure.properties.PropertyMappingContextCustomizer@0, org.springframework.boot.test.autoconfigure.web.servlet.WebDriverContextCustomizer@2375b321, org.springframework.boot.test.context.SpringBootTestAnnotation@6014c3f6], resourceBasePath = "src/main/webapp", contextLoader = org.springframework.boot.test.context.SpringBootContextLoader, parent = null]
		at org.springframework.test.context.cache.DefaultCacheAwareContextLoaderDelegate.loadContext(DefaultCacheAwareContextLoaderDelegate.java:143)
		at org.springframework.test.context.support.DefaultTestContext.getApplicationContext(DefaultTestContext.java:127)
		at org.springframework.test.context.support.DependencyInjectionTestExecutionListener.injectDependencies(DependencyInjectionTestExecutionListener.java:141)
		at org.springframework.test.context.support.DependencyInjectionTestExecutionListener.prepareTestInstance(DependencyInjectionTestExecutionListener.java:97)
		at org.springframework.test.context.TestContextManager.prepareTestInstance(TestContextManager.java:241)
		at org.springframework.test.context.junit.jupiter.SpringExtension.postProcessTestInstance(SpringExtension.java:138)
		at org.junit.jupiter.engine.descriptor.ClassBasedTestDescriptor.lambda$invokeTestInstancePostProcessors$10(ClassBasedTestDescriptor.java:377)
		at org.junit.jupiter.engine.descriptor.ClassBasedTestDescriptor.executeAndMaskThrowable(ClassBasedTestDescriptor.java:382)
		at org.junit.jupiter.engine.descriptor.ClassBasedTestDescriptor.lambda$invokeTestInstancePostProcessors$11(ClassBasedTestDescriptor.java:377)
		at java.base/java.util.stream.ReferencePipeline$3$1.accept(ReferencePipeline.java:197)
		at java.base/java.util.stream.ReferencePipeline$2$1.accept(ReferencePipeline.java:179)
		at java.base/java.util.ArrayList$ArrayListSpliterator.forEachRemaining(ArrayList.java:1708)
		at java.base/java.util.stream.AbstractPipeline.copyInto(AbstractPipeline.java:509)
		at java.base/java.util.stream.AbstractPipeline.wrapAndCopyInto(AbstractPipeline.java:499)
		at java.base/java.util.stream.StreamSpliterators$WrappingSpliterator.forEachRemaining(StreamSpliterators.java:310)
		at java.base/java.util.stream.Streams$ConcatSpliterator.forEachRemaining(Streams.java:735)
		at java.base/java.util.stream.Streams$ConcatSpliterator.forEachRemaining(Streams.java:734)
		at java.base/java.util.stream.Streams$ConcatSpliterator.forEachRemaining(Streams.java:734)
		at java.base/java.util.stream.ReferencePipeline$Head.forEach(ReferencePipeline.java:762)
		at org.junit.jupiter.engine.descriptor.ClassBasedTestDescriptor.invokeTestInstancePostProcessors(ClassBasedTestDescriptor.java:376)
		at org.junit.jupiter.engine.descriptor.ClassBasedTestDescriptor.lambda$instantiateAndPostProcessTestInstance$6(ClassBasedTestDescriptor.java:289)
		at org.junit.platform.engine.support.hierarchical.ThrowableCollector.execute(ThrowableCollector.java:73)
		at org.junit.jupiter.engine.descriptor.ClassBasedTestDescriptor.instantiateAndPostProcessTestInstance(ClassBasedTestDescriptor.java:288)
		... 62 more
	Caused by: org.springframework.beans.factory.BeanCreationException: Error creating bean with name 'requestMappingHandlerMapping' defined in class path resource [org/springframework/boot/autoconfigure/web/servlet/WebMvcAutoConfiguration$EnableWebMvcConfiguration.class]: Invalid mapping on handler class [grifo.spring.jpa.demo.controladores.ControladorRutina]: public grifo.spring.jpa.demo.dtos.RutinaDTO grifo.spring.jpa.demo.controladores.ControladorRutina.actualizarRutina(java.lang.Long,grifo.spring.jpa.demo.dtos.RutinaDTO)
		at org.springframework.beans.factory.support.AbstractAutowireCapableBeanFactory.initializeBean(AbstractAutowireCapableBeanFactory.java:1770)
		at org.springframework.beans.factory.support.AbstractAutowireCapableBeanFactory.doCreateBean(AbstractAutowireCapableBeanFactory.java:598)
		at org.springframework.beans.factory.support.AbstractAutowireCapableBeanFactory.createBean(AbstractAutowireCapableBeanFactory.java:520)
		at org.springframework.beans.factory.support.AbstractBeanFactory.lambda$doGetBean$0(AbstractBeanFactory.java:325)
		at org.springframework.beans.factory.support.DefaultSingletonBeanRegistry.getSingleton(DefaultSingletonBeanRegistry.java:234)
		at org.springframework.beans.factory.support.AbstractBeanFactory.doGetBean(AbstractBeanFactory.java:323)
		at org.springframework.beans.factory.support.AbstractBeanFactory.getBean(AbstractBeanFactory.java:199)
		at org.springframework.beans.factory.support.DefaultListableBeanFactory.preInstantiateSingletons(DefaultListableBeanFactory.java:973)
		at org.springframework.context.support.AbstractApplicationContext.finishBeanFactoryInitialization(AbstractApplicationContext.java:950)
		at org.springframework.context.support.AbstractApplicationContext.refresh(AbstractApplicationContext.java:616)
		at org.springframework.boot.web.servlet.context.ServletWebServerApplicationContext.refresh(ServletWebServerApplicationContext.java:146)
		at org.springframework.boot.SpringApplication.refresh(SpringApplication.java:738)
		at org.springframework.boot.SpringApplication.refreshContext(SpringApplication.java:440)
		at org.springframework.boot.SpringApplication.run(SpringApplication.java:316)
		at org.springframework.boot.test.context.SpringBootContextLoader.lambda$loadContext$3(SpringBootContextLoader.java:137)
		at org.springframework.util.function.ThrowingSupplier.get(ThrowingSupplier.java:58)
		at org.springframework.util.function.ThrowingSupplier.get(ThrowingSupplier.java:46)
		at org.springframework.boot.SpringApplication.withHook(SpringApplication.java:1406)
		at org.springframework.boot.test.context.SpringBootContextLoader$ContextLoaderHook.run(SpringBootContextLoader.java:545)
		at org.springframework.boot.test.context.SpringBootContextLoader.loadContext(SpringBootContextLoader.java:137)
		at org.springframework.boot.test.context.SpringBootContextLoader.loadContext(SpringBootContextLoader.java:108)
		at org.springframework.test.context.cache.DefaultCacheAwareContextLoaderDelegate.loadContextInternal(DefaultCacheAwareContextLoaderDelegate.java:187)
		at org.springframework.test.context.cache.DefaultCacheAwareContextLoaderDelegate.loadContext(DefaultCacheAwareContextLoaderDelegate.java:119)
		... 84 more
	Caused by: java.lang.IllegalStateException: Invalid mapping on handler class [grifo.spring.jpa.demo.controladores.ControladorRutina]: public grifo.spring.jpa.demo.dtos.RutinaDTO grifo.spring.jpa.demo.controladores.ControladorRutina.actualizarRutina(java.lang.Long,grifo.spring.jpa.demo.dtos.RutinaDTO)
		at org.springframework.web.servlet.handler.AbstractHandlerMethodMapping.lambda$detectHandlerMethods$1(AbstractHandlerMethodMapping.java:287)
		at org.springframework.core.MethodIntrospector.lambda$selectMethods$0(MethodIntrospector.java:74)
		at org.springframework.util.ReflectionUtils.doWithMethods(ReflectionUtils.java:366)
		at org.springframework.core.MethodIntrospector.selectMethods(MethodIntrospector.java:72)
		at org.springframework.web.servlet.handler.AbstractHandlerMethodMapping.detectHandlerMethods(AbstractHandlerMethodMapping.java:280)
		at org.springframework.web.servlet.handler.AbstractHandlerMethodMapping.processCandidateBean(AbstractHandlerMethodMapping.java:265)
		at org.springframework.web.servlet.handler.AbstractHandlerMethodMapping.initHandlerMethods(AbstractHandlerMethodMapping.java:224)
		at org.springframework.web.servlet.handler.AbstractHandlerMethodMapping.afterPropertiesSet(AbstractHandlerMethodMapping.java:212)
		at org.springframework.web.servlet.mvc.method.annotation.RequestMappingHandlerMapping.afterPropertiesSet(RequestMappingHandlerMapping.java:225)
		at org.springframework.beans.factory.support.AbstractAutowireCapableBeanFactory.invokeInitMethods(AbstractAutowireCapableBeanFactory.java:1817)
		at org.springframework.beans.factory.support.AbstractAutowireCapableBeanFactory.initializeBean(AbstractAutowireCapableBeanFactory.java:1766)
		... 106 more
	Caused by: org.springframework.web.util.pattern.PatternParseException: Expected close capture character after variable name }
		at org.springframework.web.util.pattern.InternalPathPatternParser.createPathElement(InternalPathPatternParser.java:314)
		at org.springframework.web.util.pattern.InternalPathPatternParser.parse(InternalPathPatternParser.java:111)
		at org.springframework.web.util.pattern.PathPatternParser.parse(PathPatternParser.java:129)
		at org.springframework.web.servlet.mvc.condition.PathPatternsRequestCondition.parse(PathPatternsRequestCondition.java:84)
		at org.springframework.web.servlet.mvc.condition.PathPatternsRequestCondition.<init>(PathPatternsRequestCondition.java:74)
		at org.springframework.web.servlet.mvc.method.RequestMappingInfo$DefaultBuilder.build(RequestMappingInfo.java:714)
		at org.springframework.web.servlet.mvc.method.annotation.RequestMappingHandlerMapping.createRequestMappingInfo(RequestMappingHandlerMapping.java:400)
		at org.springframework.web.servlet.mvc.method.annotation.RequestMappingHandlerMapping.createRequestMappingInfo(RequestMappingHandlerMapping.java:345)
		at org.springframework.web.servlet.mvc.method.annotation.RequestMappingHandlerMapping.getMappingForMethod(RequestMappingHandlerMapping.java:302)
		at org.springframework.web.servlet.mvc.method.annotation.RequestMappingHandlerMapping.getMappingForMethod(RequestMappingHandlerMapping.java:76)
		at org.springframework.web.servlet.handler.AbstractHandlerMethodMapping.lambda$detectHandlerMethods$1(AbstractHandlerMethodMapping.java:283)
		... 116 more
Caused by: org.springframework.beans.factory.BeanCreationException: Error creating bean with name 'requestMappingHandlerMapping' defined in class path resource [org/springframework/boot/autoconfigure/web/servlet/WebMvcAutoConfiguration$EnableWebMvcConfiguration.class]: Invalid mapping on handler class [grifo.spring.jpa.demo.controladores.ControladorRutina]: public grifo.spring.jpa.demo.dtos.RutinaDTO grifo.spring.jpa.demo.controladores.ControladorRutina.actualizarRutina(java.lang.Long,grifo.spring.jpa.demo.dtos.RutinaDTO)
	at org.springframework.beans.factory.support.AbstractAutowireCapableBeanFactory.initializeBean(AbstractAutowireCapableBeanFactory.java:1770)
	at org.springframework.beans.factory.support.AbstractAutowireCapableBeanFactory.doCreateBean(AbstractAutowireCapableBeanFactory.java:598)
	at org.springframework.beans.factory.support.AbstractAutowireCapableBeanFactory.createBean(AbstractAutowireCapableBeanFactory.java:520)
	at org.springframework.beans.factory.support.AbstractBeanFactory.lambda$doGetBean$0(AbstractBeanFactory.java:325)
	at org.springframework.beans.factory.support.DefaultSingletonBeanRegistry.getSingleton(DefaultSingletonBeanRegistry.java:234)
	at org.springframework.beans.factory.support.AbstractBeanFactory.doGetBean(AbstractBeanFactory.java:323)
	at org.springframework.beans.factory.support.AbstractBeanFactory.getBean(AbstractBeanFactory.java:199)
	at org.springframework.beans.factory.support.DefaultListableBeanFactory.preInstantiateSingletons(DefaultListableBeanFactory.java:973)
	at org.springframework.context.support.AbstractApplicationContext.finishBeanFactoryInitialization(AbstractApplicationContext.java:950)
	at org.springframework.context.support.AbstractApplicationContext.refresh(AbstractApplicationContext.java:616)
	at org.springframework.boot.web.servlet.context.ServletWebServerApplicationContext.refresh(ServletWebServerApplicationContext.java:146)
	at org.springframework.boot.SpringApplication.refresh(SpringApplication.java:738)
	at org.springframework.boot.SpringApplication.refreshContext(SpringApplication.java:440)
	at org.springframework.boot.SpringApplication.run(SpringApplication.java:316)
	at org.springframework.boot.test.context.SpringBootContextLoader.lambda$loadContext$3(SpringBootContextLoader.java:137)
	at org.springframework.util.function.ThrowingSupplier.get(ThrowingSupplier.java:58)
	at org.springframework.util.function.ThrowingSupplier.get(ThrowingSupplier.java:46)
	at org.springframework.boot.SpringApplication.withHook(SpringApplication.java:1406)
	at org.springframework.boot.test.context.SpringBootContextLoader$ContextLoaderHook.run(SpringBootContextLoader.java:545)
	at org.springframework.boot.test.context.SpringBootContextLoader.loadContext(SpringBootContextLoader.java:137)
	at org.springframework.boot.test.context.SpringBootContextLoader.loadContext(SpringBootContextLoader.java:108)
	at org.springframework.test.context.cache.DefaultCacheAwareContextLoaderDelegate.loadContextInternal(DefaultCacheAwareContextLoaderDelegate.java:187)
	at org.springframework.test.context.cache.DefaultCacheAwareContextLoaderDelegate.loadContext(DefaultCacheAwareContextLoaderDelegate.java:119)
	... 87 more
Caused by: java.lang.IllegalStateException: Invalid mapping on handler class [grifo.spring.jpa.demo.controladores.ControladorRutina]: public grifo.spring.jpa.demo.dtos.RutinaDTO grifo.spring.jpa.demo.controladores.ControladorRutina.actualizarRutina(java.lang.Long,grifo.spring.jpa.demo.dtos.RutinaDTO)
	at org.springframework.web.servlet.handler.AbstractHandlerMethodMapping.lambda$detectHandlerMethods$1(AbstractHandlerMethodMapping.java:287)
	at org.springframework.core.MethodIntrospector.lambda$selectMethods$0(MethodIntrospector.java:74)
	at org.springframework.util.ReflectionUtils.doWithMethods(ReflectionUtils.java:366)
	at org.springframework.core.MethodIntrospector.selectMethods(MethodIntrospector.java:72)
	at org.springframework.web.servlet.handler.AbstractHandlerMethodMapping.detectHandlerMethods(AbstractHandlerMethodMapping.java:280)
	at org.springframework.web.servlet.handler.AbstractHandlerMethodMapping.processCandidateBean(AbstractHandlerMethodMapping.java:265)
	at org.springframework.web.servlet.handler.AbstractHandlerMethodMapping.initHandlerMethods(AbstractHandlerMethodMapping.java:224)
	at org.springframework.web.servlet.handler.AbstractHandlerMethodMapping.afterPropertiesSet(AbstractHandlerMethodMapping.java:212)
	at org.springframework.web.servlet.mvc.method.annotation.RequestMappingHandlerMapping.afterPropertiesSet(RequestMappingHandlerMapping.java:225)
	at org.springframework.beans.factory.support.AbstractAutowireCapableBeanFactory.invokeInitMethods(AbstractAutowireCapableBeanFactory.java:1817)
	at org.springframework.beans.factory.support.AbstractAutowireCapableBeanFactory.initializeBean(AbstractAutowireCapableBeanFactory.java:1766)
	... 109 more
Caused by: org.springframework.web.util.pattern.PatternParseException: Expected close capture character after variable name }
	at org.springframework.web.util.pattern.InternalPathPatternParser.createPathElement(InternalPathPatternParser.java:314)
	at org.springframework.web.util.pattern.InternalPathPatternParser.parse(InternalPathPatternParser.java:111)
	at org.springframework.web.util.pattern.PathPatternParser.parse(PathPatternParser.java:129)
	at org.springframework.web.servlet.mvc.condition.PathPatternsRequestCondition.parse(PathPatternsRequestCondition.java:84)
	at org.springframework.web.servlet.mvc.condition.PathPatternsRequestCondition.<init>(PathPatternsRequestCondition.java:74)
	at org.springframework.web.servlet.mvc.method.RequestMappingInfo$DefaultBuilder.build(RequestMappingInfo.java:714)
	at org.springframework.web.servlet.mvc.method.annotation.RequestMappingHandlerMapping.createRequestMappingInfo(RequestMappingHandlerMapping.java:400)
	at org.springframework.web.servlet.mvc.method.annotation.RequestMappingHandlerMapping.createRequestMappingInfo(RequestMappingHandlerMapping.java:345)
	at org.springframework.web.servlet.mvc.method.annotation.RequestMappingHandlerMapping.getMappingForMethod(RequestMappingHandlerMapping.java:302)
	at org.springframework.web.servlet.mvc.method.annotation.RequestMappingHandlerMapping.getMappingForMethod(RequestMappingHandlerMapping.java:76)
	at org.springframework.web.servlet.handler.AbstractHandlerMethodMapping.lambda$detectHandlerMethods$1(AbstractHandlerMethodMapping.java:283)
	... 119 more
]]></error>
    <system-out><![CDATA[
  .   ____          _            __ _ _
 /\\ / ___'_ __ _ _(_)_ __  __ _ \ \ \ \
( ( )\___ | '_ | '_| | '_ \/ _` | \ \ \ \
 \\/  ___)| |_)| | | | | || (_| |  ) ) ) )
  '  |____| .__|_| |_|_| |_\__, | / / / /
 =========|_|==============|___/=/_/_/_/
 :: Spring Boot ::                (v3.1.5)

2024-05-25T12:16:16.529+02:00  INFO 12124 --- [           main] g.s.j.d.EjerciciosRutinasAplicationTests : Starting EjerciciosRutinasAplicationTests using Java 21.0.2 with PID 12124 (started by Juanjo in c:\Users\Juanjo\Documents\GitHub\ciklum-el-grifo\jpa\spring-jpa)
2024-05-25T12:16:16.529+02:00  INFO 12124 --- [           main] g.s.j.d.EjerciciosRutinasAplicationTests : No active profile set, falling back to 1 default profile: "default"
2024-05-25T12:16:16.628+02:00  INFO 12124 --- [           main] .s.d.r.c.RepositoryConfigurationDelegate : Bootstrapping Spring Data JPA repositories in DEFAULT mode.
2024-05-25T12:16:16.637+02:00  INFO 12124 --- [           main] .s.d.r.c.RepositoryConfigurationDelegate : Finished Spring Data repository scanning in 8 ms. Found 2 JPA repository interfaces.
2024-05-25T12:16:16.687+02:00  INFO 12124 --- [           main] o.s.b.w.embedded.tomcat.TomcatWebServer  : Tomcat initialized with port(s): 0 (http)
2024-05-25T12:16:16.687+02:00  INFO 12124 --- [           main] o.apache.catalina.core.StandardService   : Starting service [Tomcat]
2024-05-25T12:16:16.687+02:00  INFO 12124 --- [           main] o.apache.catalina.core.StandardEngine    : Starting Servlet engine: [Apache Tomcat/10.1.15]
2024-05-25T12:16:16.705+02:00  INFO 12124 --- [           main] o.a.c.c.C.[Tomcat-6].[localhost].[/]     : Initializing Spring embedded WebApplicationContext
2024-05-25T12:16:16.706+02:00  INFO 12124 --- [           main] w.s.c.ServletWebServerApplicationContext : Root WebApplicationContext: initialization completed in 176 ms
2024-05-25T12:16:16.731+02:00  INFO 12124 --- [           main] com.zaxxer.hikari.HikariDataSource       : HikariPool-7 - Starting...
2024-05-25T12:16:16.734+02:00  INFO 12124 --- [           main] com.zaxxer.hikari.pool.HikariPool        : HikariPool-7 - Added connection conn45: url=jdbc:h2:mem:db user=USER
2024-05-25T12:16:16.734+02:00  INFO 12124 --- [           main] com.zaxxer.hikari.HikariDataSource       : HikariPool-7 - Start completed.
2024-05-25T12:16:16.735+02:00  INFO 12124 --- [           main] o.hibernate.jpa.internal.util.LogHelper  : HHH000204: Processing PersistenceUnitInfo [name: default]
2024-05-25T12:16:16.740+02:00  INFO 12124 --- [           main] o.s.o.j.p.SpringPersistenceUnitInfo      : No LoadTimeWeaver setup: ignoring JPA class transformer
2024-05-25T12:16:16.770+02:00  INFO 12124 --- [           main] o.h.m.i.EntityInstantiatorPojoStandard   : HHH000182: No default (no-argument) constructor for class: grifo.spring.jpa.demo.entities.Ejercicio (class must be instantiated by Interceptor)
2024-05-25T12:16:16.778+02:00  INFO 12124 --- [           main] o.h.m.i.EntityInstantiatorPojoStandard   : HHH000182: No default (no-argument) constructor for class: grifo.spring.jpa.demo.entities.FragmentoRutina (class must be instantiated by Interceptor)
2024-05-25T12:16:16.794+02:00  INFO 12124 --- [           main] o.h.e.t.j.p.i.JtaPlatformInitiator       : HHH000489: No JTA platform available (set 'hibernate.transaction.jta.platform' to enable JTA platform integration)
2024-05-25T12:16:16.796+02:00  INFO 12124 --- [           main] j.LocalContainerEntityManagerFactoryBean : Initialized JPA EntityManagerFactory for persistence unit 'default'
2024-05-25T12:16:16.848+02:00  WARN 12124 --- [           main] JpaBaseConfiguration$JpaWebConfiguration : spring.jpa.open-in-view is enabled by default. Therefore, database queries may be performed during view rendering. Explicitly configure spring.jpa.open-in-view to disable this warning
2024-05-25T12:16:16.852+02:00  WARN 12124 --- [           main] .s.s.UserDetailsServiceAutoConfiguration : 

Using generated security password: e539ce90-ebbb-4e77-8cd7-7c1d974aa4e8

This generated password is for development use only. Your security configuration must be updated before running your application in production.

2024-05-25T12:16:16.859+02:00  INFO 12124 --- [           main] o.s.s.web.DefaultSecurityFilterChain     : Will secure any request with [org.springframework.security.web.session.DisableEncodeUrlFilter@6a79b071, org.springframework.security.web.context.request.async.WebAsyncManagerIntegrationFilter@c1595fe, org.springframework.security.web.context.SecurityContextHolderFilter@d891de4, org.springframework.security.web.header.HeaderWriterFilter@3227e1e3, org.springframework.security.web.csrf.CsrfFilter@658f1a5b, org.springframework.security.web.authentication.logout.LogoutFilter@c8f14da, org.springframework.security.web.authentication.UsernamePasswordAuthenticationFilter@5abf7676, org.springframework.security.web.authentication.ui.DefaultLoginPageGeneratingFilter@1527f388, org.springframework.security.web.authentication.ui.DefaultLogoutPageGeneratingFilter@2db85ecc, org.springframework.security.web.authentication.www.BasicAuthenticationFilter@2e62903f, org.springframework.security.web.savedrequest.RequestCacheAwareFilter@104983cc, org.springframework.security.web.servletapi.SecurityContextHolderAwareRequestFilter@18823182, org.springframework.security.web.authentication.AnonymousAuthenticationFilter@17e1c02c, org.springframework.security.web.access.ExceptionTranslationFilter@5ada4324, org.springframework.security.web.access.intercept.AuthorizationFilter@2f992272]
2024-05-25T12:16:16.898+02:00  WARN 12124 --- [           main] ConfigServletWebServerApplicationContext : Exception encountered during context initialization - cancelling refresh attempt: org.springframework.beans.factory.BeanCreationException: Error creating bean with name 'requestMappingHandlerMapping' defined in class path resource [org/springframework/boot/autoconfigure/web/servlet/WebMvcAutoConfiguration$EnableWebMvcConfiguration.class]: Invalid mapping on handler class [grifo.spring.jpa.demo.controladores.ControladorRutina]: public grifo.spring.jpa.demo.dtos.RutinaDTO grifo.spring.jpa.demo.controladores.ControladorRutina.actualizarRutina(java.lang.Long,grifo.spring.jpa.demo.dtos.RutinaDTO)
2024-05-25T12:16:16.898+02:00  INFO 12124 --- [           main] j.LocalContainerEntityManagerFactoryBean : Closing JPA EntityManagerFactory for persistence unit 'default'
2024-05-25T12:16:16.899+02:00  INFO 12124 --- [           main] com.zaxxer.hikari.HikariDataSource       : HikariPool-7 - Shutdown initiated...
2024-05-25T12:16:16.912+02:00  INFO 12124 --- [           main] com.zaxxer.hikari.HikariDataSource       : HikariPool-7 - Shutdown completed.
2024-05-25T12:16:16.912+02:00  INFO 12124 --- [           main] o.apache.catalina.core.StandardService   : Stopping service [Tomcat]
2024-05-25T12:16:16.915+02:00  INFO 12124 --- [           main] .s.b.a.l.ConditionEvaluationReportLogger : 

Error starting ApplicationContext. To display the condition evaluation report re-run your application with 'debug' enabled.
2024-05-25T12:16:16.916+02:00 ERROR 12124 --- [           main] o.s.b.d.LoggingFailureAnalysisReporter   : 

***************************
APPLICATION FAILED TO START
***************************

Description:

Invalid mapping pattern detected: /{/idRutina}
  ^
Expected close capture character after variable name }

Action:

Fix this pattern in your application or switch to the legacy parser implementation with 'spring.mvc.pathmatch.matching-strategy=ant_path_matcher'.

2024-05-25T12:16:16.917+02:00 ERROR 12124 --- [           main] o.s.test.context.TestContextManager      : Caught exception while allowing TestExecutionListener [org.springframework.test.context.support.DependencyInjectionTestExecutionListener] to prepare test instance [grifo.spring.jpa.demo.EjerciciosRutinasAplicationTests@b26565]

java.lang.IllegalStateException: Failed to load ApplicationContext for [WebMergedContextConfiguration@1699e337 testClass = grifo.spring.jpa.demo.EjerciciosRutinasAplicationTests, locations = [], classes = [grifo.spring.jpa.demo.EntidadesApplication], contextInitializerClasses = [], activeProfiles = [], propertySourceLocations = [], propertySourceProperties = ["org.springframework.boot.test.context.SpringBootTestContextBootstrapper=true", "server.port=0"], contextCustomizers = [org.springframework.boot.test.context.filter.ExcludeFilterContextCustomizer@3c443976, org.springframework.boot.test.json.DuplicateJsonObjectContextCustomizerFactory$DuplicateJsonObjectContextCustomizer@6b04acb2, org.springframework.boot.test.mock.mockito.MockitoContextCustomizer@0, org.springframework.boot.test.web.client.TestRestTemplateContextCustomizer@4a1e3ac1, org.springframework.boot.test.autoconfigure.actuate.observability.ObservabilityContextCustomizerFactory$DisableObservabilityContextCustomizer@1f, org.springframework.boot.test.autoconfigure.properties.PropertyMappingContextCustomizer@0, org.springframework.boot.test.autoconfigure.web.servlet.WebDriverContextCustomizer@2375b321, org.springframework.boot.test.context.SpringBootTestAnnotation@6014c3f6], resourceBasePath = "src/main/webapp", contextLoader = org.springframework.boot.test.context.SpringBootContextLoader, parent = null]
	at org.springframework.test.context.cache.DefaultCacheAwareContextLoaderDelegate.loadContext(DefaultCacheAwareContextLoaderDelegate.java:143) ~[spring-test-6.0.13.jar:6.0.13]
	at org.springframework.test.context.support.DefaultTestContext.getApplicationContext(DefaultTestContext.java:127) ~[spring-test-6.0.13.jar:6.0.13]
	at org.springframework.test.context.support.DependencyInjectionTestExecutionListener.injectDependencies(DependencyInjectionTestExecutionListener.java:141) ~[spring-test-6.0.13.jar:6.0.13]
	at org.springframework.test.context.support.DependencyInjectionTestExecutionListener.prepareTestInstance(DependencyInjectionTestExecutionListener.java:97) ~[spring-test-6.0.13.jar:6.0.13]
	at org.springframework.test.context.TestContextManager.prepareTestInstance(TestContextManager.java:241) ~[spring-test-6.0.13.jar:6.0.13]
	at org.springframework.test.context.junit.jupiter.SpringExtension.postProcessTestInstance(SpringExtension.java:138) ~[spring-test-6.0.13.jar:6.0.13]
	at org.junit.jupiter.engine.descriptor.ClassBasedTestDescriptor.lambda$invokeTestInstancePostProcessors$10(ClassBasedTestDescriptor.java:377) ~[junit-jupiter-engine-5.9.3.jar:5.9.3]
	at org.junit.jupiter.engine.descriptor.ClassBasedTestDescriptor.executeAndMaskThrowable(ClassBasedTestDescriptor.java:382) ~[junit-jupiter-engine-5.9.3.jar:5.9.3]
	at org.junit.jupiter.engine.descriptor.ClassBasedTestDescriptor.lambda$invokeTestInstancePostProcessors$11(ClassBasedTestDescriptor.java:377) ~[junit-jupiter-engine-5.9.3.jar:5.9.3]
	at java.base/java.util.stream.ReferencePipeline$3$1.accept(ReferencePipeline.java:197) ~[na:na]
	at java.base/java.util.stream.ReferencePipeline$2$1.accept(ReferencePipeline.java:179) ~[na:na]
	at java.base/java.util.ArrayList$ArrayListSpliterator.forEachRemaining(ArrayList.java:1708) ~[na:na]
	at java.base/java.util.stream.AbstractPipeline.copyInto(AbstractPipeline.java:509) ~[na:na]
	at java.base/java.util.stream.AbstractPipeline.wrapAndCopyInto(AbstractPipeline.java:499) ~[na:na]
	at java.base/java.util.stream.StreamSpliterators$WrappingSpliterator.forEachRemaining(StreamSpliterators.java:310) ~[na:na]
	at java.base/java.util.stream.Streams$ConcatSpliterator.forEachRemaining(Streams.java:735) ~[na:na]
	at java.base/java.util.stream.ReferencePipeline$Head.forEach(ReferencePipeline.java:762) ~[na:na]
	at org.junit.jupiter.engine.descriptor.ClassBasedTestDescriptor.invokeTestInstancePostProcessors(ClassBasedTestDescriptor.java:376) ~[junit-jupiter-engine-5.9.3.jar:5.9.3]
	at org.junit.jupiter.engine.descriptor.ClassBasedTestDescriptor.lambda$instantiateAndPostProcessTestInstance$6(ClassBasedTestDescriptor.java:289) ~[junit-jupiter-engine-5.9.3.jar:5.9.3]
	at org.junit.platform.engine.support.hierarchical.ThrowableCollector.execute(ThrowableCollector.java:73) ~[junit-platform-engine-1.9.3.jar:1.9.3]
	at org.junit.jupiter.engine.descriptor.ClassBasedTestDescriptor.instantiateAndPostProcessTestInstance(ClassBasedTestDescriptor.java:288) ~[junit-jupiter-engine-5.9.3.jar:5.9.3]
	at org.junit.jupiter.engine.descriptor.ClassBasedTestDescriptor.lambda$testInstancesProvider$4(ClassBasedTestDescriptor.java:278) ~[junit-jupiter-engine-5.9.3.jar:5.9.3]
	at java.base/java.util.Optional.orElseGet(Optional.java:364) ~[na:na]
	at org.junit.jupiter.engine.descriptor.ClassBasedTestDescriptor.lambda$testInstancesProvider$5(ClassBasedTestDescriptor.java:277) ~[junit-jupiter-engine-5.9.3.jar:5.9.3]
	at org.junit.jupiter.engine.descriptor.NestedClassTestDescriptor.instantiateTestClass(NestedClassTestDescriptor.java:85) ~[junit-jupiter-engine-5.9.3.jar:5.9.3]
	at org.junit.jupiter.engine.descriptor.ClassBasedTestDescriptor.instantiateAndPostProcessTestInstance(ClassBasedTestDescriptor.java:286) ~[junit-jupiter-engine-5.9.3.jar:5.9.3]
	at org.junit.jupiter.engine.descriptor.ClassBasedTestDescriptor.lambda$testInstancesProvider$4(ClassBasedTestDescriptor.java:278) ~[junit-jupiter-engine-5.9.3.jar:5.9.3]
	at java.base/java.util.Optional.orElseGet(Optional.java:364) ~[na:na]
	at org.junit.jupiter.engine.descriptor.ClassBasedTestDescriptor.lambda$testInstancesProvider$5(ClassBasedTestDescriptor.java:277) ~[junit-jupiter-engine-5.9.3.jar:5.9.3]
	at org.junit.jupiter.engine.execution.TestInstancesProvider.getTestInstances(TestInstancesProvider.java:31) ~[junit-jupiter-engine-5.9.3.jar:5.9.3]
	at org.junit.jupiter.engine.descriptor.TestMethodTestDescriptor.lambda$prepare$0(TestMethodTestDescriptor.java:105) ~[junit-jupiter-engine-5.9.3.jar:5.9.3]
	at org.junit.platform.engine.support.hierarchical.ThrowableCollector.execute(ThrowableCollector.java:73) ~[junit-platform-engine-1.9.3.jar:1.9.3]
	at org.junit.jupiter.engine.descriptor.TestMethodTestDescriptor.prepare(TestMethodTestDescriptor.java:104) ~[junit-jupiter-engine-5.9.3.jar:5.9.3]
	at org.junit.jupiter.engine.descriptor.TestMethodTestDescriptor.prepare(TestMethodTestDescriptor.java:68) ~[junit-jupiter-engine-5.9.3.jar:5.9.3]
	at org.junit.platform.engine.support.hierarchical.NodeTestTask.lambda$prepare$2(NodeTestTask.java:123) ~[junit-platform-engine-1.9.3.jar:1.9.3]
	at org.junit.platform.engine.support.hierarchical.ThrowableCollector.execute(ThrowableCollector.java:73) ~[junit-platform-engine-1.9.3.jar:1.9.3]
	at org.junit.platform.engine.support.hierarchical.NodeTestTask.prepare(NodeTestTask.java:123) ~[junit-platform-engine-1.9.3.jar:1.9.3]
	at org.junit.platform.engine.support.hierarchical.NodeTestTask.execute(NodeTestTask.java:90) ~[junit-platform-engine-1.9.3.jar:1.9.3]
	at java.base/java.util.ArrayList.forEach(ArrayList.java:1596) ~[na:na]
	at org.junit.platform.engine.support.hierarchical.SameThreadHierarchicalTestExecutorService.invokeAll(SameThreadHierarchicalTestExecutorService.java:41) ~[junit-platform-engine-1.9.3.jar:1.9.3]
	at org.junit.platform.engine.support.hierarchical.NodeTestTask.lambda$executeRecursively$6(NodeTestTask.java:155) ~[junit-platform-engine-1.9.3.jar:1.9.3]
	at org.junit.platform.engine.support.hierarchical.ThrowableCollector.execute(ThrowableCollector.java:73) ~[junit-platform-engine-1.9.3.jar:1.9.3]
	at org.junit.platform.engine.support.hierarchical.NodeTestTask.lambda$executeRecursively$8(NodeTestTask.java:141) ~[junit-platform-engine-1.9.3.jar:1.9.3]
	at org.junit.platform.engine.support.hierarchical.Node.around(Node.java:137) ~[junit-platform-engine-1.9.3.jar:1.9.3]
	at org.junit.platform.engine.support.hierarchical.NodeTestTask.lambda$executeRecursively$9(NodeTestTask.java:139) ~[junit-platform-engine-1.9.3.jar:1.9.3]
	at org.junit.platform.engine.support.hierarchical.ThrowableCollector.execute(ThrowableCollector.java:73) ~[junit-platform-engine-1.9.3.jar:1.9.3]
	at org.junit.platform.engine.support.hierarchical.NodeTestTask.executeRecursively(NodeTestTask.java:138) ~[junit-platform-engine-1.9.3.jar:1.9.3]
	at org.junit.platform.engine.support.hierarchical.NodeTestTask.execute(NodeTestTask.java:95) ~[junit-platform-engine-1.9.3.jar:1.9.3]
	at java.base/java.util.ArrayList.forEach(ArrayList.java:1596) ~[na:na]
	at org.junit.platform.engine.support.hierarchical.SameThreadHierarchicalTestExecutorService.invokeAll(SameThreadHierarchicalTestExecutorService.java:41) ~[junit-platform-engine-1.9.3.jar:1.9.3]
	at org.junit.platform.engine.support.hierarchical.NodeTestTask.lambda$executeRecursively$6(NodeTestTask.java:155) ~[junit-platform-engine-1.9.3.jar:1.9.3]
	at org.junit.platform.engine.support.hierarchical.ThrowableCollector.execute(ThrowableCollector.java:73) ~[junit-platform-engine-1.9.3.jar:1.9.3]
	at org.junit.platform.engine.support.hierarchical.NodeTestTask.lambda$executeRecursively$8(NodeTestTask.java:141) ~[junit-platform-engine-1.9.3.jar:1.9.3]
	at org.junit.platform.engine.support.hierarchical.Node.around(Node.java:137) ~[junit-platform-engine-1.9.3.jar:1.9.3]
	at org.junit.platform.engine.support.hierarchical.NodeTestTask.lambda$executeRecursively$9(NodeTestTask.java:139) ~[junit-platform-engine-1.9.3.jar:1.9.3]
	at org.junit.platform.engine.support.hierarchical.ThrowableCollector.execute(ThrowableCollector.java:73) ~[junit-platform-engine-1.9.3.jar:1.9.3]
	at org.junit.platform.engine.support.hierarchical.NodeTestTask.executeRecursively(NodeTestTask.java:138) ~[junit-platform-engine-1.9.3.jar:1.9.3]
	at org.junit.platform.engine.support.hierarchical.NodeTestTask.execute(NodeTestTask.java:95) ~[junit-platform-engine-1.9.3.jar:1.9.3]
	at java.base/java.util.ArrayList.forEach(ArrayList.java:1596) ~[na:na]
	at org.junit.platform.engine.support.hierarchical.SameThreadHierarchicalTestExecutorService.invokeAll(SameThreadHierarchicalTestExecutorService.java:41) ~[junit-platform-engine-1.9.3.jar:1.9.3]
	at org.junit.platform.engine.support.hierarchical.NodeTestTask.lambda$executeRecursively$6(NodeTestTask.java:155) ~[junit-platform-engine-1.9.3.jar:1.9.3]
	at org.junit.platform.engine.support.hierarchical.ThrowableCollector.execute(ThrowableCollector.java:73) ~[junit-platform-engine-1.9.3.jar:1.9.3]
	at org.junit.platform.engine.support.hierarchical.NodeTestTask.lambda$executeRecursively$8(NodeTestTask.java:141) ~[junit-platform-engine-1.9.3.jar:1.9.3]
	at org.junit.platform.engine.support.hierarchical.Node.around(Node.java:137) ~[junit-platform-engine-1.9.3.jar:1.9.3]
	at org.junit.platform.engine.support.hierarchical.NodeTestTask.lambda$executeRecursively$9(NodeTestTask.java:139) ~[junit-platform-engine-1.9.3.jar:1.9.3]
	at org.junit.platform.engine.support.hierarchical.ThrowableCollector.execute(ThrowableCollector.java:73) ~[junit-platform-engine-1.9.3.jar:1.9.3]
	at org.junit.platform.engine.support.hierarchical.NodeTestTask.executeRecursively(NodeTestTask.java:138) ~[junit-platform-engine-1.9.3.jar:1.9.3]
	at org.junit.platform.engine.support.hierarchical.NodeTestTask.execute(NodeTestTask.java:95) ~[junit-platform-engine-1.9.3.jar:1.9.3]
	at org.junit.platform.engine.support.hierarchical.SameThreadHierarchicalTestExecutorService.submit(SameThreadHierarchicalTestExecutorService.java:35) ~[junit-platform-engine-1.9.3.jar:1.9.3]
	at org.junit.platform.engine.support.hierarchical.HierarchicalTestExecutor.execute(HierarchicalTestExecutor.java:57) ~[junit-platform-engine-1.9.3.jar:1.9.3]
	at org.junit.platform.engine.support.hierarchical.HierarchicalTestEngine.execute(HierarchicalTestEngine.java:54) ~[junit-platform-engine-1.9.3.jar:1.9.3]
	at org.junit.platform.launcher.core.EngineExecutionOrchestrator.execute(EngineExecutionOrchestrator.java:147) ~[junit-platform-launcher-1.9.3.jar:1.9.3]
	at org.junit.platform.launcher.core.EngineExecutionOrchestrator.execute(EngineExecutionOrchestrator.java:127) ~[junit-platform-launcher-1.9.3.jar:1.9.3]
	at org.junit.platform.launcher.core.EngineExecutionOrchestrator.execute(EngineExecutionOrchestrator.java:90) ~[junit-platform-launcher-1.9.3.jar:1.9.3]
	at org.junit.platform.launcher.core.EngineExecutionOrchestrator.lambda$execute$0(EngineExecutionOrchestrator.java:55) ~[junit-platform-launcher-1.9.3.jar:1.9.3]
	at org.junit.platform.launcher.core.EngineExecutionOrchestrator.withInterceptedStreams(EngineExecutionOrchestrator.java:102) ~[junit-platform-launcher-1.9.3.jar:1.9.3]
	at org.junit.platform.launcher.core.EngineExecutionOrchestrator.execute(EngineExecutionOrchestrator.java:54) ~[junit-platform-launcher-1.9.3.jar:1.9.3]
	at org.junit.platform.launcher.core.DefaultLauncher.execute(DefaultLauncher.java:114) ~[junit-platform-launcher-1.9.3.jar:1.9.3]
	at org.junit.platform.launcher.core.DefaultLauncher.execute(DefaultLauncher.java:86) ~[junit-platform-launcher-1.9.3.jar:1.9.3]
	at org.junit.platform.launcher.core.DefaultLauncherSession$DelegatingLauncher.execute(DefaultLauncherSession.java:86) ~[junit-platform-launcher-1.9.3.jar:1.9.3]
	at org.apache.maven.surefire.junitplatform.LazyLauncher.execute(LazyLauncher.java:55) ~[surefire-junit-platform-3.0.0-M9.jar:3.0.0-M9]
	at org.apache.maven.surefire.junitplatform.JUnitPlatformProvider.execute(JUnitPlatformProvider.java:223) ~[surefire-junit-platform-3.0.0-M9.jar:3.0.0-M9]
	at org.apache.maven.surefire.junitplatform.JUnitPlatformProvider.invokeAllTests(JUnitPlatformProvider.java:175) ~[surefire-junit-platform-3.0.0-M9.jar:3.0.0-M9]
	at org.apache.maven.surefire.junitplatform.JUnitPlatformProvider.invoke(JUnitPlatformProvider.java:139) ~[surefire-junit-platform-3.0.0-M9.jar:3.0.0-M9]
	at org.apache.maven.surefire.booter.ForkedBooter.runSuitesInProcess(ForkedBooter.java:456) ~[surefire-booter-3.0.0-M9.jar:3.0.0-M9]
	at org.apache.maven.surefire.booter.ForkedBooter.execute(ForkedBooter.java:169) ~[surefire-booter-3.0.0-M9.jar:3.0.0-M9]
	at org.apache.maven.surefire.booter.ForkedBooter.run(ForkedBooter.java:595) ~[surefire-booter-3.0.0-M9.jar:3.0.0-M9]
	at org.apache.maven.surefire.booter.ForkedBooter.main(ForkedBooter.java:581) ~[surefire-booter-3.0.0-M9.jar:3.0.0-M9]
Caused by: org.springframework.beans.factory.BeanCreationException: Error creating bean with name 'requestMappingHandlerMapping' defined in class path resource [org/springframework/boot/autoconfigure/web/servlet/WebMvcAutoConfiguration$EnableWebMvcConfiguration.class]: Invalid mapping on handler class [grifo.spring.jpa.demo.controladores.ControladorRutina]: public grifo.spring.jpa.demo.dtos.RutinaDTO grifo.spring.jpa.demo.controladores.ControladorRutina.actualizarRutina(java.lang.Long,grifo.spring.jpa.demo.dtos.RutinaDTO)
	at org.springframework.beans.factory.support.AbstractAutowireCapableBeanFactory.initializeBean(AbstractAutowireCapableBeanFactory.java:1770) ~[spring-beans-6.0.13.jar:6.0.13]
	at org.springframework.beans.factory.support.AbstractAutowireCapableBeanFactory.doCreateBean(AbstractAutowireCapableBeanFactory.java:598) ~[spring-beans-6.0.13.jar:6.0.13]
	at org.springframework.beans.factory.support.AbstractAutowireCapableBeanFactory.createBean(AbstractAutowireCapableBeanFactory.java:520) ~[spring-beans-6.0.13.jar:6.0.13]
	at org.springframework.beans.factory.support.AbstractBeanFactory.lambda$doGetBean$0(AbstractBeanFactory.java:325) ~[spring-beans-6.0.13.jar:6.0.13]
	at org.springframework.beans.factory.support.DefaultSingletonBeanRegistry.getSingleton(DefaultSingletonBeanRegistry.java:234) ~[spring-beans-6.0.13.jar:6.0.13]
	at org.springframework.beans.factory.support.AbstractBeanFactory.doGetBean(AbstractBeanFactory.java:323) ~[spring-beans-6.0.13.jar:6.0.13]
	at org.springframework.beans.factory.support.AbstractBeanFactory.getBean(AbstractBeanFactory.java:199) ~[spring-beans-6.0.13.jar:6.0.13]
	at org.springframework.beans.factory.support.DefaultListableBeanFactory.preInstantiateSingletons(DefaultListableBeanFactory.java:973) ~[spring-beans-6.0.13.jar:6.0.13]
	at org.springframework.context.support.AbstractApplicationContext.finishBeanFactoryInitialization(AbstractApplicationContext.java:950) ~[spring-context-6.0.13.jar:6.0.13]
	at org.springframework.context.support.AbstractApplicationContext.refresh(AbstractApplicationContext.java:616) ~[spring-context-6.0.13.jar:6.0.13]
	at org.springframework.boot.web.servlet.context.ServletWebServerApplicationContext.refresh(ServletWebServerApplicationContext.java:146) ~[spring-boot-3.1.5.jar:3.1.5]
	at org.springframework.boot.SpringApplication.refresh(SpringApplication.java:738) ~[spring-boot-3.1.5.jar:3.1.5]
	at org.springframework.boot.SpringApplication.refreshContext(SpringApplication.java:440) ~[spring-boot-3.1.5.jar:3.1.5]
	at org.springframework.boot.SpringApplication.run(SpringApplication.java:316) ~[spring-boot-3.1.5.jar:3.1.5]
	at org.springframework.boot.test.context.SpringBootContextLoader.lambda$loadContext$3(SpringBootContextLoader.java:137) ~[spring-boot-test-3.1.5.jar:3.1.5]
	at org.springframework.util.function.ThrowingSupplier.get(ThrowingSupplier.java:58) ~[spring-core-6.0.13.jar:6.0.13]
	at org.springframework.util.function.ThrowingSupplier.get(ThrowingSupplier.java:46) ~[spring-core-6.0.13.jar:6.0.13]
	at org.springframework.boot.SpringApplication.withHook(SpringApplication.java:1406) ~[spring-boot-3.1.5.jar:3.1.5]
	at org.springframework.boot.test.context.SpringBootContextLoader$ContextLoaderHook.run(SpringBootContextLoader.java:545) ~[spring-boot-test-3.1.5.jar:3.1.5]
	at org.springframework.boot.test.context.SpringBootContextLoader.loadContext(SpringBootContextLoader.java:137) ~[spring-boot-test-3.1.5.jar:3.1.5]
	at org.springframework.boot.test.context.SpringBootContextLoader.loadContext(SpringBootContextLoader.java:108) ~[spring-boot-test-3.1.5.jar:3.1.5]
	at org.springframework.test.context.cache.DefaultCacheAwareContextLoaderDelegate.loadContextInternal(DefaultCacheAwareContextLoaderDelegate.java:187) ~[spring-test-6.0.13.jar:6.0.13]
	at org.springframework.test.context.cache.DefaultCacheAwareContextLoaderDelegate.loadContext(DefaultCacheAwareContextLoaderDelegate.java:119) ~[spring-test-6.0.13.jar:6.0.13]
	... 87 common frames omitted
Caused by: java.lang.IllegalStateException: Invalid mapping on handler class [grifo.spring.jpa.demo.controladores.ControladorRutina]: public grifo.spring.jpa.demo.dtos.RutinaDTO grifo.spring.jpa.demo.controladores.ControladorRutina.actualizarRutina(java.lang.Long,grifo.spring.jpa.demo.dtos.RutinaDTO)
	at org.springframework.web.servlet.handler.AbstractHandlerMethodMapping.lambda$detectHandlerMethods$1(AbstractHandlerMethodMapping.java:287) ~[spring-webmvc-6.0.13.jar:6.0.13]
	at org.springframework.core.MethodIntrospector.lambda$selectMethods$0(MethodIntrospector.java:74) ~[spring-core-6.0.13.jar:6.0.13]
	at org.springframework.util.ReflectionUtils.doWithMethods(ReflectionUtils.java:366) ~[spring-core-6.0.13.jar:6.0.13]
	at org.springframework.core.MethodIntrospector.selectMethods(MethodIntrospector.java:72) ~[spring-core-6.0.13.jar:6.0.13]
	at org.springframework.web.servlet.handler.AbstractHandlerMethodMapping.detectHandlerMethods(AbstractHandlerMethodMapping.java:280) ~[spring-webmvc-6.0.13.jar:6.0.13]
	at org.springframework.web.servlet.handler.AbstractHandlerMethodMapping.processCandidateBean(AbstractHandlerMethodMapping.java:265) ~[spring-webmvc-6.0.13.jar:6.0.13]
	at org.springframework.web.servlet.handler.AbstractHandlerMethodMapping.initHandlerMethods(AbstractHandlerMethodMapping.java:224) ~[spring-webmvc-6.0.13.jar:6.0.13]
	at org.springframework.web.servlet.handler.AbstractHandlerMethodMapping.afterPropertiesSet(AbstractHandlerMethodMapping.java:212) ~[spring-webmvc-6.0.13.jar:6.0.13]
	at org.springframework.web.servlet.mvc.method.annotation.RequestMappingHandlerMapping.afterPropertiesSet(RequestMappingHandlerMapping.java:225) ~[spring-webmvc-6.0.13.jar:6.0.13]
	at org.springframework.beans.factory.support.AbstractAutowireCapableBeanFactory.invokeInitMethods(AbstractAutowireCapableBeanFactory.java:1817) ~[spring-beans-6.0.13.jar:6.0.13]
	at org.springframework.beans.factory.support.AbstractAutowireCapableBeanFactory.initializeBean(AbstractAutowireCapableBeanFactory.java:1766) ~[spring-beans-6.0.13.jar:6.0.13]
	... 109 common frames omitted
Caused by: org.springframework.web.util.pattern.PatternParseException: Expected close capture character after variable name }
	at org.springframework.web.util.pattern.InternalPathPatternParser.createPathElement(InternalPathPatternParser.java:314) ~[spring-web-6.0.13.jar:6.0.13]
	at org.springframework.web.util.pattern.InternalPathPatternParser.parse(InternalPathPatternParser.java:111) ~[spring-web-6.0.13.jar:6.0.13]
	at org.springframework.web.util.pattern.PathPatternParser.parse(PathPatternParser.java:129) ~[spring-web-6.0.13.jar:6.0.13]
	at org.springframework.web.servlet.mvc.condition.PathPatternsRequestCondition.parse(PathPatternsRequestCondition.java:84) ~[spring-webmvc-6.0.13.jar:6.0.13]
	at org.springframework.web.servlet.mvc.condition.PathPatternsRequestCondition.<init>(PathPatternsRequestCondition.java:74) ~[spring-webmvc-6.0.13.jar:6.0.13]
	at org.springframework.web.servlet.mvc.method.RequestMappingInfo$DefaultBuilder.build(RequestMappingInfo.java:714) ~[spring-webmvc-6.0.13.jar:6.0.13]
	at org.springframework.web.servlet.mvc.method.annotation.RequestMappingHandlerMapping.createRequestMappingInfo(RequestMappingHandlerMapping.java:400) ~[spring-webmvc-6.0.13.jar:6.0.13]
	at org.springframework.web.servlet.mvc.method.annotation.RequestMappingHandlerMapping.createRequestMappingInfo(RequestMappingHandlerMapping.java:345) ~[spring-webmvc-6.0.13.jar:6.0.13]
	at org.springframework.web.servlet.mvc.method.annotation.RequestMappingHandlerMapping.getMappingForMethod(RequestMappingHandlerMapping.java:302) ~[spring-webmvc-6.0.13.jar:6.0.13]
	at org.springframework.web.servlet.mvc.method.annotation.RequestMappingHandlerMapping.getMappingForMethod(RequestMappingHandlerMapping.java:76) ~[spring-webmvc-6.0.13.jar:6.0.13]
	at org.springframework.web.servlet.handler.AbstractHandlerMethodMapping.lambda$detectHandlerMethods$1(AbstractHandlerMethodMapping.java:283) ~[spring-webmvc-6.0.13.jar:6.0.13]
	... 119 common frames omitted


  .   ____          _            __ _ _
 /\\ / ___'_ __ _ _(_)_ __  __ _ \ \ \ \
( ( )\___ | '_ | '_| | '_ \/ _` | \ \ \ \
 \\/  ___)| |_)| | | | | || (_| |  ) ) ) )
  '  |____| .__|_| |_|_| |_\__, | / / / /
 =========|_|==============|___/=/_/_/_/
 :: Spring Boot ::                (v3.1.5)

2024-05-25T12:16:16.936+02:00  INFO 12124 --- [           main] sRutinasAplicationTests$EjerciciosVacios : Starting EjerciciosRutinasAplicationTests.EjerciciosVacios using Java 21.0.2 with PID 12124 (started by Juanjo in c:\Users\Juanjo\Documents\GitHub\ciklum-el-grifo\jpa\spring-jpa)
2024-05-25T12:16:16.936+02:00  INFO 12124 --- [           main] sRutinasAplicationTests$EjerciciosVacios : No active profile set, falling back to 1 default profile: "default"
2024-05-25T12:16:17.036+02:00  INFO 12124 --- [           main] .s.d.r.c.RepositoryConfigurationDelegate : Bootstrapping Spring Data JPA repositories in DEFAULT mode.
2024-05-25T12:16:17.045+02:00  INFO 12124 --- [           main] .s.d.r.c.RepositoryConfigurationDelegate : Finished Spring Data repository scanning in 8 ms. Found 2 JPA repository interfaces.
2024-05-25T12:16:17.102+02:00  INFO 12124 --- [           main] o.s.b.w.embedded.tomcat.TomcatWebServer  : Tomcat initialized with port(s): 0 (http)
2024-05-25T12:16:17.102+02:00  INFO 12124 --- [           main] o.apache.catalina.core.StandardService   : Starting service [Tomcat]
2024-05-25T12:16:17.103+02:00  INFO 12124 --- [           main] o.apache.catalina.core.StandardEngine    : Starting Servlet engine: [Apache Tomcat/10.1.15]
2024-05-25T12:16:17.136+02:00  INFO 12124 --- [           main] o.a.c.c.C.[Tomcat-7].[localhost].[/]     : Initializing Spring embedded WebApplicationContext
2024-05-25T12:16:17.137+02:00  INFO 12124 --- [           main] w.s.c.ServletWebServerApplicationContext : Root WebApplicationContext: initialization completed in 200 ms
2024-05-25T12:16:17.162+02:00  INFO 12124 --- [           main] com.zaxxer.hikari.HikariDataSource       : HikariPool-8 - Starting...
2024-05-25T12:16:17.165+02:00  INFO 12124 --- [           main] com.zaxxer.hikari.pool.HikariPool        : HikariPool-8 - Added connection conn50: url=jdbc:h2:mem:db user=USER
2024-05-25T12:16:17.165+02:00  INFO 12124 --- [           main] com.zaxxer.hikari.HikariDataSource       : HikariPool-8 - Start completed.
2024-05-25T12:16:17.167+02:00  INFO 12124 --- [           main] o.hibernate.jpa.internal.util.LogHelper  : HHH000204: Processing PersistenceUnitInfo [name: default]
2024-05-25T12:16:17.172+02:00  INFO 12124 --- [           main] o.s.o.j.p.SpringPersistenceUnitInfo      : No LoadTimeWeaver setup: ignoring JPA class transformer
2024-05-25T12:16:17.202+02:00  INFO 12124 --- [           main] o.h.m.i.EntityInstantiatorPojoStandard   : HHH000182: No default (no-argument) constructor for class: grifo.spring.jpa.demo.entities.Ejercicio (class must be instantiated by Interceptor)
2024-05-25T12:16:17.208+02:00  INFO 12124 --- [           main] o.h.m.i.EntityInstantiatorPojoStandard   : HHH000182: No default (no-argument) constructor for class: grifo.spring.jpa.demo.entities.FragmentoRutina (class must be instantiated by Interceptor)
2024-05-25T12:16:17.225+02:00  INFO 12124 --- [           main] o.h.e.t.j.p.i.JtaPlatformInitiator       : HHH000489: No JTA platform available (set 'hibernate.transaction.jta.platform' to enable JTA platform integration)
2024-05-25T12:16:17.229+02:00  INFO 12124 --- [           main] j.LocalContainerEntityManagerFactoryBean : Initialized JPA EntityManagerFactory for persistence unit 'default'
2024-05-25T12:16:17.283+02:00  WARN 12124 --- [           main] JpaBaseConfiguration$JpaWebConfiguration : spring.jpa.open-in-view is enabled by default. Therefore, database queries may be performed during view rendering. Explicitly configure spring.jpa.open-in-view to disable this warning
2024-05-25T12:16:17.287+02:00  WARN 12124 --- [           main] .s.s.UserDetailsServiceAutoConfiguration : 

Using generated security password: aeadf33e-0b9b-44ca-a20a-61bdcb79c0f8

This generated password is for development use only. Your security configuration must be updated before running your application in production.

2024-05-25T12:16:17.294+02:00  INFO 12124 --- [           main] o.s.s.web.DefaultSecurityFilterChain     : Will secure any request with [org.springframework.security.web.session.DisableEncodeUrlFilter@38b1859b, org.springframework.security.web.context.request.async.WebAsyncManagerIntegrationFilter@85ddc3e, org.springframework.security.web.context.SecurityContextHolderFilter@26e3c238, org.springframework.security.web.header.HeaderWriterFilter@5178e1f3, org.springframework.security.web.csrf.CsrfFilter@673d8f66, org.springframework.security.web.authentication.logout.LogoutFilter@6212f34f, org.springframework.security.web.authentication.UsernamePasswordAuthenticationFilter@9c67b92, org.springframework.security.web.authentication.ui.DefaultLoginPageGeneratingFilter@6538486, org.springframework.security.web.authentication.ui.DefaultLogoutPageGeneratingFilter@327d3c4c, org.springframework.security.web.authentication.www.BasicAuthenticationFilter@7cbb796e, org.springframework.security.web.savedrequest.RequestCacheAwareFilter@2d2e2f3d, org.springframework.security.web.servletapi.SecurityContextHolderAwareRequestFilter@10b2881a, org.springframework.security.web.authentication.AnonymousAuthenticationFilter@152a5364, org.springframework.security.web.access.ExceptionTranslationFilter@55fd0b81, org.springframework.security.web.access.intercept.AuthorizationFilter@7c098ab1]
2024-05-25T12:16:17.329+02:00  WARN 12124 --- [           main] ConfigServletWebServerApplicationContext : Exception encountered during context initialization - cancelling refresh attempt: org.springframework.beans.factory.BeanCreationException: Error creating bean with name 'requestMappingHandlerMapping' defined in class path resource [org/springframework/boot/autoconfigure/web/servlet/WebMvcAutoConfiguration$EnableWebMvcConfiguration.class]: Invalid mapping on handler class [grifo.spring.jpa.demo.controladores.ControladorRutina]: public grifo.spring.jpa.demo.dtos.RutinaDTO grifo.spring.jpa.demo.controladores.ControladorRutina.actualizarRutina(java.lang.Long,grifo.spring.jpa.demo.dtos.RutinaDTO)
2024-05-25T12:16:17.330+02:00  INFO 12124 --- [           main] j.LocalContainerEntityManagerFactoryBean : Closing JPA EntityManagerFactory for persistence unit 'default'
2024-05-25T12:16:17.330+02:00  INFO 12124 --- [           main] com.zaxxer.hikari.HikariDataSource       : HikariPool-8 - Shutdown initiated...
2024-05-25T12:16:17.331+02:00  INFO 12124 --- [           main] com.zaxxer.hikari.HikariDataSource       : HikariPool-8 - Shutdown completed.
2024-05-25T12:16:17.331+02:00  INFO 12124 --- [           main] o.apache.catalina.core.StandardService   : Stopping service [Tomcat]
2024-05-25T12:16:17.334+02:00  INFO 12124 --- [           main] .s.b.a.l.ConditionEvaluationReportLogger : 

Error starting ApplicationContext. To display the condition evaluation report re-run your application with 'debug' enabled.
2024-05-25T12:16:17.336+02:00 ERROR 12124 --- [           main] o.s.b.d.LoggingFailureAnalysisReporter   : 

***************************
APPLICATION FAILED TO START
***************************

Description:

Invalid mapping pattern detected: /{/idRutina}
  ^
Expected close capture character after variable name }

Action:

Fix this pattern in your application or switch to the legacy parser implementation with 'spring.mvc.pathmatch.matching-strategy=ant_path_matcher'.

2024-05-25T12:16:17.336+02:00 ERROR 12124 --- [           main] o.s.test.context.TestContextManager      : Caught exception while allowing TestExecutionListener [org.springframework.test.context.support.DependencyInjectionTestExecutionListener] to prepare test instance [grifo.spring.jpa.demo.EjerciciosRutinasAplicationTests$EjerciciosVacios@7b161a25]

java.lang.IllegalStateException: Failed to load ApplicationContext for [WebMergedContextConfiguration@79b4468e testClass = grifo.spring.jpa.demo.EjerciciosRutinasAplicationTests.EjerciciosVacios, locations = [], classes = [grifo.spring.jpa.demo.EntidadesApplication], contextInitializerClasses = [], activeProfiles = [], propertySourceLocations = [], propertySourceProperties = ["org.springframework.boot.test.context.SpringBootTestContextBootstrapper=true", "server.port=0"], contextCustomizers = [org.springframework.boot.test.context.filter.ExcludeFilterContextCustomizer@3c443976, org.springframework.boot.test.json.DuplicateJsonObjectContextCustomizerFactory$DuplicateJsonObjectContextCustomizer@6b04acb2, org.springframework.boot.test.mock.mockito.MockitoContextCustomizer@0, org.springframework.boot.test.web.client.TestRestTemplateContextCustomizer@4a1e3ac1, org.springframework.boot.test.autoconfigure.actuate.observability.ObservabilityContextCustomizerFactory$DisableObservabilityContextCustomizer@1f, org.springframework.boot.test.autoconfigure.properties.PropertyMappingContextCustomizer@0, org.springframework.boot.test.autoconfigure.web.servlet.WebDriverContextCustomizer@2375b321, org.springframework.boot.test.context.SpringBootTestAnnotation@6014c3f6], resourceBasePath = "src/main/webapp", contextLoader = org.springframework.boot.test.context.SpringBootContextLoader, parent = null]
	at org.springframework.test.context.cache.DefaultCacheAwareContextLoaderDelegate.loadContext(DefaultCacheAwareContextLoaderDelegate.java:143) ~[spring-test-6.0.13.jar:6.0.13]
	at org.springframework.test.context.support.DefaultTestContext.getApplicationContext(DefaultTestContext.java:127) ~[spring-test-6.0.13.jar:6.0.13]
	at org.springframework.test.context.support.DependencyInjectionTestExecutionListener.injectDependencies(DependencyInjectionTestExecutionListener.java:141) ~[spring-test-6.0.13.jar:6.0.13]
	at org.springframework.test.context.support.DependencyInjectionTestExecutionListener.prepareTestInstance(DependencyInjectionTestExecutionListener.java:97) ~[spring-test-6.0.13.jar:6.0.13]
	at org.springframework.test.context.TestContextManager.prepareTestInstance(TestContextManager.java:241) ~[spring-test-6.0.13.jar:6.0.13]
	at org.springframework.test.context.junit.jupiter.SpringExtension.postProcessTestInstance(SpringExtension.java:138) ~[spring-test-6.0.13.jar:6.0.13]
	at org.junit.jupiter.engine.descriptor.ClassBasedTestDescriptor.lambda$invokeTestInstancePostProcessors$10(ClassBasedTestDescriptor.java:377) ~[junit-jupiter-engine-5.9.3.jar:5.9.3]
	at org.junit.jupiter.engine.descriptor.ClassBasedTestDescriptor.executeAndMaskThrowable(ClassBasedTestDescriptor.java:382) ~[junit-jupiter-engine-5.9.3.jar:5.9.3]
	at org.junit.jupiter.engine.descriptor.ClassBasedTestDescriptor.lambda$invokeTestInstancePostProcessors$11(ClassBasedTestDescriptor.java:377) ~[junit-jupiter-engine-5.9.3.jar:5.9.3]
	at java.base/java.util.stream.ReferencePipeline$3$1.accept(ReferencePipeline.java:197) ~[na:na]
	at java.base/java.util.stream.ReferencePipeline$2$1.accept(ReferencePipeline.java:179) ~[na:na]
	at java.base/java.util.ArrayList$ArrayListSpliterator.forEachRemaining(ArrayList.java:1708) ~[na:na]
	at java.base/java.util.stream.AbstractPipeline.copyInto(AbstractPipeline.java:509) ~[na:na]
	at java.base/java.util.stream.AbstractPipeline.wrapAndCopyInto(AbstractPipeline.java:499) ~[na:na]
	at java.base/java.util.stream.StreamSpliterators$WrappingSpliterator.forEachRemaining(StreamSpliterators.java:310) ~[na:na]
	at java.base/java.util.stream.Streams$ConcatSpliterator.forEachRemaining(Streams.java:735) ~[na:na]
	at java.base/java.util.stream.Streams$ConcatSpliterator.forEachRemaining(Streams.java:734) ~[na:na]
	at java.base/java.util.stream.Streams$ConcatSpliterator.forEachRemaining(Streams.java:734) ~[na:na]
	at java.base/java.util.stream.ReferencePipeline$Head.forEach(ReferencePipeline.java:762) ~[na:na]
	at org.junit.jupiter.engine.descriptor.ClassBasedTestDescriptor.invokeTestInstancePostProcessors(ClassBasedTestDescriptor.java:376) ~[junit-jupiter-engine-5.9.3.jar:5.9.3]
	at org.junit.jupiter.engine.descriptor.ClassBasedTestDescriptor.lambda$instantiateAndPostProcessTestInstance$6(ClassBasedTestDescriptor.java:289) ~[junit-jupiter-engine-5.9.3.jar:5.9.3]
	at org.junit.platform.engine.support.hierarchical.ThrowableCollector.execute(ThrowableCollector.java:73) ~[junit-platform-engine-1.9.3.jar:1.9.3]
	at org.junit.jupiter.engine.descriptor.ClassBasedTestDescriptor.instantiateAndPostProcessTestInstance(ClassBasedTestDescriptor.java:288) ~[junit-jupiter-engine-5.9.3.jar:5.9.3]
	at org.junit.jupiter.engine.descriptor.ClassBasedTestDescriptor.lambda$testInstancesProvider$4(ClassBasedTestDescriptor.java:278) ~[junit-jupiter-engine-5.9.3.jar:5.9.3]
	at java.base/java.util.Optional.orElseGet(Optional.java:364) ~[na:na]
	at org.junit.jupiter.engine.descriptor.ClassBasedTestDescriptor.lambda$testInstancesProvider$5(ClassBasedTestDescriptor.java:277) ~[junit-jupiter-engine-5.9.3.jar:5.9.3]
	at org.junit.jupiter.engine.execution.TestInstancesProvider.getTestInstances(TestInstancesProvider.java:31) ~[junit-jupiter-engine-5.9.3.jar:5.9.3]
	at org.junit.jupiter.engine.descriptor.TestMethodTestDescriptor.lambda$prepare$0(TestMethodTestDescriptor.java:105) ~[junit-jupiter-engine-5.9.3.jar:5.9.3]
	at org.junit.platform.engine.support.hierarchical.ThrowableCollector.execute(ThrowableCollector.java:73) ~[junit-platform-engine-1.9.3.jar:1.9.3]
	at org.junit.jupiter.engine.descriptor.TestMethodTestDescriptor.prepare(TestMethodTestDescriptor.java:104) ~[junit-jupiter-engine-5.9.3.jar:5.9.3]
	at org.junit.jupiter.engine.descriptor.TestMethodTestDescriptor.prepare(TestMethodTestDescriptor.java:68) ~[junit-jupiter-engine-5.9.3.jar:5.9.3]
	at org.junit.platform.engine.support.hierarchical.NodeTestTask.lambda$prepare$2(NodeTestTask.java:123) ~[junit-platform-engine-1.9.3.jar:1.9.3]
	at org.junit.platform.engine.support.hierarchical.ThrowableCollector.execute(ThrowableCollector.java:73) ~[junit-platform-engine-1.9.3.jar:1.9.3]
	at org.junit.platform.engine.support.hierarchical.NodeTestTask.prepare(NodeTestTask.java:123) ~[junit-platform-engine-1.9.3.jar:1.9.3]
	at org.junit.platform.engine.support.hierarchical.NodeTestTask.execute(NodeTestTask.java:90) ~[junit-platform-engine-1.9.3.jar:1.9.3]
	at java.base/java.util.ArrayList.forEach(ArrayList.java:1596) ~[na:na]
	at org.junit.platform.engine.support.hierarchical.SameThreadHierarchicalTestExecutorService.invokeAll(SameThreadHierarchicalTestExecutorService.java:41) ~[junit-platform-engine-1.9.3.jar:1.9.3]
	at org.junit.platform.engine.support.hierarchical.NodeTestTask.lambda$executeRecursively$6(NodeTestTask.java:155) ~[junit-platform-engine-1.9.3.jar:1.9.3]
	at org.junit.platform.engine.support.hierarchical.ThrowableCollector.execute(ThrowableCollector.java:73) ~[junit-platform-engine-1.9.3.jar:1.9.3]
	at org.junit.platform.engine.support.hierarchical.NodeTestTask.lambda$executeRecursively$8(NodeTestTask.java:141) ~[junit-platform-engine-1.9.3.jar:1.9.3]
	at org.junit.platform.engine.support.hierarchical.Node.around(Node.java:137) ~[junit-platform-engine-1.9.3.jar:1.9.3]
	at org.junit.platform.engine.support.hierarchical.NodeTestTask.lambda$executeRecursively$9(NodeTestTask.java:139) ~[junit-platform-engine-1.9.3.jar:1.9.3]
	at org.junit.platform.engine.support.hierarchical.ThrowableCollector.execute(ThrowableCollector.java:73) ~[junit-platform-engine-1.9.3.jar:1.9.3]
	at org.junit.platform.engine.support.hierarchical.NodeTestTask.executeRecursively(NodeTestTask.java:138) ~[junit-platform-engine-1.9.3.jar:1.9.3]
	at org.junit.platform.engine.support.hierarchical.NodeTestTask.execute(NodeTestTask.java:95) ~[junit-platform-engine-1.9.3.jar:1.9.3]
	at java.base/java.util.ArrayList.forEach(ArrayList.java:1596) ~[na:na]
	at org.junit.platform.engine.support.hierarchical.SameThreadHierarchicalTestExecutorService.invokeAll(SameThreadHierarchicalTestExecutorService.java:41) ~[junit-platform-engine-1.9.3.jar:1.9.3]
	at org.junit.platform.engine.support.hierarchical.NodeTestTask.lambda$executeRecursively$6(NodeTestTask.java:155) ~[junit-platform-engine-1.9.3.jar:1.9.3]
	at org.junit.platform.engine.support.hierarchical.ThrowableCollector.execute(ThrowableCollector.java:73) ~[junit-platform-engine-1.9.3.jar:1.9.3]
	at org.junit.platform.engine.support.hierarchical.NodeTestTask.lambda$executeRecursively$8(NodeTestTask.java:141) ~[junit-platform-engine-1.9.3.jar:1.9.3]
	at org.junit.platform.engine.support.hierarchical.Node.around(Node.java:137) ~[junit-platform-engine-1.9.3.jar:1.9.3]
	at org.junit.platform.engine.support.hierarchical.NodeTestTask.lambda$executeRecursively$9(NodeTestTask.java:139) ~[junit-platform-engine-1.9.3.jar:1.9.3]
	at org.junit.platform.engine.support.hierarchical.ThrowableCollector.execute(ThrowableCollector.java:73) ~[junit-platform-engine-1.9.3.jar:1.9.3]
	at org.junit.platform.engine.support.hierarchical.NodeTestTask.executeRecursively(NodeTestTask.java:138) ~[junit-platform-engine-1.9.3.jar:1.9.3]
	at org.junit.platform.engine.support.hierarchical.NodeTestTask.execute(NodeTestTask.java:95) ~[junit-platform-engine-1.9.3.jar:1.9.3]
	at java.base/java.util.ArrayList.forEach(ArrayList.java:1596) ~[na:na]
	at org.junit.platform.engine.support.hierarchical.SameThreadHierarchicalTestExecutorService.invokeAll(SameThreadHierarchicalTestExecutorService.java:41) ~[junit-platform-engine-1.9.3.jar:1.9.3]
	at org.junit.platform.engine.support.hierarchical.NodeTestTask.lambda$executeRecursively$6(NodeTestTask.java:155) ~[junit-platform-engine-1.9.3.jar:1.9.3]
	at org.junit.platform.engine.support.hierarchical.ThrowableCollector.execute(ThrowableCollector.java:73) ~[junit-platform-engine-1.9.3.jar:1.9.3]
	at org.junit.platform.engine.support.hierarchical.NodeTestTask.lambda$executeRecursively$8(NodeTestTask.java:141) ~[junit-platform-engine-1.9.3.jar:1.9.3]
	at org.junit.platform.engine.support.hierarchical.Node.around(Node.java:137) ~[junit-platform-engine-1.9.3.jar:1.9.3]
	at org.junit.platform.engine.support.hierarchical.NodeTestTask.lambda$executeRecursively$9(NodeTestTask.java:139) ~[junit-platform-engine-1.9.3.jar:1.9.3]
	at org.junit.platform.engine.support.hierarchical.ThrowableCollector.execute(ThrowableCollector.java:73) ~[junit-platform-engine-1.9.3.jar:1.9.3]
	at org.junit.platform.engine.support.hierarchical.NodeTestTask.executeRecursively(NodeTestTask.java:138) ~[junit-platform-engine-1.9.3.jar:1.9.3]
	at org.junit.platform.engine.support.hierarchical.NodeTestTask.execute(NodeTestTask.java:95) ~[junit-platform-engine-1.9.3.jar:1.9.3]
	at org.junit.platform.engine.support.hierarchical.SameThreadHierarchicalTestExecutorService.submit(SameThreadHierarchicalTestExecutorService.java:35) ~[junit-platform-engine-1.9.3.jar:1.9.3]
	at org.junit.platform.engine.support.hierarchical.HierarchicalTestExecutor.execute(HierarchicalTestExecutor.java:57) ~[junit-platform-engine-1.9.3.jar:1.9.3]
	at org.junit.platform.engine.support.hierarchical.HierarchicalTestEngine.execute(HierarchicalTestEngine.java:54) ~[junit-platform-engine-1.9.3.jar:1.9.3]
	at org.junit.platform.launcher.core.EngineExecutionOrchestrator.execute(EngineExecutionOrchestrator.java:147) ~[junit-platform-launcher-1.9.3.jar:1.9.3]
	at org.junit.platform.launcher.core.EngineExecutionOrchestrator.execute(EngineExecutionOrchestrator.java:127) ~[junit-platform-launcher-1.9.3.jar:1.9.3]
	at org.junit.platform.launcher.core.EngineExecutionOrchestrator.execute(EngineExecutionOrchestrator.java:90) ~[junit-platform-launcher-1.9.3.jar:1.9.3]
	at org.junit.platform.launcher.core.EngineExecutionOrchestrator.lambda$execute$0(EngineExecutionOrchestrator.java:55) ~[junit-platform-launcher-1.9.3.jar:1.9.3]
	at org.junit.platform.launcher.core.EngineExecutionOrchestrator.withInterceptedStreams(EngineExecutionOrchestrator.java:102) ~[junit-platform-launcher-1.9.3.jar:1.9.3]
	at org.junit.platform.launcher.core.EngineExecutionOrchestrator.execute(EngineExecutionOrchestrator.java:54) ~[junit-platform-launcher-1.9.3.jar:1.9.3]
	at org.junit.platform.launcher.core.DefaultLauncher.execute(DefaultLauncher.java:114) ~[junit-platform-launcher-1.9.3.jar:1.9.3]
	at org.junit.platform.launcher.core.DefaultLauncher.execute(DefaultLauncher.java:86) ~[junit-platform-launcher-1.9.3.jar:1.9.3]
	at org.junit.platform.launcher.core.DefaultLauncherSession$DelegatingLauncher.execute(DefaultLauncherSession.java:86) ~[junit-platform-launcher-1.9.3.jar:1.9.3]
	at org.apache.maven.surefire.junitplatform.LazyLauncher.execute(LazyLauncher.java:55) ~[surefire-junit-platform-3.0.0-M9.jar:3.0.0-M9]
	at org.apache.maven.surefire.junitplatform.JUnitPlatformProvider.execute(JUnitPlatformProvider.java:223) ~[surefire-junit-platform-3.0.0-M9.jar:3.0.0-M9]
	at org.apache.maven.surefire.junitplatform.JUnitPlatformProvider.invokeAllTests(JUnitPlatformProvider.java:175) ~[surefire-junit-platform-3.0.0-M9.jar:3.0.0-M9]
	at org.apache.maven.surefire.junitplatform.JUnitPlatformProvider.invoke(JUnitPlatformProvider.java:139) ~[surefire-junit-platform-3.0.0-M9.jar:3.0.0-M9]
	at org.apache.maven.surefire.booter.ForkedBooter.runSuitesInProcess(ForkedBooter.java:456) ~[surefire-booter-3.0.0-M9.jar:3.0.0-M9]
	at org.apache.maven.surefire.booter.ForkedBooter.execute(ForkedBooter.java:169) ~[surefire-booter-3.0.0-M9.jar:3.0.0-M9]
	at org.apache.maven.surefire.booter.ForkedBooter.run(ForkedBooter.java:595) ~[surefire-booter-3.0.0-M9.jar:3.0.0-M9]
	at org.apache.maven.surefire.booter.ForkedBooter.main(ForkedBooter.java:581) ~[surefire-booter-3.0.0-M9.jar:3.0.0-M9]
Caused by: org.springframework.beans.factory.BeanCreationException: Error creating bean with name 'requestMappingHandlerMapping' defined in class path resource [org/springframework/boot/autoconfigure/web/servlet/WebMvcAutoConfiguration$EnableWebMvcConfiguration.class]: Invalid mapping on handler class [grifo.spring.jpa.demo.controladores.ControladorRutina]: public grifo.spring.jpa.demo.dtos.RutinaDTO grifo.spring.jpa.demo.controladores.ControladorRutina.actualizarRutina(java.lang.Long,grifo.spring.jpa.demo.dtos.RutinaDTO)
	at org.springframework.beans.factory.support.AbstractAutowireCapableBeanFactory.initializeBean(AbstractAutowireCapableBeanFactory.java:1770) ~[spring-beans-6.0.13.jar:6.0.13]
	at org.springframework.beans.factory.support.AbstractAutowireCapableBeanFactory.doCreateBean(AbstractAutowireCapableBeanFactory.java:598) ~[spring-beans-6.0.13.jar:6.0.13]
	at org.springframework.beans.factory.support.AbstractAutowireCapableBeanFactory.createBean(AbstractAutowireCapableBeanFactory.java:520) ~[spring-beans-6.0.13.jar:6.0.13]
	at org.springframework.beans.factory.support.AbstractBeanFactory.lambda$doGetBean$0(AbstractBeanFactory.java:325) ~[spring-beans-6.0.13.jar:6.0.13]
	at org.springframework.beans.factory.support.DefaultSingletonBeanRegistry.getSingleton(DefaultSingletonBeanRegistry.java:234) ~[spring-beans-6.0.13.jar:6.0.13]
	at org.springframework.beans.factory.support.AbstractBeanFactory.doGetBean(AbstractBeanFactory.java:323) ~[spring-beans-6.0.13.jar:6.0.13]
	at org.springframework.beans.factory.support.AbstractBeanFactory.getBean(AbstractBeanFactory.java:199) ~[spring-beans-6.0.13.jar:6.0.13]
	at org.springframework.beans.factory.support.DefaultListableBeanFactory.preInstantiateSingletons(DefaultListableBeanFactory.java:973) ~[spring-beans-6.0.13.jar:6.0.13]
	at org.springframework.context.support.AbstractApplicationContext.finishBeanFactoryInitialization(AbstractApplicationContext.java:950) ~[spring-context-6.0.13.jar:6.0.13]
	at org.springframework.context.support.AbstractApplicationContext.refresh(AbstractApplicationContext.java:616) ~[spring-context-6.0.13.jar:6.0.13]
	at org.springframework.boot.web.servlet.context.ServletWebServerApplicationContext.refresh(ServletWebServerApplicationContext.java:146) ~[spring-boot-3.1.5.jar:3.1.5]
	at org.springframework.boot.SpringApplication.refresh(SpringApplication.java:738) ~[spring-boot-3.1.5.jar:3.1.5]
	at org.springframework.boot.SpringApplication.refreshContext(SpringApplication.java:440) ~[spring-boot-3.1.5.jar:3.1.5]
	at org.springframework.boot.SpringApplication.run(SpringApplication.java:316) ~[spring-boot-3.1.5.jar:3.1.5]
	at org.springframework.boot.test.context.SpringBootContextLoader.lambda$loadContext$3(SpringBootContextLoader.java:137) ~[spring-boot-test-3.1.5.jar:3.1.5]
	at org.springframework.util.function.ThrowingSupplier.get(ThrowingSupplier.java:58) ~[spring-core-6.0.13.jar:6.0.13]
	at org.springframework.util.function.ThrowingSupplier.get(ThrowingSupplier.java:46) ~[spring-core-6.0.13.jar:6.0.13]
	at org.springframework.boot.SpringApplication.withHook(SpringApplication.java:1406) ~[spring-boot-3.1.5.jar:3.1.5]
	at org.springframework.boot.test.context.SpringBootContextLoader$ContextLoaderHook.run(SpringBootContextLoader.java:545) ~[spring-boot-test-3.1.5.jar:3.1.5]
	at org.springframework.boot.test.context.SpringBootContextLoader.loadContext(SpringBootContextLoader.java:137) ~[spring-boot-test-3.1.5.jar:3.1.5]
	at org.springframework.boot.test.context.SpringBootContextLoader.loadContext(SpringBootContextLoader.java:108) ~[spring-boot-test-3.1.5.jar:3.1.5]
	at org.springframework.test.context.cache.DefaultCacheAwareContextLoaderDelegate.loadContextInternal(DefaultCacheAwareContextLoaderDelegate.java:187) ~[spring-test-6.0.13.jar:6.0.13]
	at org.springframework.test.context.cache.DefaultCacheAwareContextLoaderDelegate.loadContext(DefaultCacheAwareContextLoaderDelegate.java:119) ~[spring-test-6.0.13.jar:6.0.13]
	... 84 common frames omitted
Caused by: java.lang.IllegalStateException: Invalid mapping on handler class [grifo.spring.jpa.demo.controladores.ControladorRutina]: public grifo.spring.jpa.demo.dtos.RutinaDTO grifo.spring.jpa.demo.controladores.ControladorRutina.actualizarRutina(java.lang.Long,grifo.spring.jpa.demo.dtos.RutinaDTO)
	at org.springframework.web.servlet.handler.AbstractHandlerMethodMapping.lambda$detectHandlerMethods$1(AbstractHandlerMethodMapping.java:287) ~[spring-webmvc-6.0.13.jar:6.0.13]
	at org.springframework.core.MethodIntrospector.lambda$selectMethods$0(MethodIntrospector.java:74) ~[spring-core-6.0.13.jar:6.0.13]
	at org.springframework.util.ReflectionUtils.doWithMethods(ReflectionUtils.java:366) ~[spring-core-6.0.13.jar:6.0.13]
	at org.springframework.core.MethodIntrospector.selectMethods(MethodIntrospector.java:72) ~[spring-core-6.0.13.jar:6.0.13]
	at org.springframework.web.servlet.handler.AbstractHandlerMethodMapping.detectHandlerMethods(AbstractHandlerMethodMapping.java:280) ~[spring-webmvc-6.0.13.jar:6.0.13]
	at org.springframework.web.servlet.handler.AbstractHandlerMethodMapping.processCandidateBean(AbstractHandlerMethodMapping.java:265) ~[spring-webmvc-6.0.13.jar:6.0.13]
	at org.springframework.web.servlet.handler.AbstractHandlerMethodMapping.initHandlerMethods(AbstractHandlerMethodMapping.java:224) ~[spring-webmvc-6.0.13.jar:6.0.13]
	at org.springframework.web.servlet.handler.AbstractHandlerMethodMapping.afterPropertiesSet(AbstractHandlerMethodMapping.java:212) ~[spring-webmvc-6.0.13.jar:6.0.13]
	at org.springframework.web.servlet.mvc.method.annotation.RequestMappingHandlerMapping.afterPropertiesSet(RequestMappingHandlerMapping.java:225) ~[spring-webmvc-6.0.13.jar:6.0.13]
	at org.springframework.beans.factory.support.AbstractAutowireCapableBeanFactory.invokeInitMethods(AbstractAutowireCapableBeanFactory.java:1817) ~[spring-beans-6.0.13.jar:6.0.13]
	at org.springframework.beans.factory.support.AbstractAutowireCapableBeanFactory.initializeBean(AbstractAutowireCapableBeanFactory.java:1766) ~[spring-beans-6.0.13.jar:6.0.13]
	... 106 common frames omitted
Caused by: org.springframework.web.util.pattern.PatternParseException: Expected close capture character after variable name }
	at org.springframework.web.util.pattern.InternalPathPatternParser.createPathElement(InternalPathPatternParser.java:314) ~[spring-web-6.0.13.jar:6.0.13]
	at org.springframework.web.util.pattern.InternalPathPatternParser.parse(InternalPathPatternParser.java:111) ~[spring-web-6.0.13.jar:6.0.13]
	at org.springframework.web.util.pattern.PathPatternParser.parse(PathPatternParser.java:129) ~[spring-web-6.0.13.jar:6.0.13]
	at org.springframework.web.servlet.mvc.condition.PathPatternsRequestCondition.parse(PathPatternsRequestCondition.java:84) ~[spring-webmvc-6.0.13.jar:6.0.13]
	at org.springframework.web.servlet.mvc.condition.PathPatternsRequestCondition.<init>(PathPatternsRequestCondition.java:74) ~[spring-webmvc-6.0.13.jar:6.0.13]
	at org.springframework.web.servlet.mvc.method.RequestMappingInfo$DefaultBuilder.build(RequestMappingInfo.java:714) ~[spring-webmvc-6.0.13.jar:6.0.13]
	at org.springframework.web.servlet.mvc.method.annotation.RequestMappingHandlerMapping.createRequestMappingInfo(RequestMappingHandlerMapping.java:400) ~[spring-webmvc-6.0.13.jar:6.0.13]
	at org.springframework.web.servlet.mvc.method.annotation.RequestMappingHandlerMapping.createRequestMappingInfo(RequestMappingHandlerMapping.java:345) ~[spring-webmvc-6.0.13.jar:6.0.13]
	at org.springframework.web.servlet.mvc.method.annotation.RequestMappingHandlerMapping.getMappingForMethod(RequestMappingHandlerMapping.java:302) ~[spring-webmvc-6.0.13.jar:6.0.13]
	at org.springframework.web.servlet.mvc.method.annotation.RequestMappingHandlerMapping.getMappingForMethod(RequestMappingHandlerMapping.java:76) ~[spring-webmvc-6.0.13.jar:6.0.13]
	at org.springframework.web.servlet.handler.AbstractHandlerMethodMapping.lambda$detectHandlerMethods$1(AbstractHandlerMethodMapping.java:283) ~[spring-webmvc-6.0.13.jar:6.0.13]
	... 116 common frames omitted

]]></system-out>
    <system-err><![CDATA[


============================
CONDITIONS EVALUATION REPORT
============================


Positive matches:
-----------------

    None


Negative matches:
-----------------

    None


Exclusions:
-----------

    None


Unconditional classes:
----------------------

    None






============================
CONDITIONS EVALUATION REPORT
============================


Positive matches:
-----------------

    None


Negative matches:
-----------------

    None


Exclusions:
-----------

    None


Unconditional classes:
----------------------

    None



]]></system-err>
  </testcase>
  <testcase name="ponerEjercicioNoExiste" classname="grifo.spring.jpa.demo.EjerciciosRutinasAplicationTests$EjerciciosVacios" time="0">
    <error message="Failed to load ApplicationContext for [WebMergedContextConfiguration@1699e337 testClass = grifo.spring.jpa.demo.EjerciciosRutinasAplicationTests, locations = [], classes = [grifo.spring.jpa.demo.EntidadesApplication], contextInitializerClasses = [], activeProfiles = [], propertySourceLocations = [], propertySourceProperties = [&quot;org.springframework.boot.test.context.SpringBootTestContextBootstrapper=true&quot;, &quot;server.port=0&quot;], contextCustomizers = [org.springframework.boot.test.context.filter.ExcludeFilterContextCustomizer@3c443976, org.springframework.boot.test.json.DuplicateJsonObjectContextCustomizerFactory$DuplicateJsonObjectContextCustomizer@6b04acb2, org.springframework.boot.test.mock.mockito.MockitoContextCustomizer@0, org.springframework.boot.test.web.client.TestRestTemplateContextCustomizer@4a1e3ac1, org.springframework.boot.test.autoconfigure.actuate.observability.ObservabilityContextCustomizerFactory$DisableObservabilityContextCustomizer@1f, org.springframework.boot.test.autoconfigure.properties.PropertyMappingContextCustomizer@0, org.springframework.boot.test.autoconfigure.web.servlet.WebDriverContextCustomizer@2375b321, org.springframework.boot.test.context.SpringBootTestAnnotation@6014c3f6], resourceBasePath = &quot;src/main/webapp&quot;, contextLoader = org.springframework.boot.test.context.SpringBootContextLoader, parent = null]" type="java.lang.IllegalStateException"><![CDATA[java.lang.IllegalStateException: Failed to load ApplicationContext for [WebMergedContextConfiguration@1699e337 testClass = grifo.spring.jpa.demo.EjerciciosRutinasAplicationTests, locations = [], classes = [grifo.spring.jpa.demo.EntidadesApplication], contextInitializerClasses = [], activeProfiles = [], propertySourceLocations = [], propertySourceProperties = ["org.springframework.boot.test.context.SpringBootTestContextBootstrapper=true", "server.port=0"], contextCustomizers = [org.springframework.boot.test.context.filter.ExcludeFilterContextCustomizer@3c443976, org.springframework.boot.test.json.DuplicateJsonObjectContextCustomizerFactory$DuplicateJsonObjectContextCustomizer@6b04acb2, org.springframework.boot.test.mock.mockito.MockitoContextCustomizer@0, org.springframework.boot.test.web.client.TestRestTemplateContextCustomizer@4a1e3ac1, org.springframework.boot.test.autoconfigure.actuate.observability.ObservabilityContextCustomizerFactory$DisableObservabilityContextCustomizer@1f, org.springframework.boot.test.autoconfigure.properties.PropertyMappingContextCustomizer@0, org.springframework.boot.test.autoconfigure.web.servlet.WebDriverContextCustomizer@2375b321, org.springframework.boot.test.context.SpringBootTestAnnotation@6014c3f6], resourceBasePath = "src/main/webapp", contextLoader = org.springframework.boot.test.context.SpringBootContextLoader, parent = null]
	at org.springframework.test.context.cache.DefaultCacheAwareContextLoaderDelegate.loadContext(DefaultCacheAwareContextLoaderDelegate.java:143)
	at org.springframework.test.context.support.DefaultTestContext.getApplicationContext(DefaultTestContext.java:127)
	at org.springframework.test.context.support.DependencyInjectionTestExecutionListener.injectDependencies(DependencyInjectionTestExecutionListener.java:141)
	at org.springframework.test.context.support.DependencyInjectionTestExecutionListener.prepareTestInstance(DependencyInjectionTestExecutionListener.java:97)
	at org.springframework.test.context.TestContextManager.prepareTestInstance(TestContextManager.java:241)
	at org.springframework.test.context.junit.jupiter.SpringExtension.postProcessTestInstance(SpringExtension.java:138)
	at org.junit.jupiter.engine.descriptor.ClassBasedTestDescriptor.lambda$invokeTestInstancePostProcessors$10(ClassBasedTestDescriptor.java:377)
	at org.junit.jupiter.engine.descriptor.ClassBasedTestDescriptor.executeAndMaskThrowable(ClassBasedTestDescriptor.java:382)
	at org.junit.jupiter.engine.descriptor.ClassBasedTestDescriptor.lambda$invokeTestInstancePostProcessors$11(ClassBasedTestDescriptor.java:377)
	at java.base/java.util.stream.ReferencePipeline$3$1.accept(ReferencePipeline.java:197)
	at java.base/java.util.stream.ReferencePipeline$2$1.accept(ReferencePipeline.java:179)
	at java.base/java.util.ArrayList$ArrayListSpliterator.forEachRemaining(ArrayList.java:1708)
	at java.base/java.util.stream.AbstractPipeline.copyInto(AbstractPipeline.java:509)
	at java.base/java.util.stream.AbstractPipeline.wrapAndCopyInto(AbstractPipeline.java:499)
	at java.base/java.util.stream.StreamSpliterators$WrappingSpliterator.forEachRemaining(StreamSpliterators.java:310)
	at java.base/java.util.stream.Streams$ConcatSpliterator.forEachRemaining(Streams.java:735)
	at java.base/java.util.stream.ReferencePipeline$Head.forEach(ReferencePipeline.java:762)
	at org.junit.jupiter.engine.descriptor.ClassBasedTestDescriptor.invokeTestInstancePostProcessors(ClassBasedTestDescriptor.java:376)
	at org.junit.jupiter.engine.descriptor.ClassBasedTestDescriptor.lambda$instantiateAndPostProcessTestInstance$6(ClassBasedTestDescriptor.java:289)
	at org.junit.platform.engine.support.hierarchical.ThrowableCollector.execute(ThrowableCollector.java:73)
	at org.junit.jupiter.engine.descriptor.ClassBasedTestDescriptor.instantiateAndPostProcessTestInstance(ClassBasedTestDescriptor.java:288)
	at org.junit.jupiter.engine.descriptor.ClassBasedTestDescriptor.lambda$testInstancesProvider$4(ClassBasedTestDescriptor.java:278)
	at java.base/java.util.Optional.orElseGet(Optional.java:364)
	at org.junit.jupiter.engine.descriptor.ClassBasedTestDescriptor.lambda$testInstancesProvider$5(ClassBasedTestDescriptor.java:277)
	at org.junit.jupiter.engine.descriptor.NestedClassTestDescriptor.instantiateTestClass(NestedClassTestDescriptor.java:85)
	at org.junit.jupiter.engine.descriptor.ClassBasedTestDescriptor.instantiateAndPostProcessTestInstance(ClassBasedTestDescriptor.java:286)
	at org.junit.jupiter.engine.descriptor.ClassBasedTestDescriptor.lambda$testInstancesProvider$4(ClassBasedTestDescriptor.java:278)
	at java.base/java.util.Optional.orElseGet(Optional.java:364)
	at org.junit.jupiter.engine.descriptor.ClassBasedTestDescriptor.lambda$testInstancesProvider$5(ClassBasedTestDescriptor.java:277)
	at org.junit.jupiter.engine.execution.TestInstancesProvider.getTestInstances(TestInstancesProvider.java:31)
	at org.junit.jupiter.engine.descriptor.TestMethodTestDescriptor.lambda$prepare$0(TestMethodTestDescriptor.java:105)
	at org.junit.platform.engine.support.hierarchical.ThrowableCollector.execute(ThrowableCollector.java:73)
	at org.junit.jupiter.engine.descriptor.TestMethodTestDescriptor.prepare(TestMethodTestDescriptor.java:104)
	at org.junit.jupiter.engine.descriptor.TestMethodTestDescriptor.prepare(TestMethodTestDescriptor.java:68)
	at org.junit.platform.engine.support.hierarchical.NodeTestTask.lambda$prepare$2(NodeTestTask.java:123)
	at org.junit.platform.engine.support.hierarchical.ThrowableCollector.execute(ThrowableCollector.java:73)
	at org.junit.platform.engine.support.hierarchical.NodeTestTask.prepare(NodeTestTask.java:123)
	at org.junit.platform.engine.support.hierarchical.NodeTestTask.execute(NodeTestTask.java:90)
	at java.base/java.util.ArrayList.forEach(ArrayList.java:1596)
	at org.junit.platform.engine.support.hierarchical.SameThreadHierarchicalTestExecutorService.invokeAll(SameThreadHierarchicalTestExecutorService.java:41)
	at org.junit.platform.engine.support.hierarchical.NodeTestTask.lambda$executeRecursively$6(NodeTestTask.java:155)
	at org.junit.platform.engine.support.hierarchical.ThrowableCollector.execute(ThrowableCollector.java:73)
	at org.junit.platform.engine.support.hierarchical.NodeTestTask.lambda$executeRecursively$8(NodeTestTask.java:141)
	at org.junit.platform.engine.support.hierarchical.Node.around(Node.java:137)
	at org.junit.platform.engine.support.hierarchical.NodeTestTask.lambda$executeRecursively$9(NodeTestTask.java:139)
	at org.junit.platform.engine.support.hierarchical.ThrowableCollector.execute(ThrowableCollector.java:73)
	at org.junit.platform.engine.support.hierarchical.NodeTestTask.executeRecursively(NodeTestTask.java:138)
	at org.junit.platform.engine.support.hierarchical.NodeTestTask.execute(NodeTestTask.java:95)
	at java.base/java.util.ArrayList.forEach(ArrayList.java:1596)
	at org.junit.platform.engine.support.hierarchical.SameThreadHierarchicalTestExecutorService.invokeAll(SameThreadHierarchicalTestExecutorService.java:41)
	at org.junit.platform.engine.support.hierarchical.NodeTestTask.lambda$executeRecursively$6(NodeTestTask.java:155)
	at org.junit.platform.engine.support.hierarchical.ThrowableCollector.execute(ThrowableCollector.java:73)
	at org.junit.platform.engine.support.hierarchical.NodeTestTask.lambda$executeRecursively$8(NodeTestTask.java:141)
	at org.junit.platform.engine.support.hierarchical.Node.around(Node.java:137)
	at org.junit.platform.engine.support.hierarchical.NodeTestTask.lambda$executeRecursively$9(NodeTestTask.java:139)
	at org.junit.platform.engine.support.hierarchical.ThrowableCollector.execute(ThrowableCollector.java:73)
	at org.junit.platform.engine.support.hierarchical.NodeTestTask.executeRecursively(NodeTestTask.java:138)
	at org.junit.platform.engine.support.hierarchical.NodeTestTask.execute(NodeTestTask.java:95)
	at java.base/java.util.ArrayList.forEach(ArrayList.java:1596)
	at org.junit.platform.engine.support.hierarchical.SameThreadHierarchicalTestExecutorService.invokeAll(SameThreadHierarchicalTestExecutorService.java:41)
	at org.junit.platform.engine.support.hierarchical.NodeTestTask.lambda$executeRecursively$6(NodeTestTask.java:155)
	at org.junit.platform.engine.support.hierarchical.ThrowableCollector.execute(ThrowableCollector.java:73)
	at org.junit.platform.engine.support.hierarchical.NodeTestTask.lambda$executeRecursively$8(NodeTestTask.java:141)
	at org.junit.platform.engine.support.hierarchical.Node.around(Node.java:137)
	at org.junit.platform.engine.support.hierarchical.NodeTestTask.lambda$executeRecursively$9(NodeTestTask.java:139)
	at org.junit.platform.engine.support.hierarchical.ThrowableCollector.execute(ThrowableCollector.java:73)
	at org.junit.platform.engine.support.hierarchical.NodeTestTask.executeRecursively(NodeTestTask.java:138)
	at org.junit.platform.engine.support.hierarchical.NodeTestTask.execute(NodeTestTask.java:95)
	at org.junit.platform.engine.support.hierarchical.SameThreadHierarchicalTestExecutorService.submit(SameThreadHierarchicalTestExecutorService.java:35)
	at org.junit.platform.engine.support.hierarchical.HierarchicalTestExecutor.execute(HierarchicalTestExecutor.java:57)
	at org.junit.platform.engine.support.hierarchical.HierarchicalTestEngine.execute(HierarchicalTestEngine.java:54)
	at org.junit.platform.launcher.core.EngineExecutionOrchestrator.execute(EngineExecutionOrchestrator.java:147)
	at org.junit.platform.launcher.core.EngineExecutionOrchestrator.execute(EngineExecutionOrchestrator.java:127)
	at org.junit.platform.launcher.core.EngineExecutionOrchestrator.execute(EngineExecutionOrchestrator.java:90)
	at org.junit.platform.launcher.core.EngineExecutionOrchestrator.lambda$execute$0(EngineExecutionOrchestrator.java:55)
	at org.junit.platform.launcher.core.EngineExecutionOrchestrator.withInterceptedStreams(EngineExecutionOrchestrator.java:102)
	at org.junit.platform.launcher.core.EngineExecutionOrchestrator.execute(EngineExecutionOrchestrator.java:54)
	at org.junit.platform.launcher.core.DefaultLauncher.execute(DefaultLauncher.java:114)
	at org.junit.platform.launcher.core.DefaultLauncher.execute(DefaultLauncher.java:86)
	at org.junit.platform.launcher.core.DefaultLauncherSession$DelegatingLauncher.execute(DefaultLauncherSession.java:86)
	at org.apache.maven.surefire.junitplatform.LazyLauncher.execute(LazyLauncher.java:55)
	at org.apache.maven.surefire.junitplatform.JUnitPlatformProvider.execute(JUnitPlatformProvider.java:223)
	at org.apache.maven.surefire.junitplatform.JUnitPlatformProvider.invokeAllTests(JUnitPlatformProvider.java:175)
	at org.apache.maven.surefire.junitplatform.JUnitPlatformProvider.invoke(JUnitPlatformProvider.java:139)
	at org.apache.maven.surefire.booter.ForkedBooter.runSuitesInProcess(ForkedBooter.java:456)
	at org.apache.maven.surefire.booter.ForkedBooter.execute(ForkedBooter.java:169)
	at org.apache.maven.surefire.booter.ForkedBooter.run(ForkedBooter.java:595)
	at org.apache.maven.surefire.booter.ForkedBooter.main(ForkedBooter.java:581)
	Suppressed: java.lang.IllegalStateException: Failed to load ApplicationContext for [WebMergedContextConfiguration@79b4468e testClass = grifo.spring.jpa.demo.EjerciciosRutinasAplicationTests.EjerciciosVacios, locations = [], classes = [grifo.spring.jpa.demo.EntidadesApplication], contextInitializerClasses = [], activeProfiles = [], propertySourceLocations = [], propertySourceProperties = ["org.springframework.boot.test.context.SpringBootTestContextBootstrapper=true", "server.port=0"], contextCustomizers = [org.springframework.boot.test.context.filter.ExcludeFilterContextCustomizer@3c443976, org.springframework.boot.test.json.DuplicateJsonObjectContextCustomizerFactory$DuplicateJsonObjectContextCustomizer@6b04acb2, org.springframework.boot.test.mock.mockito.MockitoContextCustomizer@0, org.springframework.boot.test.web.client.TestRestTemplateContextCustomizer@4a1e3ac1, org.springframework.boot.test.autoconfigure.actuate.observability.ObservabilityContextCustomizerFactory$DisableObservabilityContextCustomizer@1f, org.springframework.boot.test.autoconfigure.properties.PropertyMappingContextCustomizer@0, org.springframework.boot.test.autoconfigure.web.servlet.WebDriverContextCustomizer@2375b321, org.springframework.boot.test.context.SpringBootTestAnnotation@6014c3f6], resourceBasePath = "src/main/webapp", contextLoader = org.springframework.boot.test.context.SpringBootContextLoader, parent = null]
		at org.springframework.test.context.cache.DefaultCacheAwareContextLoaderDelegate.loadContext(DefaultCacheAwareContextLoaderDelegate.java:143)
		at org.springframework.test.context.support.DefaultTestContext.getApplicationContext(DefaultTestContext.java:127)
		at org.springframework.test.context.support.DependencyInjectionTestExecutionListener.injectDependencies(DependencyInjectionTestExecutionListener.java:141)
		at org.springframework.test.context.support.DependencyInjectionTestExecutionListener.prepareTestInstance(DependencyInjectionTestExecutionListener.java:97)
		at org.springframework.test.context.TestContextManager.prepareTestInstance(TestContextManager.java:241)
		at org.springframework.test.context.junit.jupiter.SpringExtension.postProcessTestInstance(SpringExtension.java:138)
		at org.junit.jupiter.engine.descriptor.ClassBasedTestDescriptor.lambda$invokeTestInstancePostProcessors$10(ClassBasedTestDescriptor.java:377)
		at org.junit.jupiter.engine.descriptor.ClassBasedTestDescriptor.executeAndMaskThrowable(ClassBasedTestDescriptor.java:382)
		at org.junit.jupiter.engine.descriptor.ClassBasedTestDescriptor.lambda$invokeTestInstancePostProcessors$11(ClassBasedTestDescriptor.java:377)
		at java.base/java.util.stream.ReferencePipeline$3$1.accept(ReferencePipeline.java:197)
		at java.base/java.util.stream.ReferencePipeline$2$1.accept(ReferencePipeline.java:179)
		at java.base/java.util.ArrayList$ArrayListSpliterator.forEachRemaining(ArrayList.java:1708)
		at java.base/java.util.stream.AbstractPipeline.copyInto(AbstractPipeline.java:509)
		at java.base/java.util.stream.AbstractPipeline.wrapAndCopyInto(AbstractPipeline.java:499)
		at java.base/java.util.stream.StreamSpliterators$WrappingSpliterator.forEachRemaining(StreamSpliterators.java:310)
		at java.base/java.util.stream.Streams$ConcatSpliterator.forEachRemaining(Streams.java:735)
		at java.base/java.util.stream.Streams$ConcatSpliterator.forEachRemaining(Streams.java:734)
		at java.base/java.util.stream.Streams$ConcatSpliterator.forEachRemaining(Streams.java:734)
		at java.base/java.util.stream.ReferencePipeline$Head.forEach(ReferencePipeline.java:762)
		at org.junit.jupiter.engine.descriptor.ClassBasedTestDescriptor.invokeTestInstancePostProcessors(ClassBasedTestDescriptor.java:376)
		at org.junit.jupiter.engine.descriptor.ClassBasedTestDescriptor.lambda$instantiateAndPostProcessTestInstance$6(ClassBasedTestDescriptor.java:289)
		at org.junit.platform.engine.support.hierarchical.ThrowableCollector.execute(ThrowableCollector.java:73)
		at org.junit.jupiter.engine.descriptor.ClassBasedTestDescriptor.instantiateAndPostProcessTestInstance(ClassBasedTestDescriptor.java:288)
		... 62 more
	Caused by: org.springframework.beans.factory.BeanCreationException: Error creating bean with name 'requestMappingHandlerMapping' defined in class path resource [org/springframework/boot/autoconfigure/web/servlet/WebMvcAutoConfiguration$EnableWebMvcConfiguration.class]: Invalid mapping on handler class [grifo.spring.jpa.demo.controladores.ControladorRutina]: public grifo.spring.jpa.demo.dtos.RutinaDTO grifo.spring.jpa.demo.controladores.ControladorRutina.actualizarRutina(java.lang.Long,grifo.spring.jpa.demo.dtos.RutinaDTO)
		at org.springframework.beans.factory.support.AbstractAutowireCapableBeanFactory.initializeBean(AbstractAutowireCapableBeanFactory.java:1770)
		at org.springframework.beans.factory.support.AbstractAutowireCapableBeanFactory.doCreateBean(AbstractAutowireCapableBeanFactory.java:598)
		at org.springframework.beans.factory.support.AbstractAutowireCapableBeanFactory.createBean(AbstractAutowireCapableBeanFactory.java:520)
		at org.springframework.beans.factory.support.AbstractBeanFactory.lambda$doGetBean$0(AbstractBeanFactory.java:325)
		at org.springframework.beans.factory.support.DefaultSingletonBeanRegistry.getSingleton(DefaultSingletonBeanRegistry.java:234)
		at org.springframework.beans.factory.support.AbstractBeanFactory.doGetBean(AbstractBeanFactory.java:323)
		at org.springframework.beans.factory.support.AbstractBeanFactory.getBean(AbstractBeanFactory.java:199)
		at org.springframework.beans.factory.support.DefaultListableBeanFactory.preInstantiateSingletons(DefaultListableBeanFactory.java:973)
		at org.springframework.context.support.AbstractApplicationContext.finishBeanFactoryInitialization(AbstractApplicationContext.java:950)
		at org.springframework.context.support.AbstractApplicationContext.refresh(AbstractApplicationContext.java:616)
		at org.springframework.boot.web.servlet.context.ServletWebServerApplicationContext.refresh(ServletWebServerApplicationContext.java:146)
		at org.springframework.boot.SpringApplication.refresh(SpringApplication.java:738)
		at org.springframework.boot.SpringApplication.refreshContext(SpringApplication.java:440)
		at org.springframework.boot.SpringApplication.run(SpringApplication.java:316)
		at org.springframework.boot.test.context.SpringBootContextLoader.lambda$loadContext$3(SpringBootContextLoader.java:137)
		at org.springframework.util.function.ThrowingSupplier.get(ThrowingSupplier.java:58)
		at org.springframework.util.function.ThrowingSupplier.get(ThrowingSupplier.java:46)
		at org.springframework.boot.SpringApplication.withHook(SpringApplication.java:1406)
		at org.springframework.boot.test.context.SpringBootContextLoader$ContextLoaderHook.run(SpringBootContextLoader.java:545)
		at org.springframework.boot.test.context.SpringBootContextLoader.loadContext(SpringBootContextLoader.java:137)
		at org.springframework.boot.test.context.SpringBootContextLoader.loadContext(SpringBootContextLoader.java:108)
		at org.springframework.test.context.cache.DefaultCacheAwareContextLoaderDelegate.loadContextInternal(DefaultCacheAwareContextLoaderDelegate.java:187)
		at org.springframework.test.context.cache.DefaultCacheAwareContextLoaderDelegate.loadContext(DefaultCacheAwareContextLoaderDelegate.java:119)
		... 84 more
	Caused by: java.lang.IllegalStateException: Invalid mapping on handler class [grifo.spring.jpa.demo.controladores.ControladorRutina]: public grifo.spring.jpa.demo.dtos.RutinaDTO grifo.spring.jpa.demo.controladores.ControladorRutina.actualizarRutina(java.lang.Long,grifo.spring.jpa.demo.dtos.RutinaDTO)
		at org.springframework.web.servlet.handler.AbstractHandlerMethodMapping.lambda$detectHandlerMethods$1(AbstractHandlerMethodMapping.java:287)
		at org.springframework.core.MethodIntrospector.lambda$selectMethods$0(MethodIntrospector.java:74)
		at org.springframework.util.ReflectionUtils.doWithMethods(ReflectionUtils.java:366)
		at org.springframework.core.MethodIntrospector.selectMethods(MethodIntrospector.java:72)
		at org.springframework.web.servlet.handler.AbstractHandlerMethodMapping.detectHandlerMethods(AbstractHandlerMethodMapping.java:280)
		at org.springframework.web.servlet.handler.AbstractHandlerMethodMapping.processCandidateBean(AbstractHandlerMethodMapping.java:265)
		at org.springframework.web.servlet.handler.AbstractHandlerMethodMapping.initHandlerMethods(AbstractHandlerMethodMapping.java:224)
		at org.springframework.web.servlet.handler.AbstractHandlerMethodMapping.afterPropertiesSet(AbstractHandlerMethodMapping.java:212)
		at org.springframework.web.servlet.mvc.method.annotation.RequestMappingHandlerMapping.afterPropertiesSet(RequestMappingHandlerMapping.java:225)
		at org.springframework.beans.factory.support.AbstractAutowireCapableBeanFactory.invokeInitMethods(AbstractAutowireCapableBeanFactory.java:1817)
		at org.springframework.beans.factory.support.AbstractAutowireCapableBeanFactory.initializeBean(AbstractAutowireCapableBeanFactory.java:1766)
		... 106 more
	Caused by: org.springframework.web.util.pattern.PatternParseException: Expected close capture character after variable name }
		at org.springframework.web.util.pattern.InternalPathPatternParser.createPathElement(InternalPathPatternParser.java:314)
		at org.springframework.web.util.pattern.InternalPathPatternParser.parse(InternalPathPatternParser.java:111)
		at org.springframework.web.util.pattern.PathPatternParser.parse(PathPatternParser.java:129)
		at org.springframework.web.servlet.mvc.condition.PathPatternsRequestCondition.parse(PathPatternsRequestCondition.java:84)
		at org.springframework.web.servlet.mvc.condition.PathPatternsRequestCondition.<init>(PathPatternsRequestCondition.java:74)
		at org.springframework.web.servlet.mvc.method.RequestMappingInfo$DefaultBuilder.build(RequestMappingInfo.java:714)
		at org.springframework.web.servlet.mvc.method.annotation.RequestMappingHandlerMapping.createRequestMappingInfo(RequestMappingHandlerMapping.java:400)
		at org.springframework.web.servlet.mvc.method.annotation.RequestMappingHandlerMapping.createRequestMappingInfo(RequestMappingHandlerMapping.java:345)
		at org.springframework.web.servlet.mvc.method.annotation.RequestMappingHandlerMapping.getMappingForMethod(RequestMappingHandlerMapping.java:302)
		at org.springframework.web.servlet.mvc.method.annotation.RequestMappingHandlerMapping.getMappingForMethod(RequestMappingHandlerMapping.java:76)
		at org.springframework.web.servlet.handler.AbstractHandlerMethodMapping.lambda$detectHandlerMethods$1(AbstractHandlerMethodMapping.java:283)
		... 116 more
Caused by: org.springframework.beans.factory.BeanCreationException: Error creating bean with name 'requestMappingHandlerMapping' defined in class path resource [org/springframework/boot/autoconfigure/web/servlet/WebMvcAutoConfiguration$EnableWebMvcConfiguration.class]: Invalid mapping on handler class [grifo.spring.jpa.demo.controladores.ControladorRutina]: public grifo.spring.jpa.demo.dtos.RutinaDTO grifo.spring.jpa.demo.controladores.ControladorRutina.actualizarRutina(java.lang.Long,grifo.spring.jpa.demo.dtos.RutinaDTO)
	at org.springframework.beans.factory.support.AbstractAutowireCapableBeanFactory.initializeBean(AbstractAutowireCapableBeanFactory.java:1770)
	at org.springframework.beans.factory.support.AbstractAutowireCapableBeanFactory.doCreateBean(AbstractAutowireCapableBeanFactory.java:598)
	at org.springframework.beans.factory.support.AbstractAutowireCapableBeanFactory.createBean(AbstractAutowireCapableBeanFactory.java:520)
	at org.springframework.beans.factory.support.AbstractBeanFactory.lambda$doGetBean$0(AbstractBeanFactory.java:325)
	at org.springframework.beans.factory.support.DefaultSingletonBeanRegistry.getSingleton(DefaultSingletonBeanRegistry.java:234)
	at org.springframework.beans.factory.support.AbstractBeanFactory.doGetBean(AbstractBeanFactory.java:323)
	at org.springframework.beans.factory.support.AbstractBeanFactory.getBean(AbstractBeanFactory.java:199)
	at org.springframework.beans.factory.support.DefaultListableBeanFactory.preInstantiateSingletons(DefaultListableBeanFactory.java:973)
	at org.springframework.context.support.AbstractApplicationContext.finishBeanFactoryInitialization(AbstractApplicationContext.java:950)
	at org.springframework.context.support.AbstractApplicationContext.refresh(AbstractApplicationContext.java:616)
	at org.springframework.boot.web.servlet.context.ServletWebServerApplicationContext.refresh(ServletWebServerApplicationContext.java:146)
	at org.springframework.boot.SpringApplication.refresh(SpringApplication.java:738)
	at org.springframework.boot.SpringApplication.refreshContext(SpringApplication.java:440)
	at org.springframework.boot.SpringApplication.run(SpringApplication.java:316)
	at org.springframework.boot.test.context.SpringBootContextLoader.lambda$loadContext$3(SpringBootContextLoader.java:137)
	at org.springframework.util.function.ThrowingSupplier.get(ThrowingSupplier.java:58)
	at org.springframework.util.function.ThrowingSupplier.get(ThrowingSupplier.java:46)
	at org.springframework.boot.SpringApplication.withHook(SpringApplication.java:1406)
	at org.springframework.boot.test.context.SpringBootContextLoader$ContextLoaderHook.run(SpringBootContextLoader.java:545)
	at org.springframework.boot.test.context.SpringBootContextLoader.loadContext(SpringBootContextLoader.java:137)
	at org.springframework.boot.test.context.SpringBootContextLoader.loadContext(SpringBootContextLoader.java:108)
	at org.springframework.test.context.cache.DefaultCacheAwareContextLoaderDelegate.loadContextInternal(DefaultCacheAwareContextLoaderDelegate.java:187)
	at org.springframework.test.context.cache.DefaultCacheAwareContextLoaderDelegate.loadContext(DefaultCacheAwareContextLoaderDelegate.java:119)
	... 87 more
Caused by: java.lang.IllegalStateException: Invalid mapping on handler class [grifo.spring.jpa.demo.controladores.ControladorRutina]: public grifo.spring.jpa.demo.dtos.RutinaDTO grifo.spring.jpa.demo.controladores.ControladorRutina.actualizarRutina(java.lang.Long,grifo.spring.jpa.demo.dtos.RutinaDTO)
	at org.springframework.web.servlet.handler.AbstractHandlerMethodMapping.lambda$detectHandlerMethods$1(AbstractHandlerMethodMapping.java:287)
	at org.springframework.core.MethodIntrospector.lambda$selectMethods$0(MethodIntrospector.java:74)
	at org.springframework.util.ReflectionUtils.doWithMethods(ReflectionUtils.java:366)
	at org.springframework.core.MethodIntrospector.selectMethods(MethodIntrospector.java:72)
	at org.springframework.web.servlet.handler.AbstractHandlerMethodMapping.detectHandlerMethods(AbstractHandlerMethodMapping.java:280)
	at org.springframework.web.servlet.handler.AbstractHandlerMethodMapping.processCandidateBean(AbstractHandlerMethodMapping.java:265)
	at org.springframework.web.servlet.handler.AbstractHandlerMethodMapping.initHandlerMethods(AbstractHandlerMethodMapping.java:224)
	at org.springframework.web.servlet.handler.AbstractHandlerMethodMapping.afterPropertiesSet(AbstractHandlerMethodMapping.java:212)
	at org.springframework.web.servlet.mvc.method.annotation.RequestMappingHandlerMapping.afterPropertiesSet(RequestMappingHandlerMapping.java:225)
	at org.springframework.beans.factory.support.AbstractAutowireCapableBeanFactory.invokeInitMethods(AbstractAutowireCapableBeanFactory.java:1817)
	at org.springframework.beans.factory.support.AbstractAutowireCapableBeanFactory.initializeBean(AbstractAutowireCapableBeanFactory.java:1766)
	... 109 more
Caused by: org.springframework.web.util.pattern.PatternParseException: Expected close capture character after variable name }
	at org.springframework.web.util.pattern.InternalPathPatternParser.createPathElement(InternalPathPatternParser.java:314)
	at org.springframework.web.util.pattern.InternalPathPatternParser.parse(InternalPathPatternParser.java:111)
	at org.springframework.web.util.pattern.PathPatternParser.parse(PathPatternParser.java:129)
	at org.springframework.web.servlet.mvc.condition.PathPatternsRequestCondition.parse(PathPatternsRequestCondition.java:84)
	at org.springframework.web.servlet.mvc.condition.PathPatternsRequestCondition.<init>(PathPatternsRequestCondition.java:74)
	at org.springframework.web.servlet.mvc.method.RequestMappingInfo$DefaultBuilder.build(RequestMappingInfo.java:714)
	at org.springframework.web.servlet.mvc.method.annotation.RequestMappingHandlerMapping.createRequestMappingInfo(RequestMappingHandlerMapping.java:400)
	at org.springframework.web.servlet.mvc.method.annotation.RequestMappingHandlerMapping.createRequestMappingInfo(RequestMappingHandlerMapping.java:345)
	at org.springframework.web.servlet.mvc.method.annotation.RequestMappingHandlerMapping.getMappingForMethod(RequestMappingHandlerMapping.java:302)
	at org.springframework.web.servlet.mvc.method.annotation.RequestMappingHandlerMapping.getMappingForMethod(RequestMappingHandlerMapping.java:76)
	at org.springframework.web.servlet.handler.AbstractHandlerMethodMapping.lambda$detectHandlerMethods$1(AbstractHandlerMethodMapping.java:283)
	... 119 more
]]></error>
    <system-out><![CDATA[
  .   ____          _            __ _ _
 /\\ / ___'_ __ _ _(_)_ __  __ _ \ \ \ \
( ( )\___ | '_ | '_| | '_ \/ _` | \ \ \ \
 \\/  ___)| |_)| | | | | || (_| |  ) ) ) )
  '  |____| .__|_| |_|_| |_\__, | / / / /
 =========|_|==============|___/=/_/_/_/
 :: Spring Boot ::                (v3.1.5)

2024-05-25T12:16:17.365+02:00  INFO 12124 --- [           main] g.s.j.d.EjerciciosRutinasAplicationTests : Starting EjerciciosRutinasAplicationTests using Java 21.0.2 with PID 12124 (started by Juanjo in c:\Users\Juanjo\Documents\GitHub\ciklum-el-grifo\jpa\spring-jpa)
2024-05-25T12:16:17.365+02:00  INFO 12124 --- [           main] g.s.j.d.EjerciciosRutinasAplicationTests : No active profile set, falling back to 1 default profile: "default"
2024-05-25T12:16:17.472+02:00  INFO 12124 --- [           main] .s.d.r.c.RepositoryConfigurationDelegate : Bootstrapping Spring Data JPA repositories in DEFAULT mode.
2024-05-25T12:16:17.481+02:00  INFO 12124 --- [           main] .s.d.r.c.RepositoryConfigurationDelegate : Finished Spring Data repository scanning in 8 ms. Found 2 JPA repository interfaces.
2024-05-25T12:16:17.528+02:00  INFO 12124 --- [           main] o.s.b.w.embedded.tomcat.TomcatWebServer  : Tomcat initialized with port(s): 0 (http)
2024-05-25T12:16:17.528+02:00  INFO 12124 --- [           main] o.apache.catalina.core.StandardService   : Starting service [Tomcat]
2024-05-25T12:16:17.528+02:00  INFO 12124 --- [           main] o.apache.catalina.core.StandardEngine    : Starting Servlet engine: [Apache Tomcat/10.1.15]
2024-05-25T12:16:17.545+02:00  INFO 12124 --- [           main] o.a.c.c.C.[Tomcat-8].[localhost].[/]     : Initializing Spring embedded WebApplicationContext
2024-05-25T12:16:17.545+02:00  INFO 12124 --- [           main] w.s.c.ServletWebServerApplicationContext : Root WebApplicationContext: initialization completed in 178 ms
2024-05-25T12:16:17.570+02:00  INFO 12124 --- [           main] com.zaxxer.hikari.HikariDataSource       : HikariPool-9 - Starting...
2024-05-25T12:16:17.572+02:00  INFO 12124 --- [           main] com.zaxxer.hikari.pool.HikariPool        : HikariPool-9 - Added connection conn54: url=jdbc:h2:mem:db user=USER
2024-05-25T12:16:17.572+02:00  INFO 12124 --- [           main] com.zaxxer.hikari.HikariDataSource       : HikariPool-9 - Start completed.
2024-05-25T12:16:17.573+02:00  INFO 12124 --- [           main] o.hibernate.jpa.internal.util.LogHelper  : HHH000204: Processing PersistenceUnitInfo [name: default]
2024-05-25T12:16:17.578+02:00  INFO 12124 --- [           main] o.s.o.j.p.SpringPersistenceUnitInfo      : No LoadTimeWeaver setup: ignoring JPA class transformer
2024-05-25T12:16:17.605+02:00  INFO 12124 --- [           main] o.h.m.i.EntityInstantiatorPojoStandard   : HHH000182: No default (no-argument) constructor for class: grifo.spring.jpa.demo.entities.Ejercicio (class must be instantiated by Interceptor)
2024-05-25T12:16:17.616+02:00  INFO 12124 --- [           main] o.h.m.i.EntityInstantiatorPojoStandard   : HHH000182: No default (no-argument) constructor for class: grifo.spring.jpa.demo.entities.FragmentoRutina (class must be instantiated by Interceptor)
2024-05-25T12:16:17.639+02:00  INFO 12124 --- [           main] o.h.e.t.j.p.i.JtaPlatformInitiator       : HHH000489: No JTA platform available (set 'hibernate.transaction.jta.platform' to enable JTA platform integration)
2024-05-25T12:16:17.641+02:00  INFO 12124 --- [           main] j.LocalContainerEntityManagerFactoryBean : Initialized JPA EntityManagerFactory for persistence unit 'default'
2024-05-25T12:16:17.686+02:00  WARN 12124 --- [           main] JpaBaseConfiguration$JpaWebConfiguration : spring.jpa.open-in-view is enabled by default. Therefore, database queries may be performed during view rendering. Explicitly configure spring.jpa.open-in-view to disable this warning
2024-05-25T12:16:17.689+02:00  WARN 12124 --- [           main] .s.s.UserDetailsServiceAutoConfiguration : 

Using generated security password: d73c9a38-bbfb-4f24-9a76-eec0986b28d1

This generated password is for development use only. Your security configuration must be updated before running your application in production.

2024-05-25T12:16:17.696+02:00  INFO 12124 --- [           main] o.s.s.web.DefaultSecurityFilterChain     : Will secure any request with [org.springframework.security.web.session.DisableEncodeUrlFilter@6471fec8, org.springframework.security.web.context.request.async.WebAsyncManagerIntegrationFilter@716fd454, org.springframework.security.web.context.SecurityContextHolderFilter@2a4c8c42, org.springframework.security.web.header.HeaderWriterFilter@18622a34, org.springframework.security.web.csrf.CsrfFilter@5492b72b, org.springframework.security.web.authentication.logout.LogoutFilter@7f6cbda1, org.springframework.security.web.authentication.UsernamePasswordAuthenticationFilter@6f336cab, org.springframework.security.web.authentication.ui.DefaultLoginPageGeneratingFilter@681dfb49, org.springframework.security.web.authentication.ui.DefaultLogoutPageGeneratingFilter@5cdb8e6, org.springframework.security.web.authentication.www.BasicAuthenticationFilter@75285559, org.springframework.security.web.savedrequest.RequestCacheAwareFilter@6ba64dcf, org.springframework.security.web.servletapi.SecurityContextHolderAwareRequestFilter@61a75ec3, org.springframework.security.web.authentication.AnonymousAuthenticationFilter@32f8b79b, org.springframework.security.web.access.ExceptionTranslationFilter@d60ed7d, org.springframework.security.web.access.intercept.AuthorizationFilter@23a6c5af]
2024-05-25T12:16:17.728+02:00  WARN 12124 --- [           main] ConfigServletWebServerApplicationContext : Exception encountered during context initialization - cancelling refresh attempt: org.springframework.beans.factory.BeanCreationException: Error creating bean with name 'requestMappingHandlerMapping' defined in class path resource [org/springframework/boot/autoconfigure/web/servlet/WebMvcAutoConfiguration$EnableWebMvcConfiguration.class]: Invalid mapping on handler class [grifo.spring.jpa.demo.controladores.ControladorRutina]: public grifo.spring.jpa.demo.dtos.RutinaDTO grifo.spring.jpa.demo.controladores.ControladorRutina.actualizarRutina(java.lang.Long,grifo.spring.jpa.demo.dtos.RutinaDTO)
2024-05-25T12:16:17.728+02:00  INFO 12124 --- [           main] j.LocalContainerEntityManagerFactoryBean : Closing JPA EntityManagerFactory for persistence unit 'default'
2024-05-25T12:16:17.729+02:00  INFO 12124 --- [           main] com.zaxxer.hikari.HikariDataSource       : HikariPool-9 - Shutdown initiated...
2024-05-25T12:16:17.740+02:00  INFO 12124 --- [           main] com.zaxxer.hikari.HikariDataSource       : HikariPool-9 - Shutdown completed.
2024-05-25T12:16:17.741+02:00  INFO 12124 --- [           main] o.apache.catalina.core.StandardService   : Stopping service [Tomcat]
2024-05-25T12:16:17.743+02:00  INFO 12124 --- [           main] .s.b.a.l.ConditionEvaluationReportLogger : 

Error starting ApplicationContext. To display the condition evaluation report re-run your application with 'debug' enabled.
2024-05-25T12:16:17.745+02:00 ERROR 12124 --- [           main] o.s.b.d.LoggingFailureAnalysisReporter   : 

***************************
APPLICATION FAILED TO START
***************************

Description:

Invalid mapping pattern detected: /{/idRutina}
  ^
Expected close capture character after variable name }

Action:

Fix this pattern in your application or switch to the legacy parser implementation with 'spring.mvc.pathmatch.matching-strategy=ant_path_matcher'.

2024-05-25T12:16:17.745+02:00 ERROR 12124 --- [           main] o.s.test.context.TestContextManager      : Caught exception while allowing TestExecutionListener [org.springframework.test.context.support.DependencyInjectionTestExecutionListener] to prepare test instance [grifo.spring.jpa.demo.EjerciciosRutinasAplicationTests@3280c169]

java.lang.IllegalStateException: Failed to load ApplicationContext for [WebMergedContextConfiguration@1699e337 testClass = grifo.spring.jpa.demo.EjerciciosRutinasAplicationTests, locations = [], classes = [grifo.spring.jpa.demo.EntidadesApplication], contextInitializerClasses = [], activeProfiles = [], propertySourceLocations = [], propertySourceProperties = ["org.springframework.boot.test.context.SpringBootTestContextBootstrapper=true", "server.port=0"], contextCustomizers = [org.springframework.boot.test.context.filter.ExcludeFilterContextCustomizer@3c443976, org.springframework.boot.test.json.DuplicateJsonObjectContextCustomizerFactory$DuplicateJsonObjectContextCustomizer@6b04acb2, org.springframework.boot.test.mock.mockito.MockitoContextCustomizer@0, org.springframework.boot.test.web.client.TestRestTemplateContextCustomizer@4a1e3ac1, org.springframework.boot.test.autoconfigure.actuate.observability.ObservabilityContextCustomizerFactory$DisableObservabilityContextCustomizer@1f, org.springframework.boot.test.autoconfigure.properties.PropertyMappingContextCustomizer@0, org.springframework.boot.test.autoconfigure.web.servlet.WebDriverContextCustomizer@2375b321, org.springframework.boot.test.context.SpringBootTestAnnotation@6014c3f6], resourceBasePath = "src/main/webapp", contextLoader = org.springframework.boot.test.context.SpringBootContextLoader, parent = null]
	at org.springframework.test.context.cache.DefaultCacheAwareContextLoaderDelegate.loadContext(DefaultCacheAwareContextLoaderDelegate.java:143) ~[spring-test-6.0.13.jar:6.0.13]
	at org.springframework.test.context.support.DefaultTestContext.getApplicationContext(DefaultTestContext.java:127) ~[spring-test-6.0.13.jar:6.0.13]
	at org.springframework.test.context.support.DependencyInjectionTestExecutionListener.injectDependencies(DependencyInjectionTestExecutionListener.java:141) ~[spring-test-6.0.13.jar:6.0.13]
	at org.springframework.test.context.support.DependencyInjectionTestExecutionListener.prepareTestInstance(DependencyInjectionTestExecutionListener.java:97) ~[spring-test-6.0.13.jar:6.0.13]
	at org.springframework.test.context.TestContextManager.prepareTestInstance(TestContextManager.java:241) ~[spring-test-6.0.13.jar:6.0.13]
	at org.springframework.test.context.junit.jupiter.SpringExtension.postProcessTestInstance(SpringExtension.java:138) ~[spring-test-6.0.13.jar:6.0.13]
	at org.junit.jupiter.engine.descriptor.ClassBasedTestDescriptor.lambda$invokeTestInstancePostProcessors$10(ClassBasedTestDescriptor.java:377) ~[junit-jupiter-engine-5.9.3.jar:5.9.3]
	at org.junit.jupiter.engine.descriptor.ClassBasedTestDescriptor.executeAndMaskThrowable(ClassBasedTestDescriptor.java:382) ~[junit-jupiter-engine-5.9.3.jar:5.9.3]
	at org.junit.jupiter.engine.descriptor.ClassBasedTestDescriptor.lambda$invokeTestInstancePostProcessors$11(ClassBasedTestDescriptor.java:377) ~[junit-jupiter-engine-5.9.3.jar:5.9.3]
	at java.base/java.util.stream.ReferencePipeline$3$1.accept(ReferencePipeline.java:197) ~[na:na]
	at java.base/java.util.stream.ReferencePipeline$2$1.accept(ReferencePipeline.java:179) ~[na:na]
	at java.base/java.util.ArrayList$ArrayListSpliterator.forEachRemaining(ArrayList.java:1708) ~[na:na]
	at java.base/java.util.stream.AbstractPipeline.copyInto(AbstractPipeline.java:509) ~[na:na]
	at java.base/java.util.stream.AbstractPipeline.wrapAndCopyInto(AbstractPipeline.java:499) ~[na:na]
	at java.base/java.util.stream.StreamSpliterators$WrappingSpliterator.forEachRemaining(StreamSpliterators.java:310) ~[na:na]
	at java.base/java.util.stream.Streams$ConcatSpliterator.forEachRemaining(Streams.java:735) ~[na:na]
	at java.base/java.util.stream.ReferencePipeline$Head.forEach(ReferencePipeline.java:762) ~[na:na]
	at org.junit.jupiter.engine.descriptor.ClassBasedTestDescriptor.invokeTestInstancePostProcessors(ClassBasedTestDescriptor.java:376) ~[junit-jupiter-engine-5.9.3.jar:5.9.3]
	at org.junit.jupiter.engine.descriptor.ClassBasedTestDescriptor.lambda$instantiateAndPostProcessTestInstance$6(ClassBasedTestDescriptor.java:289) ~[junit-jupiter-engine-5.9.3.jar:5.9.3]
	at org.junit.platform.engine.support.hierarchical.ThrowableCollector.execute(ThrowableCollector.java:73) ~[junit-platform-engine-1.9.3.jar:1.9.3]
	at org.junit.jupiter.engine.descriptor.ClassBasedTestDescriptor.instantiateAndPostProcessTestInstance(ClassBasedTestDescriptor.java:288) ~[junit-jupiter-engine-5.9.3.jar:5.9.3]
	at org.junit.jupiter.engine.descriptor.ClassBasedTestDescriptor.lambda$testInstancesProvider$4(ClassBasedTestDescriptor.java:278) ~[junit-jupiter-engine-5.9.3.jar:5.9.3]
	at java.base/java.util.Optional.orElseGet(Optional.java:364) ~[na:na]
	at org.junit.jupiter.engine.descriptor.ClassBasedTestDescriptor.lambda$testInstancesProvider$5(ClassBasedTestDescriptor.java:277) ~[junit-jupiter-engine-5.9.3.jar:5.9.3]
	at org.junit.jupiter.engine.descriptor.NestedClassTestDescriptor.instantiateTestClass(NestedClassTestDescriptor.java:85) ~[junit-jupiter-engine-5.9.3.jar:5.9.3]
	at org.junit.jupiter.engine.descriptor.ClassBasedTestDescriptor.instantiateAndPostProcessTestInstance(ClassBasedTestDescriptor.java:286) ~[junit-jupiter-engine-5.9.3.jar:5.9.3]
	at org.junit.jupiter.engine.descriptor.ClassBasedTestDescriptor.lambda$testInstancesProvider$4(ClassBasedTestDescriptor.java:278) ~[junit-jupiter-engine-5.9.3.jar:5.9.3]
	at java.base/java.util.Optional.orElseGet(Optional.java:364) ~[na:na]
	at org.junit.jupiter.engine.descriptor.ClassBasedTestDescriptor.lambda$testInstancesProvider$5(ClassBasedTestDescriptor.java:277) ~[junit-jupiter-engine-5.9.3.jar:5.9.3]
	at org.junit.jupiter.engine.execution.TestInstancesProvider.getTestInstances(TestInstancesProvider.java:31) ~[junit-jupiter-engine-5.9.3.jar:5.9.3]
	at org.junit.jupiter.engine.descriptor.TestMethodTestDescriptor.lambda$prepare$0(TestMethodTestDescriptor.java:105) ~[junit-jupiter-engine-5.9.3.jar:5.9.3]
	at org.junit.platform.engine.support.hierarchical.ThrowableCollector.execute(ThrowableCollector.java:73) ~[junit-platform-engine-1.9.3.jar:1.9.3]
	at org.junit.jupiter.engine.descriptor.TestMethodTestDescriptor.prepare(TestMethodTestDescriptor.java:104) ~[junit-jupiter-engine-5.9.3.jar:5.9.3]
	at org.junit.jupiter.engine.descriptor.TestMethodTestDescriptor.prepare(TestMethodTestDescriptor.java:68) ~[junit-jupiter-engine-5.9.3.jar:5.9.3]
	at org.junit.platform.engine.support.hierarchical.NodeTestTask.lambda$prepare$2(NodeTestTask.java:123) ~[junit-platform-engine-1.9.3.jar:1.9.3]
	at org.junit.platform.engine.support.hierarchical.ThrowableCollector.execute(ThrowableCollector.java:73) ~[junit-platform-engine-1.9.3.jar:1.9.3]
	at org.junit.platform.engine.support.hierarchical.NodeTestTask.prepare(NodeTestTask.java:123) ~[junit-platform-engine-1.9.3.jar:1.9.3]
	at org.junit.platform.engine.support.hierarchical.NodeTestTask.execute(NodeTestTask.java:90) ~[junit-platform-engine-1.9.3.jar:1.9.3]
	at java.base/java.util.ArrayList.forEach(ArrayList.java:1596) ~[na:na]
	at org.junit.platform.engine.support.hierarchical.SameThreadHierarchicalTestExecutorService.invokeAll(SameThreadHierarchicalTestExecutorService.java:41) ~[junit-platform-engine-1.9.3.jar:1.9.3]
	at org.junit.platform.engine.support.hierarchical.NodeTestTask.lambda$executeRecursively$6(NodeTestTask.java:155) ~[junit-platform-engine-1.9.3.jar:1.9.3]
	at org.junit.platform.engine.support.hierarchical.ThrowableCollector.execute(ThrowableCollector.java:73) ~[junit-platform-engine-1.9.3.jar:1.9.3]
	at org.junit.platform.engine.support.hierarchical.NodeTestTask.lambda$executeRecursively$8(NodeTestTask.java:141) ~[junit-platform-engine-1.9.3.jar:1.9.3]
	at org.junit.platform.engine.support.hierarchical.Node.around(Node.java:137) ~[junit-platform-engine-1.9.3.jar:1.9.3]
	at org.junit.platform.engine.support.hierarchical.NodeTestTask.lambda$executeRecursively$9(NodeTestTask.java:139) ~[junit-platform-engine-1.9.3.jar:1.9.3]
	at org.junit.platform.engine.support.hierarchical.ThrowableCollector.execute(ThrowableCollector.java:73) ~[junit-platform-engine-1.9.3.jar:1.9.3]
	at org.junit.platform.engine.support.hierarchical.NodeTestTask.executeRecursively(NodeTestTask.java:138) ~[junit-platform-engine-1.9.3.jar:1.9.3]
	at org.junit.platform.engine.support.hierarchical.NodeTestTask.execute(NodeTestTask.java:95) ~[junit-platform-engine-1.9.3.jar:1.9.3]
	at java.base/java.util.ArrayList.forEach(ArrayList.java:1596) ~[na:na]
	at org.junit.platform.engine.support.hierarchical.SameThreadHierarchicalTestExecutorService.invokeAll(SameThreadHierarchicalTestExecutorService.java:41) ~[junit-platform-engine-1.9.3.jar:1.9.3]
	at org.junit.platform.engine.support.hierarchical.NodeTestTask.lambda$executeRecursively$6(NodeTestTask.java:155) ~[junit-platform-engine-1.9.3.jar:1.9.3]
	at org.junit.platform.engine.support.hierarchical.ThrowableCollector.execute(ThrowableCollector.java:73) ~[junit-platform-engine-1.9.3.jar:1.9.3]
	at org.junit.platform.engine.support.hierarchical.NodeTestTask.lambda$executeRecursively$8(NodeTestTask.java:141) ~[junit-platform-engine-1.9.3.jar:1.9.3]
	at org.junit.platform.engine.support.hierarchical.Node.around(Node.java:137) ~[junit-platform-engine-1.9.3.jar:1.9.3]
	at org.junit.platform.engine.support.hierarchical.NodeTestTask.lambda$executeRecursively$9(NodeTestTask.java:139) ~[junit-platform-engine-1.9.3.jar:1.9.3]
	at org.junit.platform.engine.support.hierarchical.ThrowableCollector.execute(ThrowableCollector.java:73) ~[junit-platform-engine-1.9.3.jar:1.9.3]
	at org.junit.platform.engine.support.hierarchical.NodeTestTask.executeRecursively(NodeTestTask.java:138) ~[junit-platform-engine-1.9.3.jar:1.9.3]
	at org.junit.platform.engine.support.hierarchical.NodeTestTask.execute(NodeTestTask.java:95) ~[junit-platform-engine-1.9.3.jar:1.9.3]
	at java.base/java.util.ArrayList.forEach(ArrayList.java:1596) ~[na:na]
	at org.junit.platform.engine.support.hierarchical.SameThreadHierarchicalTestExecutorService.invokeAll(SameThreadHierarchicalTestExecutorService.java:41) ~[junit-platform-engine-1.9.3.jar:1.9.3]
	at org.junit.platform.engine.support.hierarchical.NodeTestTask.lambda$executeRecursively$6(NodeTestTask.java:155) ~[junit-platform-engine-1.9.3.jar:1.9.3]
	at org.junit.platform.engine.support.hierarchical.ThrowableCollector.execute(ThrowableCollector.java:73) ~[junit-platform-engine-1.9.3.jar:1.9.3]
	at org.junit.platform.engine.support.hierarchical.NodeTestTask.lambda$executeRecursively$8(NodeTestTask.java:141) ~[junit-platform-engine-1.9.3.jar:1.9.3]
	at org.junit.platform.engine.support.hierarchical.Node.around(Node.java:137) ~[junit-platform-engine-1.9.3.jar:1.9.3]
	at org.junit.platform.engine.support.hierarchical.NodeTestTask.lambda$executeRecursively$9(NodeTestTask.java:139) ~[junit-platform-engine-1.9.3.jar:1.9.3]
	at org.junit.platform.engine.support.hierarchical.ThrowableCollector.execute(ThrowableCollector.java:73) ~[junit-platform-engine-1.9.3.jar:1.9.3]
	at org.junit.platform.engine.support.hierarchical.NodeTestTask.executeRecursively(NodeTestTask.java:138) ~[junit-platform-engine-1.9.3.jar:1.9.3]
	at org.junit.platform.engine.support.hierarchical.NodeTestTask.execute(NodeTestTask.java:95) ~[junit-platform-engine-1.9.3.jar:1.9.3]
	at org.junit.platform.engine.support.hierarchical.SameThreadHierarchicalTestExecutorService.submit(SameThreadHierarchicalTestExecutorService.java:35) ~[junit-platform-engine-1.9.3.jar:1.9.3]
	at org.junit.platform.engine.support.hierarchical.HierarchicalTestExecutor.execute(HierarchicalTestExecutor.java:57) ~[junit-platform-engine-1.9.3.jar:1.9.3]
	at org.junit.platform.engine.support.hierarchical.HierarchicalTestEngine.execute(HierarchicalTestEngine.java:54) ~[junit-platform-engine-1.9.3.jar:1.9.3]
	at org.junit.platform.launcher.core.EngineExecutionOrchestrator.execute(EngineExecutionOrchestrator.java:147) ~[junit-platform-launcher-1.9.3.jar:1.9.3]
	at org.junit.platform.launcher.core.EngineExecutionOrchestrator.execute(EngineExecutionOrchestrator.java:127) ~[junit-platform-launcher-1.9.3.jar:1.9.3]
	at org.junit.platform.launcher.core.EngineExecutionOrchestrator.execute(EngineExecutionOrchestrator.java:90) ~[junit-platform-launcher-1.9.3.jar:1.9.3]
	at org.junit.platform.launcher.core.EngineExecutionOrchestrator.lambda$execute$0(EngineExecutionOrchestrator.java:55) ~[junit-platform-launcher-1.9.3.jar:1.9.3]
	at org.junit.platform.launcher.core.EngineExecutionOrchestrator.withInterceptedStreams(EngineExecutionOrchestrator.java:102) ~[junit-platform-launcher-1.9.3.jar:1.9.3]
	at org.junit.platform.launcher.core.EngineExecutionOrchestrator.execute(EngineExecutionOrchestrator.java:54) ~[junit-platform-launcher-1.9.3.jar:1.9.3]
	at org.junit.platform.launcher.core.DefaultLauncher.execute(DefaultLauncher.java:114) ~[junit-platform-launcher-1.9.3.jar:1.9.3]
	at org.junit.platform.launcher.core.DefaultLauncher.execute(DefaultLauncher.java:86) ~[junit-platform-launcher-1.9.3.jar:1.9.3]
	at org.junit.platform.launcher.core.DefaultLauncherSession$DelegatingLauncher.execute(DefaultLauncherSession.java:86) ~[junit-platform-launcher-1.9.3.jar:1.9.3]
	at org.apache.maven.surefire.junitplatform.LazyLauncher.execute(LazyLauncher.java:55) ~[surefire-junit-platform-3.0.0-M9.jar:3.0.0-M9]
	at org.apache.maven.surefire.junitplatform.JUnitPlatformProvider.execute(JUnitPlatformProvider.java:223) ~[surefire-junit-platform-3.0.0-M9.jar:3.0.0-M9]
	at org.apache.maven.surefire.junitplatform.JUnitPlatformProvider.invokeAllTests(JUnitPlatformProvider.java:175) ~[surefire-junit-platform-3.0.0-M9.jar:3.0.0-M9]
	at org.apache.maven.surefire.junitplatform.JUnitPlatformProvider.invoke(JUnitPlatformProvider.java:139) ~[surefire-junit-platform-3.0.0-M9.jar:3.0.0-M9]
	at org.apache.maven.surefire.booter.ForkedBooter.runSuitesInProcess(ForkedBooter.java:456) ~[surefire-booter-3.0.0-M9.jar:3.0.0-M9]
	at org.apache.maven.surefire.booter.ForkedBooter.execute(ForkedBooter.java:169) ~[surefire-booter-3.0.0-M9.jar:3.0.0-M9]
	at org.apache.maven.surefire.booter.ForkedBooter.run(ForkedBooter.java:595) ~[surefire-booter-3.0.0-M9.jar:3.0.0-M9]
	at org.apache.maven.surefire.booter.ForkedBooter.main(ForkedBooter.java:581) ~[surefire-booter-3.0.0-M9.jar:3.0.0-M9]
Caused by: org.springframework.beans.factory.BeanCreationException: Error creating bean with name 'requestMappingHandlerMapping' defined in class path resource [org/springframework/boot/autoconfigure/web/servlet/WebMvcAutoConfiguration$EnableWebMvcConfiguration.class]: Invalid mapping on handler class [grifo.spring.jpa.demo.controladores.ControladorRutina]: public grifo.spring.jpa.demo.dtos.RutinaDTO grifo.spring.jpa.demo.controladores.ControladorRutina.actualizarRutina(java.lang.Long,grifo.spring.jpa.demo.dtos.RutinaDTO)
	at org.springframework.beans.factory.support.AbstractAutowireCapableBeanFactory.initializeBean(AbstractAutowireCapableBeanFactory.java:1770) ~[spring-beans-6.0.13.jar:6.0.13]
	at org.springframework.beans.factory.support.AbstractAutowireCapableBeanFactory.doCreateBean(AbstractAutowireCapableBeanFactory.java:598) ~[spring-beans-6.0.13.jar:6.0.13]
	at org.springframework.beans.factory.support.AbstractAutowireCapableBeanFactory.createBean(AbstractAutowireCapableBeanFactory.java:520) ~[spring-beans-6.0.13.jar:6.0.13]
	at org.springframework.beans.factory.support.AbstractBeanFactory.lambda$doGetBean$0(AbstractBeanFactory.java:325) ~[spring-beans-6.0.13.jar:6.0.13]
	at org.springframework.beans.factory.support.DefaultSingletonBeanRegistry.getSingleton(DefaultSingletonBeanRegistry.java:234) ~[spring-beans-6.0.13.jar:6.0.13]
	at org.springframework.beans.factory.support.AbstractBeanFactory.doGetBean(AbstractBeanFactory.java:323) ~[spring-beans-6.0.13.jar:6.0.13]
	at org.springframework.beans.factory.support.AbstractBeanFactory.getBean(AbstractBeanFactory.java:199) ~[spring-beans-6.0.13.jar:6.0.13]
	at org.springframework.beans.factory.support.DefaultListableBeanFactory.preInstantiateSingletons(DefaultListableBeanFactory.java:973) ~[spring-beans-6.0.13.jar:6.0.13]
	at org.springframework.context.support.AbstractApplicationContext.finishBeanFactoryInitialization(AbstractApplicationContext.java:950) ~[spring-context-6.0.13.jar:6.0.13]
	at org.springframework.context.support.AbstractApplicationContext.refresh(AbstractApplicationContext.java:616) ~[spring-context-6.0.13.jar:6.0.13]
	at org.springframework.boot.web.servlet.context.ServletWebServerApplicationContext.refresh(ServletWebServerApplicationContext.java:146) ~[spring-boot-3.1.5.jar:3.1.5]
	at org.springframework.boot.SpringApplication.refresh(SpringApplication.java:738) ~[spring-boot-3.1.5.jar:3.1.5]
	at org.springframework.boot.SpringApplication.refreshContext(SpringApplication.java:440) ~[spring-boot-3.1.5.jar:3.1.5]
	at org.springframework.boot.SpringApplication.run(SpringApplication.java:316) ~[spring-boot-3.1.5.jar:3.1.5]
	at org.springframework.boot.test.context.SpringBootContextLoader.lambda$loadContext$3(SpringBootContextLoader.java:137) ~[spring-boot-test-3.1.5.jar:3.1.5]
	at org.springframework.util.function.ThrowingSupplier.get(ThrowingSupplier.java:58) ~[spring-core-6.0.13.jar:6.0.13]
	at org.springframework.util.function.ThrowingSupplier.get(ThrowingSupplier.java:46) ~[spring-core-6.0.13.jar:6.0.13]
	at org.springframework.boot.SpringApplication.withHook(SpringApplication.java:1406) ~[spring-boot-3.1.5.jar:3.1.5]
	at org.springframework.boot.test.context.SpringBootContextLoader$ContextLoaderHook.run(SpringBootContextLoader.java:545) ~[spring-boot-test-3.1.5.jar:3.1.5]
	at org.springframework.boot.test.context.SpringBootContextLoader.loadContext(SpringBootContextLoader.java:137) ~[spring-boot-test-3.1.5.jar:3.1.5]
	at org.springframework.boot.test.context.SpringBootContextLoader.loadContext(SpringBootContextLoader.java:108) ~[spring-boot-test-3.1.5.jar:3.1.5]
	at org.springframework.test.context.cache.DefaultCacheAwareContextLoaderDelegate.loadContextInternal(DefaultCacheAwareContextLoaderDelegate.java:187) ~[spring-test-6.0.13.jar:6.0.13]
	at org.springframework.test.context.cache.DefaultCacheAwareContextLoaderDelegate.loadContext(DefaultCacheAwareContextLoaderDelegate.java:119) ~[spring-test-6.0.13.jar:6.0.13]
	... 87 common frames omitted
Caused by: java.lang.IllegalStateException: Invalid mapping on handler class [grifo.spring.jpa.demo.controladores.ControladorRutina]: public grifo.spring.jpa.demo.dtos.RutinaDTO grifo.spring.jpa.demo.controladores.ControladorRutina.actualizarRutina(java.lang.Long,grifo.spring.jpa.demo.dtos.RutinaDTO)
	at org.springframework.web.servlet.handler.AbstractHandlerMethodMapping.lambda$detectHandlerMethods$1(AbstractHandlerMethodMapping.java:287) ~[spring-webmvc-6.0.13.jar:6.0.13]
	at org.springframework.core.MethodIntrospector.lambda$selectMethods$0(MethodIntrospector.java:74) ~[spring-core-6.0.13.jar:6.0.13]
	at org.springframework.util.ReflectionUtils.doWithMethods(ReflectionUtils.java:366) ~[spring-core-6.0.13.jar:6.0.13]
	at org.springframework.core.MethodIntrospector.selectMethods(MethodIntrospector.java:72) ~[spring-core-6.0.13.jar:6.0.13]
	at org.springframework.web.servlet.handler.AbstractHandlerMethodMapping.detectHandlerMethods(AbstractHandlerMethodMapping.java:280) ~[spring-webmvc-6.0.13.jar:6.0.13]
	at org.springframework.web.servlet.handler.AbstractHandlerMethodMapping.processCandidateBean(AbstractHandlerMethodMapping.java:265) ~[spring-webmvc-6.0.13.jar:6.0.13]
	at org.springframework.web.servlet.handler.AbstractHandlerMethodMapping.initHandlerMethods(AbstractHandlerMethodMapping.java:224) ~[spring-webmvc-6.0.13.jar:6.0.13]
	at org.springframework.web.servlet.handler.AbstractHandlerMethodMapping.afterPropertiesSet(AbstractHandlerMethodMapping.java:212) ~[spring-webmvc-6.0.13.jar:6.0.13]
	at org.springframework.web.servlet.mvc.method.annotation.RequestMappingHandlerMapping.afterPropertiesSet(RequestMappingHandlerMapping.java:225) ~[spring-webmvc-6.0.13.jar:6.0.13]
	at org.springframework.beans.factory.support.AbstractAutowireCapableBeanFactory.invokeInitMethods(AbstractAutowireCapableBeanFactory.java:1817) ~[spring-beans-6.0.13.jar:6.0.13]
	at org.springframework.beans.factory.support.AbstractAutowireCapableBeanFactory.initializeBean(AbstractAutowireCapableBeanFactory.java:1766) ~[spring-beans-6.0.13.jar:6.0.13]
	... 109 common frames omitted
Caused by: org.springframework.web.util.pattern.PatternParseException: Expected close capture character after variable name }
	at org.springframework.web.util.pattern.InternalPathPatternParser.createPathElement(InternalPathPatternParser.java:314) ~[spring-web-6.0.13.jar:6.0.13]
	at org.springframework.web.util.pattern.InternalPathPatternParser.parse(InternalPathPatternParser.java:111) ~[spring-web-6.0.13.jar:6.0.13]
	at org.springframework.web.util.pattern.PathPatternParser.parse(PathPatternParser.java:129) ~[spring-web-6.0.13.jar:6.0.13]
	at org.springframework.web.servlet.mvc.condition.PathPatternsRequestCondition.parse(PathPatternsRequestCondition.java:84) ~[spring-webmvc-6.0.13.jar:6.0.13]
	at org.springframework.web.servlet.mvc.condition.PathPatternsRequestCondition.<init>(PathPatternsRequestCondition.java:74) ~[spring-webmvc-6.0.13.jar:6.0.13]
	at org.springframework.web.servlet.mvc.method.RequestMappingInfo$DefaultBuilder.build(RequestMappingInfo.java:714) ~[spring-webmvc-6.0.13.jar:6.0.13]
	at org.springframework.web.servlet.mvc.method.annotation.RequestMappingHandlerMapping.createRequestMappingInfo(RequestMappingHandlerMapping.java:400) ~[spring-webmvc-6.0.13.jar:6.0.13]
	at org.springframework.web.servlet.mvc.method.annotation.RequestMappingHandlerMapping.createRequestMappingInfo(RequestMappingHandlerMapping.java:345) ~[spring-webmvc-6.0.13.jar:6.0.13]
	at org.springframework.web.servlet.mvc.method.annotation.RequestMappingHandlerMapping.getMappingForMethod(RequestMappingHandlerMapping.java:302) ~[spring-webmvc-6.0.13.jar:6.0.13]
	at org.springframework.web.servlet.mvc.method.annotation.RequestMappingHandlerMapping.getMappingForMethod(RequestMappingHandlerMapping.java:76) ~[spring-webmvc-6.0.13.jar:6.0.13]
	at org.springframework.web.servlet.handler.AbstractHandlerMethodMapping.lambda$detectHandlerMethods$1(AbstractHandlerMethodMapping.java:283) ~[spring-webmvc-6.0.13.jar:6.0.13]
	... 119 common frames omitted


  .   ____          _            __ _ _
 /\\ / ___'_ __ _ _(_)_ __  __ _ \ \ \ \
( ( )\___ | '_ | '_| | '_ \/ _` | \ \ \ \
 \\/  ___)| |_)| | | | | || (_| |  ) ) ) )
  '  |____| .__|_| |_|_| |_\__, | / / / /
 =========|_|==============|___/=/_/_/_/
 :: Spring Boot ::                (v3.1.5)

2024-05-25T12:16:17.762+02:00  INFO 12124 --- [           main] sRutinasAplicationTests$EjerciciosVacios : Starting EjerciciosRutinasAplicationTests.EjerciciosVacios using Java 21.0.2 with PID 12124 (started by Juanjo in c:\Users\Juanjo\Documents\GitHub\ciklum-el-grifo\jpa\spring-jpa)
2024-05-25T12:16:17.762+02:00  INFO 12124 --- [           main] sRutinasAplicationTests$EjerciciosVacios : No active profile set, falling back to 1 default profile: "default"
2024-05-25T12:16:17.878+02:00  INFO 12124 --- [           main] .s.d.r.c.RepositoryConfigurationDelegate : Bootstrapping Spring Data JPA repositories in DEFAULT mode.
2024-05-25T12:16:17.889+02:00  INFO 12124 --- [           main] .s.d.r.c.RepositoryConfigurationDelegate : Finished Spring Data repository scanning in 10 ms. Found 2 JPA repository interfaces.
2024-05-25T12:16:17.948+02:00  INFO 12124 --- [           main] o.s.b.w.embedded.tomcat.TomcatWebServer  : Tomcat initialized with port(s): 0 (http)
2024-05-25T12:16:17.948+02:00  INFO 12124 --- [           main] o.apache.catalina.core.StandardService   : Starting service [Tomcat]
2024-05-25T12:16:17.948+02:00  INFO 12124 --- [           main] o.apache.catalina.core.StandardEngine    : Starting Servlet engine: [Apache Tomcat/10.1.15]
2024-05-25T12:16:17.966+02:00  INFO 12124 --- [           main] o.a.c.c.C.[Tomcat-9].[localhost].[/]     : Initializing Spring embedded WebApplicationContext
2024-05-25T12:16:17.966+02:00  INFO 12124 --- [           main] w.s.c.ServletWebServerApplicationContext : Root WebApplicationContext: initialization completed in 203 ms
2024-05-25T12:16:17.994+02:00  INFO 12124 --- [           main] com.zaxxer.hikari.HikariDataSource       : HikariPool-10 - Starting...
2024-05-25T12:16:17.996+02:00  INFO 12124 --- [           main] com.zaxxer.hikari.pool.HikariPool        : HikariPool-10 - Added connection conn59: url=jdbc:h2:mem:db user=USER
2024-05-25T12:16:17.996+02:00  INFO 12124 --- [           main] com.zaxxer.hikari.HikariDataSource       : HikariPool-10 - Start completed.
2024-05-25T12:16:17.997+02:00  INFO 12124 --- [           main] o.hibernate.jpa.internal.util.LogHelper  : HHH000204: Processing PersistenceUnitInfo [name: default]
2024-05-25T12:16:18.003+02:00  INFO 12124 --- [           main] o.s.o.j.p.SpringPersistenceUnitInfo      : No LoadTimeWeaver setup: ignoring JPA class transformer
2024-05-25T12:16:18.028+02:00  INFO 12124 --- [           main] o.h.m.i.EntityInstantiatorPojoStandard   : HHH000182: No default (no-argument) constructor for class: grifo.spring.jpa.demo.entities.Ejercicio (class must be instantiated by Interceptor)
2024-05-25T12:16:18.034+02:00  INFO 12124 --- [           main] o.h.m.i.EntityInstantiatorPojoStandard   : HHH000182: No default (no-argument) constructor for class: grifo.spring.jpa.demo.entities.FragmentoRutina (class must be instantiated by Interceptor)
2024-05-25T12:16:18.049+02:00  INFO 12124 --- [           main] o.h.e.t.j.p.i.JtaPlatformInitiator       : HHH000489: No JTA platform available (set 'hibernate.transaction.jta.platform' to enable JTA platform integration)
2024-05-25T12:16:18.051+02:00  INFO 12124 --- [           main] j.LocalContainerEntityManagerFactoryBean : Initialized JPA EntityManagerFactory for persistence unit 'default'
2024-05-25T12:16:18.094+02:00  WARN 12124 --- [           main] JpaBaseConfiguration$JpaWebConfiguration : spring.jpa.open-in-view is enabled by default. Therefore, database queries may be performed during view rendering. Explicitly configure spring.jpa.open-in-view to disable this warning
2024-05-25T12:16:18.097+02:00  WARN 12124 --- [           main] .s.s.UserDetailsServiceAutoConfiguration : 

Using generated security password: 14d5ac13-884f-4d50-827d-62173d60c36f

This generated password is for development use only. Your security configuration must be updated before running your application in production.

2024-05-25T12:16:18.103+02:00  INFO 12124 --- [           main] o.s.s.web.DefaultSecurityFilterChain     : Will secure any request with [org.springframework.security.web.session.DisableEncodeUrlFilter@4a9c137a, org.springframework.security.web.context.request.async.WebAsyncManagerIntegrationFilter@4ff15e5b, org.springframework.security.web.context.SecurityContextHolderFilter@4834bf71, org.springframework.security.web.header.HeaderWriterFilter@783dd3f0, org.springframework.security.web.csrf.CsrfFilter@66ee413, org.springframework.security.web.authentication.logout.LogoutFilter@465ed2a0, org.springframework.security.web.authentication.UsernamePasswordAuthenticationFilter@5174d7e8, org.springframework.security.web.authentication.ui.DefaultLoginPageGeneratingFilter@4e32581e, org.springframework.security.web.authentication.ui.DefaultLogoutPageGeneratingFilter@38cd1bda, org.springframework.security.web.authentication.www.BasicAuthenticationFilter@610fc4b4, org.springframework.security.web.savedrequest.RequestCacheAwareFilter@390b8418, org.springframework.security.web.servletapi.SecurityContextHolderAwareRequestFilter@5886b2ad, org.springframework.security.web.authentication.AnonymousAuthenticationFilter@27785213, org.springframework.security.web.access.ExceptionTranslationFilter@71c215c9, org.springframework.security.web.access.intercept.AuthorizationFilter@770e5cde]
2024-05-25T12:16:18.138+02:00  WARN 12124 --- [           main] ConfigServletWebServerApplicationContext : Exception encountered during context initialization - cancelling refresh attempt: org.springframework.beans.factory.BeanCreationException: Error creating bean with name 'requestMappingHandlerMapping' defined in class path resource [org/springframework/boot/autoconfigure/web/servlet/WebMvcAutoConfiguration$EnableWebMvcConfiguration.class]: Invalid mapping on handler class [grifo.spring.jpa.demo.controladores.ControladorRutina]: public grifo.spring.jpa.demo.dtos.RutinaDTO grifo.spring.jpa.demo.controladores.ControladorRutina.actualizarRutina(java.lang.Long,grifo.spring.jpa.demo.dtos.RutinaDTO)
2024-05-25T12:16:18.138+02:00  INFO 12124 --- [           main] j.LocalContainerEntityManagerFactoryBean : Closing JPA EntityManagerFactory for persistence unit 'default'
2024-05-25T12:16:18.138+02:00  INFO 12124 --- [           main] com.zaxxer.hikari.HikariDataSource       : HikariPool-10 - Shutdown initiated...
2024-05-25T12:16:18.148+02:00  INFO 12124 --- [           main] com.zaxxer.hikari.HikariDataSource       : HikariPool-10 - Shutdown completed.
2024-05-25T12:16:18.149+02:00  INFO 12124 --- [           main] o.apache.catalina.core.StandardService   : Stopping service [Tomcat]
2024-05-25T12:16:18.151+02:00  INFO 12124 --- [           main] .s.b.a.l.ConditionEvaluationReportLogger : 

Error starting ApplicationContext. To display the condition evaluation report re-run your application with 'debug' enabled.
2024-05-25T12:16:18.152+02:00 ERROR 12124 --- [           main] o.s.b.d.LoggingFailureAnalysisReporter   : 

***************************
APPLICATION FAILED TO START
***************************

Description:

Invalid mapping pattern detected: /{/idRutina}
  ^
Expected close capture character after variable name }

Action:

Fix this pattern in your application or switch to the legacy parser implementation with 'spring.mvc.pathmatch.matching-strategy=ant_path_matcher'.

2024-05-25T12:16:18.153+02:00 ERROR 12124 --- [           main] o.s.test.context.TestContextManager      : Caught exception while allowing TestExecutionListener [org.springframework.test.context.support.DependencyInjectionTestExecutionListener] to prepare test instance [grifo.spring.jpa.demo.EjerciciosRutinasAplicationTests$EjerciciosVacios@22f72b40]

java.lang.IllegalStateException: Failed to load ApplicationContext for [WebMergedContextConfiguration@79b4468e testClass = grifo.spring.jpa.demo.EjerciciosRutinasAplicationTests.EjerciciosVacios, locations = [], classes = [grifo.spring.jpa.demo.EntidadesApplication], contextInitializerClasses = [], activeProfiles = [], propertySourceLocations = [], propertySourceProperties = ["org.springframework.boot.test.context.SpringBootTestContextBootstrapper=true", "server.port=0"], contextCustomizers = [org.springframework.boot.test.context.filter.ExcludeFilterContextCustomizer@3c443976, org.springframework.boot.test.json.DuplicateJsonObjectContextCustomizerFactory$DuplicateJsonObjectContextCustomizer@6b04acb2, org.springframework.boot.test.mock.mockito.MockitoContextCustomizer@0, org.springframework.boot.test.web.client.TestRestTemplateContextCustomizer@4a1e3ac1, org.springframework.boot.test.autoconfigure.actuate.observability.ObservabilityContextCustomizerFactory$DisableObservabilityContextCustomizer@1f, org.springframework.boot.test.autoconfigure.properties.PropertyMappingContextCustomizer@0, org.springframework.boot.test.autoconfigure.web.servlet.WebDriverContextCustomizer@2375b321, org.springframework.boot.test.context.SpringBootTestAnnotation@6014c3f6], resourceBasePath = "src/main/webapp", contextLoader = org.springframework.boot.test.context.SpringBootContextLoader, parent = null]
	at org.springframework.test.context.cache.DefaultCacheAwareContextLoaderDelegate.loadContext(DefaultCacheAwareContextLoaderDelegate.java:143) ~[spring-test-6.0.13.jar:6.0.13]
	at org.springframework.test.context.support.DefaultTestContext.getApplicationContext(DefaultTestContext.java:127) ~[spring-test-6.0.13.jar:6.0.13]
	at org.springframework.test.context.support.DependencyInjectionTestExecutionListener.injectDependencies(DependencyInjectionTestExecutionListener.java:141) ~[spring-test-6.0.13.jar:6.0.13]
	at org.springframework.test.context.support.DependencyInjectionTestExecutionListener.prepareTestInstance(DependencyInjectionTestExecutionListener.java:97) ~[spring-test-6.0.13.jar:6.0.13]
	at org.springframework.test.context.TestContextManager.prepareTestInstance(TestContextManager.java:241) ~[spring-test-6.0.13.jar:6.0.13]
	at org.springframework.test.context.junit.jupiter.SpringExtension.postProcessTestInstance(SpringExtension.java:138) ~[spring-test-6.0.13.jar:6.0.13]
	at org.junit.jupiter.engine.descriptor.ClassBasedTestDescriptor.lambda$invokeTestInstancePostProcessors$10(ClassBasedTestDescriptor.java:377) ~[junit-jupiter-engine-5.9.3.jar:5.9.3]
	at org.junit.jupiter.engine.descriptor.ClassBasedTestDescriptor.executeAndMaskThrowable(ClassBasedTestDescriptor.java:382) ~[junit-jupiter-engine-5.9.3.jar:5.9.3]
	at org.junit.jupiter.engine.descriptor.ClassBasedTestDescriptor.lambda$invokeTestInstancePostProcessors$11(ClassBasedTestDescriptor.java:377) ~[junit-jupiter-engine-5.9.3.jar:5.9.3]
	at java.base/java.util.stream.ReferencePipeline$3$1.accept(ReferencePipeline.java:197) ~[na:na]
	at java.base/java.util.stream.ReferencePipeline$2$1.accept(ReferencePipeline.java:179) ~[na:na]
	at java.base/java.util.ArrayList$ArrayListSpliterator.forEachRemaining(ArrayList.java:1708) ~[na:na]
	at java.base/java.util.stream.AbstractPipeline.copyInto(AbstractPipeline.java:509) ~[na:na]
	at java.base/java.util.stream.AbstractPipeline.wrapAndCopyInto(AbstractPipeline.java:499) ~[na:na]
	at java.base/java.util.stream.StreamSpliterators$WrappingSpliterator.forEachRemaining(StreamSpliterators.java:310) ~[na:na]
	at java.base/java.util.stream.Streams$ConcatSpliterator.forEachRemaining(Streams.java:735) ~[na:na]
	at java.base/java.util.stream.Streams$ConcatSpliterator.forEachRemaining(Streams.java:734) ~[na:na]
	at java.base/java.util.stream.Streams$ConcatSpliterator.forEachRemaining(Streams.java:734) ~[na:na]
	at java.base/java.util.stream.ReferencePipeline$Head.forEach(ReferencePipeline.java:762) ~[na:na]
	at org.junit.jupiter.engine.descriptor.ClassBasedTestDescriptor.invokeTestInstancePostProcessors(ClassBasedTestDescriptor.java:376) ~[junit-jupiter-engine-5.9.3.jar:5.9.3]
	at org.junit.jupiter.engine.descriptor.ClassBasedTestDescriptor.lambda$instantiateAndPostProcessTestInstance$6(ClassBasedTestDescriptor.java:289) ~[junit-jupiter-engine-5.9.3.jar:5.9.3]
	at org.junit.platform.engine.support.hierarchical.ThrowableCollector.execute(ThrowableCollector.java:73) ~[junit-platform-engine-1.9.3.jar:1.9.3]
	at org.junit.jupiter.engine.descriptor.ClassBasedTestDescriptor.instantiateAndPostProcessTestInstance(ClassBasedTestDescriptor.java:288) ~[junit-jupiter-engine-5.9.3.jar:5.9.3]
	at org.junit.jupiter.engine.descriptor.ClassBasedTestDescriptor.lambda$testInstancesProvider$4(ClassBasedTestDescriptor.java:278) ~[junit-jupiter-engine-5.9.3.jar:5.9.3]
	at java.base/java.util.Optional.orElseGet(Optional.java:364) ~[na:na]
	at org.junit.jupiter.engine.descriptor.ClassBasedTestDescriptor.lambda$testInstancesProvider$5(ClassBasedTestDescriptor.java:277) ~[junit-jupiter-engine-5.9.3.jar:5.9.3]
	at org.junit.jupiter.engine.execution.TestInstancesProvider.getTestInstances(TestInstancesProvider.java:31) ~[junit-jupiter-engine-5.9.3.jar:5.9.3]
	at org.junit.jupiter.engine.descriptor.TestMethodTestDescriptor.lambda$prepare$0(TestMethodTestDescriptor.java:105) ~[junit-jupiter-engine-5.9.3.jar:5.9.3]
	at org.junit.platform.engine.support.hierarchical.ThrowableCollector.execute(ThrowableCollector.java:73) ~[junit-platform-engine-1.9.3.jar:1.9.3]
	at org.junit.jupiter.engine.descriptor.TestMethodTestDescriptor.prepare(TestMethodTestDescriptor.java:104) ~[junit-jupiter-engine-5.9.3.jar:5.9.3]
	at org.junit.jupiter.engine.descriptor.TestMethodTestDescriptor.prepare(TestMethodTestDescriptor.java:68) ~[junit-jupiter-engine-5.9.3.jar:5.9.3]
	at org.junit.platform.engine.support.hierarchical.NodeTestTask.lambda$prepare$2(NodeTestTask.java:123) ~[junit-platform-engine-1.9.3.jar:1.9.3]
	at org.junit.platform.engine.support.hierarchical.ThrowableCollector.execute(ThrowableCollector.java:73) ~[junit-platform-engine-1.9.3.jar:1.9.3]
	at org.junit.platform.engine.support.hierarchical.NodeTestTask.prepare(NodeTestTask.java:123) ~[junit-platform-engine-1.9.3.jar:1.9.3]
	at org.junit.platform.engine.support.hierarchical.NodeTestTask.execute(NodeTestTask.java:90) ~[junit-platform-engine-1.9.3.jar:1.9.3]
	at java.base/java.util.ArrayList.forEach(ArrayList.java:1596) ~[na:na]
	at org.junit.platform.engine.support.hierarchical.SameThreadHierarchicalTestExecutorService.invokeAll(SameThreadHierarchicalTestExecutorService.java:41) ~[junit-platform-engine-1.9.3.jar:1.9.3]
	at org.junit.platform.engine.support.hierarchical.NodeTestTask.lambda$executeRecursively$6(NodeTestTask.java:155) ~[junit-platform-engine-1.9.3.jar:1.9.3]
	at org.junit.platform.engine.support.hierarchical.ThrowableCollector.execute(ThrowableCollector.java:73) ~[junit-platform-engine-1.9.3.jar:1.9.3]
	at org.junit.platform.engine.support.hierarchical.NodeTestTask.lambda$executeRecursively$8(NodeTestTask.java:141) ~[junit-platform-engine-1.9.3.jar:1.9.3]
	at org.junit.platform.engine.support.hierarchical.Node.around(Node.java:137) ~[junit-platform-engine-1.9.3.jar:1.9.3]
	at org.junit.platform.engine.support.hierarchical.NodeTestTask.lambda$executeRecursively$9(NodeTestTask.java:139) ~[junit-platform-engine-1.9.3.jar:1.9.3]
	at org.junit.platform.engine.support.hierarchical.ThrowableCollector.execute(ThrowableCollector.java:73) ~[junit-platform-engine-1.9.3.jar:1.9.3]
	at org.junit.platform.engine.support.hierarchical.NodeTestTask.executeRecursively(NodeTestTask.java:138) ~[junit-platform-engine-1.9.3.jar:1.9.3]
	at org.junit.platform.engine.support.hierarchical.NodeTestTask.execute(NodeTestTask.java:95) ~[junit-platform-engine-1.9.3.jar:1.9.3]
	at java.base/java.util.ArrayList.forEach(ArrayList.java:1596) ~[na:na]
	at org.junit.platform.engine.support.hierarchical.SameThreadHierarchicalTestExecutorService.invokeAll(SameThreadHierarchicalTestExecutorService.java:41) ~[junit-platform-engine-1.9.3.jar:1.9.3]
	at org.junit.platform.engine.support.hierarchical.NodeTestTask.lambda$executeRecursively$6(NodeTestTask.java:155) ~[junit-platform-engine-1.9.3.jar:1.9.3]
	at org.junit.platform.engine.support.hierarchical.ThrowableCollector.execute(ThrowableCollector.java:73) ~[junit-platform-engine-1.9.3.jar:1.9.3]
	at org.junit.platform.engine.support.hierarchical.NodeTestTask.lambda$executeRecursively$8(NodeTestTask.java:141) ~[junit-platform-engine-1.9.3.jar:1.9.3]
	at org.junit.platform.engine.support.hierarchical.Node.around(Node.java:137) ~[junit-platform-engine-1.9.3.jar:1.9.3]
	at org.junit.platform.engine.support.hierarchical.NodeTestTask.lambda$executeRecursively$9(NodeTestTask.java:139) ~[junit-platform-engine-1.9.3.jar:1.9.3]
	at org.junit.platform.engine.support.hierarchical.ThrowableCollector.execute(ThrowableCollector.java:73) ~[junit-platform-engine-1.9.3.jar:1.9.3]
	at org.junit.platform.engine.support.hierarchical.NodeTestTask.executeRecursively(NodeTestTask.java:138) ~[junit-platform-engine-1.9.3.jar:1.9.3]
	at org.junit.platform.engine.support.hierarchical.NodeTestTask.execute(NodeTestTask.java:95) ~[junit-platform-engine-1.9.3.jar:1.9.3]
	at java.base/java.util.ArrayList.forEach(ArrayList.java:1596) ~[na:na]
	at org.junit.platform.engine.support.hierarchical.SameThreadHierarchicalTestExecutorService.invokeAll(SameThreadHierarchicalTestExecutorService.java:41) ~[junit-platform-engine-1.9.3.jar:1.9.3]
	at org.junit.platform.engine.support.hierarchical.NodeTestTask.lambda$executeRecursively$6(NodeTestTask.java:155) ~[junit-platform-engine-1.9.3.jar:1.9.3]
	at org.junit.platform.engine.support.hierarchical.ThrowableCollector.execute(ThrowableCollector.java:73) ~[junit-platform-engine-1.9.3.jar:1.9.3]
	at org.junit.platform.engine.support.hierarchical.NodeTestTask.lambda$executeRecursively$8(NodeTestTask.java:141) ~[junit-platform-engine-1.9.3.jar:1.9.3]
	at org.junit.platform.engine.support.hierarchical.Node.around(Node.java:137) ~[junit-platform-engine-1.9.3.jar:1.9.3]
	at org.junit.platform.engine.support.hierarchical.NodeTestTask.lambda$executeRecursively$9(NodeTestTask.java:139) ~[junit-platform-engine-1.9.3.jar:1.9.3]
	at org.junit.platform.engine.support.hierarchical.ThrowableCollector.execute(ThrowableCollector.java:73) ~[junit-platform-engine-1.9.3.jar:1.9.3]
	at org.junit.platform.engine.support.hierarchical.NodeTestTask.executeRecursively(NodeTestTask.java:138) ~[junit-platform-engine-1.9.3.jar:1.9.3]
	at org.junit.platform.engine.support.hierarchical.NodeTestTask.execute(NodeTestTask.java:95) ~[junit-platform-engine-1.9.3.jar:1.9.3]
	at org.junit.platform.engine.support.hierarchical.SameThreadHierarchicalTestExecutorService.submit(SameThreadHierarchicalTestExecutorService.java:35) ~[junit-platform-engine-1.9.3.jar:1.9.3]
	at org.junit.platform.engine.support.hierarchical.HierarchicalTestExecutor.execute(HierarchicalTestExecutor.java:57) ~[junit-platform-engine-1.9.3.jar:1.9.3]
	at org.junit.platform.engine.support.hierarchical.HierarchicalTestEngine.execute(HierarchicalTestEngine.java:54) ~[junit-platform-engine-1.9.3.jar:1.9.3]
	at org.junit.platform.launcher.core.EngineExecutionOrchestrator.execute(EngineExecutionOrchestrator.java:147) ~[junit-platform-launcher-1.9.3.jar:1.9.3]
	at org.junit.platform.launcher.core.EngineExecutionOrchestrator.execute(EngineExecutionOrchestrator.java:127) ~[junit-platform-launcher-1.9.3.jar:1.9.3]
	at org.junit.platform.launcher.core.EngineExecutionOrchestrator.execute(EngineExecutionOrchestrator.java:90) ~[junit-platform-launcher-1.9.3.jar:1.9.3]
	at org.junit.platform.launcher.core.EngineExecutionOrchestrator.lambda$execute$0(EngineExecutionOrchestrator.java:55) ~[junit-platform-launcher-1.9.3.jar:1.9.3]
	at org.junit.platform.launcher.core.EngineExecutionOrchestrator.withInterceptedStreams(EngineExecutionOrchestrator.java:102) ~[junit-platform-launcher-1.9.3.jar:1.9.3]
	at org.junit.platform.launcher.core.EngineExecutionOrchestrator.execute(EngineExecutionOrchestrator.java:54) ~[junit-platform-launcher-1.9.3.jar:1.9.3]
	at org.junit.platform.launcher.core.DefaultLauncher.execute(DefaultLauncher.java:114) ~[junit-platform-launcher-1.9.3.jar:1.9.3]
	at org.junit.platform.launcher.core.DefaultLauncher.execute(DefaultLauncher.java:86) ~[junit-platform-launcher-1.9.3.jar:1.9.3]
	at org.junit.platform.launcher.core.DefaultLauncherSession$DelegatingLauncher.execute(DefaultLauncherSession.java:86) ~[junit-platform-launcher-1.9.3.jar:1.9.3]
	at org.apache.maven.surefire.junitplatform.LazyLauncher.execute(LazyLauncher.java:55) ~[surefire-junit-platform-3.0.0-M9.jar:3.0.0-M9]
	at org.apache.maven.surefire.junitplatform.JUnitPlatformProvider.execute(JUnitPlatformProvider.java:223) ~[surefire-junit-platform-3.0.0-M9.jar:3.0.0-M9]
	at org.apache.maven.surefire.junitplatform.JUnitPlatformProvider.invokeAllTests(JUnitPlatformProvider.java:175) ~[surefire-junit-platform-3.0.0-M9.jar:3.0.0-M9]
	at org.apache.maven.surefire.junitplatform.JUnitPlatformProvider.invoke(JUnitPlatformProvider.java:139) ~[surefire-junit-platform-3.0.0-M9.jar:3.0.0-M9]
	at org.apache.maven.surefire.booter.ForkedBooter.runSuitesInProcess(ForkedBooter.java:456) ~[surefire-booter-3.0.0-M9.jar:3.0.0-M9]
	at org.apache.maven.surefire.booter.ForkedBooter.execute(ForkedBooter.java:169) ~[surefire-booter-3.0.0-M9.jar:3.0.0-M9]
	at org.apache.maven.surefire.booter.ForkedBooter.run(ForkedBooter.java:595) ~[surefire-booter-3.0.0-M9.jar:3.0.0-M9]
	at org.apache.maven.surefire.booter.ForkedBooter.main(ForkedBooter.java:581) ~[surefire-booter-3.0.0-M9.jar:3.0.0-M9]
Caused by: org.springframework.beans.factory.BeanCreationException: Error creating bean with name 'requestMappingHandlerMapping' defined in class path resource [org/springframework/boot/autoconfigure/web/servlet/WebMvcAutoConfiguration$EnableWebMvcConfiguration.class]: Invalid mapping on handler class [grifo.spring.jpa.demo.controladores.ControladorRutina]: public grifo.spring.jpa.demo.dtos.RutinaDTO grifo.spring.jpa.demo.controladores.ControladorRutina.actualizarRutina(java.lang.Long,grifo.spring.jpa.demo.dtos.RutinaDTO)
	at org.springframework.beans.factory.support.AbstractAutowireCapableBeanFactory.initializeBean(AbstractAutowireCapableBeanFactory.java:1770) ~[spring-beans-6.0.13.jar:6.0.13]
	at org.springframework.beans.factory.support.AbstractAutowireCapableBeanFactory.doCreateBean(AbstractAutowireCapableBeanFactory.java:598) ~[spring-beans-6.0.13.jar:6.0.13]
	at org.springframework.beans.factory.support.AbstractAutowireCapableBeanFactory.createBean(AbstractAutowireCapableBeanFactory.java:520) ~[spring-beans-6.0.13.jar:6.0.13]
	at org.springframework.beans.factory.support.AbstractBeanFactory.lambda$doGetBean$0(AbstractBeanFactory.java:325) ~[spring-beans-6.0.13.jar:6.0.13]
	at org.springframework.beans.factory.support.DefaultSingletonBeanRegistry.getSingleton(DefaultSingletonBeanRegistry.java:234) ~[spring-beans-6.0.13.jar:6.0.13]
	at org.springframework.beans.factory.support.AbstractBeanFactory.doGetBean(AbstractBeanFactory.java:323) ~[spring-beans-6.0.13.jar:6.0.13]
	at org.springframework.beans.factory.support.AbstractBeanFactory.getBean(AbstractBeanFactory.java:199) ~[spring-beans-6.0.13.jar:6.0.13]
	at org.springframework.beans.factory.support.DefaultListableBeanFactory.preInstantiateSingletons(DefaultListableBeanFactory.java:973) ~[spring-beans-6.0.13.jar:6.0.13]
	at org.springframework.context.support.AbstractApplicationContext.finishBeanFactoryInitialization(AbstractApplicationContext.java:950) ~[spring-context-6.0.13.jar:6.0.13]
	at org.springframework.context.support.AbstractApplicationContext.refresh(AbstractApplicationContext.java:616) ~[spring-context-6.0.13.jar:6.0.13]
	at org.springframework.boot.web.servlet.context.ServletWebServerApplicationContext.refresh(ServletWebServerApplicationContext.java:146) ~[spring-boot-3.1.5.jar:3.1.5]
	at org.springframework.boot.SpringApplication.refresh(SpringApplication.java:738) ~[spring-boot-3.1.5.jar:3.1.5]
	at org.springframework.boot.SpringApplication.refreshContext(SpringApplication.java:440) ~[spring-boot-3.1.5.jar:3.1.5]
	at org.springframework.boot.SpringApplication.run(SpringApplication.java:316) ~[spring-boot-3.1.5.jar:3.1.5]
	at org.springframework.boot.test.context.SpringBootContextLoader.lambda$loadContext$3(SpringBootContextLoader.java:137) ~[spring-boot-test-3.1.5.jar:3.1.5]
	at org.springframework.util.function.ThrowingSupplier.get(ThrowingSupplier.java:58) ~[spring-core-6.0.13.jar:6.0.13]
	at org.springframework.util.function.ThrowingSupplier.get(ThrowingSupplier.java:46) ~[spring-core-6.0.13.jar:6.0.13]
	at org.springframework.boot.SpringApplication.withHook(SpringApplication.java:1406) ~[spring-boot-3.1.5.jar:3.1.5]
	at org.springframework.boot.test.context.SpringBootContextLoader$ContextLoaderHook.run(SpringBootContextLoader.java:545) ~[spring-boot-test-3.1.5.jar:3.1.5]
	at org.springframework.boot.test.context.SpringBootContextLoader.loadContext(SpringBootContextLoader.java:137) ~[spring-boot-test-3.1.5.jar:3.1.5]
	at org.springframework.boot.test.context.SpringBootContextLoader.loadContext(SpringBootContextLoader.java:108) ~[spring-boot-test-3.1.5.jar:3.1.5]
	at org.springframework.test.context.cache.DefaultCacheAwareContextLoaderDelegate.loadContextInternal(DefaultCacheAwareContextLoaderDelegate.java:187) ~[spring-test-6.0.13.jar:6.0.13]
	at org.springframework.test.context.cache.DefaultCacheAwareContextLoaderDelegate.loadContext(DefaultCacheAwareContextLoaderDelegate.java:119) ~[spring-test-6.0.13.jar:6.0.13]
	... 84 common frames omitted
Caused by: java.lang.IllegalStateException: Invalid mapping on handler class [grifo.spring.jpa.demo.controladores.ControladorRutina]: public grifo.spring.jpa.demo.dtos.RutinaDTO grifo.spring.jpa.demo.controladores.ControladorRutina.actualizarRutina(java.lang.Long,grifo.spring.jpa.demo.dtos.RutinaDTO)
	at org.springframework.web.servlet.handler.AbstractHandlerMethodMapping.lambda$detectHandlerMethods$1(AbstractHandlerMethodMapping.java:287) ~[spring-webmvc-6.0.13.jar:6.0.13]
	at org.springframework.core.MethodIntrospector.lambda$selectMethods$0(MethodIntrospector.java:74) ~[spring-core-6.0.13.jar:6.0.13]
	at org.springframework.util.ReflectionUtils.doWithMethods(ReflectionUtils.java:366) ~[spring-core-6.0.13.jar:6.0.13]
	at org.springframework.core.MethodIntrospector.selectMethods(MethodIntrospector.java:72) ~[spring-core-6.0.13.jar:6.0.13]
	at org.springframework.web.servlet.handler.AbstractHandlerMethodMapping.detectHandlerMethods(AbstractHandlerMethodMapping.java:280) ~[spring-webmvc-6.0.13.jar:6.0.13]
	at org.springframework.web.servlet.handler.AbstractHandlerMethodMapping.processCandidateBean(AbstractHandlerMethodMapping.java:265) ~[spring-webmvc-6.0.13.jar:6.0.13]
	at org.springframework.web.servlet.handler.AbstractHandlerMethodMapping.initHandlerMethods(AbstractHandlerMethodMapping.java:224) ~[spring-webmvc-6.0.13.jar:6.0.13]
	at org.springframework.web.servlet.handler.AbstractHandlerMethodMapping.afterPropertiesSet(AbstractHandlerMethodMapping.java:212) ~[spring-webmvc-6.0.13.jar:6.0.13]
	at org.springframework.web.servlet.mvc.method.annotation.RequestMappingHandlerMapping.afterPropertiesSet(RequestMappingHandlerMapping.java:225) ~[spring-webmvc-6.0.13.jar:6.0.13]
	at org.springframework.beans.factory.support.AbstractAutowireCapableBeanFactory.invokeInitMethods(AbstractAutowireCapableBeanFactory.java:1817) ~[spring-beans-6.0.13.jar:6.0.13]
	at org.springframework.beans.factory.support.AbstractAutowireCapableBeanFactory.initializeBean(AbstractAutowireCapableBeanFactory.java:1766) ~[spring-beans-6.0.13.jar:6.0.13]
	... 106 common frames omitted
Caused by: org.springframework.web.util.pattern.PatternParseException: Expected close capture character after variable name }
	at org.springframework.web.util.pattern.InternalPathPatternParser.createPathElement(InternalPathPatternParser.java:314) ~[spring-web-6.0.13.jar:6.0.13]
	at org.springframework.web.util.pattern.InternalPathPatternParser.parse(InternalPathPatternParser.java:111) ~[spring-web-6.0.13.jar:6.0.13]
	at org.springframework.web.util.pattern.PathPatternParser.parse(PathPatternParser.java:129) ~[spring-web-6.0.13.jar:6.0.13]
	at org.springframework.web.servlet.mvc.condition.PathPatternsRequestCondition.parse(PathPatternsRequestCondition.java:84) ~[spring-webmvc-6.0.13.jar:6.0.13]
	at org.springframework.web.servlet.mvc.condition.PathPatternsRequestCondition.<init>(PathPatternsRequestCondition.java:74) ~[spring-webmvc-6.0.13.jar:6.0.13]
	at org.springframework.web.servlet.mvc.method.RequestMappingInfo$DefaultBuilder.build(RequestMappingInfo.java:714) ~[spring-webmvc-6.0.13.jar:6.0.13]
	at org.springframework.web.servlet.mvc.method.annotation.RequestMappingHandlerMapping.createRequestMappingInfo(RequestMappingHandlerMapping.java:400) ~[spring-webmvc-6.0.13.jar:6.0.13]
	at org.springframework.web.servlet.mvc.method.annotation.RequestMappingHandlerMapping.createRequestMappingInfo(RequestMappingHandlerMapping.java:345) ~[spring-webmvc-6.0.13.jar:6.0.13]
	at org.springframework.web.servlet.mvc.method.annotation.RequestMappingHandlerMapping.getMappingForMethod(RequestMappingHandlerMapping.java:302) ~[spring-webmvc-6.0.13.jar:6.0.13]
	at org.springframework.web.servlet.mvc.method.annotation.RequestMappingHandlerMapping.getMappingForMethod(RequestMappingHandlerMapping.java:76) ~[spring-webmvc-6.0.13.jar:6.0.13]
	at org.springframework.web.servlet.handler.AbstractHandlerMethodMapping.lambda$detectHandlerMethods$1(AbstractHandlerMethodMapping.java:283) ~[spring-webmvc-6.0.13.jar:6.0.13]
	... 116 common frames omitted

]]></system-out>
    <system-err><![CDATA[


============================
CONDITIONS EVALUATION REPORT
============================


Positive matches:
-----------------

    None


Negative matches:
-----------------

    None


Exclusions:
-----------

    None


Unconditional classes:
----------------------

    None






============================
CONDITIONS EVALUATION REPORT
============================


Positive matches:
-----------------

    None


Negative matches:
-----------------

    None


Exclusions:
-----------

    None


Unconditional classes:
----------------------

    None



]]></system-err>
  </testcase>
</testsuite>